2024-11-30 15:34:14,576 - INFO - combo_gui - Starting Experiment 1...
2024-11-30 15:34:14,577 - DEBUG - flow_control - Flow control thread initialized.
2024-11-30 15:34:14,577 - INFO - flow - Starting continuous measurement...
2024-11-30 15:34:14,578 - DEBUG - process - Starting flush process...
2024-11-30 15:34:14,578 - INFO - flow_control - Flow measurement started successfully.
2024-11-30 15:34:14,578 - DEBUG - valve - Controlling valve mode: flush_flow
2024-11-30 15:34:14,578 - DEBUG - flow_control - Reading flow...
2024-11-30 15:34:14,578 - DEBUG - valve - Switching to clean flow...
2024-11-30 15:34:14,579 - DEBUG - valve - Valve 1 (Pin 1): LOW, Valve 2 (Pin 2): HIGH
2024-11-30 15:34:14,579 - DEBUG - valve - Switched to flush flow
2024-11-30 15:34:14,579 - DEBUG - flow - Raw sensor data: [18, 100, 73]
2024-11-30 15:34:14,579 - DEBUG - flow_control - Current flow: 0.4708, Current voltage: 0
2024-11-30 15:34:14,579 - DEBUG - valve - Controlling valve mode: flush_flow
2024-11-30 15:34:14,579 - DEBUG - valve - Switching to clean flow...
2024-11-30 15:34:14,579 - DEBUG - valve - Valve 1 (Pin 1): LOW, Valve 2 (Pin 2): HIGH
2024-11-30 15:34:14,579 - DEBUG - valve - Switched to flush flow
2024-11-30 15:34:14,579 - INFO - flow_control - Valve Mode: flush_flow, Target Flow Rate: 1.000 ml/min, Flow Rate: 0.471 ml/min, Voltage: 10.6 V, Adjustment: 10.6 V
2024-11-30 15:34:15,579 - DEBUG - process - Flush process completed.
2024-11-30 15:34:15,580 - DEBUG - process - Starting homogenization process...
2024-11-30 15:34:15,580 - DEBUG - valve - Controlling valve mode: homogenization_flow
2024-11-30 15:34:15,580 - DEBUG - valve - Switching to homogenization flow...
2024-11-30 15:34:15,580 - DEBUG - valve - Valve 1 (Pin 1): LOW, Valve 2 (Pin 2): LOW
2024-11-30 15:34:15,580 - DEBUG - valve - Switched to homogenization flow
2024-11-30 15:34:16,086 - DEBUG - flow_control - Reading flow...
2024-11-30 15:34:16,087 - DEBUG - flow - Raw sensor data: [255, 225, 240]
2024-11-30 15:34:16,087 - DEBUG - flow_control - Current flow: -0.0031, Current voltage: 10.584
2024-11-30 15:34:16,088 - DEBUG - valve - Controlling valve mode: homogenization_flow
2024-11-30 15:34:16,088 - DEBUG - valve - Switching to homogenization flow...
2024-11-30 15:34:16,088 - DEBUG - valve - Valve 1 (Pin 1): LOW, Valve 2 (Pin 2): LOW
2024-11-30 15:34:16,088 - DEBUG - valve - Switched to homogenization flow
2024-11-30 15:34:16,088 - INFO - flow_control - Valve Mode: homogenization_flow, Target Flow Rate: 1.000 ml/min, Flow Rate: -0.003 ml/min, Voltage: 30.6 V, Adjustment: 20.1 V
2024-11-30 15:34:16,580 - DEBUG - process - Homogenization process completed.
2024-11-30 15:34:16,581 - DEBUG - process - Starting sampling process...
2024-11-30 15:34:16,581 - DEBUG - valve - Controlling valve mode: sample_flow
2024-11-30 15:34:16,582 - DEBUG - valve - Switching to sample flow...
2024-11-30 15:34:16,582 - DEBUG - valve - Valve 1 (Pin 1): HIGH, Valve 2 (Pin 2): LOW
2024-11-30 15:34:16,582 - DEBUG - valve - Switched to sample flow
2024-11-30 15:34:16,582 - INFO - process - Starting VNA sweep...
2024-11-30 15:34:16,582 - INFO - vna - Attempting to connect to LibreVNA...
2024-11-30 15:34:16,583 - INFO - vna - Connected to LibreVNA.
2024-11-30 15:34:16,583 - DEBUG - vna - Sending command: VNA:ACQuisition:IFBW 10000
2024-11-30 15:34:16,583 - DEBUG - vna - Sending command: VNA:ACQuisition:POINTS 100
2024-11-30 15:34:16,583 - DEBUG - vna - Sending command: VNA:FREQuency:START 0
2024-11-30 15:34:16,583 - DEBUG - vna - Sending command: VNA:FREQuency:STOP 6000000000.0
2024-11-30 15:34:16,583 - INFO - vna - Starting sweep...
2024-11-30 15:34:16,584 - DEBUG - vna - Sending command: VNA:ACQuisition:RUN
2024-11-30 15:34:16,584 - INFO - vna - Waiting for sweep to complete...
2024-11-30 15:34:16,584 - DEBUG - vna - Sending query: *OPC?
2024-11-30 15:34:16,641 - DEBUG - vna - Received response: 1
2024-11-30 15:34:16,642 - INFO - vna - Sweep completed successfully.
2024-11-30 15:34:16,642 - INFO - vna - Waiting 2 seconds post-sweep to fetch data...
2024-11-30 15:34:17,594 - DEBUG - flow_control - Reading flow...
2024-11-30 15:34:17,595 - DEBUG - flow - Raw sensor data: [12, 100, 74]
2024-11-30 15:34:17,595 - DEBUG - flow_control - Current flow: 0.3172, Current voltage: 30.646
2024-11-30 15:34:17,595 - DEBUG - valve - Controlling valve mode: sample_flow
2024-11-30 15:34:17,595 - DEBUG - valve - Switching to sample flow...
2024-11-30 15:34:17,595 - DEBUG - valve - Valve 1 (Pin 1): HIGH, Valve 2 (Pin 2): LOW
2024-11-30 15:34:17,595 - DEBUG - valve - Switched to sample flow
2024-11-30 15:34:17,595 - INFO - flow_control - Valve Mode: sample_flow, Target Flow Rate: 0.400 ml/min, Flow Rate: 0.317 ml/min, Voltage: 30.6 V, Adjustment: 0.0 V
2024-11-30 15:34:18,642 - INFO - vna - Fetching selected S-parameter data...
2024-11-30 15:34:18,643 - INFO - vna - Collecting S21 data...
2024-11-30 15:34:18,643 - DEBUG - vna - Sending query: VNA:TRACe:DATA? S21
2024-11-30 15:34:18,645 - DEBUG - vna - Received response: [0,0.00158634,0.181954],[60606060,-8.75022e-06,-1.92771e-05],[121212121,6.03168e-06,-1.79786e-05],[181818181,-1.04344e-05,3.23428e-05],[242424242,-1.8612e-05,1.86799e-05],[303030303,6.11816e-05,2.26685e-05],[363636363,4.47413e-05,-2.62703e-06],[424242424,1.87743e-05,-0.000129672],[484848484,-0.000108551,0.000146745],[545454545,6.72393e-05,8.03924e-05],[606060606,6.11388e-05,5.69394e-05],[666666666,2.99686e-05,-2.15089e-06],[727272727,2.322e-05,-1.2329e-05],[787878787,-1.63088e-06,-5.14255e-05],[848484848,-6.32516e-05,-3.96529e-05],[909090909,-5.7127e-05,5.13405e-05],[969696969,4.20005e-06,0.000209253],[1030303030,5.42094e-05,0.000141606],[1090909090,0.000138576,5.84815e-05],[1151515151,5.9654e-05,-0.000169963],[1212121212,-3.00729e-05,-5.44541e-05],[1272727272,-2.77304e-05,-3.96378e-05],[1333333333,0.000319058,4.50579e-05],[1393939393,-0.000383533,-0.00025852],[1454545454,-0.000360698,9.72116e-05],[1515151515,-0.000245494,0.000476116],[1575757575,0.000136744,0.000454781],[1636363636,0.000577683,0.000215718],[1696969696,0.000548767,-0.000274613],[1757575757,9.03855e-05,-0.000711383],[1818181818,-0.000317513,-0.000465771],[1878787878,-0.000562018,-0.000240382],[1939393939,-0.000677381,0.000244357],[2000000000,-0.000400453,0.000551672],[2060606060,1.78213e-05,0.000846049],[2121212121,0.000787088,0.000721888],[2181818181,0.0014375,-0.000123472],[2242424242,0.00123315,-0.0020422],[2303030303,-0.0011971,0.000414786],[2363636363,-0.000276844,-0.000217683],[2424242424,-0.00072868,-0.000121445],[2484848484,-0.000804485,0.000422473],[2545454545,-0.000521502,0.00104234],[2606060606,0.00058894,0.00154038],[2666666666,0.00165382,0.000485015],[2727272727,0.00156953,-0.000971722],[2787878787,0.000488811,-0.00169137],[2848484848,-0.000704252,-0.00160303],[2909090909,-0.00157481,-0.00100044],[2969696969,-0.00223419,7.09366e-05],[3030303030,-0.00231304,0.00166311],[3090909090,-0.000969433,0.00412076],[3151515151,0.005491,0.00502847],[3212121212,0.00320242,-0.00701038],[3272727272,-0.00230105,-0.00209985],[3333333333,-0.000820174,-0.000852164],[3393939393,-0.00200272,-0.00120631],[3454545454,-0.00273643,0.000743782],[3515151515,-0.00169882,0.00244231],[3575757575,8.95406e-05,0.00325441],[3636363636,0.00231604,0.00280757],[3696969696,0.00403857,0.000907462],[3757575757,0.00418919,-0.0023248],[3818181818,0.00158343,-0.005121],[3878787878,-0.00296377,-0.00520854],[3939393939,-0.00626045,-0.00197314],[4000000000,-0.00661664,0.00322781],[4060606060,-0.00278097,0.00789989],[4121212121,0.00462604,0.00709822],[4181818181,0.00678276,0.00133968],[4242424242,0.00397834,-0.00226667],[4303030303,0.00173206,-0.00156848],[4363636363,0.00252599,-0.00253217],[4424242424,0.000672585,-0.004665],[4484848484,-0.00247328,-0.00476123],[4545454545,-0.00579754,-0.00307578],[4606060606,-0.00810603,0.00122276],[4666666666,-0.00735667,0.00791645],[4727272727,0.00194127,0.0154647],[4787878787,0.0200517,0.00755873],[4848484848,0.0141462,-0.0163896],[4909090909,-0.00549159,-0.0167567],[4969696969,-0.0138767,-0.0053132],[5030303030,-0.0122368,0.00633897],[5090909090,-0.0029297,0.0136286],[5151515151,0.0101571,0.0111776],[5212121212,0.0140927,-0.00539934],[5272727272,0.0023126,-0.00676247],[5333333333,0.00306976,-0.00844212],[5393939393,-0.00609041,-0.0144703],[5454545454,-0.0202674,-0.00285855],[5515151515,-0.012368,0.0135834],[5575757575,0.00101673,0.0156564],[5636363636,0.00880675,0.0114036],[5696969696,0.0129747,0.00590383],[5757575757,0.0148778,-0.00133721],[5818181818,0.0129648,-0.0106011],[5878787878,0.00189709,-0.0197688],[5939393939,-0.0178801,-0.0142027],[6000000000,-0.0229894,0.00565814]
2024-11-30 15:34:18,645 - DEBUG - vna - Raw data received: ['0,0.00158634,0.181954', '60606060,-8.75022e-06,-1.92771e-05', '121212121,6.03168e-06,-1.79786e-05', '181818181,-1.04344e-05,3.23428e-05', '242424242,-1.8612e-05,1.86799e-05']...
2024-11-30 15:34:18,645 - INFO - vna - Collecting S11 data...
2024-11-30 15:34:18,645 - DEBUG - vna - Sending query: VNA:TRACe:DATA? S11
2024-11-30 15:34:18,646 - DEBUG - vna - Received response: [0,-0.334372,-0.37077],[60606060,-0.66437,0.0848317],[121212121,-0.645496,0.212034],[181818181,-0.609209,0.343699],[242424242,-0.550351,0.477048],[303030303,-0.453083,0.605134],[363636363,-0.307484,0.709369],[424242424,-0.132254,0.784284],[484848484,0.0460212,0.795729],[545454545,0.233573,0.771701],[606060606,0.397899,0.69762],[666666666,0.544733,0.588494],[727272727,0.670621,0.451353],[787878787,0.76487,0.29157],[848484848,0.821973,0.118573],[909090909,0.836198,-0.0807748],[969696969,0.791919,-0.292196],[1030303030,0.675047,-0.490696],[1090909090,0.500529,-0.644628],[1151515151,0.303867,-0.724941],[1212121212,0.118507,-0.749057],[1272727272,-0.0687168,-0.738051],[1333333333,-0.232821,-0.681836],[1393939393,-0.378781,-0.609559],[1454545454,-0.511006,-0.51178],[1515151515,-0.631796,-0.383941],[1575757575,-0.725476,-0.215319],[1636363636,-0.768067,-0.0269484],[1696969696,-0.750862,0.184203],[1757575757,-0.664912,0.390575],[1818181818,-0.530313,0.539394],[1878787878,-0.39199,0.642752],[1939393939,-0.234875,0.703481],[2000000000,-0.0814967,0.729372],[2060606060,0.0690723,0.7323],[2121212121,0.232978,0.707088],[2181818181,0.393611,0.635923],[2242424242,0.542446,0.519129],[2303030303,0.652569,0.354358],[2363636363,0.70063,0.17115],[2424242424,0.692308,0.00623169],[2484848484,0.649557,-0.121491],[2545454545,0.593618,-0.214923],[2606060606,0.534539,-0.27962],[2666666666,0.47303,-0.346358],[2727272727,0.404032,-0.409049],[2787878787,0.334924,-0.469946],[2848484848,0.249347,-0.522629],[2909090909,0.135112,-0.579611],[2969696969,0.00130226,-0.611421],[3030303030,-0.155287,-0.602755],[3090909090,-0.320978,-0.539814],[3151515151,-0.466811,-0.405073],[3212121212,-0.557811,-0.226696],[3272727272,-0.572651,-0.0463285],[3333333333,-0.540026,0.107037],[3393939393,-0.472934,0.243304],[3454545454,-0.376484,0.354465],[3515151515,-0.281207,0.420096],[3575757575,-0.163974,0.464862],[3636363636,-0.0425515,0.475525],[3696969696,0.0635662,0.447343],[3757575757,0.155108,0.397023],[3818181818,0.21797,0.332315],[3878787878,0.264398,0.268083],[3939393939,0.290952,0.201735],[4000000000,0.305936,0.143528],[4060606060,0.315464,0.0894802],[4121212121,0.320104,0.0505556],[4181818181,0.322461,0.0485621],[4242424242,0.331023,0.0170744],[4303030303,0.338542,-0.0363774],[4363636363,0.340479,-0.0933455],[4424242424,0.331907,-0.15532],[4484848484,0.310431,-0.213545],[4545454545,0.273321,-0.276244],[4606060606,0.206844,-0.344725],[4666666666,0.109759,-0.381758],[4727272727,-0.0198147,-0.401729],[4787878787,-0.149211,-0.370441],[4848484848,-0.265639,-0.300787],[4909090909,-0.345967,-0.194313],[4969696969,-0.378463,-0.0934593],[5030303030,-0.380723,0.0559668],[5090909090,-0.315896,0.205015],[5151515151,-0.202289,0.297379],[5212121212,-0.0796732,0.33278],[5272727272,0.0411796,0.319547],[5333333333,0.164586,0.269951],[5393939393,0.236841,0.203329],[5454545454,0.27374,0.148853],[5515151515,0.296888,0.0902371],[5575757575,0.309301,0.0190872],[5636363636,0.311033,-0.0258938],[5696969696,0.307156,-0.0538167],[5757575757,0.288998,-0.104702],[5818181818,0.252091,-0.163308],[5878787878,0.205237,-0.212089],[5939393939,0.158647,-0.237333],[6000000000,0.111104,-0.254768]
2024-11-30 15:34:18,646 - DEBUG - vna - Raw data received: ['0,-0.334372,-0.37077', '60606060,-0.66437,0.0848317', '121212121,-0.645496,0.212034', '181818181,-0.609209,0.343699', '242424242,-0.550351,0.477048']...
2024-11-30 15:34:18,647 - INFO - vna - Collecting S12 data...
2024-11-30 15:34:18,647 - DEBUG - vna - Sending query: VNA:TRACe:DATA? S12
2024-11-30 15:34:18,647 - DEBUG - vna - Received response: [0,-0.327778,-0.369577],[60606060,-2.1635e-05,-1.0095e-05],[121212121,-4.05666e-05,4.42691e-05],[181818181,-4.07009e-05,2.36169e-05],[242424242,5.69062e-05,5.38409e-05],[303030303,2.18815e-06,2.18106e-05],[363636363,-1.72189e-06,7.96108e-06],[424242424,-0.00012963,-0.000110778],[484848484,0.000135699,0.000125964],[545454545,5.68967e-05,-2.31743e-05],[606060606,9.80935e-06,-0.000146479],[666666666,6.29259e-05,-2.57925e-05],[727272727,4.17419e-06,-5.83748e-05],[787878787,1.03352e-05,-0.000100722],[848484848,-3.74193e-05,-9.30716e-05],[909090909,-0.000184869,-2.10195e-05],[969696969,-0.00011465,-1.55358e-05],[1030303030,-9.2432e-05,3.27371e-05],[1090909090,-7.03758e-05,0.000150511],[1151515151,5.98458e-05,5.42642e-05],[1212121212,4.97621e-05,5.08393e-05],[1272727272,6.53234e-05,1.45172e-05],[1333333333,-0.000223401,-2.66203e-05],[1393939393,0.000447854,0.000215931],[1454545454,0.000338371,-9.62485e-05],[1515151515,0.000276777,-0.000255211],[1575757575,0.000191381,-0.000403447],[1636363636,-0.000129979,-0.000647867],[1696969696,-0.000396795,-0.000409029],[1757575757,-0.000586489,-0.000116752],[1818181818,-0.0006367,0.000194995],[1878787878,-0.000457508,0.000352448],[1939393939,-0.00029792,0.000552939],[2000000000,-0.000116985,0.000703169],[2060606060,0.000233344,0.000937377],[2121212121,0.000819475,0.000928227],[2181818181,0.00142269,0.000352556],[2242424242,0.00211045,-0.000990176],[2303030303,-0.0008576,-0.000569458],[2363636363,0.000135379,-0.000385262],[2424242424,-8.51885e-05,-0.000730372],[2484848484,-0.000333286,-0.000977157],[2545454545,-0.000996463,-0.00106957],[2606060606,-0.00172891,-0.000538156],[2666666666,-0.00206903,0.000542104],[2727272727,-0.00138267,0.00171153],[2787878787,-0.000274161,0.00206966],[2848484848,0.000601885,0.0019049],[2909090909,0.00112088,0.00159329],[2969696969,0.00173209,0.00126697],[3030303030,0.00259996,0.00068752],[3090909090,0.00379592,-0.000675263],[3151515151,0.00400869,-0.00577733],[3212121212,-0.00573181,-0.00405661],[3272727272,-0.00265457,0.000921144],[3333333333,-0.0009683,-6.07103e-06],[3393939393,-0.00210303,-0.000295339],[3454545454,-0.00238817,0.000971697],[3515151515,-0.00181684,0.00182217],[3575757575,-0.00120268,0.00250638],[3636363636,-0.000326614,0.00296065],[3696969696,0.000824706,0.00345973],[3757575757,0.00237642,0.0034405],[3818181818,0.00444967,0.00236117],[3878787878,0.00610767,-0.000212359],[3939393939,0.00572824,-0.00403642],[4000000000,0.00293829,-0.00729381],[4060606060,-0.00223102,-0.00879841],[4121212121,-0.00813195,-0.00561741],[4181818181,-0.00780852,0.000437833],[4242424242,-0.0038391,0.00285486],[4303030303,-0.00191937,0.00159531],[4363636363,-0.00339159,0.00160454],[4424242424,-0.00315522,0.0036043],[4484848484,-0.00208226,0.0049427],[4545454545,-0.00076573,0.00638676],[4606060606,0.0019154,0.00785581],[4666666666,0.00680878,0.00861374],[4727272727,0.0148558,0.00440115],[4787878787,0.0175601,-0.0109365],[4848484848,0.00140259,-0.0203076],[4909090909,-0.0102353,-0.013146],[4969696969,-0.0122643,-0.00603591],[5030303030,-0.0124807,0.000288296],[5090909090,-0.0107607,0.006488],[5151515151,-0.00609463,0.0122395],[5212121212,0.00499684,0.0132743],[5272727272,0.00555204,0.00394995],[5333333333,0.00583116,0.00684161],[5393939393,0.0155105,0.00471973],[5454545454,0.0182125,-0.0103227],[5515151515,0.00611024,-0.0179477],[5575757575,-0.0036416,-0.016105],[5636363636,-0.00841666,-0.0126948],[5696969696,-0.0111947,-0.0098844],[5757575757,-0.0141318,-0.0059878],[5818181818,-0.0171191,-6.06119e-05],[5878787878,-0.0182468,0.00953268],[5939393939,-0.0122176,0.0213366],[6000000000,0.0038414,0.0260866]
2024-11-30 15:34:18,648 - DEBUG - vna - Raw data received: ['0,-0.327778,-0.369577', '60606060,-2.1635e-05,-1.0095e-05', '121212121,-4.05666e-05,4.42691e-05', '181818181,-4.07009e-05,2.36169e-05', '242424242,5.69062e-05,5.38409e-05']...
2024-11-30 15:34:18,648 - INFO - vna - Collecting S22 data...
2024-11-30 15:34:18,648 - DEBUG - vna - Sending query: VNA:TRACe:DATA? S22
2024-11-30 15:34:18,649 - DEBUG - vna - Received response: [0,0.00226323,0.180214],[60606060,0.490766,-0.440566],[121212121,-0.0971545,-0.702683],[181818181,-0.705057,-0.280727],[242424242,-0.583188,0.479262],[303030303,0.10592,0.705663],[363636363,0.597666,0.291488],[424242424,0.489685,-0.359251],[484848484,0.351812,-0.5309],[545454545,-0.256048,-0.613156],[606060606,-0.651666,-0.192911],[666666666,-0.567688,0.39161],[727272727,-0.0135738,0.699679],[787878787,0.582364,0.436577],[848484848,0.699146,-0.302415],[909090909,-0.0473228,-0.76167],[969696969,-0.683827,-0.187917],[1030303030,-0.421553,0.491817],[1090909090,0.153401,0.592234],[1151515151,0.542686,0.27558],[1212121212,0.588394,-0.209973],[1272727272,0.256277,-0.582027],[1333333333,-0.245947,-0.591088],[1393939393,-0.569755,-0.284924],[1454545454,-0.581453,0.245852],[1515151515,-0.170069,0.602214],[1575757575,0.424022,0.453056],[1636363636,0.586277,-0.204471],[1696969696,-0.0174887,-0.593716],[1757575757,-0.528119,-0.200055],[1818181818,-0.446477,0.326404],[1878787878,-0.0364661,0.564496],[1939393939,0.42057,0.425043],[2000000000,0.645514,-0.0289433],[2060606060,0.39744,-0.565547],[2121212121,-0.247856,-0.658158],[2181818181,-0.656905,-0.15606],[2242424242,-0.414799,0.435445],[2303030303,-0.0148835,0.581667],[2363636363,0.518521,0.31706],[2424242424,0.538808,-0.258939],[2484848484,0.0735537,-0.573501],[2545454545,-0.444462,-0.330796],[2606060606,-0.470697,0.264266],[2666666666,0.128197,0.513367],[2727272727,0.494173,-0.00407595],[2787878787,0.175973,-0.406934],[2848484848,-0.199809,-0.356978],[2909090909,-0.371423,-0.108515],[2969696969,-0.357614,0.135041],[3030303030,-0.216642,0.324607],[3090909090,0.0450107,0.398183],[3151515151,0.32077,0.141757],[3212121212,0.0868983,0.104157],[3272727272,0.349912,-0.0969632],[3333333333,-0.0968471,-0.355808],[3393939393,-0.226957,0.155025],[3454545454,0.172137,0.229087],[3515151515,0.338374,-0.0456932],[3575757575,0.225094,-0.317862],[3636363636,-0.0473802,-0.424216],[3696969696,-0.335486,-0.310496],[3757575757,-0.467624,0.0165547],[3818181818,-0.275328,0.361048],[3878787878,0.139633,0.363184],[3939393939,0.282731,0.012659],[4000000000,0.0389814,-0.199085],[4060606060,-0.211298,-0.0262089],[4121212121,-0.039772,0.253442],[4181818181,0.198705,0.0668632],[4242424242,-0.00126542,-0.106696],[4303030303,-0.0578298,0.181792],[4363636363,0.28543,0.0317625],[4424242424,0.135326,-0.240112],[4484848484,-0.0938376,-0.245081],[4545454545,-0.232858,-0.104324],[4606060606,-0.239695,0.094259],[4666666666,-0.0895772,0.248278],[4727272727,0.170119,0.192655],[4787878787,0.177323,-0.136222],[4848484848,-0.158409,-0.0972432],[4909090909,-0.104848,0.171584],[4969696969,0.11394,0.187754],[5030303030,0.231742,0.0294101],[5090909090,0.179719,-0.160378],[5151515151,-0.0172416,-0.230418],[5212121212,-0.114429,-0.0577948],[5272727272,-0.0648019,-0.130578],[5333333333,-0.231666,-0.0156672],[5393939393,-0.101887,0.197783],[5454545454,0.121887,0.0260576],[5515151515,-0.0665136,-0.133969],[5575757575,-0.220517,0.00469441],[5636363636,-0.199719,0.175828],[5696969696,-0.0880238,0.276339],[5757575757,0.0656239,0.286151],[5818181818,0.203966,0.189757],[5878787878,0.236389,-0.0181637],[5939393939,0.0551664,-0.139425],[6000000000,-0.0480337,0.00460858]
2024-11-30 15:34:18,649 - DEBUG - vna - Raw data received: ['0,0.00226323,0.180214', '60606060,0.490766,-0.440566', '121212121,-0.0971545,-0.702683', '181818181,-0.705057,-0.280727', '242424242,-0.583188,0.479262']...
2024-11-30 15:34:18,649 - INFO - vna - Saving raw data to Raw_datalog/2024-11-30_15-34-18_chem_PFOA_conc_658_exp_1.csv...
2024-11-30 15:34:18,651 - INFO - vna - Raw data saved successfully.
2024-11-30 15:34:18,658 - INFO - preprocessing - Baseline data loaded successfully.
2024-11-30 15:34:18,658 - INFO - preprocessing - Starting preprocessing...
2024-11-30 15:34:18,661 - INFO - preprocessing - Frequency normalization applied.
2024-11-30 15:34:18,668 - INFO - preprocessing - Magnitude and phase calculated.
2024-11-30 15:34:18,671 - INFO - preprocessing - Phase unwrapping applied.
2024-11-30 15:34:18,673 - INFO - preprocessing - VSWR calculated.
2024-11-30 15:34:18,679 - INFO - preprocessing - Impedance calculated.
2024-11-30 15:34:18,688 - INFO - preprocessing - Resistance, capacitance, and inductance calculated.
2024-11-30 15:34:18,690 - INFO - preprocessing - Q-factor calculated.
2024-11-30 15:34:18,698 - INFO - preprocessing - Group delay calculated.
2024-11-30 15:34:18,700 - INFO - preprocessing - Normalized impedance calculated.
2024-11-30 15:34:18,702 - INFO - preprocessing - Admittance calculated.
2024-11-30 15:34:18,703 - INFO - preprocessing - Effective dielectric constant calculation is not implemented.
2024-11-30 15:34:18,703 - INFO - preprocessing - Reflection coefficient is available as magnitude of S11 and S22.
2024-11-30 15:34:18,703 - ERROR - preprocessing - Error during preprocessing: 'Conductivity_Corrected'
2024-11-30 15:34:18,703 - ERROR - preprocessing - Error during processing and saving: 'Conductivity_Corrected'
2024-11-30 15:34:18,703 - ERROR - vna - An error occurred: 'Conductivity_Corrected'
2024-11-30 15:34:18,704 - INFO - vna - VNA connection closed.
2024-11-30 15:34:18,705 - INFO - combo_gui - Completed Experiment 1.
2024-11-30 15:34:19,101 - DEBUG - flow_control - Reading flow...
2024-11-30 15:34:19,102 - DEBUG - flow - Raw sensor data: [12, 2, 87]
2024-11-30 15:34:19,103 - DEBUG - flow_control - Current flow: 0.3074, Current voltage: 30.646
2024-11-30 15:34:19,103 - DEBUG - valve - Controlling valve mode: sample_flow
2024-11-30 15:34:19,103 - DEBUG - valve - Switching to sample flow...
2024-11-30 15:34:19,103 - ERROR - valve - Error controlling valve mode sample_flow: Please set pin numbering mode using GPIO.setmode(GPIO.BOARD), GPIO.setmode(GPIO.BCM), GPIO.setmode(GPIO.TEGRA_SOC) or GPIO.setmode(GPIO.CVM)
2024-11-30 15:34:19,103 - INFO - flow_control - Valve Mode: sample_flow, Target Flow Rate: 0.400 ml/min, Flow Rate: 0.307 ml/min, Voltage: 30.6 V, Adjustment: 0.0 V
2024-11-30 15:34:20,609 - DEBUG - flow_control - Reading flow...
2024-11-30 15:34:20,610 - DEBUG - flow - Raw sensor data: [11, 193, 237]
2024-11-30 15:34:20,610 - DEBUG - flow_control - Current flow: 0.3009, Current voltage: 30.646
2024-11-30 15:34:20,610 - DEBUG - valve - Controlling valve mode: sample_flow
2024-11-30 15:34:20,610 - DEBUG - valve - Switching to sample flow...
2024-11-30 15:34:20,611 - ERROR - valve - Error controlling valve mode sample_flow: Please set pin numbering mode using GPIO.setmode(GPIO.BOARD), GPIO.setmode(GPIO.BCM), GPIO.setmode(GPIO.TEGRA_SOC) or GPIO.setmode(GPIO.CVM)
2024-11-30 15:34:20,611 - INFO - flow_control - Valve Mode: sample_flow, Target Flow Rate: 0.400 ml/min, Flow Rate: 0.301 ml/min, Voltage: 30.6 V, Adjustment: 0.0 V
2024-11-30 15:34:22,117 - DEBUG - flow_control - Reading flow...
2024-11-30 15:34:22,118 - DEBUG - flow - Raw sensor data: [11, 174, 120]
2024-11-30 15:34:22,118 - DEBUG - flow_control - Current flow: 0.299, Current voltage: 30.646
2024-11-30 15:34:22,118 - DEBUG - valve - Controlling valve mode: sample_flow
2024-11-30 15:34:22,118 - DEBUG - valve - Switching to sample flow...
2024-11-30 15:34:22,118 - ERROR - valve - Error controlling valve mode sample_flow: Please set pin numbering mode using GPIO.setmode(GPIO.BOARD), GPIO.setmode(GPIO.BCM), GPIO.setmode(GPIO.TEGRA_SOC) or GPIO.setmode(GPIO.CVM)
2024-11-30 15:34:22,118 - INFO - flow_control - Valve Mode: sample_flow, Target Flow Rate: 0.400 ml/min, Flow Rate: 0.299 ml/min, Voltage: 32.7 V, Adjustment: 2.0 V
2024-11-30 15:34:23,624 - DEBUG - flow_control - Reading flow...
2024-11-30 15:34:23,625 - DEBUG - flow - Raw sensor data: [13, 17, 179]
2024-11-30 15:34:23,626 - DEBUG - flow_control - Current flow: 0.3345, Current voltage: 32.666000000000004
2024-11-30 15:34:23,626 - DEBUG - valve - Controlling valve mode: sample_flow
2024-11-30 15:34:23,626 - DEBUG - valve - Switching to sample flow...
2024-11-30 15:34:23,627 - ERROR - valve - Error controlling valve mode sample_flow: Please set pin numbering mode using GPIO.setmode(GPIO.BOARD), GPIO.setmode(GPIO.BCM), GPIO.setmode(GPIO.TEGRA_SOC) or GPIO.setmode(GPIO.CVM)
2024-11-30 15:34:23,627 - INFO - flow_control - Valve Mode: sample_flow, Target Flow Rate: 0.400 ml/min, Flow Rate: 0.335 ml/min, Voltage: 32.7 V, Adjustment: 0.0 V
2024-11-30 15:34:25,133 - DEBUG - flow_control - Reading flow...
2024-11-30 15:34:25,134 - DEBUG - flow - Raw sensor data: [13, 1, 240]
2024-11-30 15:34:25,134 - DEBUG - flow_control - Current flow: 0.3329, Current voltage: 32.666000000000004
2024-11-30 15:34:25,135 - DEBUG - valve - Controlling valve mode: sample_flow
2024-11-30 15:34:25,135 - DEBUG - valve - Switching to sample flow...
2024-11-30 15:34:25,135 - ERROR - valve - Error controlling valve mode sample_flow: Please set pin numbering mode using GPIO.setmode(GPIO.BOARD), GPIO.setmode(GPIO.BCM), GPIO.setmode(GPIO.TEGRA_SOC) or GPIO.setmode(GPIO.CVM)
2024-11-30 15:34:25,135 - INFO - flow_control - Valve Mode: sample_flow, Target Flow Rate: 0.400 ml/min, Flow Rate: 0.333 ml/min, Voltage: 32.7 V, Adjustment: 0.0 V
2024-11-30 15:34:25,910 - INFO - combo_gui - Closing the application...
2024-11-30 15:34:26,641 - DEBUG - flow_control - Reading flow...
2024-11-30 15:34:26,642 - DEBUG - flow - Raw sensor data: [13, 34, 37]
2024-11-30 15:34:26,643 - DEBUG - flow_control - Current flow: 0.3362, Current voltage: 32.666000000000004
2024-11-30 15:34:26,643 - DEBUG - valve - Controlling valve mode: sample_flow
2024-11-30 15:34:26,643 - DEBUG - valve - Switching to sample flow...
2024-11-30 15:34:26,643 - ERROR - valve - Error controlling valve mode sample_flow: Please set pin numbering mode using GPIO.setmode(GPIO.BOARD), GPIO.setmode(GPIO.BCM), GPIO.setmode(GPIO.TEGRA_SOC) or GPIO.setmode(GPIO.CVM)
2024-11-30 15:34:26,644 - INFO - flow_control - Valve Mode: sample_flow, Target Flow Rate: 0.400 ml/min, Flow Rate: 0.336 ml/min, Voltage: 32.7 V, Adjustment: 0.0 V
