2024-11-27 17:38:00,686 - DEBUG - flow_control - Flow control thread initialized.
2024-11-27 17:38:00,686 - INFO - flow - Starting continuous measurement...
2024-11-27 17:38:00,687 - INFO - flow_control - Flow measurement started successfully.
2024-11-27 17:38:00,687 - DEBUG - flow_control - Reading flow...
2024-11-27 17:38:00,688 - DEBUG - flow_control - Current flow: 0.0019, Current voltage: 0
2024-11-27 17:38:00,689 - INFO - flow_control - Valve Mode: flush_flow, Target Flow Rate: 1.000 ml/min, Flow Rate: 0.002 ml/min, Voltage: 20.0 V, Adjustment: 20.0 V
2024-11-27 17:38:02,196 - DEBUG - flow_control - Reading flow...
2024-11-27 17:38:02,197 - DEBUG - flow_control - Current flow: 0.043, Current voltage: 19.962
2024-11-27 17:38:02,197 - INFO - flow_control - Valve Mode: homogenization_flow, Target Flow Rate: 1.000 ml/min, Flow Rate: 0.043 ml/min, Voltage: 39.1 V, Adjustment: 19.1 V
2024-11-27 17:38:02,689 - INFO - process - Starting VNA sweep...
2024-11-27 17:38:02,689 - INFO - vna - Attempting to connect to LibreVNA...
2024-11-27 17:38:02,691 - INFO - vna - Connected to LibreVNA.
2024-11-27 17:38:02,691 - INFO - vna - Starting sweep...
2024-11-27 17:38:02,691 - INFO - vna - Waiting for sweep to complete...
2024-11-27 17:38:03,703 - DEBUG - flow_control - Reading flow...
2024-11-27 17:38:03,705 - DEBUG - flow_control - Current flow: 0.2979, Current voltage: 39.102000000000004
2024-11-27 17:38:03,705 - INFO - flow_control - Valve Mode: sample_flow, Target Flow Rate: 0.400 ml/min, Flow Rate: 0.298 ml/min, Voltage: 41.1 V, Adjustment: 2.0 V
2024-11-27 17:38:05,211 - DEBUG - flow_control - Reading flow...
2024-11-27 17:38:05,213 - DEBUG - flow_control - Current flow: 0.3028, Current voltage: 41.144000000000005
2024-11-27 17:38:05,213 - INFO - flow_control - Valve Mode: sample_flow, Target Flow Rate: 0.400 ml/min, Flow Rate: 0.303 ml/min, Voltage: 41.1 V, Adjustment: 0.0 V
2024-11-27 17:38:06,720 - DEBUG - flow_control - Reading flow...
2024-11-27 17:38:06,722 - DEBUG - flow_control - Current flow: 0.3021, Current voltage: 41.144000000000005
2024-11-27 17:38:06,722 - INFO - flow_control - Valve Mode: sample_flow, Target Flow Rate: 0.400 ml/min, Flow Rate: 0.302 ml/min, Voltage: 41.1 V, Adjustment: 0.0 V
2024-11-27 17:38:07,696 - WARNING - vna - Timeout while polling sweep completion: Socket read timed out while waiting for data.
2024-11-27 17:38:08,230 - DEBUG - flow_control - Reading flow...
2024-11-27 17:38:08,232 - DEBUG - flow_control - Current flow: 0.3016, Current voltage: 41.144000000000005
2024-11-27 17:38:08,232 - INFO - flow_control - Valve Mode: sample_flow, Target Flow Rate: 0.400 ml/min, Flow Rate: 0.302 ml/min, Voltage: 41.1 V, Adjustment: 0.0 V
2024-11-27 17:38:09,739 - DEBUG - flow_control - Reading flow...
2024-11-27 17:38:09,741 - DEBUG - flow_control - Current flow: 0.2957, Current voltage: 41.144000000000005
2024-11-27 17:38:09,742 - INFO - flow_control - Valve Mode: sample_flow, Target Flow Rate: 0.400 ml/min, Flow Rate: 0.296 ml/min, Voltage: 43.2 V, Adjustment: 2.1 V
2024-11-27 17:38:11,249 - DEBUG - flow_control - Reading flow...
2024-11-27 17:38:11,251 - DEBUG - flow_control - Current flow: 0.3362, Current voltage: 43.230000000000004
2024-11-27 17:38:11,251 - INFO - flow_control - Valve Mode: sample_flow, Target Flow Rate: 0.400 ml/min, Flow Rate: 0.336 ml/min, Voltage: 43.2 V, Adjustment: 0.0 V
2024-11-27 17:38:12,758 - DEBUG - flow_control - Reading flow...
2024-11-27 17:38:12,760 - DEBUG - flow_control - Current flow: 0.3215, Current voltage: 43.230000000000004
2024-11-27 17:38:12,760 - INFO - flow_control - Valve Mode: sample_flow, Target Flow Rate: 0.400 ml/min, Flow Rate: 0.322 ml/min, Voltage: 43.2 V, Adjustment: 0.0 V
2024-11-27 17:38:13,700 - WARNING - vna - Timeout while polling sweep completion: Socket read timed out while waiting for data.
2024-11-27 17:38:14,268 - DEBUG - flow_control - Reading flow...
2024-11-27 17:38:14,269 - DEBUG - flow_control - Current flow: 0.323, Current voltage: 43.230000000000004
2024-11-27 17:38:14,270 - INFO - flow_control - Valve Mode: sample_flow, Target Flow Rate: 0.400 ml/min, Flow Rate: 0.323 ml/min, Voltage: 43.2 V, Adjustment: 0.0 V
2024-11-27 17:38:15,778 - DEBUG - flow_control - Reading flow...
2024-11-27 17:38:15,780 - DEBUG - flow_control - Current flow: 0.3203, Current voltage: 43.230000000000004
2024-11-27 17:38:15,781 - INFO - flow_control - Valve Mode: sample_flow, Target Flow Rate: 0.400 ml/min, Flow Rate: 0.320 ml/min, Voltage: 43.2 V, Adjustment: 0.0 V
2024-11-27 17:38:17,287 - DEBUG - flow_control - Reading flow...
2024-11-27 17:38:17,289 - DEBUG - flow_control - Current flow: 0.3182, Current voltage: 43.230000000000004
2024-11-27 17:38:17,290 - INFO - flow_control - Valve Mode: sample_flow, Target Flow Rate: 0.400 ml/min, Flow Rate: 0.318 ml/min, Voltage: 43.2 V, Adjustment: 0.0 V
2024-11-27 17:38:18,796 - DEBUG - flow_control - Reading flow...
2024-11-27 17:38:18,797 - DEBUG - flow_control - Current flow: 0.3188, Current voltage: 43.230000000000004
2024-11-27 17:38:18,797 - INFO - flow_control - Valve Mode: sample_flow, Target Flow Rate: 0.400 ml/min, Flow Rate: 0.319 ml/min, Voltage: 43.2 V, Adjustment: 0.0 V
2024-11-27 17:38:19,704 - WARNING - vna - Timeout while polling sweep completion: Socket read timed out while waiting for data.
2024-11-27 17:38:20,304 - DEBUG - flow_control - Reading flow...
2024-11-27 17:38:20,305 - DEBUG - flow_control - Current flow: 0.3186, Current voltage: 43.230000000000004
2024-11-27 17:38:20,306 - INFO - flow_control - Valve Mode: sample_flow, Target Flow Rate: 0.400 ml/min, Flow Rate: 0.319 ml/min, Voltage: 43.2 V, Adjustment: 0.0 V
2024-11-27 17:38:21,812 - DEBUG - flow_control - Reading flow...
2024-11-27 17:38:21,814 - DEBUG - flow_control - Current flow: 0.3186, Current voltage: 43.230000000000004
2024-11-27 17:38:21,814 - INFO - flow_control - Valve Mode: sample_flow, Target Flow Rate: 0.400 ml/min, Flow Rate: 0.319 ml/min, Voltage: 43.2 V, Adjustment: 0.0 V
2024-11-27 17:38:23,321 - DEBUG - flow_control - Reading flow...
2024-11-27 17:38:23,322 - DEBUG - flow_control - Current flow: 0.3191, Current voltage: 43.230000000000004
2024-11-27 17:38:23,322 - INFO - flow_control - Valve Mode: sample_flow, Target Flow Rate: 0.400 ml/min, Flow Rate: 0.319 ml/min, Voltage: 43.2 V, Adjustment: 0.0 V
2024-11-27 17:38:24,828 - DEBUG - flow_control - Reading flow...
2024-11-27 17:38:24,829 - DEBUG - flow_control - Current flow: 0.3227, Current voltage: 43.230000000000004
2024-11-27 17:38:24,830 - INFO - flow_control - Valve Mode: sample_flow, Target Flow Rate: 0.400 ml/min, Flow Rate: 0.323 ml/min, Voltage: 43.2 V, Adjustment: 0.0 V
2024-11-27 17:38:25,710 - WARNING - vna - Timeout while polling sweep completion: Socket read timed out while waiting for data.
2024-11-27 17:38:26,336 - DEBUG - flow_control - Reading flow...
2024-11-27 17:38:26,338 - DEBUG - flow_control - Current flow: 0.3243, Current voltage: 43.230000000000004
2024-11-27 17:38:26,338 - INFO - flow_control - Valve Mode: sample_flow, Target Flow Rate: 0.400 ml/min, Flow Rate: 0.324 ml/min, Voltage: 43.2 V, Adjustment: 0.0 V
2024-11-27 17:38:27,845 - DEBUG - flow_control - Reading flow...
2024-11-27 17:38:27,846 - DEBUG - flow_control - Current flow: 0.3226, Current voltage: 43.230000000000004
2024-11-27 17:38:27,857 - INFO - flow_control - Valve Mode: sample_flow, Target Flow Rate: 0.400 ml/min, Flow Rate: 0.323 ml/min, Voltage: 43.2 V, Adjustment: 0.0 V
2024-11-27 17:38:29,364 - DEBUG - flow_control - Reading flow...
2024-11-27 17:38:29,365 - DEBUG - flow_control - Current flow: 0.3254, Current voltage: 43.230000000000004
2024-11-27 17:38:29,365 - INFO - flow_control - Valve Mode: sample_flow, Target Flow Rate: 0.400 ml/min, Flow Rate: 0.325 ml/min, Voltage: 43.2 V, Adjustment: 0.0 V
2024-11-27 17:38:30,872 - DEBUG - flow_control - Reading flow...
2024-11-27 17:38:30,873 - DEBUG - flow_control - Current flow: 0.3231, Current voltage: 43.230000000000004
2024-11-27 17:38:30,874 - INFO - flow_control - Valve Mode: sample_flow, Target Flow Rate: 0.400 ml/min, Flow Rate: 0.323 ml/min, Voltage: 43.2 V, Adjustment: 0.0 V
2024-11-27 17:38:31,716 - WARNING - vna - Timeout while polling sweep completion: Socket read timed out while waiting for data.
2024-11-27 17:38:32,380 - DEBUG - flow_control - Reading flow...
2024-11-27 17:38:32,382 - DEBUG - flow_control - Current flow: 0.3255, Current voltage: 43.230000000000004
2024-11-27 17:38:32,383 - INFO - flow_control - Valve Mode: sample_flow, Target Flow Rate: 0.400 ml/min, Flow Rate: 0.326 ml/min, Voltage: 43.2 V, Adjustment: 0.0 V
2024-11-27 17:38:33,889 - DEBUG - flow_control - Reading flow...
2024-11-27 17:38:33,890 - DEBUG - flow_control - Current flow: 0.323, Current voltage: 43.230000000000004
2024-11-27 17:38:33,891 - INFO - flow_control - Valve Mode: sample_flow, Target Flow Rate: 0.400 ml/min, Flow Rate: 0.323 ml/min, Voltage: 43.2 V, Adjustment: 0.0 V
2024-11-27 17:38:35,397 - DEBUG - flow_control - Reading flow...
2024-11-27 17:38:35,398 - DEBUG - flow_control - Current flow: 0.3292, Current voltage: 43.230000000000004
2024-11-27 17:38:35,399 - INFO - flow_control - Valve Mode: sample_flow, Target Flow Rate: 0.400 ml/min, Flow Rate: 0.329 ml/min, Voltage: 43.2 V, Adjustment: 0.0 V
2024-11-27 17:38:36,905 - DEBUG - flow_control - Reading flow...
2024-11-27 17:38:36,906 - DEBUG - flow_control - Current flow: 0.3318, Current voltage: 43.230000000000004
2024-11-27 17:38:36,907 - INFO - flow_control - Valve Mode: sample_flow, Target Flow Rate: 0.400 ml/min, Flow Rate: 0.332 ml/min, Voltage: 43.2 V, Adjustment: 0.0 V
2024-11-27 17:38:37,722 - WARNING - vna - Timeout while polling sweep completion: Socket read timed out while waiting for data.
2024-11-27 17:38:38,416 - DEBUG - flow_control - Reading flow...
2024-11-27 17:38:38,417 - DEBUG - flow_control - Current flow: 0.3185, Current voltage: 43.230000000000004
2024-11-27 17:38:38,418 - INFO - flow_control - Valve Mode: sample_flow, Target Flow Rate: 0.400 ml/min, Flow Rate: 0.319 ml/min, Voltage: 43.2 V, Adjustment: 0.0 V
2024-11-27 17:38:39,925 - DEBUG - flow_control - Reading flow...
2024-11-27 17:38:39,927 - DEBUG - flow_control - Current flow: 0.32, Current voltage: 43.230000000000004
2024-11-27 17:38:39,928 - INFO - flow_control - Valve Mode: sample_flow, Target Flow Rate: 0.400 ml/min, Flow Rate: 0.320 ml/min, Voltage: 43.2 V, Adjustment: 0.0 V
2024-11-27 17:38:41,438 - DEBUG - flow_control - Reading flow...
2024-11-27 17:38:41,440 - DEBUG - flow_control - Current flow: 0.3434, Current voltage: 43.230000000000004
2024-11-27 17:38:41,441 - INFO - flow_control - Valve Mode: sample_flow, Target Flow Rate: 0.400 ml/min, Flow Rate: 0.343 ml/min, Voltage: 43.2 V, Adjustment: 0.0 V
2024-11-27 17:38:42,949 - DEBUG - flow_control - Reading flow...
2024-11-27 17:38:42,950 - DEBUG - flow_control - Current flow: 0.3341, Current voltage: 43.230000000000004
2024-11-27 17:38:42,951 - INFO - flow_control - Valve Mode: sample_flow, Target Flow Rate: 0.400 ml/min, Flow Rate: 0.334 ml/min, Voltage: 43.2 V, Adjustment: 0.0 V
2024-11-27 17:38:43,728 - WARNING - vna - Timeout while polling sweep completion: Socket read timed out while waiting for data.
2024-11-27 17:38:44,458 - DEBUG - flow_control - Reading flow...
2024-11-27 17:38:44,460 - DEBUG - flow_control - Current flow: 0.3285, Current voltage: 43.230000000000004
2024-11-27 17:38:44,460 - INFO - flow_control - Valve Mode: sample_flow, Target Flow Rate: 0.400 ml/min, Flow Rate: 0.329 ml/min, Voltage: 43.2 V, Adjustment: 0.0 V
2024-11-27 17:38:45,967 - DEBUG - flow_control - Reading flow...
2024-11-27 17:38:45,968 - DEBUG - flow_control - Current flow: 0.3264, Current voltage: 43.230000000000004
2024-11-27 17:38:45,969 - INFO - flow_control - Valve Mode: sample_flow, Target Flow Rate: 0.400 ml/min, Flow Rate: 0.326 ml/min, Voltage: 43.2 V, Adjustment: 0.0 V
2024-11-27 17:38:47,475 - DEBUG - flow_control - Reading flow...
2024-11-27 17:38:47,476 - DEBUG - flow_control - Current flow: 0.324, Current voltage: 43.230000000000004
2024-11-27 17:38:47,477 - INFO - flow_control - Valve Mode: sample_flow, Target Flow Rate: 0.400 ml/min, Flow Rate: 0.324 ml/min, Voltage: 43.2 V, Adjustment: 0.0 V
2024-11-27 17:38:48,984 - DEBUG - flow_control - Reading flow...
2024-11-27 17:38:48,985 - DEBUG - flow_control - Current flow: 0.3224, Current voltage: 43.230000000000004
2024-11-27 17:38:48,986 - INFO - flow_control - Valve Mode: sample_flow, Target Flow Rate: 0.400 ml/min, Flow Rate: 0.322 ml/min, Voltage: 43.2 V, Adjustment: 0.0 V
2024-11-27 17:38:49,735 - WARNING - vna - Timeout while polling sweep completion: Socket read timed out while waiting for data.
2024-11-27 17:38:50,492 - DEBUG - flow_control - Reading flow...
2024-11-27 17:38:50,494 - DEBUG - flow_control - Current flow: 0.3238, Current voltage: 43.230000000000004
2024-11-27 17:38:50,494 - INFO - flow_control - Valve Mode: sample_flow, Target Flow Rate: 0.400 ml/min, Flow Rate: 0.324 ml/min, Voltage: 43.2 V, Adjustment: 0.0 V
2024-11-27 17:38:52,001 - DEBUG - flow_control - Reading flow...
2024-11-27 17:38:52,002 - DEBUG - flow_control - Current flow: 0.3258, Current voltage: 43.230000000000004
2024-11-27 17:38:52,002 - INFO - flow_control - Valve Mode: sample_flow, Target Flow Rate: 0.400 ml/min, Flow Rate: 0.326 ml/min, Voltage: 43.2 V, Adjustment: 0.0 V
2024-11-27 17:38:53,509 - DEBUG - flow_control - Reading flow...
2024-11-27 17:38:53,511 - DEBUG - flow_control - Current flow: 0.3224, Current voltage: 43.230000000000004
2024-11-27 17:38:53,511 - INFO - flow_control - Valve Mode: sample_flow, Target Flow Rate: 0.400 ml/min, Flow Rate: 0.322 ml/min, Voltage: 43.2 V, Adjustment: 0.0 V
2024-11-27 17:38:55,019 - DEBUG - flow_control - Reading flow...
2024-11-27 17:38:55,020 - DEBUG - flow_control - Current flow: 0.319, Current voltage: 43.230000000000004
2024-11-27 17:38:55,021 - INFO - flow_control - Valve Mode: sample_flow, Target Flow Rate: 0.400 ml/min, Flow Rate: 0.319 ml/min, Voltage: 43.2 V, Adjustment: 0.0 V
2024-11-27 17:38:55,741 - WARNING - vna - Timeout while polling sweep completion: Socket read timed out while waiting for data.
2024-11-27 17:38:56,530 - DEBUG - flow_control - Reading flow...
2024-11-27 17:38:56,532 - DEBUG - flow_control - Current flow: 0.3235, Current voltage: 43.230000000000004
2024-11-27 17:38:56,532 - INFO - flow_control - Valve Mode: sample_flow, Target Flow Rate: 0.400 ml/min, Flow Rate: 0.324 ml/min, Voltage: 43.2 V, Adjustment: 0.0 V
2024-11-27 17:38:58,040 - DEBUG - flow_control - Reading flow...
2024-11-27 17:38:58,041 - DEBUG - flow_control - Current flow: 0.3358, Current voltage: 43.230000000000004
2024-11-27 17:38:58,042 - INFO - flow_control - Valve Mode: sample_flow, Target Flow Rate: 0.400 ml/min, Flow Rate: 0.336 ml/min, Voltage: 43.2 V, Adjustment: 0.0 V
2024-11-27 17:38:59,548 - DEBUG - flow_control - Reading flow...
2024-11-27 17:38:59,549 - DEBUG - flow_control - Current flow: 0.3277, Current voltage: 43.230000000000004
2024-11-27 17:38:59,550 - INFO - flow_control - Valve Mode: sample_flow, Target Flow Rate: 0.400 ml/min, Flow Rate: 0.328 ml/min, Voltage: 43.2 V, Adjustment: 0.0 V
2024-11-27 17:39:01,056 - DEBUG - flow_control - Reading flow...
2024-11-27 17:39:01,058 - DEBUG - flow_control - Current flow: 0.3314, Current voltage: 43.230000000000004
2024-11-27 17:39:01,058 - INFO - flow_control - Valve Mode: sample_flow, Target Flow Rate: 0.400 ml/min, Flow Rate: 0.331 ml/min, Voltage: 43.2 V, Adjustment: 0.0 V
2024-11-27 17:39:01,748 - WARNING - vna - Timeout while polling sweep completion: Socket read timed out while waiting for data.
2024-11-27 17:39:02,564 - DEBUG - flow_control - Reading flow...
2024-11-27 17:39:02,566 - DEBUG - flow_control - Current flow: 0.3238, Current voltage: 43.230000000000004
2024-11-27 17:39:02,566 - INFO - flow_control - Valve Mode: sample_flow, Target Flow Rate: 0.400 ml/min, Flow Rate: 0.324 ml/min, Voltage: 43.2 V, Adjustment: 0.0 V
2024-11-27 17:39:04,073 - DEBUG - flow_control - Reading flow...
2024-11-27 17:39:04,074 - DEBUG - flow_control - Current flow: 0.3215, Current voltage: 43.230000000000004
2024-11-27 17:39:04,074 - INFO - flow_control - Valve Mode: sample_flow, Target Flow Rate: 0.400 ml/min, Flow Rate: 0.322 ml/min, Voltage: 43.2 V, Adjustment: 0.0 V
2024-11-27 17:39:05,581 - DEBUG - flow_control - Reading flow...
2024-11-27 17:39:05,583 - DEBUG - flow_control - Current flow: 0.3245, Current voltage: 43.230000000000004
2024-11-27 17:39:05,583 - INFO - flow_control - Valve Mode: sample_flow, Target Flow Rate: 0.400 ml/min, Flow Rate: 0.325 ml/min, Voltage: 43.2 V, Adjustment: 0.0 V
2024-11-27 17:39:07,090 - DEBUG - flow_control - Reading flow...
2024-11-27 17:39:07,092 - DEBUG - flow_control - Current flow: 0.3266, Current voltage: 43.230000000000004
2024-11-27 17:39:07,092 - INFO - flow_control - Valve Mode: sample_flow, Target Flow Rate: 0.400 ml/min, Flow Rate: 0.327 ml/min, Voltage: 43.2 V, Adjustment: 0.0 V
2024-11-27 17:39:07,754 - WARNING - vna - Timeout while polling sweep completion: Socket read timed out while waiting for data.
2024-11-27 17:39:08,599 - DEBUG - flow_control - Reading flow...
2024-11-27 17:39:08,600 - DEBUG - flow_control - Current flow: 0.3295, Current voltage: 43.230000000000004
2024-11-27 17:39:08,601 - INFO - flow_control - Valve Mode: sample_flow, Target Flow Rate: 0.400 ml/min, Flow Rate: 0.330 ml/min, Voltage: 43.2 V, Adjustment: 0.0 V
2024-11-27 17:39:10,108 - DEBUG - flow_control - Reading flow...
2024-11-27 17:39:10,109 - DEBUG - flow_control - Current flow: 0.3264, Current voltage: 43.230000000000004
2024-11-27 17:39:10,109 - INFO - flow_control - Valve Mode: sample_flow, Target Flow Rate: 0.400 ml/min, Flow Rate: 0.326 ml/min, Voltage: 43.2 V, Adjustment: 0.0 V
2024-11-27 17:39:11,619 - DEBUG - flow_control - Reading flow...
2024-11-27 17:39:11,620 - DEBUG - flow_control - Current flow: 0.3424, Current voltage: 43.230000000000004
2024-11-27 17:39:11,621 - INFO - flow_control - Valve Mode: sample_flow, Target Flow Rate: 0.400 ml/min, Flow Rate: 0.342 ml/min, Voltage: 43.2 V, Adjustment: 0.0 V
2024-11-27 17:39:13,127 - DEBUG - flow_control - Reading flow...
2024-11-27 17:39:13,129 - DEBUG - flow_control - Current flow: 0.3416, Current voltage: 43.230000000000004
2024-11-27 17:39:13,129 - INFO - flow_control - Valve Mode: sample_flow, Target Flow Rate: 0.400 ml/min, Flow Rate: 0.342 ml/min, Voltage: 43.2 V, Adjustment: 0.0 V
2024-11-27 17:39:13,760 - WARNING - vna - Timeout while polling sweep completion: Socket read timed out while waiting for data.
2024-11-27 17:39:14,637 - DEBUG - flow_control - Reading flow...
2024-11-27 17:39:14,638 - DEBUG - flow_control - Current flow: 0.3399, Current voltage: 43.230000000000004
2024-11-27 17:39:14,639 - INFO - flow_control - Valve Mode: sample_flow, Target Flow Rate: 0.400 ml/min, Flow Rate: 0.340 ml/min, Voltage: 43.2 V, Adjustment: 0.0 V
2024-11-27 17:39:16,146 - DEBUG - flow_control - Reading flow...
2024-11-27 17:39:16,148 - DEBUG - flow_control - Current flow: 0.3394, Current voltage: 43.230000000000004
2024-11-27 17:39:16,148 - INFO - flow_control - Valve Mode: sample_flow, Target Flow Rate: 0.400 ml/min, Flow Rate: 0.339 ml/min, Voltage: 43.2 V, Adjustment: 0.0 V
2024-11-27 17:39:17,655 - DEBUG - flow_control - Reading flow...
2024-11-27 17:39:17,657 - DEBUG - flow_control - Current flow: 0.3308, Current voltage: 43.230000000000004
2024-11-27 17:39:17,658 - INFO - flow_control - Valve Mode: sample_flow, Target Flow Rate: 0.400 ml/min, Flow Rate: 0.331 ml/min, Voltage: 43.2 V, Adjustment: 0.0 V
2024-11-27 17:39:19,165 - DEBUG - flow_control - Reading flow...
2024-11-27 17:39:19,166 - DEBUG - flow_control - Current flow: 0.3287, Current voltage: 43.230000000000004
2024-11-27 17:39:19,167 - INFO - flow_control - Valve Mode: sample_flow, Target Flow Rate: 0.400 ml/min, Flow Rate: 0.329 ml/min, Voltage: 43.2 V, Adjustment: 0.0 V
2024-11-27 17:39:19,766 - WARNING - vna - Timeout while polling sweep completion: Socket read timed out while waiting for data.
2024-11-27 17:39:20,674 - DEBUG - flow_control - Reading flow...
2024-11-27 17:39:20,675 - DEBUG - flow_control - Current flow: 0.3272, Current voltage: 43.230000000000004
2024-11-27 17:39:20,676 - INFO - flow_control - Valve Mode: sample_flow, Target Flow Rate: 0.400 ml/min, Flow Rate: 0.327 ml/min, Voltage: 43.2 V, Adjustment: 0.0 V
2024-11-27 17:39:22,183 - DEBUG - flow_control - Reading flow...
2024-11-27 17:39:22,184 - DEBUG - flow_control - Current flow: 0.3233, Current voltage: 43.230000000000004
2024-11-27 17:39:22,185 - INFO - flow_control - Valve Mode: sample_flow, Target Flow Rate: 0.400 ml/min, Flow Rate: 0.323 ml/min, Voltage: 43.2 V, Adjustment: 0.0 V
2024-11-27 17:39:23,692 - DEBUG - flow_control - Reading flow...
2024-11-27 17:39:23,693 - DEBUG - flow_control - Current flow: 0.3218, Current voltage: 43.230000000000004
2024-11-27 17:39:23,694 - INFO - flow_control - Valve Mode: sample_flow, Target Flow Rate: 0.400 ml/min, Flow Rate: 0.322 ml/min, Voltage: 43.2 V, Adjustment: 0.0 V
2024-11-27 17:39:25,201 - DEBUG - flow_control - Reading flow...
2024-11-27 17:39:25,202 - DEBUG - flow_control - Current flow: 0.3191, Current voltage: 43.230000000000004
2024-11-27 17:39:25,203 - INFO - flow_control - Valve Mode: sample_flow, Target Flow Rate: 0.400 ml/min, Flow Rate: 0.319 ml/min, Voltage: 43.2 V, Adjustment: 0.0 V
2024-11-27 17:39:25,770 - WARNING - vna - Timeout while polling sweep completion: Socket read timed out while waiting for data.
2024-11-27 17:39:26,710 - DEBUG - flow_control - Reading flow...
2024-11-27 17:39:26,711 - DEBUG - flow_control - Current flow: 0.3175, Current voltage: 43.230000000000004
2024-11-27 17:39:26,712 - INFO - flow_control - Valve Mode: sample_flow, Target Flow Rate: 0.400 ml/min, Flow Rate: 0.318 ml/min, Voltage: 43.2 V, Adjustment: 0.0 V
2024-11-27 17:39:28,218 - DEBUG - flow_control - Reading flow...
2024-11-27 17:39:28,220 - DEBUG - flow_control - Current flow: 0.3194, Current voltage: 43.230000000000004
2024-11-27 17:39:28,220 - INFO - flow_control - Valve Mode: sample_flow, Target Flow Rate: 0.400 ml/min, Flow Rate: 0.319 ml/min, Voltage: 43.2 V, Adjustment: 0.0 V
2024-11-27 17:39:29,728 - DEBUG - flow_control - Reading flow...
2024-11-27 17:39:29,729 - DEBUG - flow_control - Current flow: 0.3167, Current voltage: 43.230000000000004
2024-11-27 17:39:29,730 - INFO - flow_control - Valve Mode: sample_flow, Target Flow Rate: 0.400 ml/min, Flow Rate: 0.317 ml/min, Voltage: 43.2 V, Adjustment: 0.0 V
2024-11-27 17:39:31,236 - DEBUG - flow_control - Reading flow...
2024-11-27 17:39:31,238 - DEBUG - flow_control - Current flow: 0.3166, Current voltage: 43.230000000000004
2024-11-27 17:39:31,238 - INFO - flow_control - Valve Mode: sample_flow, Target Flow Rate: 0.400 ml/min, Flow Rate: 0.317 ml/min, Voltage: 43.2 V, Adjustment: 0.0 V
2024-11-27 17:39:31,773 - WARNING - vna - Timeout while polling sweep completion: Socket read timed out while waiting for data.
2024-11-27 17:39:32,745 - DEBUG - flow_control - Reading flow...
2024-11-27 17:39:32,746 - DEBUG - flow_control - Current flow: 0.318, Current voltage: 43.230000000000004
2024-11-27 17:39:32,746 - INFO - flow_control - Valve Mode: sample_flow, Target Flow Rate: 0.400 ml/min, Flow Rate: 0.318 ml/min, Voltage: 43.2 V, Adjustment: 0.0 V
2024-11-27 17:39:34,253 - DEBUG - flow_control - Reading flow...
2024-11-27 17:39:34,254 - DEBUG - flow_control - Current flow: 0.3178, Current voltage: 43.230000000000004
2024-11-27 17:39:34,254 - INFO - flow_control - Valve Mode: sample_flow, Target Flow Rate: 0.400 ml/min, Flow Rate: 0.318 ml/min, Voltage: 43.2 V, Adjustment: 0.0 V
2024-11-27 17:39:35,761 - DEBUG - flow_control - Reading flow...
2024-11-27 17:39:35,762 - DEBUG - flow_control - Current flow: 0.3192, Current voltage: 43.230000000000004
2024-11-27 17:39:35,763 - INFO - flow_control - Valve Mode: sample_flow, Target Flow Rate: 0.400 ml/min, Flow Rate: 0.319 ml/min, Voltage: 43.2 V, Adjustment: 0.0 V
2024-11-27 17:39:37,269 - DEBUG - flow_control - Reading flow...
2024-11-27 17:39:37,271 - DEBUG - flow_control - Current flow: 0.3183, Current voltage: 43.230000000000004
2024-11-27 17:39:37,271 - INFO - flow_control - Valve Mode: sample_flow, Target Flow Rate: 0.400 ml/min, Flow Rate: 0.318 ml/min, Voltage: 43.2 V, Adjustment: 0.0 V
2024-11-27 17:39:37,779 - WARNING - vna - Timeout while polling sweep completion: Socket read timed out while waiting for data.
2024-11-27 17:39:38,778 - DEBUG - flow_control - Reading flow...
2024-11-27 17:39:38,779 - DEBUG - flow_control - Current flow: 0.3191, Current voltage: 43.230000000000004
2024-11-27 17:39:38,780 - INFO - flow_control - Valve Mode: sample_flow, Target Flow Rate: 0.400 ml/min, Flow Rate: 0.319 ml/min, Voltage: 43.2 V, Adjustment: 0.0 V
2024-11-27 17:39:40,287 - DEBUG - flow_control - Reading flow...
2024-11-27 17:39:40,288 - DEBUG - flow_control - Current flow: 0.3172, Current voltage: 43.230000000000004
2024-11-27 17:39:40,289 - INFO - flow_control - Valve Mode: sample_flow, Target Flow Rate: 0.400 ml/min, Flow Rate: 0.317 ml/min, Voltage: 43.2 V, Adjustment: 0.0 V
2024-11-27 17:39:41,795 - DEBUG - flow_control - Reading flow...
2024-11-27 17:39:41,797 - DEBUG - flow_control - Current flow: 0.3177, Current voltage: 43.230000000000004
2024-11-27 17:39:41,797 - INFO - flow_control - Valve Mode: sample_flow, Target Flow Rate: 0.400 ml/min, Flow Rate: 0.318 ml/min, Voltage: 43.2 V, Adjustment: 0.0 V
2024-11-27 17:39:43,304 - DEBUG - flow_control - Reading flow...
2024-11-27 17:39:43,306 - DEBUG - flow_control - Current flow: 0.3203, Current voltage: 43.230000000000004
2024-11-27 17:39:43,306 - INFO - flow_control - Valve Mode: sample_flow, Target Flow Rate: 0.400 ml/min, Flow Rate: 0.320 ml/min, Voltage: 43.2 V, Adjustment: 0.0 V
2024-11-27 17:39:43,781 - WARNING - vna - Timeout while polling sweep completion: Socket read timed out while waiting for data.
2024-11-27 17:39:44,814 - DEBUG - flow_control - Reading flow...
2024-11-27 17:39:44,816 - DEBUG - flow_control - Current flow: 0.32, Current voltage: 43.230000000000004
2024-11-27 17:39:44,816 - INFO - flow_control - Valve Mode: sample_flow, Target Flow Rate: 0.400 ml/min, Flow Rate: 0.320 ml/min, Voltage: 43.2 V, Adjustment: 0.0 V
2024-11-27 17:39:46,324 - DEBUG - flow_control - Reading flow...
2024-11-27 17:39:46,326 - DEBUG - flow_control - Current flow: 0.3338, Current voltage: 43.230000000000004
2024-11-27 17:39:46,327 - INFO - flow_control - Valve Mode: sample_flow, Target Flow Rate: 0.400 ml/min, Flow Rate: 0.334 ml/min, Voltage: 43.2 V, Adjustment: 0.0 V
2024-11-27 17:39:47,834 - DEBUG - flow_control - Reading flow...
2024-11-27 17:39:47,835 - DEBUG - flow_control - Current flow: 0.3412, Current voltage: 43.230000000000004
2024-11-27 17:39:47,835 - INFO - flow_control - Valve Mode: sample_flow, Target Flow Rate: 0.400 ml/min, Flow Rate: 0.341 ml/min, Voltage: 43.2 V, Adjustment: 0.0 V
2024-11-27 17:39:49,342 - DEBUG - flow_control - Reading flow...
2024-11-27 17:39:49,343 - DEBUG - flow_control - Current flow: 0.3397, Current voltage: 43.230000000000004
2024-11-27 17:39:49,344 - INFO - flow_control - Valve Mode: sample_flow, Target Flow Rate: 0.400 ml/min, Flow Rate: 0.340 ml/min, Voltage: 43.2 V, Adjustment: 0.0 V
2024-11-27 17:39:49,783 - WARNING - vna - Timeout while polling sweep completion: Socket read timed out while waiting for data.
2024-11-27 17:39:50,851 - DEBUG - flow_control - Reading flow...
2024-11-27 17:39:50,852 - DEBUG - flow_control - Current flow: 0.3397, Current voltage: 43.230000000000004
2024-11-27 17:39:50,852 - INFO - flow_control - Valve Mode: sample_flow, Target Flow Rate: 0.400 ml/min, Flow Rate: 0.340 ml/min, Voltage: 43.2 V, Adjustment: 0.0 V
2024-11-27 17:39:52,359 - DEBUG - flow_control - Reading flow...
2024-11-27 17:39:52,360 - DEBUG - flow_control - Current flow: 0.3315, Current voltage: 43.230000000000004
2024-11-27 17:39:52,361 - INFO - flow_control - Valve Mode: sample_flow, Target Flow Rate: 0.400 ml/min, Flow Rate: 0.332 ml/min, Voltage: 43.2 V, Adjustment: 0.0 V
2024-11-27 17:39:53,867 - DEBUG - flow_control - Reading flow...
2024-11-27 17:39:53,868 - DEBUG - flow_control - Current flow: 0.3279, Current voltage: 43.230000000000004
2024-11-27 17:39:53,869 - INFO - flow_control - Valve Mode: sample_flow, Target Flow Rate: 0.400 ml/min, Flow Rate: 0.328 ml/min, Voltage: 43.2 V, Adjustment: 0.0 V
2024-11-27 17:39:55,375 - DEBUG - flow_control - Reading flow...
2024-11-27 17:39:55,377 - DEBUG - flow_control - Current flow: 0.3256, Current voltage: 43.230000000000004
2024-11-27 17:39:55,377 - INFO - flow_control - Valve Mode: sample_flow, Target Flow Rate: 0.400 ml/min, Flow Rate: 0.326 ml/min, Voltage: 43.2 V, Adjustment: 0.0 V
2024-11-27 17:39:55,789 - WARNING - vna - Timeout while polling sweep completion: Socket read timed out while waiting for data.
2024-11-27 17:39:56,884 - DEBUG - flow_control - Reading flow...
2024-11-27 17:39:56,885 - DEBUG - flow_control - Current flow: 0.3275, Current voltage: 43.230000000000004
2024-11-27 17:39:56,886 - INFO - flow_control - Valve Mode: sample_flow, Target Flow Rate: 0.400 ml/min, Flow Rate: 0.328 ml/min, Voltage: 43.2 V, Adjustment: 0.0 V
2024-11-27 17:39:58,392 - DEBUG - flow_control - Reading flow...
2024-11-27 17:39:58,393 - DEBUG - flow_control - Current flow: 0.3247, Current voltage: 43.230000000000004
2024-11-27 17:39:58,394 - INFO - flow_control - Valve Mode: sample_flow, Target Flow Rate: 0.400 ml/min, Flow Rate: 0.325 ml/min, Voltage: 43.2 V, Adjustment: 0.0 V
2024-11-27 17:39:59,901 - DEBUG - flow_control - Reading flow...
2024-11-27 17:39:59,902 - DEBUG - flow_control - Current flow: 0.3261, Current voltage: 43.230000000000004
2024-11-27 17:39:59,903 - INFO - flow_control - Valve Mode: sample_flow, Target Flow Rate: 0.400 ml/min, Flow Rate: 0.326 ml/min, Voltage: 43.2 V, Adjustment: 0.0 V
2024-11-27 17:40:01,409 - DEBUG - flow_control - Reading flow...
2024-11-27 17:40:01,410 - DEBUG - flow_control - Current flow: 0.3208, Current voltage: 43.230000000000004
2024-11-27 17:40:01,411 - INFO - flow_control - Valve Mode: sample_flow, Target Flow Rate: 0.400 ml/min, Flow Rate: 0.321 ml/min, Voltage: 43.2 V, Adjustment: 0.0 V
2024-11-27 17:40:01,793 - WARNING - vna - Timeout while polling sweep completion: Socket read timed out while waiting for data.
2024-11-27 17:40:02,918 - DEBUG - flow_control - Reading flow...
2024-11-27 17:40:02,919 - DEBUG - flow_control - Current flow: 0.3226, Current voltage: 43.230000000000004
2024-11-27 17:40:02,920 - INFO - flow_control - Valve Mode: sample_flow, Target Flow Rate: 0.400 ml/min, Flow Rate: 0.323 ml/min, Voltage: 43.2 V, Adjustment: 0.0 V
2024-11-27 17:40:04,427 - DEBUG - flow_control - Reading flow...
2024-11-27 17:40:04,428 - DEBUG - flow_control - Current flow: 0.3313, Current voltage: 43.230000000000004
2024-11-27 17:40:04,429 - INFO - flow_control - Valve Mode: sample_flow, Target Flow Rate: 0.400 ml/min, Flow Rate: 0.331 ml/min, Voltage: 43.2 V, Adjustment: 0.0 V
2024-11-27 17:40:05,938 - DEBUG - flow_control - Reading flow...
2024-11-27 17:40:05,939 - DEBUG - flow_control - Current flow: 0.3471, Current voltage: 43.230000000000004
2024-11-27 17:40:05,940 - INFO - flow_control - Valve Mode: sample_flow, Target Flow Rate: 0.400 ml/min, Flow Rate: 0.347 ml/min, Voltage: 43.2 V, Adjustment: 0.0 V
2024-11-27 17:40:07,447 - DEBUG - flow_control - Reading flow...
2024-11-27 17:40:07,449 - DEBUG - flow_control - Current flow: 0.3458, Current voltage: 43.230000000000004
2024-11-27 17:40:07,450 - INFO - flow_control - Valve Mode: sample_flow, Target Flow Rate: 0.400 ml/min, Flow Rate: 0.346 ml/min, Voltage: 43.2 V, Adjustment: 0.0 V
2024-11-27 17:40:07,798 - WARNING - vna - Timeout while polling sweep completion: Socket read timed out while waiting for data.
2024-11-27 17:40:08,958 - DEBUG - flow_control - Reading flow...
2024-11-27 17:40:08,960 - DEBUG - flow_control - Current flow: 0.3361, Current voltage: 43.230000000000004
2024-11-27 17:40:08,960 - INFO - flow_control - Valve Mode: sample_flow, Target Flow Rate: 0.400 ml/min, Flow Rate: 0.336 ml/min, Voltage: 43.2 V, Adjustment: 0.0 V
2024-11-27 17:40:10,467 - DEBUG - flow_control - Reading flow...
2024-11-27 17:40:10,469 - DEBUG - flow_control - Current flow: 0.3292, Current voltage: 43.230000000000004
2024-11-27 17:40:10,470 - INFO - flow_control - Valve Mode: sample_flow, Target Flow Rate: 0.400 ml/min, Flow Rate: 0.329 ml/min, Voltage: 43.2 V, Adjustment: 0.0 V
2024-11-27 17:40:11,976 - DEBUG - flow_control - Reading flow...
2024-11-27 17:40:11,977 - DEBUG - flow_control - Current flow: 0.3334, Current voltage: 43.230000000000004
2024-11-27 17:40:11,978 - INFO - flow_control - Valve Mode: sample_flow, Target Flow Rate: 0.400 ml/min, Flow Rate: 0.333 ml/min, Voltage: 43.2 V, Adjustment: 0.0 V
2024-11-27 17:40:13,484 - DEBUG - flow_control - Reading flow...
2024-11-27 17:40:13,485 - DEBUG - flow_control - Current flow: 0.3359, Current voltage: 43.230000000000004
2024-11-27 17:40:13,486 - INFO - flow_control - Valve Mode: sample_flow, Target Flow Rate: 0.400 ml/min, Flow Rate: 0.336 ml/min, Voltage: 43.2 V, Adjustment: 0.0 V
2024-11-27 17:40:13,804 - WARNING - vna - Timeout while polling sweep completion: Socket read timed out while waiting for data.
2024-11-27 17:40:14,992 - DEBUG - flow_control - Reading flow...
2024-11-27 17:40:14,993 - DEBUG - flow_control - Current flow: 0.3398, Current voltage: 43.230000000000004
2024-11-27 17:40:14,993 - INFO - flow_control - Valve Mode: sample_flow, Target Flow Rate: 0.400 ml/min, Flow Rate: 0.340 ml/min, Voltage: 43.2 V, Adjustment: 0.0 V
2024-11-27 17:40:16,500 - DEBUG - flow_control - Reading flow...
2024-11-27 17:40:16,501 - DEBUG - flow_control - Current flow: 0.3411, Current voltage: 43.230000000000004
2024-11-27 17:40:16,512 - INFO - flow_control - Valve Mode: sample_flow, Target Flow Rate: 0.400 ml/min, Flow Rate: 0.341 ml/min, Voltage: 43.2 V, Adjustment: 0.0 V
2024-11-27 17:40:18,019 - DEBUG - flow_control - Reading flow...
2024-11-27 17:40:18,021 - DEBUG - flow_control - Current flow: 0.3422, Current voltage: 43.230000000000004
2024-11-27 17:40:18,021 - INFO - flow_control - Valve Mode: sample_flow, Target Flow Rate: 0.400 ml/min, Flow Rate: 0.342 ml/min, Voltage: 43.2 V, Adjustment: 0.0 V
2024-11-27 17:40:19,528 - DEBUG - flow_control - Reading flow...
2024-11-27 17:40:19,529 - DEBUG - flow_control - Current flow: 0.3376, Current voltage: 43.230000000000004
2024-11-27 17:40:19,530 - INFO - flow_control - Valve Mode: sample_flow, Target Flow Rate: 0.400 ml/min, Flow Rate: 0.338 ml/min, Voltage: 43.2 V, Adjustment: 0.0 V
2024-11-27 17:40:19,810 - WARNING - vna - Timeout while polling sweep completion: Socket read timed out while waiting for data.
2024-11-27 17:40:21,038 - DEBUG - flow_control - Reading flow...
2024-11-27 17:40:21,040 - DEBUG - flow_control - Current flow: 0.3274, Current voltage: 43.230000000000004
2024-11-27 17:40:21,040 - INFO - flow_control - Valve Mode: sample_flow, Target Flow Rate: 0.400 ml/min, Flow Rate: 0.327 ml/min, Voltage: 43.2 V, Adjustment: 0.0 V
2024-11-27 17:40:22,548 - DEBUG - flow_control - Reading flow...
2024-11-27 17:40:22,550 - DEBUG - flow_control - Current flow: 0.3213, Current voltage: 43.230000000000004
2024-11-27 17:40:22,551 - INFO - flow_control - Valve Mode: sample_flow, Target Flow Rate: 0.400 ml/min, Flow Rate: 0.321 ml/min, Voltage: 43.2 V, Adjustment: 0.0 V
2024-11-27 17:40:24,058 - DEBUG - flow_control - Reading flow...
2024-11-27 17:40:24,059 - DEBUG - flow_control - Current flow: 0.3196, Current voltage: 43.230000000000004
2024-11-27 17:40:24,059 - INFO - flow_control - Valve Mode: sample_flow, Target Flow Rate: 0.400 ml/min, Flow Rate: 0.320 ml/min, Voltage: 43.2 V, Adjustment: 0.0 V
2024-11-27 17:40:25,565 - DEBUG - flow_control - Reading flow...
2024-11-27 17:40:25,566 - DEBUG - flow_control - Current flow: 0.3234, Current voltage: 43.230000000000004
2024-11-27 17:40:25,567 - INFO - flow_control - Valve Mode: sample_flow, Target Flow Rate: 0.400 ml/min, Flow Rate: 0.323 ml/min, Voltage: 43.2 V, Adjustment: 0.0 V
2024-11-27 17:40:25,816 - WARNING - vna - Timeout while polling sweep completion: Socket read timed out while waiting for data.
2024-11-27 17:40:27,073 - DEBUG - flow_control - Reading flow...
2024-11-27 17:40:27,074 - DEBUG - flow_control - Current flow: 0.3245, Current voltage: 43.230000000000004
2024-11-27 17:40:27,075 - INFO - flow_control - Valve Mode: sample_flow, Target Flow Rate: 0.400 ml/min, Flow Rate: 0.325 ml/min, Voltage: 43.2 V, Adjustment: 0.0 V
2024-11-27 17:40:28,582 - DEBUG - flow_control - Reading flow...
2024-11-27 17:40:28,583 - DEBUG - flow_control - Current flow: 0.3249, Current voltage: 43.230000000000004
2024-11-27 17:40:28,583 - INFO - flow_control - Valve Mode: sample_flow, Target Flow Rate: 0.400 ml/min, Flow Rate: 0.325 ml/min, Voltage: 43.2 V, Adjustment: 0.0 V
2024-11-27 17:40:30,089 - DEBUG - flow_control - Reading flow...
2024-11-27 17:40:30,090 - DEBUG - flow_control - Current flow: 0.3324, Current voltage: 43.230000000000004
2024-11-27 17:40:30,091 - INFO - flow_control - Valve Mode: sample_flow, Target Flow Rate: 0.400 ml/min, Flow Rate: 0.332 ml/min, Voltage: 43.2 V, Adjustment: 0.0 V
2024-11-27 17:40:31,598 - DEBUG - flow_control - Reading flow...
2024-11-27 17:40:31,599 - DEBUG - flow_control - Current flow: 0.3312, Current voltage: 43.230000000000004
2024-11-27 17:40:31,599 - INFO - flow_control - Valve Mode: sample_flow, Target Flow Rate: 0.400 ml/min, Flow Rate: 0.331 ml/min, Voltage: 43.2 V, Adjustment: 0.0 V
2024-11-27 17:40:31,822 - WARNING - vna - Timeout while polling sweep completion: Socket read timed out while waiting for data.
2024-11-27 17:40:33,106 - DEBUG - flow_control - Reading flow...
2024-11-27 17:40:33,108 - DEBUG - flow_control - Current flow: 0.3302, Current voltage: 43.230000000000004
2024-11-27 17:40:33,109 - INFO - flow_control - Valve Mode: sample_flow, Target Flow Rate: 0.400 ml/min, Flow Rate: 0.330 ml/min, Voltage: 43.2 V, Adjustment: 0.0 V
2024-11-27 17:40:34,615 - DEBUG - flow_control - Reading flow...
2024-11-27 17:40:34,616 - DEBUG - flow_control - Current flow: 0.3336, Current voltage: 43.230000000000004
2024-11-27 17:40:34,617 - INFO - flow_control - Valve Mode: sample_flow, Target Flow Rate: 0.400 ml/min, Flow Rate: 0.334 ml/min, Voltage: 43.2 V, Adjustment: 0.0 V
2024-11-27 17:40:36,123 - DEBUG - flow_control - Reading flow...
2024-11-27 17:40:36,124 - DEBUG - flow_control - Current flow: 0.3382, Current voltage: 43.230000000000004
2024-11-27 17:40:36,125 - INFO - flow_control - Valve Mode: sample_flow, Target Flow Rate: 0.400 ml/min, Flow Rate: 0.338 ml/min, Voltage: 43.2 V, Adjustment: 0.0 V
2024-11-27 17:40:37,631 - DEBUG - flow_control - Reading flow...
2024-11-27 17:40:37,632 - DEBUG - flow_control - Current flow: 0.3415, Current voltage: 43.230000000000004
2024-11-27 17:40:37,633 - INFO - flow_control - Valve Mode: sample_flow, Target Flow Rate: 0.400 ml/min, Flow Rate: 0.342 ml/min, Voltage: 43.2 V, Adjustment: 0.0 V
2024-11-27 17:40:37,827 - WARNING - vna - Timeout while polling sweep completion: Socket read timed out while waiting for data.
2024-11-27 17:40:39,139 - DEBUG - flow_control - Reading flow...
2024-11-27 17:40:39,140 - DEBUG - flow_control - Current flow: 0.343, Current voltage: 43.230000000000004
2024-11-27 17:40:39,141 - INFO - flow_control - Valve Mode: sample_flow, Target Flow Rate: 0.400 ml/min, Flow Rate: 0.343 ml/min, Voltage: 43.2 V, Adjustment: 0.0 V
2024-11-27 17:40:40,648 - DEBUG - flow_control - Reading flow...
2024-11-27 17:40:40,649 - DEBUG - flow_control - Current flow: 0.3425, Current voltage: 43.230000000000004
2024-11-27 17:40:40,650 - INFO - flow_control - Valve Mode: sample_flow, Target Flow Rate: 0.400 ml/min, Flow Rate: 0.343 ml/min, Voltage: 43.2 V, Adjustment: 0.0 V
2024-11-27 17:40:42,157 - DEBUG - flow_control - Reading flow...
2024-11-27 17:40:42,159 - DEBUG - flow_control - Current flow: 0.3396, Current voltage: 43.230000000000004
2024-11-27 17:40:42,159 - INFO - flow_control - Valve Mode: sample_flow, Target Flow Rate: 0.400 ml/min, Flow Rate: 0.340 ml/min, Voltage: 43.2 V, Adjustment: 0.0 V
2024-11-27 17:40:43,666 - DEBUG - flow_control - Reading flow...
2024-11-27 17:40:43,667 - DEBUG - flow_control - Current flow: 0.3389, Current voltage: 43.230000000000004
2024-11-27 17:40:43,668 - INFO - flow_control - Valve Mode: sample_flow, Target Flow Rate: 0.400 ml/min, Flow Rate: 0.339 ml/min, Voltage: 43.2 V, Adjustment: 0.0 V
2024-11-27 17:40:43,834 - WARNING - vna - Timeout while polling sweep completion: Socket read timed out while waiting for data.
2024-11-27 17:40:45,175 - DEBUG - flow_control - Reading flow...
2024-11-27 17:40:45,177 - DEBUG - flow_control - Current flow: 0.336, Current voltage: 43.230000000000004
2024-11-27 17:40:45,177 - INFO - flow_control - Valve Mode: sample_flow, Target Flow Rate: 0.400 ml/min, Flow Rate: 0.336 ml/min, Voltage: 43.2 V, Adjustment: 0.0 V
2024-11-27 17:40:46,684 - DEBUG - flow_control - Reading flow...
2024-11-27 17:40:46,685 - DEBUG - flow_control - Current flow: 0.3342, Current voltage: 43.230000000000004
2024-11-27 17:40:46,686 - INFO - flow_control - Valve Mode: sample_flow, Target Flow Rate: 0.400 ml/min, Flow Rate: 0.334 ml/min, Voltage: 43.2 V, Adjustment: 0.0 V
2024-11-27 17:40:48,192 - DEBUG - flow_control - Reading flow...
2024-11-27 17:40:48,194 - DEBUG - flow_control - Current flow: 0.3369, Current voltage: 43.230000000000004
2024-11-27 17:40:48,194 - INFO - flow_control - Valve Mode: sample_flow, Target Flow Rate: 0.400 ml/min, Flow Rate: 0.337 ml/min, Voltage: 43.2 V, Adjustment: 0.0 V
2024-11-27 17:40:49,700 - DEBUG - flow_control - Reading flow...
2024-11-27 17:40:49,701 - DEBUG - flow_control - Current flow: 0.3411, Current voltage: 43.230000000000004
2024-11-27 17:40:49,702 - INFO - flow_control - Valve Mode: sample_flow, Target Flow Rate: 0.400 ml/min, Flow Rate: 0.341 ml/min, Voltage: 43.2 V, Adjustment: 0.0 V
2024-11-27 17:40:49,840 - WARNING - vna - Timeout while polling sweep completion: Socket read timed out while waiting for data.
2024-11-27 17:40:51,208 - DEBUG - flow_control - Reading flow...
2024-11-27 17:40:51,209 - DEBUG - flow_control - Current flow: 0.3461, Current voltage: 43.230000000000004
2024-11-27 17:40:51,209 - INFO - flow_control - Valve Mode: sample_flow, Target Flow Rate: 0.400 ml/min, Flow Rate: 0.346 ml/min, Voltage: 43.2 V, Adjustment: 0.0 V
2024-11-27 17:40:52,715 - DEBUG - flow_control - Reading flow...
2024-11-27 17:40:52,717 - DEBUG - flow_control - Current flow: 0.348, Current voltage: 43.230000000000004
2024-11-27 17:40:52,717 - INFO - flow_control - Valve Mode: sample_flow, Target Flow Rate: 0.400 ml/min, Flow Rate: 0.348 ml/min, Voltage: 43.2 V, Adjustment: 0.0 V
2024-11-27 17:40:54,223 - DEBUG - flow_control - Reading flow...
2024-11-27 17:40:54,225 - DEBUG - flow_control - Current flow: 0.3464, Current voltage: 43.230000000000004
2024-11-27 17:40:54,225 - INFO - flow_control - Valve Mode: sample_flow, Target Flow Rate: 0.400 ml/min, Flow Rate: 0.346 ml/min, Voltage: 43.2 V, Adjustment: 0.0 V
2024-11-27 17:40:55,731 - DEBUG - flow_control - Reading flow...
2024-11-27 17:40:55,733 - DEBUG - flow_control - Current flow: 0.3395, Current voltage: 43.230000000000004
2024-11-27 17:40:55,733 - INFO - flow_control - Valve Mode: sample_flow, Target Flow Rate: 0.400 ml/min, Flow Rate: 0.340 ml/min, Voltage: 43.2 V, Adjustment: 0.0 V
2024-11-27 17:40:55,845 - WARNING - vna - Timeout while polling sweep completion: Socket read timed out while waiting for data.
2024-11-27 17:40:57,240 - DEBUG - flow_control - Reading flow...
2024-11-27 17:40:57,241 - DEBUG - flow_control - Current flow: 0.3335, Current voltage: 43.230000000000004
2024-11-27 17:40:57,241 - INFO - flow_control - Valve Mode: sample_flow, Target Flow Rate: 0.400 ml/min, Flow Rate: 0.334 ml/min, Voltage: 43.2 V, Adjustment: 0.0 V
2024-11-27 17:40:58,747 - DEBUG - flow_control - Reading flow...
2024-11-27 17:40:58,749 - DEBUG - flow_control - Current flow: 0.3244, Current voltage: 43.230000000000004
2024-11-27 17:40:58,749 - INFO - flow_control - Valve Mode: sample_flow, Target Flow Rate: 0.400 ml/min, Flow Rate: 0.324 ml/min, Voltage: 43.2 V, Adjustment: 0.0 V
2024-11-27 17:41:00,255 - DEBUG - flow_control - Reading flow...
2024-11-27 17:41:00,257 - DEBUG - flow_control - Current flow: 0.3216, Current voltage: 43.230000000000004
2024-11-27 17:41:00,257 - INFO - flow_control - Valve Mode: sample_flow, Target Flow Rate: 0.400 ml/min, Flow Rate: 0.322 ml/min, Voltage: 43.2 V, Adjustment: 0.0 V
2024-11-27 17:41:01,763 - DEBUG - flow_control - Reading flow...
2024-11-27 17:41:01,764 - DEBUG - flow_control - Current flow: 0.3207, Current voltage: 43.230000000000004
2024-11-27 17:41:01,764 - INFO - flow_control - Valve Mode: sample_flow, Target Flow Rate: 0.400 ml/min, Flow Rate: 0.321 ml/min, Voltage: 43.2 V, Adjustment: 0.0 V
2024-11-27 17:41:01,850 - WARNING - vna - Timeout while polling sweep completion: Socket read timed out while waiting for data.
2024-11-27 17:41:03,270 - DEBUG - flow_control - Reading flow...
2024-11-27 17:41:03,271 - DEBUG - flow_control - Current flow: 0.3251, Current voltage: 43.230000000000004
2024-11-27 17:41:03,272 - INFO - flow_control - Valve Mode: sample_flow, Target Flow Rate: 0.400 ml/min, Flow Rate: 0.325 ml/min, Voltage: 43.2 V, Adjustment: 0.0 V
2024-11-27 17:41:04,778 - DEBUG - flow_control - Reading flow...
2024-11-27 17:41:04,780 - DEBUG - flow_control - Current flow: 0.3302, Current voltage: 43.230000000000004
2024-11-27 17:41:04,780 - INFO - flow_control - Valve Mode: sample_flow, Target Flow Rate: 0.400 ml/min, Flow Rate: 0.330 ml/min, Voltage: 43.2 V, Adjustment: 0.0 V
2024-11-27 17:41:06,286 - DEBUG - flow_control - Reading flow...
2024-11-27 17:41:06,288 - DEBUG - flow_control - Current flow: 0.3339, Current voltage: 43.230000000000004
2024-11-27 17:41:06,288 - INFO - flow_control - Valve Mode: sample_flow, Target Flow Rate: 0.400 ml/min, Flow Rate: 0.334 ml/min, Voltage: 43.2 V, Adjustment: 0.0 V
2024-11-27 17:41:07,794 - DEBUG - flow_control - Reading flow...
2024-11-27 17:41:07,796 - DEBUG - flow_control - Current flow: 0.3389, Current voltage: 43.230000000000004
2024-11-27 17:41:07,796 - INFO - flow_control - Valve Mode: sample_flow, Target Flow Rate: 0.400 ml/min, Flow Rate: 0.339 ml/min, Voltage: 43.2 V, Adjustment: 0.0 V
2024-11-27 17:41:07,853 - WARNING - vna - Timeout while polling sweep completion: Socket read timed out while waiting for data.
2024-11-27 17:41:09,302 - DEBUG - flow_control - Reading flow...
2024-11-27 17:41:09,303 - DEBUG - flow_control - Current flow: 0.3456, Current voltage: 43.230000000000004
2024-11-27 17:41:09,303 - INFO - flow_control - Valve Mode: sample_flow, Target Flow Rate: 0.400 ml/min, Flow Rate: 0.346 ml/min, Voltage: 43.2 V, Adjustment: 0.0 V
2024-11-27 17:41:10,809 - DEBUG - flow_control - Reading flow...
2024-11-27 17:41:10,810 - DEBUG - flow_control - Current flow: 0.3488, Current voltage: 43.230000000000004
2024-11-27 17:41:10,811 - INFO - flow_control - Valve Mode: sample_flow, Target Flow Rate: 0.400 ml/min, Flow Rate: 0.349 ml/min, Voltage: 43.2 V, Adjustment: 0.0 V
2024-11-27 17:41:12,318 - DEBUG - flow_control - Reading flow...
2024-11-27 17:41:12,319 - DEBUG - flow_control - Current flow: 0.3477, Current voltage: 43.230000000000004
2024-11-27 17:41:12,320 - INFO - flow_control - Valve Mode: sample_flow, Target Flow Rate: 0.400 ml/min, Flow Rate: 0.348 ml/min, Voltage: 43.2 V, Adjustment: 0.0 V
2024-11-27 17:41:13,827 - DEBUG - flow_control - Reading flow...
2024-11-27 17:41:13,828 - DEBUG - flow_control - Current flow: 0.3475, Current voltage: 43.230000000000004
2024-11-27 17:41:13,829 - INFO - flow_control - Valve Mode: sample_flow, Target Flow Rate: 0.400 ml/min, Flow Rate: 0.347 ml/min, Voltage: 43.2 V, Adjustment: 0.0 V
2024-11-27 17:41:13,859 - WARNING - vna - Timeout while polling sweep completion: Socket read timed out while waiting for data.
2024-11-27 17:41:15,335 - DEBUG - flow_control - Reading flow...
2024-11-27 17:41:15,337 - DEBUG - flow_control - Current flow: 0.3479, Current voltage: 43.230000000000004
2024-11-27 17:41:15,337 - INFO - flow_control - Valve Mode: sample_flow, Target Flow Rate: 0.400 ml/min, Flow Rate: 0.348 ml/min, Voltage: 43.2 V, Adjustment: 0.0 V
2024-11-27 17:41:16,843 - DEBUG - flow_control - Reading flow...
2024-11-27 17:41:16,844 - DEBUG - flow_control - Current flow: 0.3452, Current voltage: 43.230000000000004
2024-11-27 17:41:16,845 - INFO - flow_control - Valve Mode: sample_flow, Target Flow Rate: 0.400 ml/min, Flow Rate: 0.345 ml/min, Voltage: 43.2 V, Adjustment: 0.0 V
2024-11-27 17:41:18,352 - DEBUG - flow_control - Reading flow...
2024-11-27 17:41:18,353 - DEBUG - flow_control - Current flow: 0.3462, Current voltage: 43.230000000000004
2024-11-27 17:41:18,354 - INFO - flow_control - Valve Mode: sample_flow, Target Flow Rate: 0.400 ml/min, Flow Rate: 0.346 ml/min, Voltage: 43.2 V, Adjustment: 0.0 V
2024-11-27 17:41:19,860 - DEBUG - flow_control - Reading flow...
2024-11-27 17:41:19,862 - DEBUG - flow_control - Current flow: 0.3428, Current voltage: 43.230000000000004
2024-11-27 17:41:19,862 - INFO - flow_control - Valve Mode: sample_flow, Target Flow Rate: 0.400 ml/min, Flow Rate: 0.343 ml/min, Voltage: 43.2 V, Adjustment: 0.0 V
2024-11-27 17:41:19,865 - WARNING - vna - Timeout while polling sweep completion: Socket read timed out while waiting for data.
2024-11-27 17:41:21,370 - DEBUG - flow_control - Reading flow...
2024-11-27 17:41:21,371 - DEBUG - flow_control - Current flow: 0.3505, Current voltage: 43.230000000000004
2024-11-27 17:41:21,372 - INFO - flow_control - Valve Mode: sample_flow, Target Flow Rate: 0.400 ml/min, Flow Rate: 0.350 ml/min, Voltage: 43.2 V, Adjustment: 0.0 V
2024-11-27 17:41:22,879 - DEBUG - flow_control - Reading flow...
2024-11-27 17:41:22,880 - DEBUG - flow_control - Current flow: 0.3492, Current voltage: 43.230000000000004
2024-11-27 17:41:22,881 - INFO - flow_control - Valve Mode: sample_flow, Target Flow Rate: 0.400 ml/min, Flow Rate: 0.349 ml/min, Voltage: 43.2 V, Adjustment: 0.0 V
2024-11-27 17:41:24,389 - DEBUG - flow_control - Reading flow...
2024-11-27 17:41:24,390 - DEBUG - flow_control - Current flow: 0.3455, Current voltage: 43.230000000000004
2024-11-27 17:41:24,391 - INFO - flow_control - Valve Mode: sample_flow, Target Flow Rate: 0.400 ml/min, Flow Rate: 0.345 ml/min, Voltage: 43.2 V, Adjustment: 0.0 V
2024-11-27 17:41:25,869 - WARNING - vna - Timeout while polling sweep completion: Socket read timed out while waiting for data.
2024-11-27 17:41:25,897 - DEBUG - flow_control - Reading flow...
2024-11-27 17:41:25,898 - DEBUG - flow_control - Current flow: 0.3467, Current voltage: 43.230000000000004
2024-11-27 17:41:25,899 - INFO - flow_control - Valve Mode: sample_flow, Target Flow Rate: 0.400 ml/min, Flow Rate: 0.347 ml/min, Voltage: 43.2 V, Adjustment: 0.0 V
2024-11-27 17:41:27,405 - DEBUG - flow_control - Reading flow...
2024-11-27 17:41:27,406 - DEBUG - flow_control - Current flow: 0.3472, Current voltage: 43.230000000000004
2024-11-27 17:41:27,407 - INFO - flow_control - Valve Mode: sample_flow, Target Flow Rate: 0.400 ml/min, Flow Rate: 0.347 ml/min, Voltage: 43.2 V, Adjustment: 0.0 V
2024-11-27 17:41:28,913 - DEBUG - flow_control - Reading flow...
2024-11-27 17:41:28,914 - DEBUG - flow_control - Current flow: 0.3492, Current voltage: 43.230000000000004
2024-11-27 17:41:28,915 - INFO - flow_control - Valve Mode: sample_flow, Target Flow Rate: 0.400 ml/min, Flow Rate: 0.349 ml/min, Voltage: 43.2 V, Adjustment: 0.0 V
2024-11-27 17:41:29,155 - INFO - vna - Sweep completed successfully.
2024-11-27 17:41:29,156 - INFO - vna - Waiting 2 seconds post-sweep to fetch data...
2024-11-27 17:41:30,421 - DEBUG - flow_control - Reading flow...
2024-11-27 17:41:30,422 - DEBUG - flow_control - Current flow: 0.34, Current voltage: 43.230000000000004
2024-11-27 17:41:30,422 - INFO - flow_control - Valve Mode: sample_flow, Target Flow Rate: 0.400 ml/min, Flow Rate: 0.340 ml/min, Voltage: 43.2 V, Adjustment: 0.0 V
2024-11-27 17:41:31,156 - INFO - vna - Fetching frequency and S-parameter data...
2024-11-27 17:41:31,928 - DEBUG - flow_control - Reading flow...
2024-11-27 17:41:31,929 - DEBUG - flow_control - Current flow: 0.3321, Current voltage: 43.230000000000004
2024-11-27 17:41:31,930 - INFO - flow_control - Valve Mode: sample_flow, Target Flow Rate: 0.400 ml/min, Flow Rate: 0.332 ml/min, Voltage: 43.2 V, Adjustment: 0.0 V
2024-11-27 17:41:33,436 - DEBUG - flow_control - Reading flow...
2024-11-27 17:41:33,437 - DEBUG - flow_control - Current flow: 0.321, Current voltage: 43.230000000000004
2024-11-27 17:41:33,437 - INFO - flow_control - Valve Mode: sample_flow, Target Flow Rate: 0.400 ml/min, Flow Rate: 0.321 ml/min, Voltage: 43.2 V, Adjustment: 0.0 V
2024-11-27 17:41:34,943 - DEBUG - flow_control - Reading flow...
2024-11-27 17:41:34,944 - DEBUG - flow_control - Current flow: 0.3201, Current voltage: 43.230000000000004
2024-11-27 17:41:34,945 - INFO - flow_control - Valve Mode: sample_flow, Target Flow Rate: 0.400 ml/min, Flow Rate: 0.320 ml/min, Voltage: 43.2 V, Adjustment: 0.0 V
2024-11-27 17:41:36,450 - DEBUG - flow_control - Reading flow...
2024-11-27 17:41:36,452 - DEBUG - flow_control - Current flow: 0.3258, Current voltage: 43.230000000000004
2024-11-27 17:41:36,452 - INFO - flow_control - Valve Mode: sample_flow, Target Flow Rate: 0.400 ml/min, Flow Rate: 0.326 ml/min, Voltage: 43.2 V, Adjustment: 0.0 V
2024-11-27 17:41:37,959 - DEBUG - flow_control - Reading flow...
2024-11-27 17:41:37,961 - DEBUG - flow_control - Current flow: 0.3245, Current voltage: 43.230000000000004
2024-11-27 17:41:37,961 - INFO - flow_control - Valve Mode: sample_flow, Target Flow Rate: 0.400 ml/min, Flow Rate: 0.325 ml/min, Voltage: 43.2 V, Adjustment: 0.0 V
2024-11-27 17:41:39,470 - DEBUG - flow_control - Reading flow...
2024-11-27 17:41:39,471 - DEBUG - flow_control - Current flow: 0.3203, Current voltage: 43.230000000000004
2024-11-27 17:41:39,472 - INFO - flow_control - Valve Mode: sample_flow, Target Flow Rate: 0.400 ml/min, Flow Rate: 0.320 ml/min, Voltage: 43.2 V, Adjustment: 0.0 V
2024-11-27 17:41:40,978 - DEBUG - flow_control - Reading flow...
2024-11-27 17:41:40,979 - DEBUG - flow_control - Current flow: 0.3205, Current voltage: 43.230000000000004
2024-11-27 17:41:40,980 - INFO - flow_control - Valve Mode: sample_flow, Target Flow Rate: 0.400 ml/min, Flow Rate: 0.321 ml/min, Voltage: 43.2 V, Adjustment: 0.0 V
2024-11-27 17:41:42,486 - DEBUG - flow_control - Reading flow...
2024-11-27 17:41:42,488 - DEBUG - flow_control - Current flow: 0.3222, Current voltage: 43.230000000000004
2024-11-27 17:41:42,488 - INFO - flow_control - Valve Mode: sample_flow, Target Flow Rate: 0.400 ml/min, Flow Rate: 0.322 ml/min, Voltage: 43.2 V, Adjustment: 0.0 V
2024-11-27 17:41:43,995 - DEBUG - flow_control - Reading flow...
2024-11-27 17:41:43,997 - DEBUG - flow_control - Current flow: 0.3203, Current voltage: 43.230000000000004
2024-11-27 17:41:43,997 - INFO - flow_control - Valve Mode: sample_flow, Target Flow Rate: 0.400 ml/min, Flow Rate: 0.320 ml/min, Voltage: 43.2 V, Adjustment: 0.0 V
2024-11-27 17:41:45,507 - DEBUG - flow_control - Reading flow...
2024-11-27 17:41:45,509 - DEBUG - flow_control - Current flow: 0.3353, Current voltage: 43.230000000000004
2024-11-27 17:41:45,509 - INFO - flow_control - Valve Mode: sample_flow, Target Flow Rate: 0.400 ml/min, Flow Rate: 0.335 ml/min, Voltage: 43.2 V, Adjustment: 0.0 V
2024-11-27 17:41:47,017 - DEBUG - flow_control - Reading flow...
2024-11-27 17:41:47,018 - DEBUG - flow_control - Current flow: 0.3427, Current voltage: 43.230000000000004
2024-11-27 17:41:47,018 - INFO - flow_control - Valve Mode: sample_flow, Target Flow Rate: 0.400 ml/min, Flow Rate: 0.343 ml/min, Voltage: 43.2 V, Adjustment: 0.0 V
2024-11-27 17:41:48,525 - DEBUG - flow_control - Reading flow...
2024-11-27 17:41:48,526 - DEBUG - flow_control - Current flow: 0.3397, Current voltage: 43.230000000000004
2024-11-27 17:41:48,527 - INFO - flow_control - Valve Mode: sample_flow, Target Flow Rate: 0.400 ml/min, Flow Rate: 0.340 ml/min, Voltage: 43.2 V, Adjustment: 0.0 V
2024-11-27 17:41:50,033 - DEBUG - flow_control - Reading flow...
2024-11-27 17:41:50,034 - DEBUG - flow_control - Current flow: 0.3375, Current voltage: 43.230000000000004
2024-11-27 17:41:50,035 - INFO - flow_control - Valve Mode: sample_flow, Target Flow Rate: 0.400 ml/min, Flow Rate: 0.338 ml/min, Voltage: 43.2 V, Adjustment: 0.0 V
2024-11-27 17:41:51,541 - DEBUG - flow_control - Reading flow...
2024-11-27 17:41:51,542 - DEBUG - flow_control - Current flow: 0.328, Current voltage: 43.230000000000004
2024-11-27 17:41:51,543 - INFO - flow_control - Valve Mode: sample_flow, Target Flow Rate: 0.400 ml/min, Flow Rate: 0.328 ml/min, Voltage: 43.2 V, Adjustment: 0.0 V
2024-11-27 17:41:53,049 - DEBUG - flow_control - Reading flow...
2024-11-27 17:41:53,050 - DEBUG - flow_control - Current flow: 0.3234, Current voltage: 43.230000000000004
2024-11-27 17:41:53,051 - INFO - flow_control - Valve Mode: sample_flow, Target Flow Rate: 0.400 ml/min, Flow Rate: 0.323 ml/min, Voltage: 43.2 V, Adjustment: 0.0 V
2024-11-27 17:41:54,557 - DEBUG - flow_control - Reading flow...
2024-11-27 17:41:54,558 - DEBUG - flow_control - Current flow: 0.3204, Current voltage: 43.230000000000004
2024-11-27 17:41:54,558 - INFO - flow_control - Valve Mode: sample_flow, Target Flow Rate: 0.400 ml/min, Flow Rate: 0.320 ml/min, Voltage: 43.2 V, Adjustment: 0.0 V
2024-11-27 17:41:56,065 - DEBUG - flow_control - Reading flow...
2024-11-27 17:41:56,066 - DEBUG - flow_control - Current flow: 0.3208, Current voltage: 43.230000000000004
2024-11-27 17:41:56,066 - INFO - flow_control - Valve Mode: sample_flow, Target Flow Rate: 0.400 ml/min, Flow Rate: 0.321 ml/min, Voltage: 43.2 V, Adjustment: 0.0 V
2024-11-27 17:41:57,572 - DEBUG - flow_control - Reading flow...
2024-11-27 17:41:57,573 - DEBUG - flow_control - Current flow: 0.326, Current voltage: 43.230000000000004
2024-11-27 17:41:57,574 - INFO - flow_control - Valve Mode: sample_flow, Target Flow Rate: 0.400 ml/min, Flow Rate: 0.326 ml/min, Voltage: 43.2 V, Adjustment: 0.0 V
2024-11-27 17:41:59,080 - DEBUG - flow_control - Reading flow...
2024-11-27 17:41:59,081 - DEBUG - flow_control - Current flow: 0.3348, Current voltage: 43.230000000000004
2024-11-27 17:41:59,081 - INFO - flow_control - Valve Mode: sample_flow, Target Flow Rate: 0.400 ml/min, Flow Rate: 0.335 ml/min, Voltage: 43.2 V, Adjustment: 0.0 V
2024-11-27 17:42:00,587 - DEBUG - flow_control - Reading flow...
2024-11-27 17:42:00,589 - DEBUG - flow_control - Current flow: 0.3403, Current voltage: 43.230000000000004
2024-11-27 17:42:00,589 - INFO - flow_control - Valve Mode: sample_flow, Target Flow Rate: 0.400 ml/min, Flow Rate: 0.340 ml/min, Voltage: 43.2 V, Adjustment: 0.0 V
2024-11-27 17:42:01,185 - ERROR - vna - An error occurred: Socket read timed out while waiting for data.
2024-11-27 17:42:01,186 - INFO - vna - VNA connection closed.
2024-11-27 17:42:02,094 - DEBUG - flow_control - Reading flow...
2024-11-27 17:42:02,096 - DEBUG - flow_control - Current flow: 0.3475, Current voltage: 43.230000000000004
2024-11-27 17:42:02,096 - INFO - flow_control - Valve Mode: sample_flow, Target Flow Rate: 0.400 ml/min, Flow Rate: 0.347 ml/min, Voltage: 43.2 V, Adjustment: 0.0 V
2024-11-27 17:42:03,602 - DEBUG - flow_control - Reading flow...
2024-11-27 17:42:03,603 - DEBUG - flow_control - Current flow: 0.3436, Current voltage: 43.230000000000004
2024-11-27 17:42:03,604 - INFO - flow_control - Valve Mode: sample_flow, Target Flow Rate: 0.400 ml/min, Flow Rate: 0.344 ml/min, Voltage: 43.2 V, Adjustment: 0.0 V
2024-11-27 17:42:05,110 - DEBUG - flow_control - Reading flow...
2024-11-27 17:42:05,111 - DEBUG - flow_control - Current flow: 0.3413, Current voltage: 43.230000000000004
2024-11-27 17:42:05,112 - INFO - flow_control - Valve Mode: sample_flow, Target Flow Rate: 0.400 ml/min, Flow Rate: 0.341 ml/min, Voltage: 43.2 V, Adjustment: 0.0 V
2024-11-27 17:42:06,618 - DEBUG - flow_control - Reading flow...
2024-11-27 17:42:06,619 - DEBUG - flow_control - Current flow: 0.332, Current voltage: 43.230000000000004
2024-11-27 17:42:06,620 - INFO - flow_control - Valve Mode: sample_flow, Target Flow Rate: 0.400 ml/min, Flow Rate: 0.332 ml/min, Voltage: 43.2 V, Adjustment: 0.0 V
2024-11-27 17:42:08,125 - DEBUG - flow_control - Reading flow...
2024-11-27 17:42:08,127 - DEBUG - flow_control - Current flow: 0.3224, Current voltage: 43.230000000000004
2024-11-27 17:42:08,127 - INFO - flow_control - Valve Mode: sample_flow, Target Flow Rate: 0.400 ml/min, Flow Rate: 0.322 ml/min, Voltage: 43.2 V, Adjustment: 0.0 V
2024-11-27 17:42:09,634 - DEBUG - flow_control - Reading flow...
2024-11-27 17:42:09,635 - DEBUG - flow_control - Current flow: 0.3201, Current voltage: 43.230000000000004
2024-11-27 17:42:09,635 - INFO - flow_control - Valve Mode: sample_flow, Target Flow Rate: 0.400 ml/min, Flow Rate: 0.320 ml/min, Voltage: 43.2 V, Adjustment: 0.0 V
2024-11-27 17:42:11,141 - DEBUG - flow_control - Reading flow...
2024-11-27 17:42:11,143 - DEBUG - flow_control - Current flow: 0.3203, Current voltage: 43.230000000000004
2024-11-27 17:42:11,143 - INFO - flow_control - Valve Mode: sample_flow, Target Flow Rate: 0.400 ml/min, Flow Rate: 0.320 ml/min, Voltage: 43.2 V, Adjustment: 0.0 V
2024-11-27 17:42:12,649 - DEBUG - flow_control - Reading flow...
2024-11-27 17:42:12,650 - DEBUG - flow_control - Current flow: 0.3254, Current voltage: 43.230000000000004
2024-11-27 17:42:12,650 - INFO - flow_control - Valve Mode: sample_flow, Target Flow Rate: 0.400 ml/min, Flow Rate: 0.325 ml/min, Voltage: 43.2 V, Adjustment: 0.0 V
2024-11-27 17:42:14,156 - DEBUG - flow_control - Reading flow...
2024-11-27 17:42:14,157 - DEBUG - flow_control - Current flow: 0.3333, Current voltage: 43.230000000000004
2024-11-27 17:42:14,158 - INFO - flow_control - Valve Mode: sample_flow, Target Flow Rate: 0.400 ml/min, Flow Rate: 0.333 ml/min, Voltage: 43.2 V, Adjustment: 0.0 V
2024-11-27 17:42:15,664 - DEBUG - flow_control - Reading flow...
2024-11-27 17:42:15,666 - DEBUG - flow_control - Current flow: 0.3359, Current voltage: 43.230000000000004
2024-11-27 17:42:15,666 - INFO - flow_control - Valve Mode: sample_flow, Target Flow Rate: 0.400 ml/min, Flow Rate: 0.336 ml/min, Voltage: 43.2 V, Adjustment: 0.0 V
2024-11-27 17:42:17,172 - DEBUG - flow_control - Reading flow...
2024-11-27 17:42:17,173 - DEBUG - flow_control - Current flow: 0.344, Current voltage: 43.230000000000004
2024-11-27 17:42:17,174 - INFO - flow_control - Valve Mode: sample_flow, Target Flow Rate: 0.400 ml/min, Flow Rate: 0.344 ml/min, Voltage: 43.2 V, Adjustment: 0.0 V
