2024-11-27 18:07:43,531 - INFO - flow - Starting continuous measurement...
2024-11-27 18:07:43,532 - INFO - flow_control - Flow measurement started successfully.
2024-11-27 18:07:43,533 - INFO - flow_control - Valve Mode: flush_flow, Target Flow Rate: 1.000 ml/min, Flow Rate: 0.001 ml/min, Voltage: 20.0 V, Adjustment: 20.0 V
2024-11-27 18:07:45,040 - INFO - flow_control - Valve Mode: homogenization_flow, Target Flow Rate: 1.000 ml/min, Flow Rate: 0.047 ml/min, Voltage: 39.1 V, Adjustment: 19.1 V
2024-11-27 18:07:45,534 - INFO - process - Starting VNA sweep...
2024-11-27 18:07:45,534 - INFO - vna - Attempting to connect to LibreVNA...
2024-11-27 18:07:45,535 - INFO - vna - Connected to LibreVNA.
2024-11-27 18:07:45,535 - INFO - vna - Starting sweep...
2024-11-27 18:07:45,535 - INFO - vna - Waiting for sweep to complete...
2024-11-27 18:07:46,548 - INFO - flow_control - Valve Mode: sample_flow, Target Flow Rate: 0.400 ml/min, Flow Rate: 0.274 ml/min, Voltage: 41.6 V, Adjustment: 2.5 V
2024-11-27 18:07:48,055 - INFO - flow_control - Valve Mode: sample_flow, Target Flow Rate: 0.400 ml/min, Flow Rate: 0.296 ml/min, Voltage: 43.7 V, Adjustment: 2.1 V
2024-11-27 18:07:49,563 - INFO - flow_control - Valve Mode: sample_flow, Target Flow Rate: 0.400 ml/min, Flow Rate: 0.323 ml/min, Voltage: 43.7 V, Adjustment: 0.0 V
2024-11-27 18:07:50,541 - WARNING - vna - Timeout while polling sweep completion: Socket read timed out while waiting for data.
2024-11-27 18:07:51,070 - INFO - flow_control - Valve Mode: sample_flow, Target Flow Rate: 0.400 ml/min, Flow Rate: 0.329 ml/min, Voltage: 43.7 V, Adjustment: 0.0 V
2024-11-27 18:07:52,578 - INFO - flow_control - Valve Mode: sample_flow, Target Flow Rate: 0.400 ml/min, Flow Rate: 0.332 ml/min, Voltage: 43.7 V, Adjustment: 0.0 V
2024-11-27 18:07:54,089 - INFO - flow_control - Valve Mode: sample_flow, Target Flow Rate: 0.400 ml/min, Flow Rate: 0.323 ml/min, Voltage: 43.7 V, Adjustment: 0.0 V
2024-11-27 18:07:55,596 - INFO - flow_control - Valve Mode: sample_flow, Target Flow Rate: 0.400 ml/min, Flow Rate: 0.325 ml/min, Voltage: 43.7 V, Adjustment: 0.0 V
2024-11-27 18:07:56,547 - WARNING - vna - Timeout while polling sweep completion: Socket read timed out while waiting for data.
2024-11-27 18:07:57,105 - INFO - flow_control - Valve Mode: sample_flow, Target Flow Rate: 0.400 ml/min, Flow Rate: 0.326 ml/min, Voltage: 43.7 V, Adjustment: 0.0 V
2024-11-27 18:07:58,614 - INFO - flow_control - Valve Mode: sample_flow, Target Flow Rate: 0.400 ml/min, Flow Rate: 0.324 ml/min, Voltage: 43.7 V, Adjustment: 0.0 V
2024-11-27 18:08:00,122 - INFO - flow_control - Valve Mode: sample_flow, Target Flow Rate: 0.400 ml/min, Flow Rate: 0.327 ml/min, Voltage: 43.7 V, Adjustment: 0.0 V
2024-11-27 18:08:01,630 - INFO - flow_control - Valve Mode: sample_flow, Target Flow Rate: 0.400 ml/min, Flow Rate: 0.333 ml/min, Voltage: 43.7 V, Adjustment: 0.0 V
2024-11-27 18:08:02,553 - WARNING - vna - Timeout while polling sweep completion: Socket read timed out while waiting for data.
2024-11-27 18:08:03,139 - INFO - flow_control - Valve Mode: sample_flow, Target Flow Rate: 0.400 ml/min, Flow Rate: 0.327 ml/min, Voltage: 43.7 V, Adjustment: 0.0 V
2024-11-27 18:08:04,647 - INFO - flow_control - Valve Mode: sample_flow, Target Flow Rate: 0.400 ml/min, Flow Rate: 0.335 ml/min, Voltage: 43.7 V, Adjustment: 0.0 V
2024-11-27 18:08:06,154 - INFO - flow_control - Valve Mode: sample_flow, Target Flow Rate: 0.400 ml/min, Flow Rate: 0.343 ml/min, Voltage: 43.7 V, Adjustment: 0.0 V
2024-11-27 18:08:07,662 - INFO - flow_control - Valve Mode: sample_flow, Target Flow Rate: 0.400 ml/min, Flow Rate: 0.346 ml/min, Voltage: 43.7 V, Adjustment: 0.0 V
2024-11-27 18:08:08,560 - WARNING - vna - Timeout while polling sweep completion: Socket read timed out while waiting for data.
2024-11-27 18:08:09,169 - INFO - flow_control - Valve Mode: sample_flow, Target Flow Rate: 0.400 ml/min, Flow Rate: 0.350 ml/min, Voltage: 43.7 V, Adjustment: 0.0 V
2024-11-27 18:08:10,677 - INFO - flow_control - Valve Mode: sample_flow, Target Flow Rate: 0.400 ml/min, Flow Rate: 0.348 ml/min, Voltage: 43.7 V, Adjustment: 0.0 V
2024-11-27 18:08:12,185 - INFO - flow_control - Valve Mode: sample_flow, Target Flow Rate: 0.400 ml/min, Flow Rate: 0.347 ml/min, Voltage: 43.7 V, Adjustment: 0.0 V
2024-11-27 18:08:13,693 - INFO - flow_control - Valve Mode: sample_flow, Target Flow Rate: 0.400 ml/min, Flow Rate: 0.340 ml/min, Voltage: 43.7 V, Adjustment: 0.0 V
2024-11-27 18:08:14,566 - WARNING - vna - Timeout while polling sweep completion: Socket read timed out while waiting for data.
2024-11-27 18:08:15,201 - INFO - flow_control - Valve Mode: sample_flow, Target Flow Rate: 0.400 ml/min, Flow Rate: 0.338 ml/min, Voltage: 43.7 V, Adjustment: 0.0 V
2024-11-27 18:08:16,709 - ERROR - valve - Error controlling valve mode sample_flow: Please set pin numbering mode using GPIO.setmode(GPIO.BOARD), GPIO.setmode(GPIO.BCM), GPIO.setmode(GPIO.TEGRA_SOC) or GPIO.setmode(GPIO.CVM)
2024-11-27 18:08:16,710 - INFO - flow_control - Valve Mode: sample_flow, Target Flow Rate: 0.400 ml/min, Flow Rate: 0.328 ml/min, Voltage: 43.7 V, Adjustment: 0.0 V
2024-11-27 18:08:18,218 - ERROR - valve - Error controlling valve mode sample_flow: Please set pin numbering mode using GPIO.setmode(GPIO.BOARD), GPIO.setmode(GPIO.BCM), GPIO.setmode(GPIO.TEGRA_SOC) or GPIO.setmode(GPIO.CVM)
2024-11-27 18:08:18,218 - INFO - flow_control - Valve Mode: sample_flow, Target Flow Rate: 0.400 ml/min, Flow Rate: 0.331 ml/min, Voltage: 43.7 V, Adjustment: 0.0 V
