2024-11-30 16:34:30,814 - INFO - combo_gui - Starting Experiment 1...
2024-11-30 16:34:30,816 - DEBUG - process - Starting flush process...
2024-11-30 16:34:31,817 - DEBUG - process - Flush process completed.
2024-11-30 16:34:31,818 - DEBUG - process - Starting homogenization process...
2024-11-30 16:34:32,819 - DEBUG - process - Homogenization process completed.
2024-11-30 16:34:32,819 - DEBUG - process - Starting sampling process...
2024-11-30 16:34:32,820 - INFO - process - Starting VNA sweep...
2024-11-30 16:34:32,821 - INFO - vna - Attempting to connect to LibreVNA...
2024-11-30 16:34:32,821 - INFO - vna - Connected to LibreVNA.
2024-11-30 16:34:32,822 - DEBUG - vna - Sending command: VNA:ACQuisition:IFBW 10000
2024-11-30 16:34:32,822 - DEBUG - vna - Sending command: VNA:ACQuisition:POINTS 100
2024-11-30 16:34:32,822 - DEBUG - vna - Sending command: VNA:FREQuency:START 0
2024-11-30 16:34:32,822 - DEBUG - vna - Sending command: VNA:FREQuency:STOP 6000000000.0
2024-11-30 16:34:32,822 - INFO - vna - Starting sweep...
2024-11-30 16:34:32,822 - DEBUG - vna - Sending command: VNA:ACQuisition:RUN
2024-11-30 16:34:32,822 - INFO - vna - Waiting for sweep to complete...
2024-11-30 16:34:32,823 - DEBUG - vna - Sending query: *OPC?
2024-11-30 16:34:32,880 - DEBUG - vna - Received response: 1
2024-11-30 16:34:32,880 - INFO - vna - Sweep completed successfully.
2024-11-30 16:34:32,880 - INFO - vna - Waiting 2 seconds post-sweep to fetch data...
2024-11-30 16:34:34,880 - INFO - vna - Fetching selected S-parameter data...
2024-11-30 16:34:34,881 - INFO - vna - Collecting S21 data...
2024-11-30 16:34:34,881 - DEBUG - vna - Sending query: VNA:TRACe:DATA? S21
2024-11-30 16:34:34,882 - DEBUG - vna - Received response: [0,-0.00594101,0.173164],[60606060,4.86092e-05,-7.28992e-06],[121212121,-1.24307e-05,5.60835e-05],[181818181,2.62943e-05,1.77425e-05],[242424242,1.26635e-05,-3.80927e-05],[303030303,1.49547e-05,3.29952e-05],[363636363,5.10714e-05,-2.48469e-05],[424242424,6.43059e-05,-0.000161333],[484848484,-1.2126e-05,0.000152022],[545454545,2.42885e-05,4.43359e-05],[606060606,5.33199e-05,2.24994e-05],[666666666,4.28816e-05,-4.19223e-05],[727272727,4.0654e-06,-3.76762e-05],[787878787,-6.92254e-05,-0.00019581],[848484848,-0.000136308,-3.75599e-05],[909090909,-0.000153033,9.22558e-05],[969696969,-4.08979e-05,0.000145817],[1030303030,0.000145161,0.000143358],[1090909090,0.000113259,-5.80602e-05],[1151515151,9.80017e-05,-6.46315e-05],[1212121212,-6.70499e-05,-0.000152189],[1272727272,-4.47733e-05,3.27872e-05],[1333333333,0.000205965,4.89528e-05],[1393939393,-0.000431685,-0.000187414],[1454545454,-0.000268963,0.000148805],[1515151515,-0.000244267,0.000385246],[1575757575,0.000249442,0.000505841],[1636363636,0.000574053,0.000199458],[1696969696,0.000621422,-0.000452592],[1757575757,1.08622e-05,-0.000716265],[1818181818,-0.00059826,-0.000542146],[1878787878,-0.000716413,-7.85934e-05],[1939393939,-0.000771559,0.000369879],[2000000000,-0.000258109,0.000787125],[2060606060,0.000245474,0.000814623],[2121212121,0.00091724,0.000566304],[2181818181,0.00129856,-0.000392321],[2242424242,0.00086012,-0.00209731],[2303030303,-0.00121658,0.000584254],[2363636363,-0.000309661,-0.000108065],[2424242424,-0.000841637,-0.000146326],[2484848484,-0.000878786,0.000555634],[2545454545,-0.000331744,0.0012025],[2606060606,0.000871321,0.00147165],[2666666666,0.00186673,0.000315998],[2727272727,0.0015285,-0.00120973],[2787878787,0.000175247,-0.00175651],[2848484848,-0.000926153,-0.00150029],[2909090909,-0.0017219,-0.000803691],[2969696969,-0.00225717,0.000347261],[3030303030,-0.00226269,0.0017885],[3090909090,-0.000763275,0.00441108],[3151515151,0.00626311,0.00464495],[3212121212,0.00270402,-0.00756154],[3272727272,-0.00265512,-0.00192219],[3333333333,-0.000963681,-0.000749993],[3393939393,-0.00210433,-0.00109375],[3454545454,-0.00265123,0.00101296],[3515151515,-0.00145316,0.00249609],[3575757575,0.00031833,0.00317718],[3636363636,0.00240823,0.00259417],[3696969696,0.00408506,0.000739353],[3757575757,0.0042067,-0.00247518],[3818181818,0.00134,-0.00563772],[3878787878,-0.0035757,-0.00527582],[3939393939,-0.00691952,-0.00142194],[4000000000,-0.00647272,0.00402758],[4060606060,-0.00177413,0.00814297],[4121212121,0.00510067,0.00713361],[4181818181,0.00735879,0.00101896],[4242424242,0.00388065,-0.00281264],[4303030303,0.00155178,-0.0018298],[4363636363,0.0023589,-0.00282032],[4424242424,0.000280261,-0.004997],[4484848484,-0.00320368,-0.00481076],[4545454545,-0.00652035,-0.00244132],[4606060606,-0.00837034,0.00239659],[4666666666,-0.00632362,0.00954449],[4727272727,0.0042294,0.0159282],[4787878787,0.021509,0.00494641],[4848484848,0.0123199,-0.0184125],[4909090909,-0.00804045,-0.0166893],[4969696969,-0.0151862,-0.00342674],[5030303030,-0.011788,0.00858739],[5090909090,-0.000680266,0.0147107],[5151515151,0.0124649,0.00974194],[5212121212,0.0136544,-0.00797386],[5272727272,0.00122487,-0.00754267],[5333333333,0.00156516,-0.00922171],[5393939393,-0.00860116,-0.013969],[5454545454,-0.0213667,0.000477731],[5515151515,-0.0103794,0.016174],[5575757575,0.00391176,0.0158623],[5636363636,0.0111265,0.00998973],[5696969696,0.0143041,0.00351007],[5757575757,0.0147946,-0.00421022],[5818181818,0.0111332,-0.013194],[5878787878,-0.00208917,-0.0202119],[5939393939,-0.0207791,-0.0111143],[6000000000,-0.0225976,0.0105057]
2024-11-30 16:34:34,882 - DEBUG - vna - Raw data received: ['0,-0.00594101,0.173164', '60606060,4.86092e-05,-7.28992e-06', '121212121,-1.24307e-05,5.60835e-05', '181818181,2.62943e-05,1.77425e-05', '242424242,1.26635e-05,-3.80927e-05']...
2024-11-30 16:34:34,882 - INFO - vna - Collecting S11 data...
2024-11-30 16:34:34,883 - DEBUG - vna - Sending query: VNA:TRACe:DATA? S11
2024-11-30 16:34:34,883 - DEBUG - vna - Received response: [0,-0.327625,-0.361172],[60606060,-0.660263,0.0851165],[121212121,-0.642832,0.211289],[181818181,-0.609264,0.343534],[242424242,-0.54858,0.474248],[303030303,-0.447542,0.603799],[363636363,-0.306111,0.707954],[424242424,-0.137915,0.775605],[484848484,0.0458138,0.799207],[545454545,0.22864,0.766077],[606060606,0.395507,0.691224],[666666666,0.540375,0.588419],[727272727,0.669094,0.446323],[787878787,0.765907,0.288841],[848484848,0.820322,0.117634],[909090909,0.834385,-0.0823738],[969696969,0.788558,-0.294547],[1030303030,0.669612,-0.490374],[1090909090,0.497736,-0.643839],[1151515151,0.303015,-0.722008],[1212121212,0.117016,-0.746577],[1272727272,-0.0675666,-0.736087],[1333333333,-0.236166,-0.68436],[1393939393,-0.379638,-0.613313],[1454545454,-0.513491,-0.510879],[1515151515,-0.628087,-0.385635],[1575757575,-0.719979,-0.212291],[1636363636,-0.7642,-0.0259588],[1696969696,-0.746778,0.184233],[1757575757,-0.660691,0.386875],[1818181818,-0.529972,0.536451],[1878787878,-0.38738,0.634166],[1939393939,-0.237032,0.696246],[2000000000,-0.0830764,0.726004],[2060606060,0.0718559,0.730439],[2121212121,0.23417,0.704202],[2181818181,0.39603,0.630217],[2242424242,0.541328,0.511808],[2303030303,0.64762,0.348952],[2363636363,0.698798,0.169608],[2424242424,0.690056,0.00542096],[2484848484,0.647545,-0.12207],[2545454545,0.590151,-0.212872],[2606060606,0.536423,-0.279588],[2666666666,0.472096,-0.348562],[2727272727,0.404179,-0.410109],[2787878787,0.33068,-0.466461],[2848484848,0.241213,-0.52442],[2909090909,0.132781,-0.576313],[2969696969,-0.00410497,-0.613052],[3030303030,-0.15977,-0.602495],[3090909090,-0.324545,-0.537006],[3151515151,-0.469107,-0.399197],[3212121212,-0.555714,-0.220722],[3272727272,-0.568248,-0.0422161],[3333333333,-0.534409,0.109598],[3393939393,-0.466078,0.242319],[3454545454,-0.370155,0.350397],[3515151515,-0.276773,0.41878],[3575757575,-0.15951,0.46296],[3636363636,-0.0376622,0.466116],[3696969696,0.0722719,0.442504],[3757575757,0.156204,0.391662],[3818181818,0.219987,0.331773],[3878787878,0.264023,0.262186],[3939393939,0.291682,0.198895],[4000000000,0.306613,0.139254],[4060606060,0.316857,0.0858216],[4121212121,0.319754,0.0498429],[4181818181,0.321958,0.0475193],[4242424242,0.330436,0.012599],[4303030303,0.337418,-0.0399831],[4363636363,0.337589,-0.0954685],[4424242424,0.328413,-0.15757],[4484848484,0.306702,-0.216655],[4545454545,0.269106,-0.27523],[4606060606,0.195652,-0.340037],[4666666666,0.0993853,-0.384312],[4727272727,-0.0210502,-0.400147],[4787878787,-0.146947,-0.368135],[4848484848,-0.264946,-0.289146],[4909090909,-0.343082,-0.189246],[4969696969,-0.372998,-0.0895601],[5030303030,-0.374002,0.0573766],[5090909090,-0.307169,0.206733],[5151515151,-0.196698,0.293888],[5212121212,-0.074528,0.329468],[5272727272,0.0480728,0.317008],[5333333333,0.166179,0.264044],[5393939393,0.232369,0.200482],[5454545454,0.268129,0.148385],[5515151515,0.292328,0.0892864],[5575757575,0.305033,0.0183956],[5636363636,0.306685,-0.0273393],[5696969696,0.301897,-0.0560196],[5757575757,0.282728,-0.105649],[5818181818,0.247021,-0.161307],[5878787878,0.198989,-0.209291],[5939393939,0.15596,-0.234618],[6000000000,0.108417,-0.251987]
2024-11-30 16:34:34,884 - DEBUG - vna - Raw data received: ['0,-0.327625,-0.361172', '60606060,-0.660263,0.0851165', '121212121,-0.642832,0.211289', '181818181,-0.609264,0.343534', '242424242,-0.54858,0.474248']...
2024-11-30 16:34:34,884 - INFO - vna - Collecting S12 data...
2024-11-30 16:34:34,884 - DEBUG - vna - Sending query: VNA:TRACe:DATA? S12
2024-11-30 16:34:34,885 - DEBUG - vna - Received response: [0,-0.32195,-0.360402],[60606060,5.3452e-05,2.16304e-05],[121212121,2.18658e-05,5.04299e-05],[181818181,-0.000122852,-6.96331e-05],[242424242,7.70598e-06,8.31833e-06],[303030303,-2.13854e-05,2.96863e-06],[363636363,-1.18266e-05,-2.06503e-05],[424242424,-0.000265715,-9.13284e-05],[484848484,0.000120947,0.000178975],[545454545,3.55026e-05,-3.84281e-05],[606060606,0.00010384,-3.17597e-05],[666666666,4.28221e-05,-0.000109006],[727272727,7.11459e-05,-4.26153e-05],[787878787,-1.95933e-05,-0.000147089],[848484848,-3.52313e-05,-7.28708e-05],[909090909,-0.000117168,-1.26952e-05],[969696969,-0.000236313,0.000140855],[1030303030,-8.10261e-05,0.00019973],[1090909090,2.39315e-06,9.30364e-05],[1151515151,8.93582e-05,7.7504e-05],[1212121212,0.000120657,-2.44274e-05],[1272727272,-1.47236e-06,-2.70036e-05],[1333333333,-0.00038466,4.0703e-05],[1393939393,0.000639915,8.19461e-05],[1454545454,0.000255739,-0.000174288],[1515151515,0.000376308,-0.00035927],[1575757575,0.000164637,-0.000416668],[1636363636,-0.000263804,-0.000590034],[1696969696,-0.000495424,-0.000334594],[1757575757,-0.00071704,3.17086e-05],[1818181818,-0.000682948,0.000270211],[1878787878,-0.000445456,0.000579275],[1939393939,-0.000230963,0.000752941],[2000000000,6.84256e-05,0.000787891],[2060606060,0.000477048,0.00082172],[2121212121,0.00103124,0.000603147],[2181818181,0.00144556,2.75403e-05],[2242424242,0.00190483,-0.00125113],[2303030303,-0.000895167,-0.000528104],[2363636363,-7.73864e-05,-0.000526658],[2424242424,-0.000115021,-0.000846366],[2484848484,-0.000499107,-0.00105179],[2545454545,-0.00119073,-0.000971953],[2606060606,-0.00169762,-0.000311179],[2666666666,-0.00197285,0.000851349],[2727272727,-0.00115069,0.00182943],[2787878787,-8.79759e-05,0.00212735],[2848484848,0.000797422,0.00178093],[2909090909,0.00135407,0.00150186],[2969696969,0.00193206,0.00113897],[3030303030,0.00273921,0.000495879],[3090909090,0.00387544,-0.00102797],[3151515151,0.00358233,-0.00636619],[3212121212,-0.00618357,-0.00374089],[3272727272,-0.00289645,0.00120044],[3333333333,-0.00107091,2.61392e-05],[3393939393,-0.00207798,-3.61484e-05],[3454545454,-0.00231277,0.0010615],[3515151515,-0.00178204,0.00198361],[3575757575,-0.00105094,0.00263174],[3636363636,-0.000260377,0.00306701],[3696969696,0.000907241,0.00350108],[3757575757,0.00257691,0.00346191],[3818181818,0.00492332,0.00232879],[3878787878,0.00663274,-0.000708256],[3939393939,0.00566792,-0.00490377],[4000000000,0.00211317,-0.00787092],[4060606060,-0.00302961,-0.00873359],[4121212121,-0.00855248,-0.00529317],[4181818181,-0.00832208,0.000933237],[4242424242,-0.00379624,0.0036393],[4303030303,-0.0019226,0.00180997],[4363636363,-0.0034,0.00197373],[4424242424,-0.00301712,0.00407697],[4484848484,-0.00179844,0.00547137],[4545454545,-0.000132454,0.00681962],[4606060606,0.0028973,0.00805681],[4666666666,0.00828192,0.0080125],[4727272727,0.0158817,0.00247021],[4787878787,0.016286,-0.0133708],[4848484848,-0.000962653,-0.0211675],[4909090909,-0.0121739,-0.0123696],[4969696969,-0.0135751,-0.0046802],[5030303030,-0.0129845,0.00202617],[5090909090,-0.0102184,0.0081318],[5151515151,-0.00461143,0.0133083],[5212121212,0.0070451,0.0129465],[5272727272,0.00648955,0.00322714],[5333333333,0.00705197,0.00605048],[5393939393,0.0166308,0.00277844],[5454545454,0.0173164,-0.0134852],[5515151515,0.00356678,-0.0195243],[5575757575,-0.00610797,-0.0159533],[5636363636,-0.0105445,-0.0117592],[5696969696,-0.0130632,-0.00825295],[5757575757,-0.0153841,-0.0038241],[5818181818,-0.0175009,0.00283903],[5878787878,-0.0169003,0.0128701],[5939393939,-0.00936115,0.0240486],[6000000000,0.00836619,0.0264877]
2024-11-30 16:34:34,885 - DEBUG - vna - Raw data received: ['0,-0.32195,-0.360402', '60606060,5.3452e-05,2.16304e-05', '121212121,2.18658e-05,5.04299e-05', '181818181,-0.000122852,-6.96331e-05', '242424242,7.70598e-06,8.31833e-06']...
2024-11-30 16:34:34,885 - INFO - vna - Collecting S22 data...
2024-11-30 16:34:34,885 - DEBUG - vna - Sending query: VNA:TRACe:DATA? S22
2024-11-30 16:34:34,886 - DEBUG - vna - Received response: [0,-0.00416076,0.169288],[60606060,0.48985,-0.434357],[121212121,-0.0977943,-0.699963],[181818181,-0.701167,-0.274962],[242424242,-0.567926,0.480788],[303030303,0.116505,0.684888],[363636363,0.592728,0.270298],[424242424,0.472686,-0.368174],[484848484,0.323431,-0.52929],[545454545,-0.267906,-0.597959],[606060606,-0.64487,-0.174239],[666666666,-0.550522,0.400131],[727272727,-0.00882589,0.699198],[787878787,0.581111,0.429583],[848484848,0.69212,-0.305362],[909090909,-0.0559936,-0.756825],[969696969,-0.672499,-0.165211],[1030303030,-0.388027,0.487097],[1090909090,0.176651,0.55964],[1151515151,0.534486,0.232304],[1212121212,0.547763,-0.239096],[1272727272,0.20635,-0.574394],[1333333333,-0.278736,-0.543251],[1393939393,-0.561624,-0.232059],[1454545454,-0.544223,0.265051],[1515151515,-0.130985,0.589106],[1575757575,0.429668,0.438023],[1636363636,0.580118,-0.208943],[1696969696,-0.0203579,-0.589679],[1757575757,-0.514909,-0.184936],[1818181818,-0.406709,0.32336],[1878787878,-0.00474586,0.513158],[1939393939,0.402414,0.341833],[2000000000,0.541285,-0.0887974],[2060606060,0.261449,-0.497691],[2121212121,-0.258302,-0.498798],[2181818181,-0.542717,-0.0727002],[2242424242,-0.319131,0.399743],[2303030303,0.0275393,0.497323],[2363636363,0.490235,0.268034],[2424242424,0.51352,-0.2657],[2484848484,0.063321,-0.572766],[2545454545,-0.436813,-0.322893],[2606060606,-0.435782,0.234874],[2666666666,0.0799921,0.424078],[2727272727,0.365483,0.0353974],[2787878787,0.161569,-0.285448],[2848484848,-0.130458,-0.282258],[2909090909,-0.294401,-0.103644],[2969696969,-0.304835,0.100992],[3030303030,-0.194124,0.277186],[3090909090,0.0403144,0.360263],[3151515151,0.308149,0.128874],[3212121212,0.0692881,0.0729103],[3272727272,0.322369,-0.0864436],[3333333333,-0.0988711,-0.350388],[3393939393,-0.23985,0.143722],[3454545454,0.132767,0.236834],[3515151515,0.312505,0.00110123],[3575757575,0.241889,-0.258472],[3636363636,0.0167566,-0.391375],[3696969696,-0.265218,-0.324282],[3757575757,-0.436559,-0.0466574],[3818181818,-0.303399,0.307563],[3878787878,0.0992123,0.361401],[3939393939,0.273803,0.0228713],[4000000000,0.0377213,-0.198765],[4060606060,-0.215901,-0.0393616],[4121212121,-0.0818864,0.25177],[4181818181,0.187343,0.100549],[4242424242,0.00121225,-0.0969258],[4303030303,-0.0723184,0.190852],[4363636363,0.294109,0.0725106],[4424242424,0.169794,-0.233456],[4484848484,-0.0733268,-0.257933],[4545454545,-0.225995,-0.12175],[4606060606,-0.244211,0.0816859],[4666666666,-0.0925571,0.241057],[4727272727,0.167965,0.188668],[4787878787,0.172787,-0.136286],[4848484848,-0.161056,-0.106067],[4909090909,-0.117716,0.169219],[4969696969,0.107969,0.19632],[5030303030,0.233526,0.0391241],[5090909090,0.185597,-0.154462],[5151515151,-0.0100351,-0.228297],[5212121212,-0.112046,-0.0615017],[5272727272,-0.0632498,-0.135335],[5333333333,-0.234783,-0.0243417],[5393939393,-0.114218,0.196792],[5454545454,0.116652,0.033788],[5515151515,-0.066527,-0.12929],[5575757575,-0.219132,0.00753662],[5636363636,-0.198517,0.178664],[5696969696,-0.0875664,0.274632],[5757575757,0.0642948,0.288255],[5818181818,0.204676,0.197491],[5878787878,0.246956,-0.00975551],[5939393939,0.0758946,-0.145928],[6000000000,-0.0430845,-0.0171732]
2024-11-30 16:34:34,886 - DEBUG - vna - Raw data received: ['0,-0.00416076,0.169288', '60606060,0.48985,-0.434357', '121212121,-0.0977943,-0.699963', '181818181,-0.701167,-0.274962', '242424242,-0.567926,0.480788']...
2024-11-30 16:34:34,886 - INFO - vna - Saving raw data to Raw_datalog/2024-11-30_16-34-34_chem_PFOA_conc_458_exp_1.csv...
2024-11-30 16:34:34,888 - INFO - vna - Raw data saved successfully.
2024-11-30 16:34:34,895 - INFO - preprocessing - Baseline data loaded successfully.
2024-11-30 16:34:34,895 - INFO - preprocessing - Starting preprocessing...
2024-11-30 16:34:34,898 - INFO - preprocessing - Frequency normalization applied.
2024-11-30 16:34:34,905 - INFO - preprocessing - Magnitude and phase calculated.
2024-11-30 16:34:34,908 - INFO - preprocessing - Phase unwrapping applied.
2024-11-30 16:34:34,909 - INFO - preprocessing - VSWR calculated.
2024-11-30 16:34:34,914 - INFO - preprocessing - Impedance calculated.
2024-11-30 16:34:34,914 - INFO - preprocessing - Calculating resistance, capacitance, and inductance...
2024-11-30 16:34:34,924 - INFO - preprocessing - Resistance, capacitance, and inductance calculated.
2024-11-30 16:34:34,927 - INFO - preprocessing - Q-factor calculated.
2024-11-30 16:34:34,930 - INFO - preprocessing - Group delay calculated.
2024-11-30 16:34:34,931 - INFO - preprocessing - Applying baseline correction...
2024-11-30 16:34:34,940 - INFO - preprocessing - Baseline correction applied.
2024-11-30 16:34:34,940 - INFO - preprocessing - Preprocessing complete.
2024-11-30 16:34:34,954 - INFO - preprocessing - Processed data saved to processed_data/processed_data.csv.
2024-11-30 16:34:35,527 - ERROR - preprocessing - Error appending processed data to HDF5: Columns containing complex values can be stored but cannot be indexed when using table format. Either use fixed format, set index=False, or do not include the columns containing complex values to data_columns when initializing the table.
2024-11-30 16:34:35,528 - DEBUG - preprocessing - Exception details:
Traceback (most recent call last):
  File "/home/rop/Documents/analyzer_v2/ctrls/preprocessing.py", line 173, in append_to_h5
    store.append("processed_data", processed_data, format="table", data_columns=True)
  File "/home/rop/miniforge3/envs/analyzer_v1/lib/python3.11/site-packages/pandas/io/pytables.py", line 1317, in append
    self._write_to_group(
  File "/home/rop/miniforge3/envs/analyzer_v1/lib/python3.11/site-packages/pandas/io/pytables.py", line 1875, in _write_to_group
    s.create_index(columns=index)
  File "/home/rop/miniforge3/envs/analyzer_v1/lib/python3.11/site-packages/pandas/io/pytables.py", line 3784, in create_index
    raise TypeError(
TypeError: Columns containing complex values can be stored but cannot be indexed when using table format. Either use fixed format, set index=False, or do not include the columns containing complex values to data_columns when initializing the table.
2024-11-30 16:34:35,531 - ERROR - preprocessing - Error during processing and saving: Columns containing complex values can be stored but cannot be indexed when using table format. Either use fixed format, set index=False, or do not include the columns containing complex values to data_columns when initializing the table.
2024-11-30 16:34:35,532 - DEBUG - preprocessing - Exception details:
Traceback (most recent call last):
  File "/home/rop/Documents/analyzer_v2/ctrls/preprocessing.py", line 184, in process_and_save
    self.append_to_h5(processed_data)
  File "/home/rop/Documents/analyzer_v2/ctrls/preprocessing.py", line 173, in append_to_h5
    store.append("processed_data", processed_data, format="table", data_columns=True)
  File "/home/rop/miniforge3/envs/analyzer_v1/lib/python3.11/site-packages/pandas/io/pytables.py", line 1317, in append
    self._write_to_group(
  File "/home/rop/miniforge3/envs/analyzer_v1/lib/python3.11/site-packages/pandas/io/pytables.py", line 1875, in _write_to_group
    s.create_index(columns=index)
  File "/home/rop/miniforge3/envs/analyzer_v1/lib/python3.11/site-packages/pandas/io/pytables.py", line 3784, in create_index
    raise TypeError(
TypeError: Columns containing complex values can be stored but cannot be indexed when using table format. Either use fixed format, set index=False, or do not include the columns containing complex values to data_columns when initializing the table.
2024-11-30 16:34:35,533 - ERROR - vna - An error occurred: Columns containing complex values can be stored but cannot be indexed when using table format. Either use fixed format, set index=False, or do not include the columns containing complex values to data_columns when initializing the table.
2024-11-30 16:34:35,533 - INFO - vna - VNA connection closed.
2024-11-30 16:34:35,534 - INFO - combo_gui - Completed Experiment 1.
2024-11-30 16:34:39,892 - INFO - combo_gui - Closing the application...
