2024-11-27 17:51:41,597 - DEBUG - flow_control - Flow control thread initialized.
2024-11-27 17:51:41,598 - INFO - flow - Starting continuous measurement...
2024-11-27 17:51:41,598 - INFO - flow - Starting continuous measurement...
2024-11-27 17:51:41,599 - INFO - flow_control - Flow measurement started successfully.
2024-11-27 17:51:41,600 - DEBUG - flow_control - Reading flow...
2024-11-27 17:51:41,601 - DEBUG - flow_control - Current flow: 0.337, Current voltage: 0
2024-11-27 17:51:41,601 - INFO - flow_control - Valve Mode: flush_flow, Target Flow Rate: 1.000 ml/min, Flow Rate: 0.337 ml/min, Voltage: 13.3 V, Adjustment: 13.3 V
2024-11-27 17:51:43,108 - DEBUG - flow_control - Reading flow...
2024-11-27 17:51:43,109 - DEBUG - flow_control - Current flow: -0.0014, Current voltage: 13.260000000000002
2024-11-27 17:51:43,110 - INFO - flow_control - Valve Mode: homogenization_flow, Target Flow Rate: 1.000 ml/min, Flow Rate: -0.001 ml/min, Voltage: 33.3 V, Adjustment: 20.0 V
2024-11-27 17:51:43,600 - INFO - process - Starting VNA sweep...
2024-11-27 17:51:43,600 - INFO - process - Starting VNA sweep...
2024-11-27 17:51:43,600 - INFO - vna - Attempting to connect to LibreVNA...
2024-11-27 17:51:43,600 - INFO - vna - Attempting to connect to LibreVNA...
2024-11-27 17:51:43,601 - INFO - vna - Connected to LibreVNA.
2024-11-27 17:51:43,601 - INFO - vna - Connected to LibreVNA.
2024-11-27 17:51:43,601 - INFO - vna - Starting sweep...
2024-11-27 17:51:43,601 - INFO - vna - Starting sweep...
2024-11-27 17:51:43,602 - INFO - vna - Waiting for sweep to complete...
2024-11-27 17:51:43,602 - INFO - vna - Waiting for sweep to complete...
2024-11-27 17:51:44,616 - DEBUG - flow_control - Reading flow...
2024-11-27 17:51:44,617 - DEBUG - flow_control - Current flow: 0.2059, Current voltage: 33.288000000000004
2024-11-27 17:51:44,618 - INFO - flow_control - Valve Mode: sample_flow, Target Flow Rate: 0.400 ml/min, Flow Rate: 0.206 ml/min, Voltage: 37.2 V, Adjustment: 3.9 V
2024-11-27 17:51:46,124 - DEBUG - flow_control - Reading flow...
2024-11-27 17:51:46,126 - DEBUG - flow_control - Current flow: 0.2523, Current voltage: 37.17
2024-11-27 17:51:46,126 - INFO - flow_control - Valve Mode: sample_flow, Target Flow Rate: 0.400 ml/min, Flow Rate: 0.252 ml/min, Voltage: 40.1 V, Adjustment: 3.0 V
2024-11-27 17:51:47,634 - DEBUG - flow_control - Reading flow...
2024-11-27 17:51:47,635 - DEBUG - flow_control - Current flow: 0.2851, Current voltage: 40.124
2024-11-27 17:51:47,636 - INFO - flow_control - Valve Mode: sample_flow, Target Flow Rate: 0.400 ml/min, Flow Rate: 0.285 ml/min, Voltage: 42.4 V, Adjustment: 2.3 V
2024-11-27 17:51:48,605 - WARNING - vna - Timeout while polling sweep completion: Socket read timed out while waiting for data.
2024-11-27 17:51:48,605 - WARNING - vna - Timeout while polling sweep completion: Socket read timed out while waiting for data.
2024-11-27 17:51:49,143 - DEBUG - flow_control - Reading flow...
2024-11-27 17:51:49,144 - DEBUG - flow_control - Current flow: 0.3145, Current voltage: 42.422000000000004
2024-11-27 17:51:49,144 - INFO - flow_control - Valve Mode: sample_flow, Target Flow Rate: 0.400 ml/min, Flow Rate: 0.315 ml/min, Voltage: 42.4 V, Adjustment: 0.0 V
2024-11-27 17:51:50,651 - DEBUG - flow_control - Reading flow...
2024-11-27 17:51:50,652 - DEBUG - flow_control - Current flow: 0.3146, Current voltage: 42.422000000000004
2024-11-27 17:51:50,653 - INFO - flow_control - Valve Mode: sample_flow, Target Flow Rate: 0.400 ml/min, Flow Rate: 0.315 ml/min, Voltage: 42.4 V, Adjustment: 0.0 V
2024-11-27 17:51:52,160 - DEBUG - flow_control - Reading flow...
2024-11-27 17:51:52,161 - DEBUG - flow_control - Current flow: 0.3132, Current voltage: 42.422000000000004
2024-11-27 17:51:52,162 - INFO - flow_control - Valve Mode: sample_flow, Target Flow Rate: 0.400 ml/min, Flow Rate: 0.313 ml/min, Voltage: 42.4 V, Adjustment: 0.0 V
2024-11-27 17:51:53,668 - DEBUG - flow_control - Reading flow...
2024-11-27 17:51:53,670 - DEBUG - flow_control - Current flow: 0.3142, Current voltage: 42.422000000000004
2024-11-27 17:51:53,670 - INFO - flow_control - Valve Mode: sample_flow, Target Flow Rate: 0.400 ml/min, Flow Rate: 0.314 ml/min, Voltage: 42.4 V, Adjustment: 0.0 V
2024-11-27 17:51:54,611 - WARNING - vna - Timeout while polling sweep completion: Socket read timed out while waiting for data.
2024-11-27 17:51:54,611 - WARNING - vna - Timeout while polling sweep completion: Socket read timed out while waiting for data.
2024-11-27 17:51:55,181 - DEBUG - flow_control - Reading flow...
2024-11-27 17:51:55,182 - DEBUG - flow_control - Current flow: 0.3396, Current voltage: 42.422000000000004
2024-11-27 17:51:55,182 - INFO - flow_control - Valve Mode: sample_flow, Target Flow Rate: 0.400 ml/min, Flow Rate: 0.340 ml/min, Voltage: 42.4 V, Adjustment: 0.0 V
2024-11-27 17:51:56,689 - DEBUG - flow_control - Reading flow...
2024-11-27 17:51:56,691 - DEBUG - flow_control - Current flow: 0.3362, Current voltage: 42.422000000000004
2024-11-27 17:51:56,692 - INFO - flow_control - Valve Mode: sample_flow, Target Flow Rate: 0.400 ml/min, Flow Rate: 0.336 ml/min, Voltage: 42.4 V, Adjustment: 0.0 V
2024-11-27 17:51:58,199 - DEBUG - flow_control - Reading flow...
2024-11-27 17:51:58,200 - DEBUG - flow_control - Current flow: 0.3395, Current voltage: 42.422000000000004
2024-11-27 17:51:58,201 - INFO - flow_control - Valve Mode: sample_flow, Target Flow Rate: 0.400 ml/min, Flow Rate: 0.340 ml/min, Voltage: 42.4 V, Adjustment: 0.0 V
2024-11-27 17:51:59,709 - DEBUG - flow_control - Reading flow...
2024-11-27 17:51:59,710 - DEBUG - flow_control - Current flow: 0.3412, Current voltage: 42.422000000000004
2024-11-27 17:51:59,710 - INFO - flow_control - Valve Mode: sample_flow, Target Flow Rate: 0.400 ml/min, Flow Rate: 0.341 ml/min, Voltage: 42.4 V, Adjustment: 0.0 V
2024-11-27 17:52:00,618 - WARNING - vna - Timeout while polling sweep completion: Socket read timed out while waiting for data.
2024-11-27 17:52:00,618 - WARNING - vna - Timeout while polling sweep completion: Socket read timed out while waiting for data.
2024-11-27 17:52:01,219 - DEBUG - flow_control - Reading flow...
2024-11-27 17:52:01,220 - DEBUG - flow_control - Current flow: 0.3366, Current voltage: 42.422000000000004
2024-11-27 17:52:01,231 - INFO - flow_control - Valve Mode: sample_flow, Target Flow Rate: 0.400 ml/min, Flow Rate: 0.337 ml/min, Voltage: 42.4 V, Adjustment: 0.0 V
2024-11-27 17:52:02,738 - DEBUG - flow_control - Reading flow...
2024-11-27 17:52:02,739 - DEBUG - flow_control - Current flow: 0.3384, Current voltage: 42.422000000000004
2024-11-27 17:52:02,740 - INFO - flow_control - Valve Mode: sample_flow, Target Flow Rate: 0.400 ml/min, Flow Rate: 0.338 ml/min, Voltage: 42.4 V, Adjustment: 0.0 V
2024-11-27 17:52:04,246 - DEBUG - flow_control - Reading flow...
2024-11-27 17:52:04,248 - DEBUG - flow_control - Current flow: 0.3392, Current voltage: 42.422000000000004
2024-11-27 17:52:04,248 - INFO - flow_control - Valve Mode: sample_flow, Target Flow Rate: 0.400 ml/min, Flow Rate: 0.339 ml/min, Voltage: 42.4 V, Adjustment: 0.0 V
