2024-11-27 18:00:31,011 - INFO - flow - Starting continuous measurement...
2024-11-27 18:00:31,011 - INFO - flow - Starting continuous measurement...
2024-11-27 18:00:31,013 - INFO - flow_control - Flow measurement started successfully.
2024-11-27 18:00:31,013 - INFO - flow_control - Flow measurement started successfully.
2024-11-27 18:00:31,015 - INFO - flow_control - Valve Mode: flush_flow, Target Flow Rate: 1.000 ml/min, Flow Rate: 0.332 ml/min, Voltage: 13.4 V, Adjustment: 13.4 V
2024-11-27 18:00:31,015 - INFO - flow_control - Valve Mode: flush_flow, Target Flow Rate: 1.000 ml/min, Flow Rate: 0.332 ml/min, Voltage: 13.4 V, Adjustment: 13.4 V
2024-11-27 18:00:32,522 - INFO - flow_control - Valve Mode: homogenization_flow, Target Flow Rate: 1.000 ml/min, Flow Rate: -0.003 ml/min, Voltage: 33.4 V, Adjustment: 20.1 V
2024-11-27 18:00:32,522 - INFO - flow_control - Valve Mode: homogenization_flow, Target Flow Rate: 1.000 ml/min, Flow Rate: -0.003 ml/min, Voltage: 33.4 V, Adjustment: 20.1 V
2024-11-27 18:00:33,015 - INFO - process - Starting VNA sweep...
2024-11-27 18:00:33,015 - INFO - process - Starting VNA sweep...
2024-11-27 18:00:33,015 - INFO - vna - Attempting to connect to LibreVNA...
2024-11-27 18:00:33,015 - INFO - vna - Attempting to connect to LibreVNA...
2024-11-27 18:00:33,016 - INFO - vna - Connected to LibreVNA.
2024-11-27 18:00:33,016 - INFO - vna - Connected to LibreVNA.
2024-11-27 18:00:33,016 - INFO - vna - Starting sweep...
2024-11-27 18:00:33,016 - INFO - vna - Starting sweep...
2024-11-27 18:00:33,017 - INFO - vna - Waiting for sweep to complete...
2024-11-27 18:00:33,017 - INFO - vna - Waiting for sweep to complete...
2024-11-27 18:00:34,030 - INFO - flow_control - Valve Mode: sample_flow, Target Flow Rate: 0.400 ml/min, Flow Rate: 0.216 ml/min, Voltage: 37.1 V, Adjustment: 3.7 V
2024-11-27 18:00:34,030 - INFO - flow_control - Valve Mode: sample_flow, Target Flow Rate: 0.400 ml/min, Flow Rate: 0.216 ml/min, Voltage: 37.1 V, Adjustment: 3.7 V
2024-11-27 18:00:35,538 - INFO - flow_control - Valve Mode: sample_flow, Target Flow Rate: 0.400 ml/min, Flow Rate: 0.253 ml/min, Voltage: 40.0 V, Adjustment: 2.9 V
2024-11-27 18:00:35,538 - INFO - flow_control - Valve Mode: sample_flow, Target Flow Rate: 0.400 ml/min, Flow Rate: 0.253 ml/min, Voltage: 40.0 V, Adjustment: 2.9 V
2024-11-27 18:00:36,106 - INFO - combo_gui - Closing the application...
2024-11-27 18:00:36,106 - INFO - combo_gui - Closing the application...
2024-11-27 18:00:36,107 - INFO - combo_gui - Terminating process thread...
2024-11-27 18:00:36,107 - INFO - combo_gui - Terminating process thread...
2024-11-27 18:00:37,045 - INFO - flow_control - Terminating flow control thread.
2024-11-27 18:00:37,045 - INFO - flow_control - Terminating flow control thread.
2024-11-27 18:00:38,022 - WARNING - vna - Timeout while polling sweep completion: Socket read timed out while waiting for data.
2024-11-27 18:00:38,022 - WARNING - vna - Timeout while polling sweep completion: Socket read timed out while waiting for data.
