2024-11-27 17:54:32,160 - INFO - flow - Starting continuous measurement...
2024-11-27 17:54:32,160 - INFO - flow - Starting continuous measurement...
2024-11-27 17:54:32,161 - INFO - flow_control - Flow measurement started successfully.
2024-11-27 17:54:32,161 - INFO - flow_control - Flow measurement started successfully.
2024-11-27 17:54:32,162 - INFO - flow_control - Valve Mode: flush_flow, Target Flow Rate: 1.000 ml/min, Flow Rate: 0.327 ml/min, Voltage: 13.5 V, Adjustment: 13.5 V
2024-11-27 17:54:32,162 - INFO - flow_control - Valve Mode: flush_flow, Target Flow Rate: 1.000 ml/min, Flow Rate: 0.327 ml/min, Voltage: 13.5 V, Adjustment: 13.5 V
2024-11-27 17:54:33,670 - INFO - flow_control - Valve Mode: homogenization_flow, Target Flow Rate: 1.000 ml/min, Flow Rate: -0.001 ml/min, Voltage: 33.5 V, Adjustment: 20.0 V
2024-11-27 17:54:33,670 - INFO - flow_control - Valve Mode: homogenization_flow, Target Flow Rate: 1.000 ml/min, Flow Rate: -0.001 ml/min, Voltage: 33.5 V, Adjustment: 20.0 V
2024-11-27 17:54:34,165 - INFO - process - Starting VNA sweep...
2024-11-27 17:54:34,165 - INFO - process - Starting VNA sweep...
2024-11-27 17:54:34,166 - INFO - vna - Attempting to connect to LibreVNA...
2024-11-27 17:54:34,166 - INFO - vna - Attempting to connect to LibreVNA...
2024-11-27 17:54:34,167 - INFO - vna - Connected to LibreVNA.
2024-11-27 17:54:34,167 - INFO - vna - Connected to LibreVNA.
2024-11-27 17:54:34,167 - INFO - vna - Starting sweep...
2024-11-27 17:54:34,167 - INFO - vna - Starting sweep...
2024-11-27 17:54:34,168 - INFO - vna - Waiting for sweep to complete...
2024-11-27 17:54:34,168 - INFO - vna - Waiting for sweep to complete...
2024-11-27 17:54:35,177 - INFO - flow_control - Valve Mode: sample_flow, Target Flow Rate: 0.400 ml/min, Flow Rate: 0.213 ml/min, Voltage: 37.2 V, Adjustment: 3.7 V
2024-11-27 17:54:35,177 - INFO - flow_control - Valve Mode: sample_flow, Target Flow Rate: 0.400 ml/min, Flow Rate: 0.213 ml/min, Voltage: 37.2 V, Adjustment: 3.7 V
2024-11-27 17:54:36,686 - INFO - flow_control - Valve Mode: sample_flow, Target Flow Rate: 0.400 ml/min, Flow Rate: 0.248 ml/min, Voltage: 40.3 V, Adjustment: 3.0 V
2024-11-27 17:54:36,686 - INFO - flow_control - Valve Mode: sample_flow, Target Flow Rate: 0.400 ml/min, Flow Rate: 0.248 ml/min, Voltage: 40.3 V, Adjustment: 3.0 V
2024-11-27 17:54:38,194 - INFO - flow_control - Valve Mode: sample_flow, Target Flow Rate: 0.400 ml/min, Flow Rate: 0.286 ml/min, Voltage: 42.5 V, Adjustment: 2.3 V
2024-11-27 17:54:38,194 - INFO - flow_control - Valve Mode: sample_flow, Target Flow Rate: 0.400 ml/min, Flow Rate: 0.286 ml/min, Voltage: 42.5 V, Adjustment: 2.3 V
2024-11-27 17:54:39,173 - WARNING - vna - Timeout while polling sweep completion: Socket read timed out while waiting for data.
2024-11-27 17:54:39,173 - WARNING - vna - Timeout while polling sweep completion: Socket read timed out while waiting for data.
2024-11-27 17:54:39,701 - INFO - flow_control - Valve Mode: sample_flow, Target Flow Rate: 0.400 ml/min, Flow Rate: 0.323 ml/min, Voltage: 42.5 V, Adjustment: 0.0 V
2024-11-27 17:54:39,701 - INFO - flow_control - Valve Mode: sample_flow, Target Flow Rate: 0.400 ml/min, Flow Rate: 0.323 ml/min, Voltage: 42.5 V, Adjustment: 0.0 V
2024-11-27 17:54:41,211 - INFO - flow_control - Valve Mode: sample_flow, Target Flow Rate: 0.400 ml/min, Flow Rate: 0.320 ml/min, Voltage: 42.5 V, Adjustment: 0.0 V
2024-11-27 17:54:41,211 - INFO - flow_control - Valve Mode: sample_flow, Target Flow Rate: 0.400 ml/min, Flow Rate: 0.320 ml/min, Voltage: 42.5 V, Adjustment: 0.0 V
2024-11-27 17:54:42,719 - INFO - flow_control - Valve Mode: sample_flow, Target Flow Rate: 0.400 ml/min, Flow Rate: 0.326 ml/min, Voltage: 42.5 V, Adjustment: 0.0 V
2024-11-27 17:54:42,719 - INFO - flow_control - Valve Mode: sample_flow, Target Flow Rate: 0.400 ml/min, Flow Rate: 0.326 ml/min, Voltage: 42.5 V, Adjustment: 0.0 V
2024-11-27 17:54:44,237 - INFO - flow_control - Valve Mode: sample_flow, Target Flow Rate: 0.400 ml/min, Flow Rate: 0.330 ml/min, Voltage: 42.5 V, Adjustment: 0.0 V
2024-11-27 17:54:44,237 - INFO - flow_control - Valve Mode: sample_flow, Target Flow Rate: 0.400 ml/min, Flow Rate: 0.330 ml/min, Voltage: 42.5 V, Adjustment: 0.0 V
2024-11-27 17:54:45,179 - WARNING - vna - Timeout while polling sweep completion: Socket read timed out while waiting for data.
2024-11-27 17:54:45,179 - WARNING - vna - Timeout while polling sweep completion: Socket read timed out while waiting for data.
2024-11-27 17:54:45,745 - INFO - flow_control - Valve Mode: sample_flow, Target Flow Rate: 0.400 ml/min, Flow Rate: 0.334 ml/min, Voltage: 42.5 V, Adjustment: 0.0 V
2024-11-27 17:54:45,745 - INFO - flow_control - Valve Mode: sample_flow, Target Flow Rate: 0.400 ml/min, Flow Rate: 0.334 ml/min, Voltage: 42.5 V, Adjustment: 0.0 V
2024-11-27 17:54:47,252 - INFO - flow_control - Valve Mode: sample_flow, Target Flow Rate: 0.400 ml/min, Flow Rate: 0.334 ml/min, Voltage: 42.5 V, Adjustment: 0.0 V
2024-11-27 17:54:47,252 - INFO - flow_control - Valve Mode: sample_flow, Target Flow Rate: 0.400 ml/min, Flow Rate: 0.334 ml/min, Voltage: 42.5 V, Adjustment: 0.0 V
2024-11-27 17:54:48,761 - INFO - flow_control - Valve Mode: sample_flow, Target Flow Rate: 0.400 ml/min, Flow Rate: 0.327 ml/min, Voltage: 42.5 V, Adjustment: 0.0 V
2024-11-27 17:54:48,761 - INFO - flow_control - Valve Mode: sample_flow, Target Flow Rate: 0.400 ml/min, Flow Rate: 0.327 ml/min, Voltage: 42.5 V, Adjustment: 0.0 V
2024-11-27 17:54:50,269 - INFO - flow_control - Valve Mode: sample_flow, Target Flow Rate: 0.400 ml/min, Flow Rate: 0.322 ml/min, Voltage: 42.5 V, Adjustment: 0.0 V
2024-11-27 17:54:50,269 - INFO - flow_control - Valve Mode: sample_flow, Target Flow Rate: 0.400 ml/min, Flow Rate: 0.322 ml/min, Voltage: 42.5 V, Adjustment: 0.0 V
2024-11-27 17:54:51,186 - WARNING - vna - Timeout while polling sweep completion: Socket read timed out while waiting for data.
2024-11-27 17:54:51,186 - WARNING - vna - Timeout while polling sweep completion: Socket read timed out while waiting for data.
2024-11-27 17:54:51,777 - INFO - flow_control - Valve Mode: sample_flow, Target Flow Rate: 0.400 ml/min, Flow Rate: 0.312 ml/min, Voltage: 42.5 V, Adjustment: 0.0 V
2024-11-27 17:54:51,777 - INFO - flow_control - Valve Mode: sample_flow, Target Flow Rate: 0.400 ml/min, Flow Rate: 0.312 ml/min, Voltage: 42.5 V, Adjustment: 0.0 V
2024-11-27 17:54:53,284 - INFO - flow_control - Valve Mode: sample_flow, Target Flow Rate: 0.400 ml/min, Flow Rate: 0.308 ml/min, Voltage: 42.5 V, Adjustment: 0.0 V
2024-11-27 17:54:53,284 - INFO - flow_control - Valve Mode: sample_flow, Target Flow Rate: 0.400 ml/min, Flow Rate: 0.308 ml/min, Voltage: 42.5 V, Adjustment: 0.0 V
2024-11-27 17:54:54,794 - INFO - flow_control - Valve Mode: sample_flow, Target Flow Rate: 0.400 ml/min, Flow Rate: 0.309 ml/min, Voltage: 42.5 V, Adjustment: 0.0 V
2024-11-27 17:54:54,794 - INFO - flow_control - Valve Mode: sample_flow, Target Flow Rate: 0.400 ml/min, Flow Rate: 0.309 ml/min, Voltage: 42.5 V, Adjustment: 0.0 V
2024-11-27 17:54:56,303 - INFO - flow_control - Valve Mode: sample_flow, Target Flow Rate: 0.400 ml/min, Flow Rate: 0.316 ml/min, Voltage: 42.5 V, Adjustment: 0.0 V
2024-11-27 17:54:56,303 - INFO - flow_control - Valve Mode: sample_flow, Target Flow Rate: 0.400 ml/min, Flow Rate: 0.316 ml/min, Voltage: 42.5 V, Adjustment: 0.0 V
2024-11-27 17:54:57,189 - WARNING - vna - Timeout while polling sweep completion: Socket read timed out while waiting for data.
2024-11-27 17:54:57,189 - WARNING - vna - Timeout while polling sweep completion: Socket read timed out while waiting for data.
