2024-11-30 17:45:10,167 - INFO - combo_gui - Starting Experiment 1...
2024-11-30 17:45:10,168 - DEBUG - flow_control - Flow control thread initialized.
2024-11-30 17:45:10,168 - INFO - flow - Starting continuous measurement...
2024-11-30 17:45:10,169 - DEBUG - process - Starting flush process...
2024-11-30 17:45:10,169 - INFO - flow_control - Flow measurement started successfully.
2024-11-30 17:45:10,169 - DEBUG - valve - Controlling valve mode: flush_flow
2024-11-30 17:45:10,169 - DEBUG - valve - Switching to clean flow...
2024-11-30 17:45:10,170 - DEBUG - valve - Valve 1 (Pin 1): LOW, Valve 2 (Pin 2): HIGH
2024-11-30 17:45:10,170 - DEBUG - valve - Switched to flush flow
2024-11-30 17:45:10,170 - DEBUG - flow_control - Reading flow...
2024-11-30 17:45:10,171 - DEBUG - flow - Raw sensor data: [12, 210, 83]
2024-11-30 17:45:10,171 - DEBUG - flow_control - Current flow: 0.3282, Current voltage: 0
2024-11-30 17:45:10,171 - DEBUG - valve - Controlling valve mode: flush_flow
2024-11-30 17:45:10,171 - DEBUG - valve - Switching to clean flow...
2024-11-30 17:45:10,171 - DEBUG - valve - Valve 1 (Pin 1): LOW, Valve 2 (Pin 2): HIGH
2024-11-30 17:45:10,171 - DEBUG - valve - Switched to flush flow
2024-11-30 17:45:10,171 - INFO - flow_control - Valve Mode: flush_flow, Target Flow Rate: 1.000 ml/min, Flow Rate: 0.328 ml/min, Voltage: 13.4 V, Adjustment: 13.4 V
2024-11-30 17:45:11,170 - DEBUG - process - Flush process completed.
2024-11-30 17:45:11,171 - DEBUG - process - Starting homogenization process...
2024-11-30 17:45:11,171 - DEBUG - valve - Controlling valve mode: homogenization_flow
2024-11-30 17:45:11,171 - DEBUG - valve - Switching to homogenization flow...
2024-11-30 17:45:11,171 - DEBUG - valve - Valve 1 (Pin 1): LOW, Valve 2 (Pin 2): LOW
2024-11-30 17:45:11,172 - DEBUG - valve - Switched to homogenization flow
2024-11-30 17:45:11,677 - DEBUG - flow_control - Reading flow...
2024-11-30 17:45:11,678 - DEBUG - flow - Raw sensor data: [0, 61, 8]
2024-11-30 17:45:11,678 - DEBUG - flow_control - Current flow: 0.0061, Current voltage: 13.436
2024-11-30 17:45:11,679 - DEBUG - valve - Controlling valve mode: homogenization_flow
2024-11-30 17:45:11,679 - DEBUG - valve - Switching to homogenization flow...
2024-11-30 17:45:11,679 - DEBUG - valve - Valve 1 (Pin 1): LOW, Valve 2 (Pin 2): LOW
2024-11-30 17:45:11,679 - DEBUG - valve - Switched to homogenization flow
2024-11-30 17:45:11,679 - INFO - flow_control - Valve Mode: homogenization_flow, Target Flow Rate: 1.000 ml/min, Flow Rate: 0.006 ml/min, Voltage: 33.3 V, Adjustment: 19.9 V
2024-11-30 17:45:12,172 - DEBUG - process - Homogenization process completed.
2024-11-30 17:45:12,173 - DEBUG - process - Starting sampling process...
2024-11-30 17:45:12,173 - DEBUG - valve - Controlling valve mode: sample_flow
2024-11-30 17:45:12,173 - DEBUG - valve - Switching to sample flow...
2024-11-30 17:45:12,173 - DEBUG - valve - Valve 1 (Pin 1): HIGH, Valve 2 (Pin 2): LOW
2024-11-30 17:45:12,173 - DEBUG - valve - Switched to sample flow
2024-11-30 17:45:12,173 - INFO - process - Starting VNA sweep...
2024-11-30 17:45:12,173 - INFO - vna - Attempting to connect to LibreVNA...
2024-11-30 17:45:12,174 - INFO - vna - Connected to LibreVNA.
2024-11-30 17:45:12,174 - DEBUG - vna - Sending command: VNA:ACQuisition:IFBW 10000
2024-11-30 17:45:12,174 - DEBUG - vna - Sending command: VNA:ACQuisition:POINTS 100
2024-11-30 17:45:12,174 - DEBUG - vna - Sending command: VNA:FREQuency:START 0
2024-11-30 17:45:12,174 - DEBUG - vna - Sending command: VNA:FREQuency:STOP 6000000000.0
2024-11-30 17:45:12,174 - INFO - vna - Starting sweep...
2024-11-30 17:45:12,174 - DEBUG - vna - Sending command: VNA:ACQuisition:RUN
2024-11-30 17:45:12,175 - INFO - vna - Waiting for sweep to complete...
2024-11-30 17:45:12,175 - DEBUG - vna - Sending query: *OPC?
2024-11-30 17:45:12,232 - DEBUG - vna - Received response: 1
2024-11-30 17:45:12,233 - INFO - vna - Sweep completed successfully.
2024-11-30 17:45:12,233 - INFO - vna - Waiting 2 seconds post-sweep to fetch data...
2024-11-30 17:45:13,185 - DEBUG - flow_control - Reading flow...
2024-11-30 17:45:13,186 - DEBUG - flow - Raw sensor data: [13, 203, 108]
2024-11-30 17:45:13,186 - DEBUG - flow_control - Current flow: 0.3531, Current voltage: 33.314
2024-11-30 17:45:13,186 - DEBUG - valve - Controlling valve mode: sample_flow
2024-11-30 17:45:13,186 - DEBUG - valve - Switching to sample flow...
2024-11-30 17:45:13,186 - DEBUG - valve - Valve 1 (Pin 1): HIGH, Valve 2 (Pin 2): LOW
2024-11-30 17:45:13,186 - DEBUG - valve - Switched to sample flow
2024-11-30 17:45:13,186 - INFO - flow_control - Valve Mode: sample_flow, Target Flow Rate: 0.400 ml/min, Flow Rate: 0.353 ml/min, Voltage: 33.3 V, Adjustment: 0.0 V
2024-11-30 17:45:14,233 - INFO - vna - Fetching selected S-parameter data...
2024-11-30 17:45:14,234 - INFO - vna - Collecting S21 data...
2024-11-30 17:45:14,234 - DEBUG - vna - Sending query: VNA:TRACe:DATA? S21
2024-11-30 17:45:14,235 - DEBUG - vna - Received response: [0,-0.00380673,0.173369],[60606060,-2.66379e-06,-1.24717e-05],[121212121,3.75399e-05,-2.40254e-05],[181818181,-3.01712e-05,-2.03118e-05],[242424242,1.17125e-05,4.08017e-05],[303030303,-2.25444e-05,-2.04608e-05],[363636363,-4.14677e-05,4.45169e-05],[424242424,-8.71046e-06,-0.000188516],[484848484,4.11656e-05,0.000175206],[545454545,2.01295e-05,0.00016805],[606060606,6.45763e-05,2.72993e-05],[666666666,0.000100867,-4.28292e-05],[727272727,-3.26124e-05,-4.05935e-05],[787878787,-2.64252e-05,-6.76415e-05],[848484848,-0.00011327,-6.23134e-05],[909090909,-0.000198135,8.99356e-05],[969696969,-2.2861e-05,0.000171917],[1030303030,0.000105141,8.647e-05],[1090909090,9.78964e-05,-8.04029e-05],[1151515151,0.000109791,-9.21361e-05],[1212121212,-5.84894e-05,-2.59306e-05],[1272727272,-4.55063e-05,1.92856e-05],[1333333333,0.000207394,0.00010068],[1393939393,-0.000373453,-0.000173523],[1454545454,-0.000277631,7.9542e-05],[1515151515,-0.000130189,0.000283263],[1575757575,0.000103514,0.000508378],[1636363636,0.000639895,0.000205775],[1696969696,0.000555107,-0.000420124],[1757575757,0.000119889,-0.000757785],[1818181818,-0.000388289,-0.000523981],[1878787878,-0.000603883,-0.000156667],[1939393939,-0.000532048,0.000308799],[2000000000,-0.000343641,0.000667586],[2060606060,0.000190459,0.000755927],[2121212121,0.000772271,0.000589431],[2181818181,0.001293,-0.000211676],[2242424242,0.000959086,-0.00187668],[2303030303,-0.00109242,0.000221631],[2363636363,-0.000318524,-0.000179809],[2424242424,-0.000630366,-0.000195012],[2484848484,-0.0009211,0.000411298],[2545454545,-0.000469414,0.0011153],[2606060606,0.000643157,0.00139851],[2666666666,0.00165896,0.000423244],[2727272727,0.00146565,-0.00105451],[2787878787,0.000386743,-0.0016913],[2848484848,-0.000587327,-0.0015202],[2909090909,-0.00154409,-0.0010469],[2969696969,-0.00213684,-5.91565e-05],[3030303030,-0.00239221,0.00149531],[3090909090,-0.00121919,0.00397415],[3151515151,0.0053759,0.00527842],[3212121212,0.00353984,-0.00672404],[3272727272,-0.00229638,-0.00221326],[3333333333,-0.00071369,-0.000816164],[3393939393,-0.00194544,-0.00122308],[3454545454,-0.0026859,0.000590569],[3515151515,-0.00169671,0.002238],[3575757575,-2.59687e-05,0.00310838],[3636363636,0.00205249,0.00282336],[3696969696,0.00385621,0.00118036],[3757575757,0.00426321,-0.00193784],[3818181818,0.00200523,-0.00505991],[3878787878,-0.00273874,-0.00570012],[3939393939,-0.00638677,-0.00215087],[4000000000,-0.00667184,0.00299739],[4060606060,-0.00293905,0.00752648],[4121212121,0.00405168,0.0073707],[4181818181,0.00699945,0.00189404],[4242424242,0.0041444,-0.00226784],[4303030303,0.00175658,-0.00153675],[4363636363,0.00264738,-0.0024172],[4424242424,0.000828512,-0.00471767],[4484848484,-0.00252327,-0.00521771],[4545454545,-0.00595341,-0.00325256],[4606060606,-0.00831091,0.001233],[4666666666,-0.00737731,0.00831838],[4727272727,0.00203681,0.0158681],[4787878787,0.0202346,0.00752544],[4848484848,0.0142609,-0.0164453],[4909090909,-0.00579077,-0.0169343],[4969696969,-0.0141658,-0.00542327],[5030303030,-0.0125106,0.00654009],[5090909090,-0.00275832,0.0140521],[5151515151,0.0107286,0.011139],[5212121212,0.0143572,-0.00567164],[5272727272,0.002173,-0.0069915],[5333333333,0.00302169,-0.00867202],[5393939393,-0.00634,-0.0150257],[5454545454,-0.0207925,-0.00275317],[5515151515,-0.0125159,0.0139334],[5575757575,0.00128402,0.0158046],[5636363636,0.00896476,0.0113262],[5696969696,0.0130965,0.00576658],[5757575757,0.0151102,-0.00135683],[5818181818,0.0134304,-0.0107693],[5878787878,0.00213267,-0.0201714],[5939393939,-0.0182343,-0.0150239],[6000000000,-0.0244467,0.00587399]
2024-11-30 17:45:14,235 - DEBUG - vna - Raw data received: ['0,-0.00380673,0.173369', '60606060,-2.66379e-06,-1.24717e-05', '121212121,3.75399e-05,-2.40254e-05', '181818181,-3.01712e-05,-2.03118e-05', '242424242,1.17125e-05,4.08017e-05']...
2024-11-30 17:45:14,235 - INFO - vna - Collecting S11 data...
2024-11-30 17:45:14,235 - DEBUG - vna - Sending query: VNA:TRACe:DATA? S11
2024-11-30 17:45:14,236 - DEBUG - vna - Received response: [0,-0.33372,-0.363293],[60606060,-0.661275,0.0855694],[121212121,-0.643625,0.21208],[181818181,-0.609987,0.343431],[242424242,-0.546519,0.475073],[303030303,-0.446685,0.59898],[363636363,-0.307843,0.705397],[424242424,-0.136149,0.781642],[484848484,0.0488415,0.793439],[545454545,0.230315,0.770096],[606060606,0.395435,0.692929],[666666666,0.544563,0.586417],[727272727,0.669555,0.447711],[787878787,0.767101,0.289057],[848484848,0.822352,0.117171],[909090909,0.8355,-0.0820663],[969696969,0.786796,-0.292424],[1030303030,0.670713,-0.495364],[1090909090,0.500282,-0.643179],[1151515151,0.307688,-0.719105],[1212121212,0.115166,-0.754363],[1272727272,-0.0706283,-0.733072],[1333333333,-0.233514,-0.687111],[1393939393,-0.380292,-0.608063],[1454545454,-0.51269,-0.510019],[1515151515,-0.631168,-0.383288],[1575757575,-0.72073,-0.21434],[1636363636,-0.765325,-0.0268814],[1696969696,-0.750244,0.182713],[1757575757,-0.660438,0.388562],[1818181818,-0.535009,0.535329],[1878787878,-0.393854,0.640121],[1939393939,-0.237182,0.70335],[2000000000,-0.0899505,0.73052],[2060606060,0.069791,0.736761],[2121212121,0.233939,0.704811],[2181818181,0.39441,0.631238],[2242424242,0.539573,0.512267],[2303030303,0.64751,0.352914],[2363636363,0.700039,0.171755],[2424242424,0.691477,0.00762538],[2484848484,0.649085,-0.120727],[2545454545,0.593977,-0.210229],[2606060606,0.534474,-0.277485],[2666666666,0.471967,-0.348282],[2727272727,0.404815,-0.407365],[2787878787,0.331057,-0.469695],[2848484848,0.2523,-0.526167],[2909090909,0.143154,-0.576661],[2969696969,0.00229102,-0.612661],[3030303030,-0.155736,-0.602309],[3090909090,-0.321943,-0.535584],[3151515151,-0.467909,-0.404432],[3212121212,-0.555396,-0.22377],[3272727272,-0.570531,-0.0445077],[3333333333,-0.537592,0.107163],[3393939393,-0.468142,0.242838],[3454545454,-0.374454,0.349692],[3515151515,-0.278631,0.419843],[3575757575,-0.156929,0.46152],[3636363636,-0.0375793,0.470246],[3696969696,0.0658657,0.4467],[3757575757,0.156346,0.394034],[3818181818,0.223112,0.330123],[3878787878,0.264107,0.263542],[3939393939,0.290196,0.201509],[4000000000,0.308215,0.140079],[4060606060,0.316346,0.0866686],[4121212121,0.320415,0.0508954],[4181818181,0.322607,0.0483722],[4242424242,0.331367,0.013829],[4303030303,0.338727,-0.0385924],[4363636363,0.339229,-0.0957682],[4424242424,0.329559,-0.15554],[4484848484,0.309326,-0.218133],[4545454545,0.272415,-0.27531],[4606060606,0.204887,-0.342396],[4666666666,0.103679,-0.380915],[4727272727,-0.0202988,-0.402652],[4787878787,-0.146613,-0.370347],[4848484848,-0.267419,-0.296525],[4909090909,-0.347046,-0.190935],[4969696969,-0.37643,-0.0932265],[5030303030,-0.379089,0.0552705],[5090909090,-0.314088,0.20583],[5151515151,-0.199471,0.294456],[5212121212,-0.0747922,0.329709],[5272727272,0.0497093,0.317675],[5333333333,0.165087,0.269709],[5393939393,0.236378,0.206298],[5454545454,0.270854,0.149864],[5515151515,0.294687,0.0907836],[5575757575,0.308098,0.0200292],[5636363636,0.310129,-0.0263326],[5696969696,0.305953,-0.0542081],[5757575757,0.28809,-0.10482],[5818181818,0.252335,-0.163266],[5878787878,0.202052,-0.210926],[5939393939,0.158536,-0.234473],[6000000000,0.109251,-0.254604]
2024-11-30 17:45:14,236 - DEBUG - vna - Raw data received: ['0,-0.33372,-0.363293', '60606060,-0.661275,0.0855694', '121212121,-0.643625,0.21208', '181818181,-0.609987,0.343431', '242424242,-0.546519,0.475073']...
2024-11-30 17:45:14,236 - INFO - vna - Collecting S12 data...
2024-11-30 17:45:14,237 - DEBUG - vna - Sending query: VNA:TRACe:DATA? S12
2024-11-30 17:45:14,237 - DEBUG - vna - Received response: [0,-0.324672,-0.363076],[60606060,6.7361e-05,-4.48294e-05],[121212121,-6.20128e-06,-7.73984e-05],[181818181,3.39654e-05,3.8002e-05],[242424242,-3.40639e-05,3.51979e-05],[303030303,2.71226e-06,1.37673e-05],[363636363,-3.38416e-05,8.55723e-06],[424242424,-0.000133256,-0.000121602],[484848484,9.41337e-05,9.88404e-05],[545454545,7.95354e-05,9.55672e-05],[606060606,1.49688e-05,3.37881e-05],[666666666,5.085e-05,-5.07531e-05],[727272727,5.18728e-05,-8.41413e-05],[787878787,6.29486e-05,-4.16959e-05],[848484848,-6.32515e-05,-0.000185464],[909090909,-0.000124888,-3.76109e-05],[969696969,-0.000214967,6.64216e-05],[1030303030,-4.51019e-05,0.000136557],[1090909090,4.30927e-05,0.000146957],[1151515151,0.00011638,6.85432e-05],[1212121212,5.42861e-05,1.95163e-05],[1272727272,3.88161e-05,-3.58192e-05],[1333333333,-0.000306743,-2.89831e-05],[1393939393,0.000394223,0.000132577],[1454545454,0.000281218,-9.78824e-05],[1515151515,0.000254766,-0.000216357],[1575757575,0.000180665,-0.000401002],[1636363636,-4.72179e-05,-0.000544574],[1696969696,-0.000425087,-0.000410882],[1757575757,-0.000651502,-6.21587e-05],[1818181818,-0.000577147,0.000209898],[1878787878,-0.000340555,0.000492999],[1939393939,-0.000202115,0.000633508],[2000000000,-6.43071e-05,0.000768449],[2060606060,0.000341645,0.000740694],[2121212121,0.000868034,0.000654282],[2181818181,0.00127084,0.000215356],[2242424242,0.00190921,-0.000945511],[2303030303,-0.000836302,-0.000643833],[2363636363,1.81657e-05,-0.000475244],[2424242424,3.88817e-05,-0.000635654],[2484848484,-0.000348574,-0.00102952],[2545454545,-0.000983002,-0.000966412],[2606060606,-0.00173796,-0.000468532],[2666666666,-0.00196388,0.000551676],[2727272727,-0.00135229,0.00161545],[2787878787,-0.000267679,0.00195543],[2848484848,0.000541272,0.00180729],[2909090909,0.00103567,0.0015161],[2969696969,0.00167271,0.00131377],[3030303030,0.00251425,0.000825879],[3090909090,0.00376654,-0.000451995],[3151515151,0.00425684,-0.00551733],[3212121212,-0.00537812,-0.00432011],[3272727272,-0.00274297,0.000815671],[3333333333,-0.00106818,-7.97963e-05],[3393939393,-0.00199182,-0.000325578],[3454545454,-0.00228528,0.000789715],[3515151515,-0.0019086,0.00160355],[3575757575,-0.00135506,0.00232984],[3636363636,-0.000642705,0.0028695],[3696969696,0.000527913,0.00335868],[3757575757,0.00207904,0.00369614],[3818181818,0.0044338,0.00291121],[3878787878,0.00643354,0.000140297],[3939393939,0.00606857,-0.00392443],[4000000000,0.0030698,-0.00730895],[4060606060,-0.00174796,-0.00879546],[4121212121,-0.00767376,-0.006133],[4181818181,-0.00823002,-2.137e-06],[4242424242,-0.00408728,0.00294329],[4303030303,-0.00182003,0.00147545],[4363636363,-0.00347162,0.00153429],[4424242424,-0.00345733,0.00352758],[4484848484,-0.00242888,0.00494139],[4545454545,-0.000961111,0.0065643],[4606060606,0.00183927,0.00816876],[4666666666,0.00689976,0.00885302],[4727272727,0.0151681,0.0045629],[4787878787,0.0177525,-0.0107621],[4848484848,0.00163655,-0.0205499],[4909090909,-0.00996975,-0.0134039],[4969696969,-0.0124577,-0.00640977],[5030303030,-0.0128812,0.000110931],[5090909090,-0.0110094,0.00660821],[5151515151,-0.00627724,0.0123806],[5212121212,0.00500671,0.0135679],[5272727272,0.00573416,0.00411355],[5333333333,0.00597177,0.00701177],[5393939393,0.0157434,0.00511905],[5454545454,0.018671,-0.0104275],[5515151515,0.00664351,-0.0183228],[5575757575,-0.00320113,-0.0163358],[5636363636,-0.00822461,-0.0130374],[5696969696,-0.0108804,-0.0103504],[5757575757,-0.0139094,-0.00655084],[5818181818,-0.0173051,-0.000811728],[5878787878,-0.0191334,0.00883827],[5939393939,-0.0141464,0.0214735],[6000000000,0.00318043,0.0275945]
2024-11-30 17:45:14,237 - DEBUG - vna - Raw data received: ['0,-0.324672,-0.363076', '60606060,6.7361e-05,-4.48294e-05', '121212121,-6.20128e-06,-7.73984e-05', '181818181,3.39654e-05,3.8002e-05', '242424242,-3.40639e-05,3.51979e-05']...
2024-11-30 17:45:14,238 - INFO - vna - Collecting S22 data...
2024-11-30 17:45:14,238 - DEBUG - vna - Sending query: VNA:TRACe:DATA? S22
2024-11-30 17:45:14,239 - DEBUG - vna - Received response: [0,-0.00477337,0.167553],[60606060,0.488166,-0.437958],[121212121,-0.0985132,-0.703196],[181818181,-0.705272,-0.277341],[242424242,-0.573746,0.482773],[303030303,0.112747,0.693786],[363636363,0.598419,0.274144],[424242424,0.475439,-0.370577],[484848484,0.332358,-0.53308],[545454545,-0.271605,-0.600854],[606060606,-0.648861,-0.176746],[666666666,-0.557167,0.399247],[727272727,-0.0113555,0.702641],[787878787,0.581149,0.431968],[848484848,0.694627,-0.304548],[909090909,-0.052206,-0.761399],[969696969,-0.675741,-0.165024],[1030303030,-0.385621,0.49243],[1090909090,0.178655,0.567971],[1151515151,0.540629,0.236982],[1212121212,0.554733,-0.241626],[1272727272,0.213779,-0.582098],[1333333333,-0.283425,-0.553508],[1393939393,-0.568137,-0.236149],[1454545454,-0.551173,0.268554],[1515151515,-0.137549,0.595044],[1575757575,0.434068,0.440557],[1636363636,0.582398,-0.210123],[1696969696,-0.0202118,-0.59633],[1757575757,-0.518601,-0.183627],[1818181818,-0.405153,0.332191],[1878787878,0.00758673,0.524024],[1939393939,0.417836,0.337937],[2000000000,0.55179,-0.107666],[2060606060,0.247663,-0.521982],[2121212121,-0.284666,-0.501882],[2181818181,-0.555125,-0.0501686],[2242424242,-0.3121,0.419555],[2303030303,0.0478713,0.508724],[2363636363,0.4977,0.261732],[2424242424,0.513908,-0.265385],[2484848484,0.0661932,-0.573917],[2545454545,-0.434276,-0.325914],[2606060606,-0.429134,0.230804],[2666666666,0.0828716,0.400924],[2727272727,0.342036,0.023535],[2787878787,0.14026,-0.269574],[2848484848,-0.131755,-0.264142],[2909090909,-0.282514,-0.0945991],[2969696969,-0.292334,0.100569],[3030303030,-0.188909,0.271878],[3090909090,0.0372455,0.355222],[3151515151,0.307803,0.125324],[3212121212,0.0662002,0.069248],[3272727272,0.319323,-0.0843551],[3333333333,-0.0976931,-0.351254],[3393939393,-0.243199,0.140862],[3454545454,0.126164,0.240483],[3515151515,0.309805,0.00863696],[3575757575,0.249815,-0.248257],[3636363636,0.0226006,-0.387203],[3696969696,-0.257823,-0.331589],[3757575757,-0.435192,-0.0559036],[3818181818,-0.311287,0.301406],[3878787878,0.0985249,0.36477],[3939393939,0.2742,0.0237411],[4000000000,0.0366057,-0.200912],[4060606060,-0.21839,-0.039997],[4121212121,-0.0868502,0.254847],[4181818181,0.188307,0.104844],[4242424242,0.0024136,-0.0969903],[4303030303,-0.0746461,0.190845],[4363636363,0.296425,0.0755224],[4424242424,0.176718,-0.232129],[4484848484,-0.0708678,-0.259126],[4545454545,-0.226984,-0.124667],[4606060606,-0.24496,0.0811012],[4666666666,-0.0949332,0.245122],[4727272727,0.170338,0.189146],[4787878787,0.175331,-0.140044],[4848484848,-0.165607,-0.107033],[4909090909,-0.12173,0.170538],[4969696969,0.107515,0.199718],[5030303030,0.234638,0.0407669],[5090909090,0.187112,-0.156297],[5151515151,-0.0111143,-0.231337],[5212121212,-0.112742,-0.0610058],[5272727272,-0.0619039,-0.135508],[5333333333,-0.235178,-0.0259902],[5393939393,-0.113094,0.195377],[5454545454,0.119592,0.0306475],[5515151515,-0.0677213,-0.133722],[5575757575,-0.222604,0.00709785],[5636363636,-0.20087,0.180611],[5696969696,-0.0906161,0.282608],[5757575757,0.0617848,0.294387],[5818181818,0.209814,0.201596],[5878787878,0.251539,-0.0121276],[5939393939,0.0732365,-0.151699],[6000000000,-0.050849,-0.0116111]
2024-11-30 17:45:14,239 - DEBUG - vna - Raw data received: ['0,-0.00477337,0.167553', '60606060,0.488166,-0.437958', '121212121,-0.0985132,-0.703196', '181818181,-0.705272,-0.277341', '242424242,-0.573746,0.482773']...
2024-11-30 17:45:14,239 - INFO - vna - Saving raw data to Raw_datalog/2024-11-30_17-45-14_chem_PFOA_conc_684_exp_1.csv...
2024-11-30 17:45:14,241 - INFO - vna - Raw data saved successfully.
2024-11-30 17:45:14,254 - INFO - processing_manager - Baseline data loaded successfully.
2024-11-30 17:45:14,255 - INFO - processing_manager - Starting processing and saving...
2024-11-30 17:45:14,255 - INFO - processing_manager - Starting preprocessing...
2024-11-30 17:45:14,271 - INFO - feature_engineering - Magnitude and phase calculated.
2024-11-30 17:45:14,271 - INFO - processing_manager - Applying baseline correction...
2024-11-30 17:45:14,278 - INFO - processing_manager - Baseline correction applied.
2024-11-30 17:45:14,281 - INFO - feature_engineering - Phase unwrapping applied.
2024-11-30 17:45:14,289 - INFO - feature_engineering - Impedance calculated.
2024-11-30 17:45:14,298 - INFO - feature_engineering - Resistance, capacitance, and inductance calculated.
2024-11-30 17:45:14,301 - INFO - feature_engineering - Q-factor calculated.
2024-11-30 17:45:14,306 - INFO - feature_engineering - Skin depth calculated.
2024-11-30 17:45:14,308 - INFO - feature_engineering - Loss tangent calculated.
2024-11-30 17:45:14,309 - ERROR - processing_manager - Error during preprocessing: 'FeatureEngineering' object has no attribute 'calculate_effective_dielectric_constant'
2024-11-30 17:45:14,309 - DEBUG - processing_manager - Exception details:
Traceback (most recent call last):
  File "/home/rop/Documents/analyzer_v2/ctrls/processing_manager.py", line 90, in preprocess
    self.feature_engineering.calculate_effective_dielectric_constant(processed_data)
    ^^^^^^^^^^^^^^^^^^^^^^^^^^^^^^^^^^^^^^^^^^^^^^^^^^^^^^^^^^^^^^^^
AttributeError: 'FeatureEngineering' object has no attribute 'calculate_effective_dielectric_constant'
2024-11-30 17:45:14,310 - ERROR - processing_manager - Error during process_and_save: 'FeatureEngineering' object has no attribute 'calculate_effective_dielectric_constant'
2024-11-30 17:45:14,310 - DEBUG - processing_manager - Exception details:
Traceback (most recent call last):
  File "/home/rop/Documents/analyzer_v2/ctrls/processing_manager.py", line 128, in process_and_save
    processed_data = self.preprocess(raw_data)
                     ^^^^^^^^^^^^^^^^^^^^^^^^^
  File "/home/rop/Documents/analyzer_v2/ctrls/processing_manager.py", line 90, in preprocess
    self.feature_engineering.calculate_effective_dielectric_constant(processed_data)
    ^^^^^^^^^^^^^^^^^^^^^^^^^^^^^^^^^^^^^^^^^^^^^^^^^^^^^^^^^^^^^^^^
AttributeError: 'FeatureEngineering' object has no attribute 'calculate_effective_dielectric_constant'
2024-11-30 17:45:14,311 - ERROR - vna - An error occurred: 'FeatureEngineering' object has no attribute 'calculate_effective_dielectric_constant'
2024-11-30 17:45:14,311 - INFO - vna - VNA connection closed.
2024-11-30 17:45:14,311 - INFO - vna - VNA connection closed.
2024-11-30 17:45:14,312 - INFO - combo_gui - Completed Experiment 1.
2024-11-30 17:45:14,693 - DEBUG - flow_control - Reading flow...
2024-11-30 17:45:14,694 - DEBUG - flow - Raw sensor data: [13, 187, 148]
2024-11-30 17:45:14,694 - DEBUG - flow_control - Current flow: 0.3515, Current voltage: 33.314
2024-11-30 17:45:14,694 - DEBUG - valve - Controlling valve mode: sample_flow
2024-11-30 17:45:14,695 - DEBUG - valve - Switching to sample flow...
2024-11-30 17:45:14,695 - ERROR - valve - Error controlling valve mode sample_flow: Please set pin numbering mode using GPIO.setmode(GPIO.BOARD), GPIO.setmode(GPIO.BCM), GPIO.setmode(GPIO.TEGRA_SOC) or GPIO.setmode(GPIO.CVM)
2024-11-30 17:45:14,695 - INFO - flow_control - Valve Mode: sample_flow, Target Flow Rate: 0.400 ml/min, Flow Rate: 0.351 ml/min, Voltage: 33.3 V, Adjustment: 0.0 V
2024-11-30 17:45:16,201 - DEBUG - flow_control - Reading flow...
2024-11-30 17:45:16,202 - DEBUG - flow - Raw sensor data: [13, 196, 66]
2024-11-30 17:45:16,202 - DEBUG - flow_control - Current flow: 0.3524, Current voltage: 33.314
2024-11-30 17:45:16,203 - DEBUG - valve - Controlling valve mode: sample_flow
2024-11-30 17:45:16,203 - DEBUG - valve - Switching to sample flow...
2024-11-30 17:45:16,203 - ERROR - valve - Error controlling valve mode sample_flow: Please set pin numbering mode using GPIO.setmode(GPIO.BOARD), GPIO.setmode(GPIO.BCM), GPIO.setmode(GPIO.TEGRA_SOC) or GPIO.setmode(GPIO.CVM)
2024-11-30 17:45:16,203 - INFO - flow_control - Valve Mode: sample_flow, Target Flow Rate: 0.400 ml/min, Flow Rate: 0.352 ml/min, Voltage: 33.3 V, Adjustment: 0.0 V
2024-11-30 17:45:17,709 - DEBUG - flow_control - Reading flow...
2024-11-30 17:45:17,710 - DEBUG - flow - Raw sensor data: [13, 190, 97]
2024-11-30 17:45:17,711 - DEBUG - flow_control - Current flow: 0.3518, Current voltage: 33.314
2024-11-30 17:45:17,711 - DEBUG - valve - Controlling valve mode: sample_flow
2024-11-30 17:45:17,711 - DEBUG - valve - Switching to sample flow...
2024-11-30 17:45:17,711 - ERROR - valve - Error controlling valve mode sample_flow: Please set pin numbering mode using GPIO.setmode(GPIO.BOARD), GPIO.setmode(GPIO.BCM), GPIO.setmode(GPIO.TEGRA_SOC) or GPIO.setmode(GPIO.CVM)
2024-11-30 17:45:17,711 - INFO - flow_control - Valve Mode: sample_flow, Target Flow Rate: 0.400 ml/min, Flow Rate: 0.352 ml/min, Voltage: 33.3 V, Adjustment: 0.0 V
2024-11-30 17:45:19,218 - DEBUG - flow_control - Reading flow...
2024-11-30 17:45:19,219 - DEBUG - flow - Raw sensor data: [13, 181, 139]
2024-11-30 17:45:19,219 - DEBUG - flow_control - Current flow: 0.3509, Current voltage: 33.314
2024-11-30 17:45:19,219 - DEBUG - valve - Controlling valve mode: sample_flow
2024-11-30 17:45:19,219 - DEBUG - valve - Switching to sample flow...
2024-11-30 17:45:19,219 - ERROR - valve - Error controlling valve mode sample_flow: Please set pin numbering mode using GPIO.setmode(GPIO.BOARD), GPIO.setmode(GPIO.BCM), GPIO.setmode(GPIO.TEGRA_SOC) or GPIO.setmode(GPIO.CVM)
2024-11-30 17:45:19,219 - INFO - flow_control - Valve Mode: sample_flow, Target Flow Rate: 0.400 ml/min, Flow Rate: 0.351 ml/min, Voltage: 33.3 V, Adjustment: 0.0 V
