2024-11-27 17:48:38,686 - DEBUG - flow_control - Flow control thread initialized.
2024-11-27 17:48:38,687 - INFO - flow - Starting continuous measurement...
2024-11-27 17:48:38,687 - INFO - flow - Starting continuous measurement...
2024-11-27 17:48:38,689 - INFO - flow_control - Flow measurement started successfully.
2024-11-27 17:48:38,689 - DEBUG - flow_control - Reading flow...
2024-11-27 17:48:38,690 - DEBUG - flow_control - Current flow: 0.0117, Current voltage: 0
2024-11-27 17:48:38,690 - INFO - flow_control - Valve Mode: flush_flow, Target Flow Rate: 1.000 ml/min, Flow Rate: 0.012 ml/min, Voltage: 19.8 V, Adjustment: 19.8 V
2024-11-27 17:48:40,197 - DEBUG - flow_control - Reading flow...
2024-11-27 17:48:40,198 - DEBUG - flow_control - Current flow: 0.0458, Current voltage: 19.766
2024-11-27 17:48:40,199 - INFO - flow_control - Valve Mode: homogenization_flow, Target Flow Rate: 1.000 ml/min, Flow Rate: 0.046 ml/min, Voltage: 38.8 V, Adjustment: 19.1 V
2024-11-27 17:48:40,690 - INFO - process - Starting VNA sweep...
2024-11-27 17:48:40,690 - INFO - process - Starting VNA sweep...
2024-11-27 17:48:40,691 - INFO - vna - Attempting to connect to LibreVNA...
2024-11-27 17:48:40,691 - INFO - vna - Attempting to connect to LibreVNA...
2024-11-27 17:48:40,691 - INFO - vna - Connected to LibreVNA.
2024-11-27 17:48:40,691 - INFO - vna - Connected to LibreVNA.
2024-11-27 17:48:40,692 - INFO - vna - Starting sweep...
2024-11-27 17:48:40,692 - INFO - vna - Starting sweep...
2024-11-27 17:48:40,692 - INFO - vna - Waiting for sweep to complete...
2024-11-27 17:48:40,692 - INFO - vna - Waiting for sweep to complete...
2024-11-27 17:48:41,705 - DEBUG - flow_control - Reading flow...
2024-11-27 17:48:41,706 - DEBUG - flow_control - Current flow: 0.3041, Current voltage: 38.849999999999994
2024-11-27 17:48:41,706 - INFO - flow_control - Valve Mode: sample_flow, Target Flow Rate: 0.400 ml/min, Flow Rate: 0.304 ml/min, Voltage: 38.8 V, Adjustment: 0.0 V
2024-11-27 17:48:43,213 - DEBUG - flow_control - Reading flow...
2024-11-27 17:48:43,214 - DEBUG - flow_control - Current flow: 0.2854, Current voltage: 38.849999999999994
2024-11-27 17:48:43,214 - INFO - flow_control - Valve Mode: sample_flow, Target Flow Rate: 0.400 ml/min, Flow Rate: 0.285 ml/min, Voltage: 41.1 V, Adjustment: 2.3 V
2024-11-27 17:48:44,720 - DEBUG - flow_control - Reading flow...
2024-11-27 17:48:44,721 - DEBUG - flow_control - Current flow: 0.2916, Current voltage: 41.141999999999996
2024-11-27 17:48:44,722 - INFO - flow_control - Valve Mode: sample_flow, Target Flow Rate: 0.400 ml/min, Flow Rate: 0.292 ml/min, Voltage: 43.3 V, Adjustment: 2.2 V
2024-11-27 17:48:45,697 - WARNING - vna - Timeout while polling sweep completion: Socket read timed out while waiting for data.
2024-11-27 17:48:45,697 - WARNING - vna - Timeout while polling sweep completion: Socket read timed out while waiting for data.
2024-11-27 17:48:46,228 - DEBUG - flow_control - Reading flow...
2024-11-27 17:48:46,230 - DEBUG - flow_control - Current flow: 0.3151, Current voltage: 43.309999999999995
2024-11-27 17:48:46,230 - INFO - flow_control - Valve Mode: sample_flow, Target Flow Rate: 0.400 ml/min, Flow Rate: 0.315 ml/min, Voltage: 43.3 V, Adjustment: 0.0 V
2024-11-27 17:48:47,738 - DEBUG - flow_control - Reading flow...
2024-11-27 17:48:47,740 - DEBUG - flow_control - Current flow: 0.3286, Current voltage: 43.309999999999995
2024-11-27 17:48:47,740 - INFO - flow_control - Valve Mode: sample_flow, Target Flow Rate: 0.400 ml/min, Flow Rate: 0.329 ml/min, Voltage: 43.3 V, Adjustment: 0.0 V
2024-11-27 17:48:49,247 - DEBUG - flow_control - Reading flow...
2024-11-27 17:48:49,249 - DEBUG - flow_control - Current flow: 0.3338, Current voltage: 43.309999999999995
2024-11-27 17:48:49,249 - INFO - flow_control - Valve Mode: sample_flow, Target Flow Rate: 0.400 ml/min, Flow Rate: 0.334 ml/min, Voltage: 43.3 V, Adjustment: 0.0 V
2024-11-27 17:48:50,760 - DEBUG - flow_control - Reading flow...
2024-11-27 17:48:50,761 - DEBUG - flow_control - Current flow: 0.3348, Current voltage: 43.309999999999995
2024-11-27 17:48:50,762 - INFO - flow_control - Valve Mode: sample_flow, Target Flow Rate: 0.400 ml/min, Flow Rate: 0.335 ml/min, Voltage: 43.3 V, Adjustment: 0.0 V
2024-11-27 17:48:51,703 - WARNING - vna - Timeout while polling sweep completion: Socket read timed out while waiting for data.
2024-11-27 17:48:51,703 - WARNING - vna - Timeout while polling sweep completion: Socket read timed out while waiting for data.
2024-11-27 17:48:52,268 - DEBUG - flow_control - Reading flow...
2024-11-27 17:48:52,270 - DEBUG - flow_control - Current flow: 0.3382, Current voltage: 43.309999999999995
2024-11-27 17:48:52,270 - INFO - flow_control - Valve Mode: sample_flow, Target Flow Rate: 0.400 ml/min, Flow Rate: 0.338 ml/min, Voltage: 43.3 V, Adjustment: 0.0 V
2024-11-27 17:48:53,778 - DEBUG - flow_control - Reading flow...
2024-11-27 17:48:53,780 - DEBUG - flow_control - Current flow: 0.332, Current voltage: 43.309999999999995
2024-11-27 17:48:53,780 - INFO - flow_control - Valve Mode: sample_flow, Target Flow Rate: 0.400 ml/min, Flow Rate: 0.332 ml/min, Voltage: 43.3 V, Adjustment: 0.0 V
2024-11-27 17:48:55,287 - DEBUG - flow_control - Reading flow...
2024-11-27 17:48:55,289 - DEBUG - flow_control - Current flow: 0.3255, Current voltage: 43.309999999999995
2024-11-27 17:48:55,290 - INFO - flow_control - Valve Mode: sample_flow, Target Flow Rate: 0.400 ml/min, Flow Rate: 0.326 ml/min, Voltage: 43.3 V, Adjustment: 0.0 V
2024-11-27 17:48:56,797 - DEBUG - flow_control - Reading flow...
2024-11-27 17:48:56,798 - DEBUG - flow_control - Current flow: 0.3228, Current voltage: 43.309999999999995
2024-11-27 17:48:56,799 - ERROR - valve - Error controlling valve mode sample_flow: Please set pin numbering mode using GPIO.setmode(GPIO.BOARD), GPIO.setmode(GPIO.BCM), GPIO.setmode(GPIO.TEGRA_SOC) or GPIO.setmode(GPIO.CVM)
2024-11-27 17:48:56,799 - ERROR - valve - Error controlling valve mode sample_flow: Please set pin numbering mode using GPIO.setmode(GPIO.BOARD), GPIO.setmode(GPIO.BCM), GPIO.setmode(GPIO.TEGRA_SOC) or GPIO.setmode(GPIO.CVM)
2024-11-27 17:48:56,799 - INFO - flow_control - Valve Mode: sample_flow, Target Flow Rate: 0.400 ml/min, Flow Rate: 0.323 ml/min, Voltage: 43.3 V, Adjustment: 0.0 V
