2024-11-30 17:47:30,401 - INFO - combo_gui - Starting Experiment 1...
2024-11-30 17:47:30,404 - DEBUG - process - Starting flush process...
2024-11-30 17:47:31,405 - DEBUG - process - Flush process completed.
2024-11-30 17:47:31,406 - DEBUG - process - Starting homogenization process...
2024-11-30 17:47:32,446 - DEBUG - process - Homogenization process completed.
2024-11-30 17:47:32,447 - DEBUG - process - Starting sampling process...
2024-11-30 17:47:32,448 - INFO - process - Starting VNA sweep...
2024-11-30 17:47:32,448 - INFO - vna - Attempting to connect to LibreVNA...
2024-11-30 17:47:32,449 - INFO - vna - Connected to LibreVNA.
2024-11-30 17:47:32,449 - DEBUG - vna - Sending command: VNA:ACQuisition:IFBW 10000
2024-11-30 17:47:32,449 - DEBUG - vna - Sending command: VNA:ACQuisition:POINTS 100
2024-11-30 17:47:32,449 - DEBUG - vna - Sending command: VNA:FREQuency:START 0
2024-11-30 17:47:32,450 - DEBUG - vna - Sending command: VNA:FREQuency:STOP 6000000000.0
2024-11-30 17:47:32,450 - INFO - vna - Starting sweep...
2024-11-30 17:47:32,450 - DEBUG - vna - Sending command: VNA:ACQuisition:RUN
2024-11-30 17:47:32,450 - INFO - vna - Waiting for sweep to complete...
2024-11-30 17:47:32,450 - DEBUG - vna - Sending query: *OPC?
2024-11-30 17:47:32,507 - DEBUG - vna - Received response: 1
2024-11-30 17:47:32,508 - INFO - vna - Sweep completed successfully.
2024-11-30 17:47:32,508 - INFO - vna - Waiting 2 seconds post-sweep to fetch data...
2024-11-30 17:47:34,508 - INFO - vna - Fetching selected S-parameter data...
2024-11-30 17:47:34,508 - INFO - vna - Collecting S21 data...
2024-11-30 17:47:34,509 - DEBUG - vna - Sending query: VNA:TRACe:DATA? S21
2024-11-30 17:47:34,511 - DEBUG - vna - Received response: [0,-0.00926957,0.167572],[60606060,-7.77323e-06,1.93162e-05],[121212121,-3.59638e-05,1.74952e-05],[181818181,3.13897e-05,4.92281e-05],[242424242,7.19481e-06,-3.01257e-06],[303030303,-8.42712e-06,-5.17703e-05],[363636363,-1.6234e-05,1.51107e-05],[424242424,6.2795e-05,-0.000156916],[484848484,-1.68321e-05,0.000169944],[545454545,8.36631e-05,2.62275e-05],[606060606,4.5267e-05,3.98143e-05],[666666666,2.8224e-05,5.2844e-05],[727272727,2.48292e-05,-6.41684e-05],[787878787,-2.84375e-05,-6.23915e-05],[848484848,-7.48165e-05,-5.30472e-05],[909090909,-8.56411e-05,3.75385e-05],[969696969,-8.46169e-05,9.41115e-05],[1030303030,9.49123e-05,6.33342e-05],[1090909090,0.000109326,-1.64397e-05],[1151515151,3.1613e-05,-3.96046e-05],[1212121212,6.61285e-07,-0.000104918],[1272727272,-5.6457e-05,6.79602e-05],[1333333333,6.85e-05,9.86747e-05],[1393939393,-0.000395535,-0.000281338],[1454545454,-0.000327192,0.000236705],[1515151515,-0.000136429,0.000294475],[1575757575,0.000205511,0.00038956],[1636363636,0.000514057,0.000248003],[1696969696,0.000513402,-0.000268373],[1757575757,9.11905e-05,-0.00062246],[1818181818,-0.00048427,-0.000629004],[1878787878,-0.000730789,-0.000154976],[1939393939,-0.000669211,0.000293235],[2000000000,-0.000315804,0.000607535],[2060606060,0.000169829,0.000756964],[2121212121,0.000899645,0.000712739],[2181818181,0.00129758,-0.000359999],[2242424242,0.00103985,-0.00180697],[2303030303,-0.00118262,0.000248967],[2363636363,-0.000271427,-0.000126183],[2424242424,-0.000648537,-6.48426e-05],[2484848484,-0.000842012,0.000345566],[2545454545,-0.000497396,0.00115532],[2606060606,0.000570632,0.00153598],[2666666666,0.00171596,0.000516701],[2727272727,0.00148321,-0.00105831],[2787878787,0.000437526,-0.00157699],[2848484848,-0.000699033,-0.0014766],[2909090909,-0.00149237,-0.000959077],[2969696969,-0.00211967,2.91042e-05],[3030303030,-0.00238478,0.00150949],[3090909090,-0.00126511,0.00396761],[3151515151,0.00541023,0.00523403],[3212121212,0.00349872,-0.0067602],[3272727272,-0.00226383,-0.00229222],[3333333333,-0.000844573,-0.000798819],[3393939393,-0.00190763,-0.00121108],[3454545454,-0.00266073,0.000644573],[3515151515,-0.00179131,0.00227804],[3575757575,2.2712e-05,0.00297689],[3636363636,0.00202886,0.00279529],[3696969696,0.00373276,0.00112113],[3757575757,0.00434726,-0.00184441],[3818181818,0.00194231,-0.00519087],[3878787878,-0.00266528,-0.00558649],[3939393939,-0.00641804,-0.00228785],[4000000000,-0.00669968,0.00307294],[4060606060,-0.00279608,0.00759327],[4121212121,0.00402551,0.00743227],[4181818181,0.0069929,0.00190728],[4242424242,0.00414041,-0.00226889],[4303030303,0.00176774,-0.0015382],[4363636363,0.00266728,-0.00233794],[4424242424,0.000878809,-0.00471274],[4484848484,-0.00256066,-0.00520494],[4545454545,-0.00589123,-0.00320706],[4606060606,-0.00832967,0.00122767],[4666666666,-0.0074915,0.00827752],[4727272727,0.00200953,0.0157453],[4787878787,0.0202185,0.00751356],[4848484848,0.0142489,-0.0163337],[4909090909,-0.00560375,-0.0169668],[4969696969,-0.0140907,-0.00542998],[5030303030,-0.0125424,0.00664914],[5090909090,-0.00271259,0.0140643],[5151515151,0.010612,0.0111767],[5212121212,0.0143419,-0.00568664],[5272727272,0.00225944,-0.00702062],[5333333333,0.00308302,-0.00872206],[5393939393,-0.0062392,-0.0151578],[5454545454,-0.0207716,-0.00280738],[5515151515,-0.0125846,0.0142822],[5575757575,0.00110816,0.0158711],[5636363636,0.00907165,0.01159],[5696969696,0.0131657,0.00585171],[5757575757,0.0151747,-0.00133842],[5818181818,0.0133797,-0.0106892],[5878787878,0.00204724,-0.0200683],[5939393939,-0.0183044,-0.0152504],[6000000000,-0.0243838,0.00583446]
2024-11-30 17:47:34,511 - DEBUG - vna - Raw data received: ['0,-0.00926957,0.167572', '60606060,-7.77323e-06,1.93162e-05', '121212121,-3.59638e-05,1.74952e-05', '181818181,3.13897e-05,4.92281e-05', '242424242,7.19481e-06,-3.01257e-06']...
2024-11-30 17:47:34,512 - INFO - vna - Collecting S11 data...
2024-11-30 17:47:34,512 - DEBUG - vna - Sending query: VNA:TRACe:DATA? S11
2024-11-30 17:47:34,513 - DEBUG - vna - Received response: [0,-0.33159,-0.364399],[60606060,-0.660115,0.0856981],[121212121,-0.644211,0.213341],[181818181,-0.608573,0.341565],[242424242,-0.549616,0.473267],[303030303,-0.44851,0.604456],[363636363,-0.311789,0.706506],[424242424,-0.130375,0.778093],[484848484,0.0517136,0.799771],[545454545,0.236971,0.76801],[606060606,0.397216,0.691191],[666666666,0.545486,0.591823],[727272727,0.67177,0.445999],[787878787,0.765827,0.290039],[848484848,0.822061,0.11635],[909090909,0.834657,-0.0830235],[969696969,0.788186,-0.292116],[1030303030,0.66927,-0.496134],[1090909090,0.494267,-0.642742],[1151515151,0.305342,-0.719659],[1212121212,0.117578,-0.748016],[1272727272,-0.0703973,-0.731277],[1333333333,-0.232815,-0.686851],[1393939393,-0.376121,-0.608536],[1454545454,-0.509424,-0.510481],[1515151515,-0.631557,-0.384746],[1575757575,-0.722918,-0.21457],[1636363636,-0.765244,-0.0270883],[1696969696,-0.749515,0.183762],[1757575757,-0.664246,0.387116],[1818181818,-0.530663,0.541212],[1878787878,-0.390457,0.634822],[1939393939,-0.240847,0.698757],[2000000000,-0.0861191,0.73412],[2060606060,0.0722564,0.729648],[2121212121,0.233807,0.705108],[2181818181,0.394794,0.632272],[2242424242,0.543679,0.518347],[2303030303,0.651561,0.354338],[2363636363,0.700353,0.171218],[2424242424,0.69164,0.00740077],[2484848484,0.648434,-0.12224],[2545454545,0.592718,-0.209823],[2606060606,0.538255,-0.280589],[2666666666,0.472322,-0.344918],[2727272727,0.403951,-0.406846],[2787878787,0.335647,-0.46884],[2848484848,0.24695,-0.523048],[2909090909,0.139843,-0.580392],[2969696969,-0.00185439,-0.609919],[3030303030,-0.15613,-0.601576],[3090909090,-0.321527,-0.537015],[3151515151,-0.471716,-0.40657],[3212121212,-0.556106,-0.222972],[3272727272,-0.570938,-0.0464323],[3333333333,-0.537937,0.107361],[3393939393,-0.468783,0.24281],[3454545454,-0.372983,0.352635],[3515151515,-0.275063,0.417887],[3575757575,-0.159644,0.460535],[3636363636,-0.0414515,0.471601],[3696969696,0.069798,0.443077],[3757575757,0.153722,0.393991],[3818181818,0.221899,0.331861],[3878787878,0.262572,0.262733],[3939393939,0.290659,0.200929],[4000000000,0.307232,0.140021],[4060606060,0.317526,0.0871875],[4121212121,0.320556,0.0504546],[4181818181,0.322534,0.0486228],[4242424242,0.331522,0.0137354],[4303030303,0.338812,-0.0388853],[4363636363,0.339364,-0.0950557],[4424242424,0.329733,-0.156757],[4484848484,0.30942,-0.217861],[4545454545,0.273654,-0.272902],[4606060606,0.20074,-0.338912],[4666666666,0.1056,-0.381182],[4727272727,-0.0181915,-0.399444],[4787878787,-0.146669,-0.368997],[4848484848,-0.268893,-0.296263],[4909090909,-0.346782,-0.190895],[4969696969,-0.376232,-0.0921359],[5030303030,-0.379045,0.0561078],[5090909090,-0.312576,0.205847],[5151515151,-0.201212,0.294914],[5212121212,-0.0777109,0.329981],[5272727272,0.046412,0.32148],[5333333333,0.164061,0.268386],[5393939393,0.235332,0.205969],[5454545454,0.270662,0.149803],[5515151515,0.294701,0.0924644],[5575757575,0.308053,0.0195892],[5636363636,0.310046,-0.0268017],[5696969696,0.30603,-0.0549047],[5757575757,0.287559,-0.104762],[5818181818,0.251823,-0.163887],[5878787878,0.201152,-0.210544],[5939393939,0.157189,-0.234165],[6000000000,0.108959,-0.254588]
2024-11-30 17:47:34,513 - DEBUG - vna - Raw data received: ['0,-0.33159,-0.364399', '60606060,-0.660115,0.0856981', '121212121,-0.644211,0.213341', '181818181,-0.608573,0.341565', '242424242,-0.549616,0.473267']...
2024-11-30 17:47:34,513 - INFO - vna - Collecting S12 data...
2024-11-30 17:47:34,513 - DEBUG - vna - Sending query: VNA:TRACe:DATA? S12
2024-11-30 17:47:34,514 - DEBUG - vna - Received response: [0,-0.322962,-0.362532],[60606060,-3.61725e-06,-2.14331e-05],[121212121,-1.86284e-05,3.88392e-05],[181818181,3.1601e-05,-2.33585e-05],[242424242,7.24882e-06,7.61501e-05],[303030303,3.50327e-05,-6.82236e-05],[363636363,3.33907e-06,1.4188e-05],[424242424,-0.000191571,-5.90517e-05],[484848484,0.00012316,5.09252e-05],[545454545,8.82598e-05,4.3815e-05],[606060606,5.03219e-05,2.07143e-05],[666666666,3.53075e-05,-6.74582e-05],[727272727,1.72778e-05,-3.69019e-05],[787878787,1.45054e-05,-6.04852e-05],[848484848,-9.24374e-05,-0.000100629],[909090909,-9.76407e-05,-4.13672e-05],[969696969,-0.000132849,8.18555e-05],[1030303030,-8.38469e-05,0.000220125],[1090909090,0.000108403,0.00017102],[1151515151,0.000108601,4.57341e-05],[1212121212,8.5756e-07,4.59755e-06],[1272727272,3.79193e-05,-5.04415e-05],[1333333333,-0.000345376,-5.58559e-05],[1393939393,0.000375413,0.000100271],[1454545454,0.000298574,-0.00010656],[1515151515,0.000258241,-0.000192359],[1575757575,0.000112297,-0.000395593],[1636363636,-0.000178059,-0.00051548],[1696969696,-0.000472535,-0.000389485],[1757575757,-0.000662274,-9.57668e-05],[1818181818,-0.000551041,0.000164444],[1878787878,-0.00047567,0.000442905],[1939393939,-0.000304047,0.000670711],[2000000000,-5.74587e-05,0.000777352],[2060606060,0.000410603,0.000791975],[2121212121,0.000929311,0.000697799],[2181818181,0.00123105,0.000253154],[2242424242,0.0018586,-0.000895306],[2303030303,-0.00074249,-0.000570326],[2363636363,-2.56391e-06,-0.000327723],[2424242424,6.85478e-05,-0.000678127],[2484848484,-0.000364466,-0.00110393],[2545454545,-0.000958493,-0.00087445],[2606060606,-0.00176604,-0.000487618],[2666666666,-0.00193061,0.00059361],[2727272727,-0.00129705,0.00173509],[2787878787,-0.000312247,0.0019301],[2848484848,0.000444703,0.0017108],[2909090909,0.00100852,0.00154813],[2969696969,0.00159951,0.00132398],[3030303030,0.00254308,0.000812303],[3090909090,0.00384347,-0.000484117],[3151515151,0.00417497,-0.0054382],[3212121212,-0.00542916,-0.00425871],[3272727272,-0.0028809,0.000767026],[3333333333,-0.00110142,-0.000113866],[3393939393,-0.00200381,-0.00031665],[3454545454,-0.00228362,0.00080579],[3515151515,-0.00182285,0.00157819],[3575757575,-0.00138579,0.00229984],[3636363636,-0.000607135,0.003024],[3696969696,0.000396563,0.00335392],[3757575757,0.00208388,0.00363326],[3818181818,0.00442521,0.00289407],[3878787878,0.00640949,0.000177393],[3939393939,0.00599968,-0.00393939],[4000000000,0.00295717,-0.00735274],[4060606060,-0.00181702,-0.00870135],[4121212121,-0.00758138,-0.00614814],[4181818181,-0.00814394,-1.66903e-05],[4242424242,-0.00411095,0.00292768],[4303030303,-0.00187512,0.00144078],[4363636363,-0.00356686,0.00145516],[4424242424,-0.00343243,0.00348819],[4484848484,-0.00242627,0.00498861],[4545454545,-0.000983218,0.00661083],[4606060606,0.00173189,0.00814624],[4666666666,0.00690853,0.00874614],[4727272727,0.0151735,0.00462208],[4787878787,0.0177591,-0.0108072],[4848484848,0.00163925,-0.0203889],[4909090909,-0.0100145,-0.0136205],[4969696969,-0.0125225,-0.00636906],[5030303030,-0.0128059,0.000118824],[5090909090,-0.0110024,0.00654411],[5151515151,-0.00649665,0.0123937],[5212121212,0.00496698,0.0135349],[5272727272,0.00566638,0.00411199],[5333333333,0.00594162,0.00698119],[5393939393,0.015815,0.00532081],[5454545454,0.0187518,-0.0103785],[5515151515,0.00645203,-0.0182009],[5575757575,-0.00347486,-0.0163006],[5636363636,-0.00844448,-0.0128884],[5696969696,-0.0107785,-0.010322],[5757575757,-0.0138934,-0.00666596],[5818181818,-0.0174886,-0.000874528],[5878787878,-0.0190709,0.00888781],[5939393939,-0.0141677,0.021494],[6000000000,0.00271288,0.0277825]
2024-11-30 17:47:34,514 - DEBUG - vna - Raw data received: ['0,-0.322962,-0.362532', '60606060,-3.61725e-06,-2.14331e-05', '121212121,-1.86284e-05,3.88392e-05', '181818181,3.1601e-05,-2.33585e-05', '242424242,7.24882e-06,7.61501e-05']...
2024-11-30 17:47:34,514 - INFO - vna - Collecting S22 data...
2024-11-30 17:47:34,514 - DEBUG - vna - Sending query: VNA:TRACe:DATA? S22
2024-11-30 17:47:34,515 - DEBUG - vna - Received response: [0,-0.00677798,0.16373],[60606060,0.490952,-0.435114],[121212121,-0.102822,-0.704117],[181818181,-0.703759,-0.277105],[242424242,-0.574043,0.487394],[303030303,0.119642,0.693252],[363636363,0.599604,0.275102],[424242424,0.477798,-0.367981],[484848484,0.32792,-0.531061],[545454545,-0.269383,-0.596961],[606060606,-0.649133,-0.176809],[666666666,-0.553655,0.3979],[727272727,-0.0146655,0.699463],[787878787,0.583551,0.432497],[848484848,0.696682,-0.305193],[909090909,-0.0532178,-0.753616],[969696969,-0.676009,-0.166404],[1030303030,-0.386348,0.490008],[1090909090,0.176867,0.564246],[1151515151,0.541048,0.23619],[1212121212,0.554958,-0.242642],[1272727272,0.215422,-0.582166],[1333333333,-0.284808,-0.555014],[1393939393,-0.568721,-0.237682],[1454545454,-0.550074,0.269884],[1515151515,-0.135397,0.594087],[1575757575,0.432195,0.436683],[1636363636,0.581529,-0.208569],[1696969696,-0.020505,-0.591443],[1757575757,-0.518109,-0.184958],[1818181818,-0.406627,0.328656],[1878787878,0.00176021,0.524022],[1939393939,0.418811,0.34266],[2000000000,0.552685,-0.106441],[2060606060,0.255247,-0.522577],[2121212121,-0.284609,-0.505271],[2181818181,-0.556465,-0.0512738],[2242424242,-0.311605,0.41695],[2303030303,0.0460879,0.504075],[2363636363,0.497731,0.262633],[2424242424,0.515816,-0.266114],[2484848484,0.0640946,-0.56936],[2545454545,-0.436146,-0.326175],[2606060606,-0.428441,0.233118],[2666666666,0.0830102,0.402646],[2727272727,0.343331,0.0217031],[2787878787,0.139354,-0.269769],[2848484848,-0.131353,-0.263474],[2909090909,-0.284068,-0.0925941],[2969696969,-0.294034,0.102051],[3030303030,-0.18894,0.270991],[3090909090,0.0385854,0.35632],[3151515151,0.308486,0.124139],[3212121212,0.0666727,0.069205],[3272727272,0.318388,-0.085204],[3333333333,-0.0976156,-0.352054],[3393939393,-0.242928,0.141835],[3454545454,0.126393,0.239907],[3515151515,0.309186,0.00846619],[3575757575,0.248383,-0.249897],[3636363636,0.0222735,-0.391118],[3696969696,-0.255011,-0.328751],[3757575757,-0.434592,-0.0565492],[3818181818,-0.310581,0.301016],[3878787878,0.0955982,0.366884],[3939393939,0.274232,0.0240583],[4000000000,0.0352534,-0.201025],[4060606060,-0.218686,-0.0399714],[4121212121,-0.0867873,0.255698],[4181818181,0.189018,0.104555],[4242424242,0.00246283,-0.09681],[4303030303,-0.0726121,0.191893],[4363636363,0.296303,0.0761139],[4424242424,0.175099,-0.231001],[4484848484,-0.0719732,-0.260097],[4545454545,-0.22742,-0.125421],[4606060606,-0.245893,0.0802797],[4666666666,-0.0964508,0.24129],[4727272727,0.169177,0.192046],[4787878787,0.17446,-0.139913],[4848484848,-0.165271,-0.10585],[4909090909,-0.121308,0.172359],[4969696969,0.106654,0.200559],[5030303030,0.234705,0.0409032],[5090909090,0.187242,-0.155848],[5151515151,-0.00833024,-0.232819],[5212121212,-0.112758,-0.0610933],[5272727272,-0.0606229,-0.135153],[5333333333,-0.235097,-0.0260152],[5393939393,-0.111417,0.197088],[5454545454,0.119585,0.0308549],[5515151515,-0.0690836,-0.133013],[5575757575,-0.222581,0.00740334],[5636363636,-0.198728,0.17963],[5696969696,-0.0906956,0.280858],[5757575757,0.0619558,0.295774],[5818181818,0.209484,0.200919],[5878787878,0.251514,-0.0124066],[5939393939,0.072833,-0.151957],[6000000000,-0.0505792,-0.0118326]
2024-11-30 17:47:34,515 - DEBUG - vna - Raw data received: ['0,-0.00677798,0.16373', '60606060,0.490952,-0.435114', '121212121,-0.102822,-0.704117', '181818181,-0.703759,-0.277105', '242424242,-0.574043,0.487394']...
2024-11-30 17:47:34,515 - INFO - vna - Saving raw data to Raw_datalog/2024-11-30_17-47-34_chem_PFOA_conc_365_exp_1.csv...
2024-11-30 17:47:34,517 - INFO - vna - Raw data saved successfully.
2024-11-30 17:47:34,524 - INFO - processing_manager - Baseline data loaded successfully.
2024-11-30 17:47:34,524 - INFO - processing_manager - Starting processing and saving...
2024-11-30 17:47:34,525 - INFO - processing_manager - Starting preprocessing...
2024-11-30 17:47:34,534 - INFO - feature_engineering - Magnitude and phase calculated.
2024-11-30 17:47:34,534 - INFO - processing_manager - Applying baseline correction...
2024-11-30 17:47:34,540 - INFO - processing_manager - Baseline correction applied.
2024-11-30 17:47:34,543 - INFO - feature_engineering - Phase unwrapping applied.
2024-11-30 17:47:34,550 - INFO - feature_engineering - Impedance calculated.
2024-11-30 17:47:34,560 - INFO - feature_engineering - Resistance, capacitance, and inductance calculated.
2024-11-30 17:47:34,562 - INFO - feature_engineering - Q-factor calculated.
2024-11-30 17:47:34,567 - INFO - feature_engineering - Skin depth calculated.
2024-11-30 17:47:34,569 - INFO - feature_engineering - Loss tangent calculated.
2024-11-30 17:47:34,569 - INFO - feature_engineering - Calculating effective dielectric constant (E_r)...
2024-11-30 17:47:34,575 - INFO - feature_engineering - Effective dielectric constant calculated.
2024-11-30 17:47:34,575 - INFO - processing_manager - Preprocessing completed successfully.
2024-11-30 17:47:34,591 - INFO - processing_manager - Processed data saved to processed_data/processed_data.csv.
2024-11-30 17:47:35,427 - INFO - processing_manager - Processed data appended to data/data.h5.
2024-11-30 17:47:35,450 - INFO - processing_manager - Processing and saving completed successfully.
2024-11-30 17:47:35,453 - INFO - vna - Data preprocessing completed and saved successfully.
2024-11-30 17:47:35,453 - INFO - vna - VNA connection closed.
2024-11-30 17:47:35,454 - INFO - vna - VNA connection closed.
2024-11-30 17:47:35,454 - DEBUG - process - Sampling process completed and VNA sweep finished.
2024-11-30 17:47:35,454 - DEBUG - process - Starting flush process...
2024-11-30 17:47:36,455 - DEBUG - process - Flush process completed.
2024-11-30 17:47:36,900 - INFO - combo_gui - Completed Experiment 1.
