2024-11-30 17:47:30,402 - DEBUG - flow_control - Flow control thread initialized.
2024-11-30 17:47:30,402 - INFO - flow - Starting continuous measurement...
2024-11-30 17:47:30,403 - INFO - flow_control - Flow measurement started successfully.
2024-11-30 17:47:30,404 - DEBUG - flow_control - Reading flow...
2024-11-30 17:47:30,404 - DEBUG - valve - Controlling valve mode: flush_flow
2024-11-30 17:47:30,404 - DEBUG - valve - Switching to clean flow...
2024-11-30 17:47:30,405 - DEBUG - valve - Valve 1 (Pin 1): LOW, Valve 2 (Pin 2): HIGH
2024-11-30 17:47:30,405 - DEBUG - valve - Switched to flush flow
2024-11-30 17:47:30,405 - DEBUG - flow - Raw sensor data: [11, 227, 9]
2024-11-30 17:47:30,405 - DEBUG - flow_control - Current flow: 0.3043, Current voltage: 0
2024-11-30 17:47:30,405 - DEBUG - valve - Controlling valve mode: flush_flow
2024-11-30 17:47:30,405 - DEBUG - valve - Switching to clean flow...
2024-11-30 17:47:30,406 - DEBUG - valve - Valve 1 (Pin 1): LOW, Valve 2 (Pin 2): HIGH
2024-11-30 17:47:30,406 - DEBUG - valve - Switched to flush flow
2024-11-30 17:47:30,406 - INFO - flow_control - Valve Mode: flush_flow, Target Flow Rate: 1.000 ml/min, Flow Rate: 0.304 ml/min, Voltage: 13.9 V, Adjustment: 13.9 V
2024-11-30 17:47:31,445 - DEBUG - valve - Controlling valve mode: homogenization_flow
2024-11-30 17:47:31,446 - DEBUG - valve - Switching to homogenization flow...
2024-11-30 17:47:31,446 - DEBUG - valve - Valve 1 (Pin 1): LOW, Valve 2 (Pin 2): LOW
2024-11-30 17:47:31,446 - DEBUG - valve - Switched to homogenization flow
2024-11-30 17:47:31,915 - DEBUG - flow_control - Reading flow...
2024-11-30 17:47:31,916 - DEBUG - flow - Raw sensor data: [0, 131, 168]
2024-11-30 17:47:31,917 - DEBUG - flow_control - Current flow: 0.0131, Current voltage: 13.914
2024-11-30 17:47:31,917 - DEBUG - valve - Controlling valve mode: homogenization_flow
2024-11-30 17:47:31,917 - DEBUG - valve - Switching to homogenization flow...
2024-11-30 17:47:31,917 - DEBUG - valve - Valve 1 (Pin 1): LOW, Valve 2 (Pin 2): LOW
2024-11-30 17:47:31,918 - DEBUG - valve - Switched to homogenization flow
2024-11-30 17:47:31,918 - INFO - flow_control - Valve Mode: homogenization_flow, Target Flow Rate: 1.000 ml/min, Flow Rate: 0.013 ml/min, Voltage: 33.7 V, Adjustment: 19.7 V
2024-11-30 17:47:32,448 - DEBUG - valve - Controlling valve mode: sample_flow
2024-11-30 17:47:32,448 - DEBUG - valve - Switching to sample flow...
2024-11-30 17:47:32,448 - DEBUG - valve - Valve 1 (Pin 1): HIGH, Valve 2 (Pin 2): LOW
2024-11-30 17:47:32,448 - DEBUG - valve - Switched to sample flow
2024-11-30 17:47:33,424 - DEBUG - flow_control - Reading flow...
2024-11-30 17:47:33,425 - DEBUG - flow - Raw sensor data: [13, 177, 79]
2024-11-30 17:47:33,426 - DEBUG - flow_control - Current flow: 0.3505, Current voltage: 33.652
2024-11-30 17:47:33,426 - DEBUG - valve - Controlling valve mode: sample_flow
2024-11-30 17:47:33,426 - DEBUG - valve - Switching to sample flow...
2024-11-30 17:47:33,426 - DEBUG - valve - Valve 1 (Pin 1): HIGH, Valve 2 (Pin 2): LOW
2024-11-30 17:47:33,426 - DEBUG - valve - Switched to sample flow
2024-11-30 17:47:33,426 - INFO - flow_control - Valve Mode: sample_flow, Target Flow Rate: 0.400 ml/min, Flow Rate: 0.350 ml/min, Voltage: 33.7 V, Adjustment: 0.0 V
2024-11-30 17:47:34,935 - DEBUG - flow_control - Reading flow...
2024-11-30 17:47:34,942 - DEBUG - flow - Raw sensor data: [14, 64, 209]
2024-11-30 17:47:34,943 - DEBUG - flow_control - Current flow: 0.3648, Current voltage: 33.652
2024-11-30 17:47:34,944 - DEBUG - valve - Controlling valve mode: sample_flow
2024-11-30 17:47:34,944 - DEBUG - valve - Switching to sample flow...
2024-11-30 17:47:34,952 - DEBUG - valve - Valve 1 (Pin 1): HIGH, Valve 2 (Pin 2): LOW
2024-11-30 17:47:34,953 - DEBUG - valve - Switched to sample flow
2024-11-30 17:47:34,953 - INFO - flow_control - Valve Mode: sample_flow, Target Flow Rate: 0.400 ml/min, Flow Rate: 0.365 ml/min, Voltage: 33.7 V, Adjustment: 0.0 V
2024-11-30 17:47:35,454 - DEBUG - valve - Controlling valve mode: flush_flow
2024-11-30 17:47:35,455 - DEBUG - valve - Switching to clean flow...
2024-11-30 17:47:35,455 - DEBUG - valve - Valve 1 (Pin 1): LOW, Valve 2 (Pin 2): HIGH
2024-11-30 17:47:35,455 - DEBUG - valve - Switched to flush flow
2024-11-30 17:47:36,494 - INFO - flow_control - Terminating flow control thread.
