2024-11-30 17:35:13,530 - INFO - combo_gui - Starting Experiment 1...
2024-11-30 17:35:13,534 - DEBUG - process - Starting flush process...
2024-11-30 17:35:14,535 - DEBUG - process - Flush process completed.
2024-11-30 17:35:14,536 - DEBUG - process - Starting homogenization process...
2024-11-30 17:35:15,537 - DEBUG - process - Homogenization process completed.
2024-11-30 17:35:15,538 - DEBUG - process - Starting sampling process...
2024-11-30 17:35:15,550 - INFO - process - Starting VNA sweep...
2024-11-30 17:35:15,550 - INFO - vna - Attempting to connect to LibreVNA...
2024-11-30 17:35:15,551 - INFO - vna - Connected to LibreVNA.
2024-11-30 17:35:15,551 - DEBUG - vna - Sending command: VNA:ACQuisition:IFBW 10000
2024-11-30 17:35:15,551 - DEBUG - vna - Sending command: VNA:ACQuisition:POINTS 100
2024-11-30 17:35:15,551 - DEBUG - vna - Sending command: VNA:FREQuency:START 0
2024-11-30 17:35:15,551 - DEBUG - vna - Sending command: VNA:FREQuency:STOP 6000000000.0
2024-11-30 17:35:15,551 - INFO - vna - Starting sweep...
2024-11-30 17:35:15,551 - DEBUG - vna - Sending command: VNA:ACQuisition:RUN
2024-11-30 17:35:15,552 - INFO - vna - Waiting for sweep to complete...
2024-11-30 17:35:15,552 - DEBUG - vna - Sending query: *OPC?
2024-11-30 17:35:15,610 - DEBUG - vna - Received response: 1
2024-11-30 17:35:15,610 - INFO - vna - Sweep completed successfully.
2024-11-30 17:35:15,610 - INFO - vna - Waiting 2 seconds post-sweep to fetch data...
2024-11-30 17:35:17,611 - INFO - vna - Fetching selected S-parameter data...
2024-11-30 17:35:17,611 - INFO - vna - Collecting S21 data...
2024-11-30 17:35:17,611 - DEBUG - vna - Sending query: VNA:TRACe:DATA? S21
2024-11-30 17:35:17,612 - DEBUG - vna - Received response: [0,-0.00525794,0.17376],[60606060,-2.39969e-06,-1.32588e-06],[121212121,-1.95293e-05,2.57087e-06],[181818181,4.16393e-05,-1.27354e-05],[242424242,2.98379e-05,6.64829e-05],[303030303,-1.88041e-05,-7.45476e-06],[363636363,4.31728e-05,-2.76239e-05],[424242424,0.000104065,-0.000265615],[484848484,-5.39277e-05,0.000204038],[545454545,1.63191e-05,1.62667e-05],[606060606,9.71792e-05,5.10756e-05],[666666666,9.15172e-05,-2.03699e-05],[727272727,5.09502e-05,-6.92191e-05],[787878787,3.51062e-05,-0.000150106],[848484848,-8.61207e-05,-5.12416e-05],[909090909,-0.000206847,-6.46916e-05],[969696969,2.78525e-05,0.000107442],[1030303030,0.000165106,9.01977e-05],[1090909090,0.000119469,-4.12879e-05],[1151515151,7.74953e-05,-0.000100174],[1212121212,-6.36013e-05,-0.000107297],[1272727272,-5.55828e-05,4.26444e-07],[1333333333,0.0002133,6.01853e-05],[1393939393,-0.000395813,-0.000204745],[1454545454,-0.000242403,0.000124864],[1515151515,-0.000166833,0.000302188],[1575757575,0.000140326,0.000454649],[1636363636,0.000472709,0.000218664],[1696969696,0.000558854,-0.000402866],[1757575757,5.74525e-05,-0.000731598],[1818181818,-0.000302632,-0.000450379],[1878787878,-0.00060384,-0.000130962],[1939393939,-0.000682732,0.000339864],[2000000000,-0.000295441,0.000622026],[2060606060,8.68535e-05,0.00080138],[2121212121,0.000799797,0.000639608],[2181818181,0.00132573,-0.000211081],[2242424242,0.00103881,-0.00185896],[2303030303,-0.00110549,0.000258188],[2363636363,-0.000252826,-0.000125791],[2424242424,-0.000637138,-0.000202905],[2484848484,-0.000847672,0.000433382],[2545454545,-0.000514138,0.00130594],[2606060606,0.000591224,0.00136955],[2666666666,0.00172814,0.000431616],[2727272727,0.00148272,-0.000977398],[2787878787,0.000315585,-0.00168497],[2848484848,-0.00071256,-0.00154556],[2909090909,-0.00158669,-0.000967376],[2969696969,-0.00216029,8.45689e-06],[3030303030,-0.00235988,0.001539],[3090909090,-0.00124504,0.00404434],[3151515151,0.00541218,0.00519444],[3212121212,0.00353192,-0.00673729],[3272727272,-0.0022118,-0.00217152],[3333333333,-0.000760871,-0.000795713],[3393939393,-0.00197628,-0.00115119],[3454545454,-0.00265437,0.000585591],[3515151515,-0.00167634,0.00220845],[3575757575,-2.41964e-05,0.00316795],[3636363636,0.00195868,0.00282769],[3696969696,0.00380853,0.00118727],[3757575757,0.00421295,-0.00186756],[3818181818,0.00208483,-0.00510394],[3878787878,-0.00267545,-0.005636],[3939393939,-0.00638469,-0.00220059],[4000000000,-0.00666045,0.0030893],[4060606060,-0.00278602,0.0075597],[4121212121,0.00409589,0.00738443],[4181818181,0.00701127,0.00189678],[4242424242,0.00413848,-0.00233047],[4303030303,0.00170205,-0.00153238],[4363636363,0.00268154,-0.0023657],[4424242424,0.000896538,-0.00477081],[4484848484,-0.00249081,-0.00510387],[4545454545,-0.00591245,-0.00323085],[4606060606,-0.0083563,0.00123638],[4666666666,-0.00744973,0.0083381],[4727272727,0.00200639,0.0158149],[4787878787,0.0203037,0.00750143],[4848484848,0.0143279,-0.0164838],[4909090909,-0.00543309,-0.0170322],[4969696969,-0.0142042,-0.00541761],[5030303030,-0.0126116,0.00654731],[5090909090,-0.00278343,0.0140383],[5151515151,0.0106883,0.0110581],[5212121212,0.0144189,-0.0057453],[5272727272,0.00229671,-0.00707192],[5333333333,0.00289484,-0.00870563],[5393939393,-0.00602156,-0.01501],[5454545454,-0.0208183,-0.00274667],[5515151515,-0.0124105,0.0142603],[5575757575,0.00120548,0.0160621],[5636363636,0.00900305,0.0114994],[5696969696,0.0132252,0.00592679],[5757575757,0.0152305,-0.00140034],[5818181818,0.0133173,-0.0107261],[5878787878,0.0021854,-0.0202818],[5939393939,-0.0183228,-0.0153135],[6000000000,-0.0244751,0.00589931]
2024-11-30 17:35:17,613 - DEBUG - vna - Raw data received: ['0,-0.00525794,0.17376', '60606060,-2.39969e-06,-1.32588e-06', '121212121,-1.95293e-05,2.57087e-06', '181818181,4.16393e-05,-1.27354e-05', '242424242,2.98379e-05,6.64829e-05']...
2024-11-30 17:35:17,613 - INFO - vna - Collecting S11 data...
2024-11-30 17:35:17,613 - DEBUG - vna - Sending query: VNA:TRACe:DATA? S11
2024-11-30 17:35:17,614 - DEBUG - vna - Received response: [0,-0.328827,-0.362495],[60606060,-0.660437,0.0856869],[121212121,-0.642273,0.212059],[181818181,-0.609343,0.341609],[242424242,-0.545611,0.470958],[303030303,-0.445642,0.602438],[363636363,-0.307391,0.706534],[424242424,-0.132668,0.782579],[484848484,0.0448127,0.79563],[545454545,0.230678,0.764048],[606060606,0.4032,0.693298],[666666666,0.541281,0.591655],[727272727,0.670512,0.446797],[787878787,0.766544,0.290186],[848484848,0.82227,0.117432],[909090909,0.834622,-0.081695],[969696969,0.786911,-0.292012],[1030303030,0.672147,-0.494922],[1090909090,0.500585,-0.640341],[1151515151,0.302505,-0.72259],[1212121212,0.112491,-0.744647],[1272727272,-0.0686614,-0.729665],[1333333333,-0.232597,-0.686922],[1393939393,-0.380705,-0.612867],[1454545454,-0.512965,-0.511962],[1515151515,-0.627494,-0.382516],[1575757575,-0.720663,-0.215544],[1636363636,-0.765045,-0.0270637],[1696969696,-0.74956,0.181492],[1757575757,-0.659335,0.389758],[1818181818,-0.535796,0.537431],[1878787878,-0.389285,0.633903],[1939393939,-0.240997,0.69942],[2000000000,-0.0896374,0.727169],[2060606060,0.0714378,0.730242],[2121212121,0.234142,0.706619],[2181818181,0.391832,0.634956],[2242424242,0.541368,0.51832],[2303030303,0.650253,0.35276],[2363636363,0.699496,0.171146],[2424242424,0.691038,0.00726444],[2484848484,0.647777,-0.120662],[2545454545,0.593376,-0.21025],[2606060606,0.537666,-0.280031],[2666666666,0.471232,-0.348526],[2727272727,0.406001,-0.408161],[2787878787,0.331658,-0.465212],[2848484848,0.245585,-0.528519],[2909090909,0.141169,-0.581438],[2969696969,-0.00628623,-0.608927],[3030303030,-0.157979,-0.60302],[3090909090,-0.322004,-0.540282],[3151515151,-0.469875,-0.407294],[3212121212,-0.555751,-0.224278],[3272727272,-0.570269,-0.0465611],[3333333333,-0.53821,0.108406],[3393939393,-0.470527,0.242533],[3454545454,-0.376089,0.351085],[3515151515,-0.27962,0.417679],[3575757575,-0.160836,0.466591],[3636363636,-0.0430576,0.470436],[3696969696,0.0677922,0.446406],[3757575757,0.155895,0.395525],[3818181818,0.219335,0.330562],[3878787878,0.262968,0.265595],[3939393939,0.290301,0.19907],[4000000000,0.307676,0.139887],[4060606060,0.317534,0.0862273],[4121212121,0.320711,0.050303],[4181818181,0.322841,0.0485694],[4242424242,0.331343,0.0138135],[4303030303,0.338262,-0.0393264],[4363636363,0.340086,-0.0952357],[4424242424,0.329998,-0.156952],[4484848484,0.309425,-0.215262],[4545454545,0.273271,-0.274509],[4606060606,0.200356,-0.340716],[4666666666,0.105522,-0.382365],[4727272727,-0.0197152,-0.398709],[4787878787,-0.150386,-0.370885],[4848484848,-0.266545,-0.297051],[4909090909,-0.34471,-0.190939],[4969696969,-0.376199,-0.0926873],[5030303030,-0.379459,0.0554971],[5090909090,-0.313757,0.20628],[5151515151,-0.199373,0.292401],[5212121212,-0.0786649,0.328378],[5272727272,0.0456179,0.318861],[5333333333,0.167752,0.267578],[5393939393,0.233161,0.203186],[5454545454,0.270084,0.148964],[5515151515,0.295292,0.0921667],[5575757575,0.307994,0.0200343],[5636363636,0.310186,-0.0267224],[5696969696,0.305672,-0.0553542],[5757575757,0.286864,-0.106067],[5818181818,0.252122,-0.163786],[5878787878,0.203138,-0.213014],[5939393939,0.157119,-0.237824],[6000000000,0.11048,-0.256622]
2024-11-30 17:35:17,614 - DEBUG - vna - Raw data received: ['0,-0.328827,-0.362495', '60606060,-0.660437,0.0856869', '121212121,-0.642273,0.212059', '181818181,-0.609343,0.341609', '242424242,-0.545611,0.470958']...
2024-11-30 17:35:17,614 - INFO - vna - Collecting S12 data...
2024-11-30 17:35:17,614 - DEBUG - vna - Sending query: VNA:TRACe:DATA? S12
2024-11-30 17:35:17,615 - DEBUG - vna - Received response: [0,-0.321626,-0.362542],[60606060,2.26148e-05,-8.40257e-06],[121212121,-3.02604e-05,1.50667e-05],[181818181,4.46347e-05,7.57909e-05],[242424242,-3.61601e-05,8.05143e-05],[303030303,-2.89823e-05,-6.10361e-05],[363636363,2.33354e-05,6.57297e-07],[424242424,-0.000140087,-2.08803e-05],[484848484,0.000181439,0.0002032],[545454545,0.000127395,-8.63585e-06],[606060606,7.17306e-05,6.92235e-06],[666666666,-1.2503e-05,-3.40728e-05],[727272727,7.08775e-05,-2.05336e-05],[787878787,-6.41427e-06,-0.00014578],[848484848,-4.71514e-05,-8.15074e-05],[909090909,-0.000156457,-3.77609e-05],[969696969,-0.000206445,9.4188e-05],[1030303030,-7.14838e-05,0.000150091],[1090909090,1.15166e-05,9.12546e-05],[1151515151,6.90388e-05,-1.23096e-06],[1212121212,9.24724e-05,4.55935e-05],[1272727272,-3.54633e-06,-4.15936e-05],[1333333333,-0.000318112,-1.95556e-05],[1393939393,0.000434397,0.000153851],[1454545454,0.000291445,-0.000131652],[1515151515,0.000308754,-0.000199921],[1575757575,0.000148651,-0.000460756],[1636363636,-5.21331e-05,-0.000474067],[1696969696,-0.000417403,-0.000498511],[1757575757,-0.000570196,-0.000134549],[1818181818,-0.000558186,0.000266346],[1878787878,-0.000460513,0.000447329],[1939393939,-0.000263334,0.000650021],[2000000000,-7.2684e-05,0.000823992],[2060606060,0.000295712,0.000913398],[2121212121,0.000861285,0.000682523],[2181818181,0.00134681,0.000244748],[2242424242,0.00194019,-0.00105493],[2303030303,-0.000868759,-0.000616076],[2363636363,1.02721e-06,-0.000397199],[2424242424,-2.74375e-05,-0.000667718],[2484848484,-0.000446872,-0.00103435],[2545454545,-0.000956955,-0.000947315],[2606060606,-0.0016322,-0.00049716],[2666666666,-0.00201228,0.000629374],[2727272727,-0.0012967,0.00176298],[2787878787,-0.000239223,0.00201962],[2848484848,0.00053454,0.00179662],[2909090909,0.00106309,0.00153206],[2969696969,0.00168251,0.0012856],[3030303030,0.00247208,0.000836417],[3090909090,0.0037953,-0.000500222],[3151515151,0.00407289,-0.0054588],[3212121212,-0.00545931,-0.00428224],[3272727272,-0.00286304,0.00078819],[3333333333,-0.000895442,-0.000118187],[3393939393,-0.00201828,-0.000378006],[3454545454,-0.00238447,0.000858103],[3515151515,-0.00189027,0.00165209],[3575757575,-0.0012595,0.00229986],[3636363636,-0.000597719,0.00299327],[3696969696,0.000391099,0.00331752],[3757575757,0.00209348,0.0036344],[3818181818,0.00437048,0.00299692],[3878787878,0.0063644,0.000187829],[3939393939,0.00609241,-0.00401597],[4000000000,0.00305788,-0.00731004],[4060606060,-0.00178942,-0.0087263],[4121212121,-0.00759365,-0.00613833],[4181818181,-0.00816369,-5.44786e-05],[4242424242,-0.00404621,0.00298761],[4303030303,-0.00198336,0.00143388],[4363636363,-0.00353017,0.00154576],[4424242424,-0.00340831,0.00349858],[4484848484,-0.0024172,0.00501085],[4545454545,-0.00104883,0.00656809],[4606060606,0.00183245,0.0081582],[4666666666,0.00705561,0.00883349],[4727272727,0.0150835,0.00466983],[4787878787,0.0178788,-0.0107343],[4848484848,0.00160438,-0.0206029],[4909090909,-0.0101469,-0.0136862],[4969696969,-0.0125466,-0.00646918],[5030303030,-0.0128896,1.28493e-05],[5090909090,-0.0109843,0.00646853],[5151515151,-0.00633501,0.0125063],[5212121212,0.00477604,0.0135984],[5272727272,0.00580115,0.00409501],[5333333333,0.00593929,0.00689039],[5393939393,0.0157248,0.00530253],[5454545454,0.0188191,-0.0104074],[5515151515,0.00641872,-0.0182511],[5575757575,-0.00350869,-0.0164166],[5636363636,-0.00834979,-0.0131112],[5696969696,-0.0109079,-0.0101994],[5757575757,-0.0140418,-0.00661989],[5818181818,-0.0173561,-0.00101295],[5878787878,-0.0191317,0.00899129],[5939393939,-0.0139843,0.0215291],[6000000000,0.0031777,0.0278976]
2024-11-30 17:35:17,615 - DEBUG - vna - Raw data received: ['0,-0.321626,-0.362542', '60606060,2.26148e-05,-8.40257e-06', '121212121,-3.02604e-05,1.50667e-05', '181818181,4.46347e-05,7.57909e-05', '242424242,-3.61601e-05,8.05143e-05']...
2024-11-30 17:35:17,615 - INFO - vna - Collecting S22 data...
2024-11-30 17:35:17,616 - DEBUG - vna - Sending query: VNA:TRACe:DATA? S22
2024-11-30 17:35:17,616 - DEBUG - vna - Received response: [0,-0.00480231,0.171657],[60606060,0.491009,-0.435407],[121212121,-0.0978977,-0.69983],[181818181,-0.703001,-0.27732],[242424242,-0.577192,0.483919],[303030303,0.115949,0.690949],[363636363,0.597973,0.272525],[424242424,0.474862,-0.368077],[484848484,0.328689,-0.534975],[545454545,-0.267111,-0.602563],[606060606,-0.648441,-0.174401],[666666666,-0.552866,0.39979],[727272727,-0.0128989,0.701149],[787878787,0.582661,0.430967],[848484848,0.695956,-0.304128],[909090909,-0.0507864,-0.754054],[969696969,-0.674701,-0.165469],[1030303030,-0.386191,0.491977],[1090909090,0.174387,0.569053],[1151515151,0.540775,0.235579],[1212121212,0.555713,-0.240742],[1272727272,0.213969,-0.583841],[1333333333,-0.283108,-0.55159],[1393939393,-0.568686,-0.235008],[1454545454,-0.551221,0.268207],[1515151515,-0.136977,0.598414],[1575757575,0.434658,0.438726],[1636363636,0.581825,-0.20944],[1696969696,-0.0179414,-0.595092],[1757575757,-0.518724,-0.18372],[1818181818,-0.406434,0.33151],[1878787878,0.00193869,0.523536],[1939393939,0.418083,0.344363],[2000000000,0.554741,-0.103915],[2060606060,0.259993,-0.522644],[2121212121,-0.28474,-0.506484],[2181818181,-0.55843,-0.0547775],[2242424242,-0.313142,0.418775],[2303030303,0.0426038,0.506578],[2363636363,0.497361,0.26397],[2424242424,0.517964,-0.267985],[2484848484,0.0670043,-0.570534],[2545454545,-0.436092,-0.32733],[2606060606,-0.427418,0.233606],[2666666666,0.0860301,0.402902],[2727272727,0.346972,0.0190918],[2787878787,0.138426,-0.273582],[2848484848,-0.135242,-0.263635],[2909090909,-0.286242,-0.0918438],[2969696969,-0.294494,0.103636],[3030303030,-0.189115,0.274071],[3090909090,0.0437712,0.354621],[3151515151,0.30984,0.123304],[3212121212,0.0681647,0.0690393],[3272727272,0.318455,-0.0869885],[3333333333,-0.101691,-0.353169],[3393939393,-0.241485,0.142658],[3454545454,0.126795,0.239701],[3515151515,0.308415,0.007471],[3575757575,0.244483,-0.249102],[3636363636,0.0223048,-0.390959],[3696969696,-0.258032,-0.328137],[3757575757,-0.433676,-0.0547992],[3818181818,-0.312074,0.303868],[3878787878,0.0962748,0.364928],[3939393939,0.27385,0.0237073],[4000000000,0.0365148,-0.200534],[4060606060,-0.21831,-0.0399095],[4121212121,-0.086159,0.254582],[4181818181,0.188614,0.103442],[4242424242,0.00142303,-0.0965987],[4303030303,-0.074141,0.190172],[4363636363,0.295494,0.0763828],[4424242424,0.175027,-0.232617],[4484848484,-0.0696518,-0.259127],[4545454545,-0.226239,-0.124495],[4606060606,-0.244906,0.0805632],[4666666666,-0.0918166,0.242968],[4727272727,0.169192,0.189873],[4787878787,0.175751,-0.139365],[4848484848,-0.16569,-0.1068],[4909090909,-0.119383,0.172798],[4969696969,0.109765,0.199601],[5030303030,0.234958,0.0403755],[5090909090,0.185881,-0.155575],[5151515151,-0.0100629,-0.232805],[5212121212,-0.112395,-0.060894],[5272727272,-0.0611038,-0.134467],[5333333333,-0.234741,-0.0254975],[5393939393,-0.11271,0.198661],[5454545454,0.119388,0.030621],[5515151515,-0.0700027,-0.13301],[5575757575,-0.22246,0.00780101],[5636363636,-0.199762,0.181183],[5696969696,-0.0898196,0.279671],[5757575757,0.0647125,0.292682],[5818181818,0.20983,0.200133],[5878787878,0.250839,-0.0127513],[5939393939,0.0707415,-0.151097],[6000000000,-0.05025,-0.0114983]
2024-11-30 17:35:17,616 - DEBUG - vna - Raw data received: ['0,-0.00480231,0.171657', '60606060,0.491009,-0.435407', '121212121,-0.0978977,-0.69983', '181818181,-0.703001,-0.27732', '242424242,-0.577192,0.483919']...
2024-11-30 17:35:17,617 - INFO - vna - Saving raw data to Raw_datalog/2024-11-30_17-35-17_chem_PFOA_conc_458_exp_1.csv...
2024-11-30 17:35:17,618 - INFO - vna - Raw data saved successfully.
2024-11-30 17:35:17,626 - INFO - processing_manager - Baseline data loaded successfully.
2024-11-30 17:35:17,626 - INFO - processing_manager - Starting processing and saving...
2024-11-30 17:35:17,629 - INFO - feature_engineering - Frequency normalization applied.
2024-11-30 17:35:17,637 - INFO - feature_engineering - Magnitude and phase calculated.
2024-11-30 17:35:17,641 - INFO - feature_engineering - Phase unwrapping applied.
2024-11-30 17:35:17,648 - INFO - feature_engineering - Impedance calculated.
2024-11-30 17:35:17,658 - INFO - feature_engineering - Resistance, capacitance, and inductance calculated.
2024-11-30 17:35:17,661 - INFO - feature_engineering - Q-factor calculated.
2024-11-30 17:35:17,663 - INFO - feature_engineering - Loss tangent calculated.
2024-11-30 17:35:17,671 - INFO - feature_engineering - Effective permittivity calculated.
2024-11-30 17:35:17,675 - INFO - feature_engineering - Dielectric constant calculated.
2024-11-30 17:35:17,676 - ERROR - processing_manager - Error during preprocessing: 'Conductivity_Corrected'
2024-11-30 17:35:17,676 - DEBUG - processing_manager - Exception details:
Traceback (most recent call last):
  File "/home/rop/miniforge3/envs/analyzer_v1/lib/python3.11/site-packages/pandas/core/indexes/base.py", line 3805, in get_loc
    return self._engine.get_loc(casted_key)
           ^^^^^^^^^^^^^^^^^^^^^^^^^^^^^^^^
  File "index.pyx", line 167, in pandas._libs.index.IndexEngine.get_loc
  File "index.pyx", line 196, in pandas._libs.index.IndexEngine.get_loc
  File "pandas/_libs/hashtable_class_helper.pxi", line 7081, in pandas._libs.hashtable.PyObjectHashTable.get_item
  File "pandas/_libs/hashtable_class_helper.pxi", line 7089, in pandas._libs.hashtable.PyObjectHashTable.get_item
KeyError: 'Conductivity_Corrected'

The above exception was the direct cause of the following exception:

Traceback (most recent call last):
  File "/home/rop/Documents/analyzer_v2/ctrls/processing_manager.py", line 69, in preprocess
    self.feature_engineering.calculate_skin_depth(processed_data)
  File "/home/rop/Documents/analyzer_v2/ctrls/feature_engineering.py", line 86, in calculate_skin_depth
    sigma = data["Conductivity_Corrected"]
            ~~~~^^^^^^^^^^^^^^^^^^^^^^^^^^
  File "/home/rop/miniforge3/envs/analyzer_v1/lib/python3.11/site-packages/pandas/core/frame.py", line 4102, in __getitem__
    indexer = self.columns.get_loc(key)
              ^^^^^^^^^^^^^^^^^^^^^^^^^
  File "/home/rop/miniforge3/envs/analyzer_v1/lib/python3.11/site-packages/pandas/core/indexes/base.py", line 3812, in get_loc
    raise KeyError(key) from err
KeyError: 'Conductivity_Corrected'
2024-11-30 17:35:17,697 - ERROR - processing_manager - Error during process_and_save: 'Conductivity_Corrected'
2024-11-30 17:35:17,697 - DEBUG - processing_manager - Exception details:
Traceback (most recent call last):
  File "/home/rop/miniforge3/envs/analyzer_v1/lib/python3.11/site-packages/pandas/core/indexes/base.py", line 3805, in get_loc
    return self._engine.get_loc(casted_key)
           ^^^^^^^^^^^^^^^^^^^^^^^^^^^^^^^^
  File "index.pyx", line 167, in pandas._libs.index.IndexEngine.get_loc
  File "index.pyx", line 196, in pandas._libs.index.IndexEngine.get_loc
  File "pandas/_libs/hashtable_class_helper.pxi", line 7081, in pandas._libs.hashtable.PyObjectHashTable.get_item
  File "pandas/_libs/hashtable_class_helper.pxi", line 7089, in pandas._libs.hashtable.PyObjectHashTable.get_item
KeyError: 'Conductivity_Corrected'

The above exception was the direct cause of the following exception:

Traceback (most recent call last):
  File "/home/rop/Documents/analyzer_v2/ctrls/processing_manager.py", line 109, in process_and_save
    processed_data = self.preprocess(raw_data)
                     ^^^^^^^^^^^^^^^^^^^^^^^^^
  File "/home/rop/Documents/analyzer_v2/ctrls/processing_manager.py", line 69, in preprocess
    self.feature_engineering.calculate_skin_depth(processed_data)
  File "/home/rop/Documents/analyzer_v2/ctrls/feature_engineering.py", line 86, in calculate_skin_depth
    sigma = data["Conductivity_Corrected"]
            ~~~~^^^^^^^^^^^^^^^^^^^^^^^^^^
  File "/home/rop/miniforge3/envs/analyzer_v1/lib/python3.11/site-packages/pandas/core/frame.py", line 4102, in __getitem__
    indexer = self.columns.get_loc(key)
              ^^^^^^^^^^^^^^^^^^^^^^^^^
  File "/home/rop/miniforge3/envs/analyzer_v1/lib/python3.11/site-packages/pandas/core/indexes/base.py", line 3812, in get_loc
    raise KeyError(key) from err
KeyError: 'Conductivity_Corrected'
2024-11-30 17:35:17,698 - ERROR - vna - An error occurred: 'Conductivity_Corrected'
2024-11-30 17:35:17,698 - INFO - vna - VNA connection closed.
2024-11-30 17:35:17,698 - INFO - vna - VNA connection closed.
2024-11-30 17:35:17,699 - INFO - combo_gui - Completed Experiment 1.
