2024-11-30 15:54:14,482 - INFO - combo_gui - Starting Experiment 1...
2024-11-30 15:54:14,484 - DEBUG - process - Starting flush process...
2024-11-30 15:54:15,486 - DEBUG - process - Flush process completed.
2024-11-30 15:54:15,487 - DEBUG - process - Starting homogenization process...
2024-11-30 15:54:16,488 - DEBUG - process - Homogenization process completed.
2024-11-30 15:54:16,489 - DEBUG - process - Starting sampling process...
2024-11-30 15:54:16,501 - INFO - process - Starting VNA sweep...
2024-11-30 15:54:16,502 - INFO - vna - Attempting to connect to LibreVNA...
2024-11-30 15:54:16,502 - INFO - vna - Connected to LibreVNA.
2024-11-30 15:54:16,503 - DEBUG - vna - Sending command: VNA:ACQuisition:IFBW 10000
2024-11-30 15:54:16,503 - DEBUG - vna - Sending command: VNA:ACQuisition:POINTS 100
2024-11-30 15:54:16,503 - DEBUG - vna - Sending command: VNA:FREQuency:START 0
2024-11-30 15:54:16,503 - DEBUG - vna - Sending command: VNA:FREQuency:STOP 6000000000.0
2024-11-30 15:54:16,503 - INFO - vna - Starting sweep...
2024-11-30 15:54:16,503 - DEBUG - vna - Sending command: VNA:ACQuisition:RUN
2024-11-30 15:54:16,503 - INFO - vna - Waiting for sweep to complete...
2024-11-30 15:54:16,503 - DEBUG - vna - Sending query: *OPC?
2024-11-30 15:54:16,564 - DEBUG - vna - Received response: 1
2024-11-30 15:54:16,564 - INFO - vna - Sweep completed successfully.
2024-11-30 15:54:16,565 - INFO - vna - Waiting 2 seconds post-sweep to fetch data...
2024-11-30 15:54:18,565 - INFO - vna - Fetching selected S-parameter data...
2024-11-30 15:54:18,565 - INFO - vna - Collecting S21 data...
2024-11-30 15:54:18,566 - DEBUG - vna - Sending query: VNA:TRACe:DATA? S21
2024-11-30 15:54:18,567 - DEBUG - vna - Received response: [0,-0.00115975,0.168188],[60606060,2.46512e-05,-4.87334e-05],[121212121,7.65385e-06,3.06408e-05],[181818181,-1.25597e-05,-2.43076e-05],[242424242,8.96986e-06,1.54217e-05],[303030303,1.06553e-05,6.9837e-05],[363636363,6.58284e-06,-1.08992e-05],[424242424,7.00996e-05,-0.000221619],[484848484,5.1027e-06,0.000213831],[545454545,4.97437e-05,7.18224e-05],[606060606,2.90526e-05,2.42694e-07],[666666666,7.09389e-05,-1.09515e-05],[727272727,4.13278e-05,-9.02968e-05],[787878787,7.02003e-06,-0.000118381],[848484848,-0.000172375,2.07429e-05],[909090909,-0.000163758,8.90472e-05],[969696969,4.74912e-05,0.000156758],[1030303030,0.000181304,0.000127612],[1090909090,7.75589e-05,-6.31779e-06],[1151515151,0.000126721,-5.9801e-05],[1212121212,-2.77885e-05,-9.09334e-05],[1272727272,-3.09959e-06,3.97444e-05],[1333333333,0.000294861,2.4832e-05],[1393939393,-0.000560812,-0.00027157],[1454545454,-0.000335877,0.000191684],[1515151515,-0.000150021,0.000373266],[1575757575,0.000327892,0.000505581],[1636363636,0.000526676,0.000108255],[1696969696,0.000633415,-0.000553918],[1757575757,1.06996e-05,-0.000807063],[1818181818,-0.000514299,-0.000511348],[1878787878,-0.00079298,-0.000146586],[1939393939,-0.000767016,0.000390625],[2000000000,-0.000376237,0.000765431],[2060606060,0.000164678,0.000964562],[2121212121,0.00108085,0.000727446],[2181818181,0.00135031,-0.00029329],[2242424242,0.000836869,-0.00247557],[2303030303,-0.00122433,0.000668318],[2363636363,-0.00028606,-0.000195787],[2424242424,-0.000734811,-0.000100711],[2484848484,-0.000895871,0.000645076],[2545454545,-0.000430363,0.00131881],[2606060606,0.00087025,0.00144356],[2666666666,0.00206458,0.000337722],[2727272727,0.00153589,-0.00134361],[2787878787,0.000114792,-0.00202087],[2848484848,-0.00109504,-0.00172426],[2909090909,-0.00198258,-0.000777759],[2969696969,-0.00239065,0.000416445],[3030303030,-0.00224064,0.00220454],[3090909090,-0.00045038,0.00462373],[3151515151,0.00699336,0.00445829],[3212121212,0.00225217,-0.00826717],[3272727272,-0.00294495,-0.00183822],[3333333333,-0.00107715,-0.000707445],[3393939393,-0.00237242,-0.000916025],[3454545454,-0.0027371,0.00129235],[3515151515,-0.00143362,0.00298727],[3575757575,0.000761935,0.00346637],[3636363636,0.00300499,0.00258148],[3696969696,0.00443805,0.000170505],[3757575757,0.00402006,-0.00324819],[3818181818,0.00060329,-0.00581502],[3878787878,-0.00414609,-0.0049551],[3939393939,-0.00703982,-0.000870599],[4000000000,-0.00638944,0.00459263],[4060606060,-0.00114145,0.00870163],[4121212121,0.00616935,0.00673689],[4181818181,0.00751863,0.000270559],[4242424242,0.00382985,-0.00317162],[4303030303,0.00145058,-0.00202957],[4363636363,0.00220272,-0.00312252],[4424242424,-0.00029013,-0.00496132],[4484848484,-0.00364373,-0.00458223],[4545454545,-0.00672311,-0.00200084],[4606060606,-0.00822036,0.00292157],[4666666666,-0.00586862,0.0099306],[4727272727,0.00516579,0.0157541],[4787878787,0.0224566,0.0035664],[4848484848,0.0110825,-0.0199216],[4909090909,-0.00940704,-0.0161767],[4969696969,-0.0155861,-0.00228411],[5030303030,-0.0112248,0.00949892],[5090909090,0.000400498,0.0146855],[5151515151,0.0132488,0.00895173],[5212121212,0.0132793,-0.00897854],[5272727272,0.00074579,-0.00758972],[5333333333,0.000916317,-0.00954476],[5393939393,-0.00971704,-0.013579],[5454545454,-0.0214856,0.00206046],[5515151515,-0.00919366,0.0172511],[5575757575,0.00527809,0.0158015],[5636363636,0.0121687,0.00917555],[5696969696,0.0147339,0.00225114],[5757575757,0.0146216,-0.00584537],[5818181818,0.00977921,-0.0146741],[5878787878,-0.00441905,-0.0202065],[5939393939,-0.0220089,-0.00848476],[6000000000,-0.0206549,0.0129424]
2024-11-30 15:54:18,567 - DEBUG - vna - Raw data received: ['0,-0.00115975,0.168188', '60606060,2.46512e-05,-4.87334e-05', '121212121,7.65385e-06,3.06408e-05', '181818181,-1.25597e-05,-2.43076e-05', '242424242,8.96986e-06,1.54217e-05']...
2024-11-30 15:54:18,568 - INFO - vna - Collecting S11 data...
2024-11-30 15:54:18,568 - DEBUG - vna - Sending query: VNA:TRACe:DATA? S11
2024-11-30 15:54:18,569 - DEBUG - vna - Received response: [0,-0.337952,-0.355841],[60606060,-0.662076,0.0853864],[121212121,-0.643813,0.214054],[181818181,-0.610261,0.343387],[242424242,-0.546189,0.475696],[303030303,-0.449706,0.599213],[363636363,-0.305848,0.708207],[424242424,-0.130396,0.78185],[484848484,0.0462729,0.800238],[545454545,0.237559,0.764273],[606060606,0.401049,0.696498],[666666666,0.543863,0.591584],[727272727,0.669512,0.448309],[787878787,0.764492,0.289632],[848484848,0.821508,0.116897],[909090909,0.834051,-0.0822549],[969696969,0.789813,-0.293255],[1030303030,0.666832,-0.492515],[1090909090,0.500176,-0.639893],[1151515151,0.309938,-0.724041],[1212121212,0.115686,-0.749464],[1272727272,-0.0654952,-0.736862],[1333333333,-0.235772,-0.679756],[1393939393,-0.381781,-0.612862],[1454545454,-0.514386,-0.507943],[1515151515,-0.63153,-0.384297],[1575757575,-0.72305,-0.212704],[1636363636,-0.7649,-0.0246781],[1696969696,-0.748009,0.18406],[1757575757,-0.65887,0.391771],[1818181818,-0.531719,0.541154],[1878787878,-0.388588,0.634555],[1939393939,-0.238089,0.698038],[2000000000,-0.0797407,0.728687],[2060606060,0.0748069,0.735714],[2121212121,0.236524,0.699264],[2181818181,0.40078,0.633348],[2242424242,0.544793,0.513373],[2303030303,0.647669,0.347006],[2363636363,0.697267,0.169895],[2424242424,0.690037,0.00453653],[2484848484,0.645709,-0.123754],[2545454545,0.590582,-0.212529],[2606060606,0.53567,-0.280664],[2666666666,0.473262,-0.348702],[2727272727,0.403582,-0.408773],[2787878787,0.331025,-0.468912],[2848484848,0.243444,-0.525543],[2909090909,0.136777,-0.580277],[2969696969,0.000137554,-0.610701],[3030303030,-0.159653,-0.601589],[3090909090,-0.32256,-0.534303],[3151515151,-0.47191,-0.398893],[3212121212,-0.555082,-0.221488],[3272727272,-0.567454,-0.0417164],[3333333333,-0.535456,0.109826],[3393939393,-0.467169,0.242862],[3454545454,-0.37239,0.351932],[3515151515,-0.277833,0.418243],[3575757575,-0.158534,0.46246],[3636363636,-0.0393964,0.471315],[3696969696,0.0700199,0.439873],[3757575757,0.155155,0.393295],[3818181818,0.218896,0.33148],[3878787878,0.264665,0.263657],[3939393939,0.291364,0.199141],[4000000000,0.30705,0.13892],[4060606060,0.316373,0.0862819],[4121212121,0.319332,0.0493106],[4181818181,0.321148,0.0469348],[4242424242,0.329583,0.0132201],[4303030303,0.336324,-0.0396297],[4363636363,0.337143,-0.0955151],[4424242424,0.326517,-0.156456],[4484848484,0.306474,-0.214132],[4545454545,0.266201,-0.275551],[4606060606,0.19856,-0.33595],[4666666666,0.104138,-0.379334],[4727272727,-0.0171561,-0.394432],[4787878787,-0.145981,-0.365412],[4848484848,-0.265604,-0.291737],[4909090909,-0.341668,-0.187406],[4969696969,-0.371745,-0.0880842],[5030303030,-0.37221,0.0576046],[5090909090,-0.305386,0.201649],[5151515151,-0.196375,0.291336],[5212121212,-0.073735,0.326076],[5272727272,0.0479829,0.312997],[5333333333,0.166573,0.263934],[5393939393,0.231376,0.200782],[5454545454,0.26683,0.145983],[5515151515,0.291435,0.0893241],[5575757575,0.303815,0.0180575],[5636363636,0.305592,-0.0269921],[5696969696,0.300911,-0.0548803],[5757575757,0.281645,-0.104941],[5818181818,0.246915,-0.161692],[5878787878,0.198615,-0.210949],[5939393939,0.154505,-0.233326],[6000000000,0.106753,-0.250459]
2024-11-30 15:54:18,569 - DEBUG - vna - Raw data received: ['0,-0.337952,-0.355841', '60606060,-0.662076,0.0853864', '121212121,-0.643813,0.214054', '181818181,-0.610261,0.343387', '242424242,-0.546189,0.475696']...
2024-11-30 15:54:18,569 - INFO - vna - Collecting S12 data...
2024-11-30 15:54:18,569 - DEBUG - vna - Sending query: VNA:TRACe:DATA? S12
2024-11-30 15:54:18,570 - DEBUG - vna - Received response: [0,-0.329309,-0.354221],[60606060,1.23087e-05,3.5123e-05],[121212121,3.28798e-05,4.13392e-05],[181818181,1.10068e-05,3.02854e-06],[242424242,3.77165e-05,-2.88306e-05],[303030303,1.69746e-05,2.7642e-05],[363636363,5.97282e-06,-9.29786e-05],[424242424,-0.000222434,-5.22052e-05],[484848484,0.000204047,0.000125442],[545454545,8.90881e-05,9.55661e-07],[606060606,5.26283e-05,2.54412e-05],[666666666,0.000110774,-1.89875e-05],[727272727,5.51014e-06,-0.000174058],[787878787,1.60634e-05,-0.000213105],[848484848,-9.63263e-05,-9.08612e-05],[909090909,-6.69976e-05,-2.67139e-05],[969696969,-0.000141308,7.22771e-05],[1030303030,-6.01286e-05,0.000137885],[1090909090,-3.25531e-05,0.000146083],[1151515151,5.98523e-05,6.56772e-05],[1212121212,0.000150762,6.0925e-05],[1272727272,1.21376e-05,-1.66993e-06],[1333333333,-0.000256445,8.62515e-05],[1393939393,0.000659848,5.34565e-05],[1454545454,0.000379848,-0.000227253],[1515151515,0.000366739,-0.000287848],[1575757575,8.0216e-05,-0.000511208],[1636363636,-0.000279384,-0.000603286],[1696969696,-0.000745949,-0.000425489],[1757575757,-0.000725735,2.30174e-06],[1818181818,-0.000653903,0.000291975],[1878787878,-0.000571352,0.000617701],[1939393939,-0.000309078,0.000745135],[2000000000,-6.69491e-05,0.000819497],[2060606060,0.000416677,0.000958709],[2121212121,0.00104414,0.000745984],[2181818181,0.00163479,0.000189913],[2242424242,0.00214868,-0.00148128],[2303030303,-0.00106199,-0.000515277],[2363636363,8.28287e-05,-0.000432179],[2424242424,-8.15879e-05,-0.000915175],[2484848484,-0.000683054,-0.00111196],[2545454545,-0.00130765,-0.000887788],[2606060606,-0.00192239,-0.00036103],[2666666666,-0.00209095,0.00099046],[2727272727,-0.00118317,0.00216674],[2787878787,8.36797e-05,0.00236939],[2848484848,0.000976545,0.0018726],[2909090909,0.00158689,0.00150858],[2969696969,0.00211845,0.00101065],[3030303030,0.0030338,0.000354939],[3090909090,0.00404413,-0.00144285],[3151515151,0.00324122,-0.00682196],[3212121212,-0.0070085,-0.00344594],[3272727272,-0.00283968,0.00150765],[3333333333,-0.00108958,0.000176034],[3393939393,-0.00225513,0.000163258],[3454545454,-0.00234467,0.00140379],[3515151515,-0.00169377,0.00222591],[3575757575,-0.00084005,0.0028733],[3636363636,0.00010725,0.00329987],[3696969696,0.00142321,0.00358582],[3757575757,0.00326489,0.00330515],[3818181818,0.00529793,0.00184802],[3878787878,0.00648472,-0.00130671],[3939393939,0.00539852,-0.00530797],[4000000000,0.00180737,-0.00829073],[4060606060,-0.00404986,-0.00900168],[4121212121,-0.00953846,-0.00441678],[4181818181,-0.00829979,0.00191022],[4242424242,-0.00343974,0.00383729],[4303030303,-0.00166591,0.00196864],[4363636363,-0.00332009,0.00239497],[4424242424,-0.00267104,0.00435031],[4484848484,-0.00130932,0.00569754],[4545454545,0.000420774,0.00682561],[4606060606,0.00350896,0.0078317],[4666666666,0.00894717,0.00739795],[4727272727,0.0163879,0.0014986],[4787878787,0.0158923,-0.0148525],[4848484848,-0.00293568,-0.0212524],[4909090909,-0.0133407,-0.0116178],[4969696969,-0.0140253,-0.00364835],[5030303030,-0.0129897,0.00298099],[5090909090,-0.00959553,0.00918553],[5151515151,-0.00365662,0.0138986],[5212121212,0.00814135,0.0123901],[5272727272,0.00673283,0.00286604],[5333333333,0.00781163,0.00572089],[5393939393,0.0171453,0.00129928],[5454545454,0.0163375,-0.0149873],[5515151515,0.00200608,-0.020109],[5575757575,-0.00779402,-0.0158558],[5636363636,-0.0120442,-0.0109876],[5696969696,-0.0141913,-0.00702122],[5757575757,-0.0159285,-0.00211841],[5818181818,-0.0172242,0.00492707],[5878787878,-0.0152817,0.01482],[5939393939,-0.00595157,0.0246537],[6000000000,0.01155,0.0248197]
2024-11-30 15:54:18,570 - DEBUG - vna - Raw data received: ['0,-0.329309,-0.354221', '60606060,1.23087e-05,3.5123e-05', '121212121,3.28798e-05,4.13392e-05', '181818181,1.10068e-05,3.02854e-06', '242424242,3.77165e-05,-2.88306e-05']...
2024-11-30 15:54:18,571 - INFO - vna - Collecting S22 data...
2024-11-30 15:54:18,571 - DEBUG - vna - Sending query: VNA:TRACe:DATA? S22
2024-11-30 15:54:18,571 - DEBUG - vna - Received response: [0,0.00173614,0.168942],[60606060,0.489296,-0.439006],[121212121,-0.103108,-0.698429],[181818181,-0.701184,-0.281458],[242424242,-0.579609,0.472751],[303030303,0.099303,0.699],[363636363,0.59137,0.287487],[424242424,0.484155,-0.35591],[484848484,0.342622,-0.524213],[545454545,-0.251089,-0.605265],[606060606,-0.645628,-0.189166],[666666666,-0.559418,0.389293],[727272727,-0.0141578,0.700452],[787878787,0.582187,0.434091],[848484848,0.696703,-0.303635],[909090909,-0.0421513,-0.758299],[969696969,-0.679821,-0.185143],[1030303030,-0.417792,0.482401],[1090909090,0.149689,0.590866],[1151515151,0.537786,0.275181],[1212121212,0.581062,-0.208903],[1272727272,0.254236,-0.580617],[1333333333,-0.244669,-0.584259],[1393939393,-0.565536,-0.278782],[1454545454,-0.576853,0.243661],[1515151515,-0.161986,0.594537],[1575757575,0.424436,0.449183],[1636363636,0.584507,-0.207144],[1696969696,-0.0179169,-0.593722],[1757575757,-0.527193,-0.196074],[1818181818,-0.43936,0.325554],[1878787878,-0.0390709,0.560159],[1939393939,0.415716,0.426411],[2000000000,0.638657,-0.0302528],[2060606060,0.39048,-0.556369],[2121212121,-0.237465,-0.649619],[2181818181,-0.649075,-0.153468],[2242424242,-0.414028,0.43185],[2303030303,-0.0128289,0.578706],[2363636363,0.521195,0.313388],[2424242424,0.534288,-0.261285],[2484848484,0.065976,-0.566872],[2545454545,-0.442375,-0.325978],[2606060606,-0.464807,0.26719],[2666666666,0.133696,0.51134],[2727272727,0.49053,-0.00357931],[2787878787,0.178655,-0.405316],[2848484848,-0.197002,-0.349491],[2909090909,-0.370631,-0.107162],[2969696969,-0.353625,0.134396],[3030303030,-0.211921,0.324131],[3090909090,0.0497019,0.396257],[3151515151,0.32025,0.1388],[3212121212,0.0882273,0.100698],[3272727272,0.349052,-0.0990536],[3333333333,-0.0969684,-0.355988],[3393939393,-0.226975,0.1551],[3454545454,0.171784,0.229552],[3515151515,0.336551,-0.0458083],[3575757575,0.223398,-0.315984],[3636363636,-0.0425941,-0.422996],[3696969696,-0.331969,-0.30692],[3757575757,-0.464762,0.0195208],[3818181818,-0.267734,0.362258],[3878787878,0.142302,0.357125],[3939393939,0.280826,0.0117082],[4000000000,0.040209,-0.196842],[4060606060,-0.208878,-0.0263248],[4121212121,-0.0401034,0.251595],[4181818181,0.195548,0.0676965],[4242424242,-0.00275668,-0.105204],[4303030303,-0.0590952,0.180156],[4363636363,0.284217,0.0311106],[4424242424,0.134673,-0.239048],[4484848484,-0.0949476,-0.241217],[4545454545,-0.231427,-0.102001],[4606060606,-0.237671,0.0945311],[4666666666,-0.0844741,0.245814],[4727272727,0.17049,0.19038],[4787878787,0.173322,-0.13434],[4848484848,-0.155987,-0.0960655],[4909090909,-0.104756,0.168654],[4969696969,0.112512,0.185137],[5030303030,0.22967,0.0275377],[5090909090,0.176127,-0.161154],[5151515151,-0.0172642,-0.22491],[5212121212,-0.113725,-0.0569903],[5272727272,-0.0664287,-0.1303],[5333333333,-0.231394,-0.0153335],[5393939393,-0.103003,0.195831],[5454545454,0.11685,0.0302187],[5515151515,-0.0663181,-0.129161],[5575757575,-0.216335,0.00787229],[5636363636,-0.193851,0.177817],[5696969696,-0.0832838,0.275287],[5757575757,0.0657714,0.280432],[5818181818,0.203793,0.188087],[5878787878,0.237308,-0.015461],[5939393939,0.0651963,-0.137849],[6000000000,-0.0420004,-0.00786385]
2024-11-30 15:54:18,572 - DEBUG - vna - Raw data received: ['0,0.00173614,0.168942', '60606060,0.489296,-0.439006', '121212121,-0.103108,-0.698429', '181818181,-0.701184,-0.281458', '242424242,-0.579609,0.472751']...
2024-11-30 15:54:18,572 - INFO - vna - Saving raw data to Raw_datalog/2024-11-30_15-54-18_chem_PFOA_conc_458_exp_1.csv...
2024-11-30 15:54:18,574 - INFO - vna - Raw data saved successfully.
2024-11-30 15:54:18,584 - INFO - preprocessing - Baseline data loaded successfully.
2024-11-30 15:54:18,584 - INFO - preprocessing - Starting preprocessing...
2024-11-30 15:54:18,587 - INFO - preprocessing - Frequency normalization applied.
2024-11-30 15:54:18,596 - INFO - preprocessing - Magnitude and phase calculated.
2024-11-30 15:54:18,599 - INFO - preprocessing - Phase unwrapping applied.
2024-11-30 15:54:18,601 - INFO - preprocessing - VSWR calculated.
2024-11-30 15:54:18,607 - INFO - preprocessing - Impedance calculated.
2024-11-30 15:54:18,607 - ERROR - preprocessing - Error during preprocessing: 'Preprocessing' object has no attribute 'calculate_resistance_capacitance_inductance'
2024-11-30 15:54:18,607 - DEBUG - preprocessing - Exception details:
Traceback (most recent call last):
  File "/home/rop/Documents/analyzer_v2/ctrls/preprocessing.py", line 71, in preprocess
    self.calculate_resistance_capacitance_inductance(processed_data)
    ^^^^^^^^^^^^^^^^^^^^^^^^^^^^^^^^^^^^^^^^^^^^^^^^
AttributeError: 'Preprocessing' object has no attribute 'calculate_resistance_capacitance_inductance'
2024-11-30 15:54:18,608 - ERROR - preprocessing - Error during processing and saving: 'Preprocessing' object has no attribute 'calculate_resistance_capacitance_inductance'
2024-11-30 15:54:18,608 - DEBUG - preprocessing - Exception details:
Traceback (most recent call last):
  File "/home/rop/Documents/analyzer_v2/ctrls/preprocessing.py", line 189, in process_and_save
    processed_data = self.preprocess(raw_data, normalize_frequency=normalize_frequency)
                     ^^^^^^^^^^^^^^^^^^^^^^^^^^^^^^^^^^^^^^^^^^^^^^^^^^^^^^^^^^^^^^^^^^
  File "/home/rop/Documents/analyzer_v2/ctrls/preprocessing.py", line 71, in preprocess
    self.calculate_resistance_capacitance_inductance(processed_data)
    ^^^^^^^^^^^^^^^^^^^^^^^^^^^^^^^^^^^^^^^^^^^^^^^^
AttributeError: 'Preprocessing' object has no attribute 'calculate_resistance_capacitance_inductance'
2024-11-30 15:54:18,609 - ERROR - vna - An error occurred: 'Preprocessing' object has no attribute 'calculate_resistance_capacitance_inductance'
2024-11-30 15:54:18,609 - INFO - vna - VNA connection closed.
2024-11-30 15:54:18,610 - INFO - combo_gui - Completed Experiment 1.
