2024-11-30 18:01:18,194 - INFO - combo_gui - Starting Experiment 1...
2024-11-30 18:01:18,195 - DEBUG - flow_control - Flow control thread initialized.
2024-11-30 18:01:18,196 - INFO - flow - Starting continuous measurement...
2024-11-30 18:01:18,196 - DEBUG - process - Starting flush process...
2024-11-30 18:01:18,196 - INFO - flow_control - Flow measurement started successfully.
2024-11-30 18:01:18,197 - DEBUG - valve - Controlling valve mode: flush_flow
2024-11-30 18:01:18,197 - DEBUG - flow_control - Reading flow...
2024-11-30 18:01:18,197 - DEBUG - valve - Switching to clean flow...
2024-11-30 18:01:18,197 - DEBUG - valve - Valve 1 (Pin 1): LOW, Valve 2 (Pin 2): HIGH
2024-11-30 18:01:18,197 - DEBUG - valve - Switched to flush flow
2024-11-30 18:01:18,198 - DEBUG - flow - Raw sensor data: [255, 203, 173]
2024-11-30 18:01:18,198 - DEBUG - flow_control - Current flow: -0.0053, Current voltage: 0
2024-11-30 18:01:18,198 - DEBUG - valve - Controlling valve mode: flush_flow
2024-11-30 18:01:18,198 - DEBUG - valve - Switching to clean flow...
2024-11-30 18:01:18,198 - DEBUG - valve - Valve 1 (Pin 1): LOW, Valve 2 (Pin 2): HIGH
2024-11-30 18:01:18,198 - DEBUG - valve - Switched to flush flow
2024-11-30 18:01:18,198 - INFO - flow_control - Valve Mode: flush_flow, Target Flow Rate: 1.000 ml/min, Flow Rate: -0.005 ml/min, Voltage: 20.1 V, Adjustment: 20.1 V
2024-11-30 18:01:19,198 - DEBUG - process - Flush process completed.
2024-11-30 18:01:19,199 - DEBUG - process - Starting homogenization process...
2024-11-30 18:01:19,199 - DEBUG - valve - Controlling valve mode: homogenization_flow
2024-11-30 18:01:19,199 - DEBUG - valve - Switching to homogenization flow...
2024-11-30 18:01:19,199 - DEBUG - valve - Valve 1 (Pin 1): LOW, Valve 2 (Pin 2): LOW
2024-11-30 18:01:19,199 - DEBUG - valve - Switched to homogenization flow
2024-11-30 18:01:19,704 - DEBUG - flow_control - Reading flow...
2024-11-30 18:01:19,705 - DEBUG - flow - Raw sensor data: [3, 237, 33]
2024-11-30 18:01:19,705 - DEBUG - flow_control - Current flow: 0.1005, Current voltage: 20.106
2024-11-30 18:01:19,705 - DEBUG - valve - Controlling valve mode: homogenization_flow
2024-11-30 18:01:19,705 - DEBUG - valve - Switching to homogenization flow...
2024-11-30 18:01:19,706 - DEBUG - valve - Valve 1 (Pin 1): LOW, Valve 2 (Pin 2): LOW
2024-11-30 18:01:19,706 - DEBUG - valve - Switched to homogenization flow
2024-11-30 18:01:19,706 - INFO - flow_control - Valve Mode: homogenization_flow, Target Flow Rate: 1.000 ml/min, Flow Rate: 0.101 ml/min, Voltage: 38.1 V, Adjustment: 18.0 V
2024-11-30 18:01:20,199 - DEBUG - process - Homogenization process completed.
2024-11-30 18:01:20,200 - DEBUG - process - Starting sampling process...
2024-11-30 18:01:20,200 - DEBUG - valve - Controlling valve mode: sample_flow
2024-11-30 18:01:20,200 - DEBUG - valve - Switching to sample flow...
2024-11-30 18:01:20,201 - DEBUG - valve - Valve 1 (Pin 1): HIGH, Valve 2 (Pin 2): LOW
2024-11-30 18:01:20,201 - DEBUG - valve - Switched to sample flow
2024-11-30 18:01:20,201 - INFO - process - Starting VNA sweep...
2024-11-30 18:01:20,201 - INFO - vna - Attempting to connect to LibreVNA...
2024-11-30 18:01:20,202 - INFO - vna - Connected to LibreVNA.
2024-11-30 18:01:20,202 - DEBUG - vna - Sending command: VNA:ACQuisition:IFBW 10000
2024-11-30 18:01:20,202 - DEBUG - vna - Sending command: VNA:ACQuisition:POINTS 100
2024-11-30 18:01:20,202 - DEBUG - vna - Sending command: VNA:FREQuency:START 0
2024-11-30 18:01:20,202 - DEBUG - vna - Sending command: VNA:FREQuency:STOP 6000000000.0
2024-11-30 18:01:20,202 - INFO - vna - Starting sweep...
2024-11-30 18:01:20,202 - DEBUG - vna - Sending command: VNA:ACQuisition:RUN
2024-11-30 18:01:20,202 - INFO - vna - Waiting for sweep to complete...
2024-11-30 18:01:20,202 - DEBUG - vna - Sending query: *OPC?
2024-11-30 18:01:20,260 - DEBUG - vna - Received response: 1
2024-11-30 18:01:20,261 - INFO - vna - Sweep completed successfully.
2024-11-30 18:01:20,261 - INFO - vna - Waiting 2 seconds post-sweep to fetch data...
2024-11-30 18:01:21,212 - DEBUG - flow_control - Reading flow...
2024-11-30 18:01:21,213 - DEBUG - flow - Raw sensor data: [16, 176, 80]
2024-11-30 18:01:21,213 - DEBUG - flow_control - Current flow: 0.4272, Current voltage: 38.096000000000004
2024-11-30 18:01:21,213 - DEBUG - valve - Controlling valve mode: sample_flow
2024-11-30 18:01:21,214 - DEBUG - valve - Switching to sample flow...
2024-11-30 18:01:21,214 - DEBUG - valve - Valve 1 (Pin 1): HIGH, Valve 2 (Pin 2): LOW
2024-11-30 18:01:21,214 - DEBUG - valve - Switched to sample flow
2024-11-30 18:01:21,214 - INFO - flow_control - Valve Mode: sample_flow, Target Flow Rate: 0.400 ml/min, Flow Rate: 0.427 ml/min, Voltage: 38.1 V, Adjustment: 0.0 V
2024-11-30 18:01:22,261 - INFO - vna - Fetching selected S-parameter data...
2024-11-30 18:01:22,262 - INFO - vna - Collecting S21 data...
2024-11-30 18:01:22,262 - DEBUG - vna - Sending query: VNA:TRACe:DATA? S21
2024-11-30 18:01:22,263 - DEBUG - vna - Received response: [0,-0.00607105,0.173664],[60606060,4.61505e-05,-1.12169e-05],[121212121,4.50029e-05,-1.89788e-07],[181818181,-3.87278e-05,5.36153e-05],[242424242,-1.22304e-05,-3.58306e-05],[303030303,-2.62571e-05,3.28619e-05],[363636363,5.82899e-05,1.66748e-05],[424242424,6.3075e-05,-0.000174142],[484848484,-4.29512e-05,0.000119546],[545454545,2.73163e-05,9.48271e-05],[606060606,0.000111924,5.91029e-05],[666666666,2.09419e-05,-5.58121e-05],[727272727,1.37335e-05,-3.42378e-05],[787878787,-2.41329e-05,-4.21875e-05],[848484848,-0.000127136,-1.75045e-05],[909090909,-0.000145601,8.61968e-06],[969696969,8.83858e-06,0.000150798],[1030303030,0.000131797,0.000126177],[1090909090,0.000103808,-1.2982e-05],[1151515151,8.5019e-05,-7.01142e-05],[1212121212,-9.7627e-05,-4.80373e-05],[1272727272,-1.14983e-05,-2.23843e-05],[1333333333,0.000211017,5.60948e-05],[1393939393,-0.000382929,-0.000195533],[1454545454,-0.00023735,0.000112158],[1515151515,-0.00024044,0.000265471],[1575757575,0.000131755,0.000331576],[1636363636,0.000658025,0.00020625],[1696969696,0.000493542,-0.000299935],[1757575757,8.84675e-05,-0.000656704],[1818181818,-0.000373938,-0.000568326],[1878787878,-0.000641778,-0.000136015],[1939393939,-0.000611905,0.000269777],[2000000000,-0.000365337,0.000629302],[2060606060,0.000231886,0.000799402],[2121212121,0.000924775,0.000711665],[2181818181,0.00121267,-0.000104377],[2242424242,0.00100779,-0.00195331],[2303030303,-0.00114462,0.000197452],[2363636363,-0.000258041,-0.000135133],[2424242424,-0.000845121,-0.000106912],[2484848484,-0.000807993,0.000403404],[2545454545,-0.000483382,0.00118339],[2606060606,0.00064618,0.00135685],[2666666666,0.00170562,0.000455101],[2727272727,0.00155948,-0.000943553],[2787878787,0.000392117,-0.00168046],[2848484848,-0.000624033,-0.00154664],[2909090909,-0.00150244,-0.00097638],[2969696969,-0.00216752,-5.45042e-05],[3030303030,-0.00233669,0.00145082],[3090909090,-0.00116569,0.00400184],[3151515151,0.0053201,0.00519738],[3212121212,0.00352142,-0.00676451],[3272727272,-0.00224353,-0.00225981],[3333333333,-0.000726688,-0.000857695],[3393939393,-0.00192964,-0.00123439],[3454545454,-0.00259539,0.000649789],[3515151515,-0.00168085,0.00226198],[3575757575,-0.000224595,0.00305506],[3636363636,0.00203453,0.00284212],[3696969696,0.00380303,0.00115802],[3757575757,0.00430017,-0.00187196],[3818181818,0.00205246,-0.0050917],[3878787878,-0.00268703,-0.00563115],[3939393939,-0.0065661,-0.00220526],[4000000000,-0.00678184,0.00305621],[4060606060,-0.00278183,0.00769637],[4121212121,0.00405003,0.00741892],[4181818181,0.00697279,0.00196348],[4242424242,0.00413137,-0.00228057],[4303030303,0.00173676,-0.00152194],[4363636363,0.00260641,-0.00244872],[4424242424,0.00084797,-0.00473256],[4484848484,-0.00250361,-0.00501268],[4545454545,-0.00602703,-0.0032408],[4606060606,-0.00831649,0.00118001],[4666666666,-0.00734072,0.00844194],[4727272727,0.00198808,0.0158183],[4787878787,0.0202434,0.00765373],[4848484848,0.0142353,-0.0162642],[4909090909,-0.00559877,-0.0170828],[4969696969,-0.0142247,-0.00541141],[5030303030,-0.0125552,0.00659259],[5090909090,-0.00276189,0.0140054],[5151515151,0.010667,0.0110929],[5212121212,0.0144,-0.00567482],[5272727272,0.00217525,-0.00711299],[5333333333,0.00302865,-0.00864487],[5393939393,-0.00607442,-0.0149679],[5454545454,-0.0207386,-0.00290001],[5515151515,-0.0126321,0.0140994],[5575757575,0.00125606,0.0160211],[5636363636,0.00917127,0.0115977],[5696969696,0.0131495,0.00598508],[5757575757,0.0151805,-0.00123653],[5818181818,0.0132948,-0.01062],[5878787878,0.00212155,-0.0200977],[5939393939,-0.018146,-0.0151033],[6000000000,-0.0245176,0.00583478]
2024-11-30 18:01:22,263 - DEBUG - vna - Raw data received: ['0,-0.00607105,0.173664', '60606060,4.61505e-05,-1.12169e-05', '121212121,4.50029e-05,-1.89788e-07', '181818181,-3.87278e-05,5.36153e-05', '242424242,-1.22304e-05,-3.58306e-05']...
2024-11-30 18:01:22,264 - INFO - vna - Collecting S11 data...
2024-11-30 18:01:22,264 - DEBUG - vna - Sending query: VNA:TRACe:DATA? S11
2024-11-30 18:01:22,266 - DEBUG - vna - Received response: [0,-0.32911,-0.364163],[60606060,-0.660935,0.0864722],[121212121,-0.642042,0.214208],[181818181,-0.606787,0.344852],[242424242,-0.544351,0.473718],[303030303,-0.448494,0.598506],[363636363,-0.312161,0.710436],[424242424,-0.13724,0.781861],[484848484,0.0462956,0.799785],[545454545,0.23683,0.766323],[606060606,0.402677,0.696183],[666666666,0.542077,0.591665],[727272727,0.675036,0.448519],[787878787,0.766608,0.289019],[848484848,0.821796,0.117095],[909090909,0.835534,-0.0827356],[969696969,0.786752,-0.292824],[1030303030,0.671144,-0.492074],[1090909090,0.497848,-0.639093],[1151515151,0.307782,-0.720795],[1212121212,0.112691,-0.745853],[1272727272,-0.0692249,-0.730743],[1333333333,-0.234279,-0.687001],[1393939393,-0.3821,-0.61246],[1454545454,-0.512827,-0.511604],[1515151515,-0.629149,-0.382278],[1575757575,-0.722537,-0.214508],[1636363636,-0.765257,-0.0269386],[1696969696,-0.748551,0.184294],[1757575757,-0.660762,0.389997],[1818181818,-0.535081,0.540117],[1878787878,-0.391049,0.639887],[1939393939,-0.231848,0.702224],[2000000000,-0.0863308,0.726091],[2060606060,0.0735847,0.731582],[2121212121,0.239168,0.710555],[2181818181,0.399058,0.633541],[2242424242,0.539775,0.517263],[2303030303,0.648166,0.351281],[2363636363,0.69836,0.171241],[2424242424,0.69166,0.00760266],[2484848484,0.648639,-0.1201],[2545454545,0.593366,-0.211638],[2606060606,0.53557,-0.277869],[2666666666,0.475017,-0.346307],[2727272727,0.407675,-0.408037],[2787878787,0.334277,-0.468166],[2848484848,0.250625,-0.524271],[2909090909,0.138701,-0.574227],[2969696969,-0.000151657,-0.610735],[3030303030,-0.160673,-0.605699],[3090909090,-0.324724,-0.53701],[3151515151,-0.470078,-0.403741],[3212121212,-0.555678,-0.225058],[3272727272,-0.570694,-0.0448501],[3333333333,-0.538708,0.107722],[3393939393,-0.471419,0.243182],[3454545454,-0.374761,0.353247],[3515151515,-0.277367,0.419693],[3575757575,-0.157565,0.46611],[3636363636,-0.0398528,0.468114],[3696969696,0.068565,0.449086],[3757575757,0.156872,0.39716],[3818181818,0.221504,0.332989],[3878787878,0.265241,0.263],[3939393939,0.290682,0.200093],[4000000000,0.307295,0.139638],[4060606060,0.317618,0.0875986],[4121212121,0.320781,0.0507719],[4181818181,0.323079,0.0483729],[4242424242,0.331321,0.0139303],[4303030303,0.338477,-0.0386767],[4363636363,0.337936,-0.0953911],[4424242424,0.330818,-0.156017],[4484848484,0.309709,-0.213867],[4545454545,0.272523,-0.278623],[4606060606,0.198288,-0.341342],[4666666666,0.101467,-0.387147],[4727272727,-0.0185121,-0.39994],[4787878787,-0.146627,-0.370513],[4848484848,-0.268235,-0.294229],[4909090909,-0.345971,-0.191946],[4969696969,-0.376743,-0.0923908],[5030303030,-0.379108,0.0551261],[5090909090,-0.311933,0.20595],[5151515151,-0.200784,0.29419],[5212121212,-0.0744995,0.328518],[5272727272,0.0495927,0.324171],[5333333333,0.16578,0.269286],[5393939393,0.233922,0.205271],[5454545454,0.270378,0.151121],[5515151515,0.294685,0.0920951],[5575757575,0.308293,0.020098],[5636363636,0.309955,-0.0266416],[5696969696,0.306401,-0.0550765],[5757575757,0.287457,-0.105027],[5818181818,0.250837,-0.163619],[5878787878,0.201019,-0.210782],[5939393939,0.159783,-0.234464],[6000000000,0.112222,-0.254665]
2024-11-30 18:01:22,267 - DEBUG - vna - Raw data received: ['0,-0.32911,-0.364163', '60606060,-0.660935,0.0864722', '121212121,-0.642042,0.214208', '181818181,-0.606787,0.344852', '242424242,-0.544351,0.473718']...
2024-11-30 18:01:22,267 - INFO - vna - Collecting S12 data...
2024-11-30 18:01:22,267 - DEBUG - vna - Sending query: VNA:TRACe:DATA? S12
2024-11-30 18:01:22,268 - DEBUG - vna - Received response: [0,-0.323126,-0.36216],[60606060,-3.72884e-05,1.17171e-05],[121212121,-4.69252e-05,3.46671e-05],[181818181,8.74053e-08,2.50342e-05],[242424242,4.27134e-05,-1.46994e-05],[303030303,5.25573e-05,-3.11333e-05],[363636363,-2.60996e-05,7.44024e-06],[424242424,-5.28033e-05,-8.05549e-05],[484848484,0.000100826,9.26384e-05],[545454545,-8.92011e-06,-2.53277e-06],[606060606,5.18693e-05,3.19841e-07],[666666666,7.03853e-05,-9.46664e-05],[727272727,4.24128e-05,-7.6732e-05],[787878787,-1.23772e-05,-7.06022e-05],[848484848,-8.49006e-05,-5.7917e-05],[909090909,-9.59876e-05,5.60531e-06],[969696969,-0.000148849,6.20796e-05],[1030303030,-0.0001354,5.30182e-05],[1090909090,-7.19198e-05,0.000165595],[1151515151,0.000114279,-3.52866e-05],[1212121212,8.07e-05,3.22149e-05],[1272727272,1.36269e-05,1.20008e-06],[1333333333,-0.000253328,-9.49194e-05],[1393939393,0.000435654,0.000123876],[1454545454,0.000259366,-0.00013311],[1515151515,0.000257459,-0.000163193],[1575757575,0.000141764,-0.000362588],[1636363636,-9.45452e-05,-0.000529581],[1696969696,-0.00042975,-0.000441712],[1757575757,-0.000642291,-4.33114e-05],[1818181818,-0.000585164,0.000223318],[1878787878,-0.000385626,0.000412517],[1939393939,-0.000215122,0.000579168],[2000000000,6.23478e-06,0.000703385],[2060606060,0.000430683,0.000800947],[2121212121,0.000790178,0.000570733],[2181818181,0.00123436,0.000145821],[2242424242,0.00191777,-0.000944603],[2303030303,-0.00068199,-0.000633593],[2363636363,-1.40016e-05,-0.000404701],[2424242424,-4.23483e-06,-0.000658155],[2484848484,-0.000320442,-0.00104349],[2545454545,-0.00113672,-0.0010194],[2606060606,-0.00167058,-0.000453603],[2666666666,-0.00193699,0.000588013],[2727272727,-0.00133379,0.00171578],[2787878787,-0.000241652,0.00193571],[2848484848,0.000472617,0.00180699],[2909090909,0.001067,0.00157376],[2969696969,0.00166147,0.00123081],[3030303030,0.00254958,0.000860867],[3090909090,0.0038225,-0.000429598],[3151515151,0.00419667,-0.00542279],[3212121212,-0.00541097,-0.00432067],[3272727272,-0.00286924,0.000721632],[3333333333,-0.0010157,-9.30014e-05],[3393939393,-0.00198384,-0.000394565],[3454545454,-0.00228254,0.000737792],[3515151515,-0.00190188,0.00161287],[3575757575,-0.00135089,0.00225574],[3636363636,-0.000670908,0.00285581],[3696969696,0.000433073,0.00342382],[3757575757,0.00207145,0.00363961],[3818181818,0.00436081,0.00292838],[3878787878,0.00652911,0.000199374],[3939393939,0.00599607,-0.00402676],[4000000000,0.00297397,-0.00726978],[4060606060,-0.00191738,-0.0086731],[4121212121,-0.0075747,-0.00609353],[4181818181,-0.00815265,-9.41706e-05],[4242424242,-0.00399585,0.00295448],[4303030303,-0.00193687,0.00150911],[4363636363,-0.00357373,0.00146717],[4424242424,-0.0034119,0.00351572],[4484848484,-0.00242638,0.00506311],[4545454545,-0.000895236,0.00647882],[4606060606,0.00181476,0.00815735],[4666666666,0.00679669,0.00886388],[4727272727,0.0151263,0.00461121],[4787878787,0.0177076,-0.0107706],[4848484848,0.00196511,-0.0204457],[4909090909,-0.0101173,-0.013653],[4969696969,-0.0123589,-0.00647877],[5030303030,-0.0128735,7.6545e-05],[5090909090,-0.0111407,0.00642834],[5151515151,-0.00631887,0.0122607],[5212121212,0.00503274,0.0134438],[5272727272,0.00566897,0.00406951],[5333333333,0.00579456,0.00693413],[5393939393,0.0157129,0.00529927],[5454545454,0.0187205,-0.0102478],[5515151515,0.00636021,-0.018355],[5575757575,-0.00335052,-0.0164674],[5636363636,-0.00839948,-0.0130264],[5696969696,-0.0108355,-0.0102577],[5757575757,-0.0139535,-0.0066185],[5818181818,-0.0173395,-0.000799996],[5878787878,-0.0191628,0.00881013],[5939393939,-0.0143868,0.0215822],[6000000000,0.00298645,0.0277778]
2024-11-30 18:01:22,268 - DEBUG - vna - Raw data received: ['0,-0.323126,-0.36216', '60606060,-3.72884e-05,1.17171e-05', '121212121,-4.69252e-05,3.46671e-05', '181818181,8.74053e-08,2.50342e-05', '242424242,4.27134e-05,-1.46994e-05']...
2024-11-30 18:01:22,268 - INFO - vna - Collecting S22 data...
2024-11-30 18:01:22,268 - DEBUG - vna - Sending query: VNA:TRACe:DATA? S22
2024-11-30 18:01:22,269 - DEBUG - vna - Received response: [0,-0.00395236,0.169817],[60606060,0.487495,-0.436571],[121212121,-0.102835,-0.697679],[181818181,-0.705676,-0.275226],[242424242,-0.576992,0.483277],[303030303,0.1145,0.698079],[363636363,0.601881,0.275107],[424242424,0.476196,-0.371729],[484848484,0.327247,-0.535442],[545454545,-0.2679,-0.598329],[606060606,-0.650469,-0.174908],[666666666,-0.553593,0.400278],[727272727,-0.0114915,0.695616],[787878787,0.582535,0.431503],[848484848,0.694257,-0.304946],[909090909,-0.0550136,-0.761507],[969696969,-0.676342,-0.165159],[1030303030,-0.389899,0.495035],[1090909090,0.174817,0.570202],[1151515151,0.542318,0.237619],[1212121212,0.558005,-0.243014],[1272727272,0.216532,-0.583668],[1333333333,-0.284703,-0.553902],[1393939393,-0.570497,-0.235092],[1454545454,-0.551784,0.268688],[1515151515,-0.13823,0.598361],[1575757575,0.432961,0.436551],[1636363636,0.581263,-0.208913],[1696969696,-0.0191868,-0.591023],[1757575757,-0.518604,-0.183404],[1818181818,-0.405979,0.332885],[1878787878,0.0082149,0.523714],[1939393939,0.417859,0.338354],[2000000000,0.553836,-0.107788],[2060606060,0.254671,-0.522123],[2121212121,-0.289276,-0.49958],[2181818181,-0.556781,-0.0488257],[2242424242,-0.308441,0.420395],[2303030303,0.0443616,0.510024],[2363636363,0.498543,0.264612],[2424242424,0.516666,-0.268388],[2484848484,0.0693509,-0.572184],[2545454545,-0.436639,-0.325314],[2606060606,-0.428705,0.232745],[2666666666,0.0826343,0.403679],[2727272727,0.341324,0.0224623],[2787878787,0.138643,-0.270345],[2848484848,-0.132276,-0.264266],[2909090909,-0.281804,-0.0935865],[2969696969,-0.291974,0.101198],[3030303030,-0.188846,0.269528],[3090909090,0.0369574,0.354185],[3151515151,0.306999,0.124172],[3212121212,0.0666249,0.0688111],[3272727272,0.318287,-0.0837522],[3333333333,-0.0985245,-0.355351],[3393939393,-0.242584,0.141484],[3454545454,0.126728,0.23975],[3515151515,0.309521,0.00922426],[3575757575,0.247726,-0.247454],[3636363636,0.0252742,-0.386377],[3696969696,-0.255932,-0.329582],[3757575757,-0.435065,-0.0568563],[3818181818,-0.312226,0.30336],[3878787878,0.092879,0.365167],[3939393939,0.27417,0.0242299],[4000000000,0.0355999,-0.200367],[4060606060,-0.218845,-0.0401474],[4121212121,-0.0847591,0.255764],[4181818181,0.188216,0.104959],[4242424242,0.00123685,-0.0965607],[4303030303,-0.0739997,0.190337],[4363636363,0.296682,0.0764553],[4424242424,0.176873,-0.232698],[4484848484,-0.0677917,-0.261011],[4545454545,-0.229157,-0.124466],[4606060606,-0.245826,0.0800882],[4666666666,-0.0973819,0.24304],[4727272727,0.169796,0.190207],[4787878787,0.174312,-0.140391],[4848484848,-0.164612,-0.106794],[4909090909,-0.120475,0.172194],[4969696969,0.10703,0.201535],[5030303030,0.234907,0.0414369],[5090909090,0.188462,-0.155],[5151515151,-0.0101389,-0.230138],[5212121212,-0.112908,-0.0611124],[5272727272,-0.0615457,-0.134079],[5333333333,-0.234994,-0.0263423],[5393939393,-0.112709,0.197453],[5454545454,0.119741,0.0309854],[5515151515,-0.0693804,-0.133701],[5575757575,-0.222663,0.00691913],[5636363636,-0.198207,0.179369],[5696969696,-0.0897193,0.279245],[5757575757,0.0614307,0.294593],[5818181818,0.207773,0.199981],[5878787878,0.251797,-0.0116921],[5939393939,0.0738955,-0.151496],[6000000000,-0.0508351,-0.0120353]
2024-11-30 18:01:22,269 - DEBUG - vna - Raw data received: ['0,-0.00395236,0.169817', '60606060,0.487495,-0.436571', '121212121,-0.102835,-0.697679', '181818181,-0.705676,-0.275226', '242424242,-0.576992,0.483277']...
2024-11-30 18:01:22,269 - INFO - vna - Saving raw data to Raw_datalog/2024-11-30_18-01-22_chem_PFOA_conc_999_exp_1.csv...
2024-11-30 18:01:22,271 - INFO - vna - Raw data saved successfully.
2024-11-30 18:01:22,278 - INFO - processing_manager - Baseline data loaded successfully.
2024-11-30 18:01:22,278 - INFO - processing_manager - Starting processing and saving...
2024-11-30 18:01:22,278 - INFO - processing_manager - Starting preprocessing...
2024-11-30 18:01:22,287 - INFO - feature_engineering - Magnitude and phase calculated.
2024-11-30 18:01:22,287 - INFO - processing_manager - Applying baseline correction...
2024-11-30 18:01:22,293 - INFO - processing_manager - Baseline correction applied.
2024-11-30 18:01:22,296 - INFO - feature_engineering - Phase unwrapping applied.
2024-11-30 18:01:22,303 - INFO - feature_engineering - Impedance calculated.
2024-11-30 18:01:22,312 - INFO - feature_engineering - Resistance, capacitance, and inductance calculated.
2024-11-30 18:01:22,315 - INFO - feature_engineering - Q-factor calculated.
2024-11-30 18:01:22,320 - INFO - feature_engineering - Skin depth calculated.
2024-11-30 18:01:22,322 - INFO - feature_engineering - Loss tangent calculated.
2024-11-30 18:01:22,323 - INFO - feature_engineering - Calculating effective dielectric constant (E_r)...
2024-11-30 18:01:22,328 - INFO - feature_engineering - Effective dielectric constant calculated.
2024-11-30 18:01:22,329 - INFO - processing_manager - Preprocessing completed successfully.
2024-11-30 18:01:22,329 - INFO - processing_manager - Saving data to CSV...
2024-11-30 18:01:22,344 - INFO - processing_manager - Processed data saved to processed_data/processed_data.csv.
2024-11-30 18:01:22,344 - INFO - processing_manager - Appending data to HDF5...
2024-11-30 18:01:22,724 - DEBUG - flow_control - Reading flow...
2024-11-30 18:01:22,731 - DEBUG - flow - Raw sensor data: [17, 73, 174]
2024-11-30 18:01:22,735 - DEBUG - flow_control - Current flow: 0.4425, Current voltage: 38.096000000000004
2024-11-30 18:01:22,736 - DEBUG - valve - Controlling valve mode: sample_flow
2024-11-30 18:01:22,736 - DEBUG - valve - Switching to sample flow...
2024-11-30 18:01:22,743 - DEBUG - valve - Valve 1 (Pin 1): HIGH, Valve 2 (Pin 2): LOW
2024-11-30 18:01:22,744 - DEBUG - valve - Switched to sample flow
2024-11-30 18:01:22,744 - INFO - flow_control - Valve Mode: sample_flow, Target Flow Rate: 0.400 ml/min, Flow Rate: 0.443 ml/min, Voltage: 38.1 V, Adjustment: 0.0 V
2024-11-30 18:01:23,186 - INFO - processing_manager - Processed data appended to data/data.h5.
2024-11-30 18:01:23,188 - INFO - processing_manager - Processing and saving completed successfully.
2024-11-30 18:01:23,188 - INFO - vna - Data preprocessing completed and saved successfully.
2024-11-30 18:01:23,189 - INFO - vna - VNA connection closed.
2024-11-30 18:01:23,189 - INFO - vna - VNA connection closed.
2024-11-30 18:01:23,189 - DEBUG - process - Sampling process completed and VNA sweep finished.
2024-11-30 18:01:23,190 - DEBUG - process - Starting flush process...
2024-11-30 18:01:23,190 - DEBUG - valve - Controlling valve mode: flush_flow
2024-11-30 18:01:23,190 - DEBUG - valve - Switching to clean flow...
2024-11-30 18:01:23,190 - DEBUG - valve - Valve 1 (Pin 1): LOW, Valve 2 (Pin 2): HIGH
2024-11-30 18:01:23,190 - DEBUG - valve - Switched to flush flow
2024-11-30 18:01:24,190 - DEBUG - process - Flush process completed.
2024-11-30 18:01:24,292 - INFO - flow_control - Terminating flow control thread.
2024-11-30 18:01:24,697 - INFO - combo_gui - Completed Experiment 1.
