2024-11-30 15:19:26,690 - INFO - combo_gui - Starting Experiment 1...
2024-11-30 15:19:26,691 - DEBUG - flow_control - Flow control thread initialized.
2024-11-30 15:19:26,692 - INFO - flow - Starting continuous measurement...
2024-11-30 15:19:26,693 - DEBUG - process - Starting flush process...
2024-11-30 15:19:26,693 - DEBUG - valve - Controlling valve mode: flush_flow
2024-11-30 15:19:26,693 - DEBUG - valve - Switching to clean flow...
2024-11-30 15:19:26,693 - INFO - flow_control - Flow measurement started successfully.
2024-11-30 15:19:26,693 - DEBUG - flow_control - Reading flow...
2024-11-30 15:19:26,694 - DEBUG - valve - Valve 1 (Pin 1): LOW, Valve 2 (Pin 2): HIGH
2024-11-30 15:19:26,694 - DEBUG - valve - Switched to flush flow
2024-11-30 15:19:26,695 - DEBUG - flow - Raw sensor data: [255, 232, 120]
2024-11-30 15:19:26,695 - DEBUG - flow_control - Current flow: -0.0024, Current voltage: 0
2024-11-30 15:19:26,695 - DEBUG - valve - Controlling valve mode: flush_flow
2024-11-30 15:19:26,695 - DEBUG - valve - Switching to clean flow...
2024-11-30 15:19:26,695 - DEBUG - valve - Valve 1 (Pin 1): LOW, Valve 2 (Pin 2): HIGH
2024-11-30 15:19:26,695 - DEBUG - valve - Switched to flush flow
2024-11-30 15:19:26,695 - INFO - flow_control - Valve Mode: flush_flow, Target Flow Rate: 1.000 ml/min, Flow Rate: -0.002 ml/min, Voltage: 20.0 V, Adjustment: 20.0 V
2024-11-30 15:19:27,694 - DEBUG - process - Flush process completed.
2024-11-30 15:19:27,695 - DEBUG - process - Starting homogenization process...
2024-11-30 15:19:27,695 - DEBUG - valve - Controlling valve mode: homogenization_flow
2024-11-30 15:19:27,695 - DEBUG - valve - Switching to homogenization flow...
2024-11-30 15:19:27,695 - DEBUG - valve - Valve 1 (Pin 1): LOW, Valve 2 (Pin 2): LOW
2024-11-30 15:19:27,695 - DEBUG - valve - Switched to homogenization flow
2024-11-30 15:19:28,204 - DEBUG - flow_control - Reading flow...
2024-11-30 15:19:28,205 - DEBUG - flow - Raw sensor data: [4, 173, 178]
2024-11-30 15:19:28,205 - DEBUG - flow_control - Current flow: 0.1197, Current voltage: 20.048
2024-11-30 15:19:28,206 - DEBUG - valve - Controlling valve mode: homogenization_flow
2024-11-30 15:19:28,206 - DEBUG - valve - Switching to homogenization flow...
2024-11-30 15:19:28,206 - DEBUG - valve - Valve 1 (Pin 1): LOW, Valve 2 (Pin 2): LOW
2024-11-30 15:19:28,206 - DEBUG - valve - Switched to homogenization flow
2024-11-30 15:19:28,206 - INFO - flow_control - Valve Mode: homogenization_flow, Target Flow Rate: 1.000 ml/min, Flow Rate: 0.120 ml/min, Voltage: 37.7 V, Adjustment: 17.6 V
2024-11-30 15:19:28,696 - DEBUG - process - Homogenization process completed.
2024-11-30 15:19:28,696 - DEBUG - process - Starting sampling process...
2024-11-30 15:19:28,696 - DEBUG - valve - Controlling valve mode: sample_flow
2024-11-30 15:19:28,696 - DEBUG - valve - Switching to sample flow...
2024-11-30 15:19:28,697 - DEBUG - valve - Valve 1 (Pin 1): HIGH, Valve 2 (Pin 2): LOW
2024-11-30 15:19:28,697 - DEBUG - valve - Switched to sample flow
2024-11-30 15:19:28,697 - INFO - process - Starting VNA sweep...
2024-11-30 15:19:28,697 - INFO - vna - Attempting to connect to LibreVNA...
2024-11-30 15:19:28,698 - INFO - vna - Connected to LibreVNA.
2024-11-30 15:19:28,698 - DEBUG - vna - Sending command: VNA:ACQuisition:IFBW 10000
2024-11-30 15:19:28,698 - DEBUG - vna - Sending command: VNA:ACQuisition:POINTS 100
2024-11-30 15:19:28,698 - DEBUG - vna - Sending command: VNA:FREQuency:START 0
2024-11-30 15:19:28,699 - DEBUG - vna - Sending command: VNA:FREQuency:STOP 6000000000.0
2024-11-30 15:19:28,699 - INFO - vna - Starting sweep...
2024-11-30 15:19:28,699 - DEBUG - vna - Sending command: VNA:ACQuisition:RUN
2024-11-30 15:19:28,699 - INFO - vna - Waiting for sweep to complete...
2024-11-30 15:19:28,699 - DEBUG - vna - Sending query: *OPC?
2024-11-30 15:19:29,003 - DEBUG - vna - Received response: 1
2024-11-30 15:19:29,004 - INFO - vna - Sweep completed successfully.
2024-11-30 15:19:29,004 - INFO - vna - Waiting 2 seconds post-sweep to fetch data...
2024-11-30 15:19:29,713 - DEBUG - flow_control - Reading flow...
2024-11-30 15:19:29,714 - DEBUG - flow - Raw sensor data: [17, 125, 175]
2024-11-30 15:19:29,714 - DEBUG - flow_control - Current flow: 0.4477, Current voltage: 37.653999999999996
2024-11-30 15:19:29,714 - DEBUG - valve - Controlling valve mode: sample_flow
2024-11-30 15:19:29,714 - DEBUG - valve - Switching to sample flow...
2024-11-30 15:19:29,715 - DEBUG - valve - Valve 1 (Pin 1): HIGH, Valve 2 (Pin 2): LOW
2024-11-30 15:19:29,715 - DEBUG - valve - Switched to sample flow
2024-11-30 15:19:29,715 - INFO - flow_control - Valve Mode: sample_flow, Target Flow Rate: 0.400 ml/min, Flow Rate: 0.448 ml/min, Voltage: 37.7 V, Adjustment: 0.0 V
2024-11-30 15:19:31,004 - INFO - vna - Fetching selected S-parameter data...
2024-11-30 15:19:31,005 - INFO - vna - Collecting S21 data...
2024-11-30 15:19:31,005 - DEBUG - vna - Sending query: VNA:TRACe:DATA? S21
2024-11-30 15:19:31,006 - DEBUG - vna - Received response: [0,0.00749414,0.194956],[60606060,5.34411e-05,3.96925e-05],[121212121,2.99935e-06,-3.91628e-05],[181818181,-3.93052e-05,-1.73227e-05],[242424242,4.07353e-05,-1.98457e-05],[303030303,-2.23576e-05,-8.06045e-06],[363636363,7.80921e-05,1.09403e-05],[424242424,2.14304e-05,-0.000123021],[484848484,-8.63984e-05,7.8337e-05],[545454545,4.88969e-05,2.64903e-05],[606060606,4.42672e-05,6.82798e-06],[666666666,6.47919e-05,-4.60111e-05],[727272727,7.2805e-07,-4.17551e-05],[787878787,1.18867e-06,-8.1104e-05],[848484848,-0.000140133,-7.08773e-05],[909090909,-0.000100823,4.25775e-05],[969696969,-7.65547e-05,0.000119398],[1030303030,7.519e-05,1.59691e-05],[1090909090,4.65814e-05,-1.91489e-06],[1151515151,9.90635e-05,2.58759e-05],[1212121212,-1.0469e-05,-7.52383e-05],[1272727272,7.42933e-06,-9.49693e-06],[1333333333,0.000209494,4.48485e-05],[1393939393,-0.000329039,-0.00026646],[1454545454,-0.000312535,3.51995e-05],[1515151515,-0.000189412,0.000328527],[1575757575,0.000156955,0.000552431],[1636363636,0.000563656,0.000230954],[1696969696,0.000571315,-0.00031631],[1757575757,0.000118386,-0.000524605],[1818181818,-0.000360782,-0.000554771],[1878787878,-0.000527252,-0.00028832],[1939393939,-0.000628307,0.000101912],[2000000000,-0.000539809,0.000725747],[2060606060,-3.42479e-06,0.000774525],[2121212121,0.000729373,0.000805658],[2181818181,0.00154642,1.67166e-05],[2242424242,0.00119492,-0.00210208],[2303030303,-0.00116982,0.000236722],[2363636363,-0.000263437,-0.00024705],[2424242424,-0.00086775,-0.000160835],[2484848484,-0.00086201,0.000271393],[2545454545,-0.00050982,0.0010474],[2606060606,0.000550937,0.00161312],[2666666666,0.0018156,0.000660234],[2727272727,0.00159224,-0.00095082],[2787878787,0.000456295,-0.00177465],[2848484848,-0.000717538,-0.00160979],[2909090909,-0.00160281,-0.00101563],[2969696969,-0.00223918,-1.499e-05],[3030303030,-0.00238714,0.00163598],[3090909090,-0.00112155,0.00412254],[3151515151,0.00553594,0.00518487],[3212121212,0.0034648,-0.00706555],[3272727272,-0.00224666,-0.00220794],[3333333333,-0.000764532,-0.000786121],[3393939393,-0.00202499,-0.00127199],[3454545454,-0.00273397,0.000692054],[3515151515,-0.00184286,0.00247135],[3575757575,0.000106369,0.0032499],[3636363636,0.00223756,0.00289018],[3696969696,0.00410359,0.00102412],[3757575757,0.00417343,-0.00236372],[3818181818,0.00153866,-0.00515394],[3878787878,-0.00286923,-0.00525001],[3939393939,-0.00625843,-0.00200014],[4000000000,-0.00667052,0.00309807],[4060606060,-0.00269315,0.0078335],[4121212121,0.00469345,0.00728146],[4181818181,0.00675993,0.00139661],[4242424242,0.00397387,-0.00221323],[4303030303,0.00168706,-0.00155878],[4363636363,0.00255801,-0.00243879],[4424242424,0.00078771,-0.00461417],[4484848484,-0.00242145,-0.00483231],[4545454545,-0.00556316,-0.00319334],[4606060606,-0.00804347,0.00101565],[4666666666,-0.00756679,0.00790841],[4727272727,0.00134853,0.0153755],[4787878787,0.0196162,0.00822517],[4848484848,0.0145792,-0.0156719],[4909090909,-0.00512484,-0.016712],[4969696969,-0.0134593,-0.0057455],[5030303030,-0.0124103,0.00588787],[5090909090,-0.00329722,0.0133824],[5151515151,0.0096125,0.0114119],[5212121212,0.0141786,-0.00471749],[5272727272,0.00253648,-0.00655221],[5333333333,0.00320305,-0.00823137],[5393939393,-0.00560867,-0.0144596],[5454545454,-0.019837,-0.00346932],[5515151515,-0.0128184,0.0130419],[5575757575,0.000216492,0.0154584],[5636363636,0.00812355,0.0117592],[5696969696,0.0123053,0.00662872],[5757575757,0.014554,-0.000250051],[5818181818,0.0134271,-0.00939703],[5878787878,0.00309497,-0.0192086],[5939393939,-0.0163391,-0.0151526],[6000000000,-0.023052,0.0037274]
2024-11-30 15:19:31,006 - DEBUG - vna - Raw data received: ['0,0.00749414,0.194956', '60606060,5.34411e-05,3.96925e-05', '121212121,2.99935e-06,-3.91628e-05', '181818181,-3.93052e-05,-1.73227e-05', '242424242,4.07353e-05,-1.98457e-05']...
2024-11-30 15:19:31,007 - INFO - vna - Collecting S11 data...
2024-11-30 15:19:31,007 - DEBUG - vna - Sending query: VNA:TRACe:DATA? S11
2024-11-30 15:19:31,007 - DEBUG - vna - Received response: [0,-0.329993,-0.374983],[60606060,-0.668521,0.0839233],[121212121,-0.649821,0.212518],[181818181,-0.614955,0.343246],[242424242,-0.554944,0.477445],[303030303,-0.449932,0.60659],[363636363,-0.312382,0.710667],[424242424,-0.133597,0.787079],[484848484,0.0441383,0.802017],[545454545,0.236575,0.772865],[606060606,0.397293,0.693908],[666666666,0.545757,0.59349],[727272727,0.67173,0.450305],[787878787,0.765661,0.290992],[848484848,0.823313,0.122038],[909090909,0.837796,-0.0776359],[969696969,0.79253,-0.289196],[1030303030,0.67727,-0.494526],[1090909090,0.503374,-0.646745],[1151515151,0.308047,-0.728723],[1212121212,0.117979,-0.760813],[1272727272,-0.0693437,-0.736696],[1333333333,-0.231877,-0.691202],[1393939393,-0.380639,-0.619358],[1454545454,-0.513036,-0.515961],[1515151515,-0.635333,-0.386181],[1575757575,-0.727507,-0.215824],[1636363636,-0.772807,-0.0271924],[1696969696,-0.756796,0.18293],[1757575757,-0.666986,0.395039],[1818181818,-0.532864,0.544578],[1878787878,-0.394007,0.644971],[1939393939,-0.235457,0.702188],[2000000000,-0.0902882,0.733526],[2060606060,0.0697489,0.733198],[2121212121,0.231815,0.705044],[2181818181,0.396522,0.642617],[2242424242,0.538298,0.519334],[2303030303,0.649291,0.360579],[2363636363,0.70306,0.175778],[2424242424,0.696335,0.00828417],[2484848484,0.653505,-0.122706],[2545454545,0.596476,-0.214402],[2606060606,0.539375,-0.282111],[2666666666,0.475855,-0.348896],[2727272727,0.405383,-0.411516],[2787878787,0.331367,-0.467708],[2848484848,0.247912,-0.525833],[2909090909,0.143762,-0.576623],[2969696969,0.00834106,-0.615914],[3030303030,-0.149924,-0.607445],[3090909090,-0.315968,-0.545484],[3151515151,-0.467595,-0.41925],[3212121212,-0.557529,-0.233772],[3272727272,-0.574884,-0.0523627],[3333333333,-0.544897,0.102054],[3393939393,-0.475524,0.239714],[3454545454,-0.382862,0.349572],[3515151515,-0.282793,0.419323],[3575757575,-0.164974,0.465353],[3636363636,-0.0457848,0.481288],[3696969696,0.0627944,0.447645],[3757575757,0.153691,0.402453],[3818181818,0.219414,0.337673],[3878787878,0.25941,0.271132],[3939393939,0.287529,0.209269],[4000000000,0.305524,0.148838],[4060606060,0.31688,0.093809],[4121212121,0.321432,0.052355],[4181818181,0.323161,0.0500157],[4242424242,0.3312,0.0226769],[4303030303,0.339647,-0.0311674],[4363636363,0.342016,-0.0882034],[4424242424,0.333747,-0.151138],[4484848484,0.313303,-0.211437],[4545454545,0.280202,-0.271698],[4606060606,0.209729,-0.335267],[4666666666,0.117478,-0.391443],[4727272727,-0.0136062,-0.402502],[4787878787,-0.144097,-0.377332],[4848484848,-0.263016,-0.30472],[4909090909,-0.348169,-0.200172],[4969696969,-0.379544,-0.099954],[5030303030,-0.385183,0.0509227],[5090909090,-0.321626,0.203138],[5151515151,-0.207922,0.295097],[5212121212,-0.0874643,0.330748],[5272727272,0.0359696,0.328502],[5333333333,0.158751,0.276534],[5393939393,0.238137,0.206218],[5454545454,0.274169,0.148886],[5515151515,0.298013,0.0915419],[5575757575,0.310843,0.020332],[5636363636,0.312949,-0.0227027],[5696969696,0.309679,-0.0499943],[5757575757,0.292375,-0.100927],[5818181818,0.257181,-0.1591],[5878787878,0.210064,-0.210174],[5939393939,0.167369,-0.234554],[6000000000,0.113065,-0.256339]
2024-11-30 15:19:31,008 - DEBUG - vna - Raw data received: ['0,-0.329993,-0.374983', '60606060,-0.668521,0.0839233', '121212121,-0.649821,0.212518', '181818181,-0.614955,0.343246', '242424242,-0.554944,0.477445']...
2024-11-30 15:19:31,008 - INFO - vna - Collecting S12 data...
2024-11-30 15:19:31,008 - DEBUG - vna - Sending query: VNA:TRACe:DATA? S12
2024-11-30 15:19:31,009 - DEBUG - vna - Received response: [0,-0.320012,-0.375887],[60606060,3.78721e-05,3.25719e-05],[121212121,6.07732e-05,8.66314e-05],[181818181,1.85784e-05,8.11083e-05],[242424242,4.08008e-05,-3.20789e-05],[303030303,4.50181e-05,3.57078e-05],[363636363,4.02583e-05,1.3712e-06],[424242424,-0.000111867,-9.67942e-05],[484848484,0.000175186,2.78848e-05],[545454545,8.12405e-05,3.98363e-05],[606060606,6.52497e-05,-4.97365e-05],[666666666,9.48565e-05,1.65308e-05],[727272727,5.81133e-05,-1.01535e-05],[787878787,2.64796e-05,-0.000115665],[848484848,-2.68339e-05,-9.6886e-05],[909090909,-8.92823e-05,-4.64107e-05],[969696969,-0.000160688,0.000141273],[1030303030,-8.22993e-05,0.000101729],[1090909090,-7.59485e-07,2.00349e-05],[1151515151,7.89476e-05,6.75306e-05],[1212121212,1.0671e-05,3.1068e-05],[1272727272,-4.94056e-06,2.70964e-05],[1333333333,-0.000357761,2.58734e-05],[1393939393,0.000624314,0.00025197],[1454545454,0.000391329,-1.04659e-06],[1515151515,0.000286056,-0.000173907],[1575757575,0.000184947,-0.00041699],[1636363636,-4.55105e-05,-0.000531992],[1696969696,-0.000401905,-0.000415716],[1757575757,-0.000554089,-9.63375e-05],[1818181818,-0.0005444,0.000143864],[1878787878,-0.000429367,0.000287842],[1939393939,-0.000345722,0.000551678],[2000000000,-0.000151782,0.000855047],[2060606060,0.000122936,0.000856891],[2121212121,0.000750276,0.000910574],[2181818181,0.0015156,0.000419687],[2242424242,0.00213228,-0.00107589],[2303030303,-0.00100624,-0.000541446],[2363636363,5.36775e-05,-0.000398349],[2424242424,6.36626e-06,-0.000668667],[2484848484,-0.00037744,-0.000981203],[2545454545,-0.00102007,-0.000955587],[2606060606,-0.00162157,-0.000522555],[2666666666,-0.0020271,0.000507439],[2727272727,-0.00146358,0.00183519],[2787878787,-0.000285974,0.00202704],[2848484848,0.000600112,0.00184202],[2909090909,0.00119112,0.00157884],[2969696969,0.00181202,0.00128804],[3030303030,0.00259438,0.000721604],[3090909090,0.00388602,-0.000593643],[3151515151,0.00409964,-0.00565443],[3212121212,-0.00571777,-0.00417578],[3272727272,-0.00279603,0.000867199],[3333333333,-0.000974606,-4.98162e-05],[3393939393,-0.00207681,-0.000344107],[3454545454,-0.00248415,0.000829061],[3515151515,-0.00206802,0.00174578],[3575757575,-0.00122143,0.00251146],[3636363636,-0.000361669,0.00309865],[3696969696,0.000808274,0.00340733],[3757575757,0.00242623,0.00347846],[3818181818,0.0045908,0.00255456],[3878787878,0.00618602,-0.000190608],[3939393939,0.0057816,-0.00397542],[4000000000,0.00304213,-0.00720084],[4060606060,-0.00209502,-0.00885991],[4121212121,-0.00824834,-0.00544326],[4181818181,-0.00784182,0.000617419],[4242424242,-0.0039105,0.00282542],[4303030303,-0.00187605,0.00143307],[4363636363,-0.00348578,0.00164049],[4424242424,-0.00317332,0.00360333],[4484848484,-0.00216854,0.00494504],[4545454545,-0.000762335,0.00634309],[4606060606,0.00176976,0.00776969],[4666666666,0.00666654,0.00856512],[4727272727,0.0146651,0.00462493],[4787878787,0.0176058,-0.0104166],[4848484848,0.00158594,-0.0204281],[4909090909,-0.0099658,-0.0132174],[4969696969,-0.0121959,-0.00605361],[5030303030,-0.0125249,0.000283804],[5090909090,-0.0105157,0.00633451],[5151515151,-0.00613475,0.0120058],[5212121212,0.0047108,0.0132319],[5272727272,0.0054584,0.00413852],[5333333333,0.00558518,0.00688387],[5393939393,0.0152598,0.00483804],[5454545454,0.0179682,-0.0104811],[5515151515,0.00621027,-0.0178893],[5575757575,-0.00364623,-0.0159844],[5636363636,-0.0082819,-0.012584],[5696969696,-0.0106498,-0.00991816],[5757575757,-0.0137663,-0.00623458],[5818181818,-0.0168074,-0.000588626],[5878787878,-0.0179734,0.00881839],[5939393939,-0.0131673,0.0204305],[6000000000,0.00250862,0.0258708]
2024-11-30 15:19:31,009 - DEBUG - vna - Raw data received: ['0,-0.320012,-0.375887', '60606060,3.78721e-05,3.25719e-05', '121212121,6.07732e-05,8.66314e-05', '181818181,1.85784e-05,8.11083e-05', '242424242,4.08008e-05,-3.20789e-05']...
2024-11-30 15:19:31,009 - INFO - vna - Collecting S22 data...
2024-11-30 15:19:31,009 - DEBUG - vna - Sending query: VNA:TRACe:DATA? S22
2024-11-30 15:19:31,010 - DEBUG - vna - Received response: [0,0.00893207,0.195297],[60606060,0.493542,-0.441879],[121212121,-0.0987703,-0.692423],[181818181,-0.676767,-0.270545],[242424242,-0.552332,0.447698],[303030303,0.0814474,0.653084],[363636363,0.548794,0.285839],[424242424,0.466994,-0.32763],[484848484,0.339377,-0.48721],[545454545,-0.22844,-0.585942],[606060606,-0.621833,-0.199527],[666666666,-0.558511,0.372606],[727272727,-0.0288375,0.692617],[787878787,0.573769,0.441882],[848484848,0.701475,-0.295763],[909090909,-0.0275564,-0.758212],[969696969,-0.667006,-0.208008],[1030303030,-0.432563,0.455274],[1090909090,0.1161,0.582821],[1151515151,0.50808,0.297627],[1212121212,0.578105,-0.165495],[1272727272,0.289953,-0.549521],[1333333333,-0.207539,-0.590465],[1393939393,-0.540334,-0.310386],[1454545454,-0.582766,0.211315],[1515151515,-0.189475,0.588794],[1575757575,0.41134,0.465172],[1636363636,0.591125,-0.199989],[1696969696,-0.00721341,-0.603728],[1757575757,-0.528425,-0.213873],[1818181818,-0.462428,0.309506],[1878787878,-0.0716136,0.563794],[1939393939,0.382878,0.461573],[2000000000,0.651323,0.0359966],[2060606060,0.469414,-0.525976],[2121212121,-0.175074,-0.708093],[2181818181,-0.661009,-0.229698],[2242424242,-0.464664,0.416222],[2303030303,-0.0536176,0.597845],[2363636363,0.511185,0.34919],[2424242424,0.554078,-0.244074],[2484848484,0.082563,-0.576965],[2545454545,-0.437159,-0.345357],[2606060606,-0.490657,0.253512],[2666666666,0.105989,0.553769],[2727272727,0.536207,0.0325428],[2787878787,0.222608,-0.426528],[2848484848,-0.192264,-0.387809],[2909090909,-0.386431,-0.132098],[2969696969,-0.378029,0.1254],[3030303030,-0.235683,0.326269],[3090909090,0.0325459,0.409167],[3151515151,0.319582,0.152971],[3212121212,0.0842847,0.117693],[3272727272,0.363792,-0.0872955],[3333333333,-0.0851033,-0.362488],[3393939393,-0.232297,0.15304],[3454545454,0.17372,0.241817],[3515151515,0.354813,-0.0416787],[3575757575,0.244457,-0.326381],[3636363636,-0.0403169,-0.451825],[3696969696,-0.343124,-0.329625],[3757575757,-0.490164,0.0092611],[3818181818,-0.29051,0.370981],[3878787878,0.138784,0.378298],[3939393939,0.289094,0.0188799],[4000000000,0.0432082,-0.19958],[4060606060,-0.212719,-0.0253713],[4121212121,-0.0335521,0.262873],[4181818181,0.208481,0.0619231],[4242424242,0.00147399,-0.109383],[4303030303,-0.0616024,0.180943],[4363636363,0.289932,0.0309622],[4424242424,0.13678,-0.247227],[4484848484,-0.0932738,-0.247819],[4545454545,-0.236377,-0.108145],[4606060606,-0.244972,0.0901599],[4666666666,-0.0943745,0.248082],[4727272727,0.167043,0.199889],[4787878787,0.18177,-0.128759],[4848484848,-0.155289,-0.102632],[4909090909,-0.11032,0.167789],[4969696969,0.10959,0.191422],[5030303030,0.230401,0.0368078],[5090909090,0.183331,-0.151792],[5151515151,-0.00869881,-0.228152],[5212121212,-0.110455,-0.0607697],[5272727272,-0.0584629,-0.133048],[5333333333,-0.227887,-0.0242602],[5393939393,-0.1062,0.192507],[5454545454,0.119956,0.0275491],[5515151515,-0.063316,-0.139357],[5575757575,-0.22258,-0.00557398],[5636363636,-0.211443,0.164439],[5696969696,-0.107523,0.270247],[5757575757,0.0434385,0.291868],[5818181818,0.187929,0.20669],[5878787878,0.238949,0.00224432],[5939393939,0.0725163,-0.133917],[6000000000,-0.044065,-0.00330395]
2024-11-30 15:19:31,010 - DEBUG - vna - Raw data received: ['0,0.00893207,0.195297', '60606060,0.493542,-0.441879', '121212121,-0.0987703,-0.692423', '181818181,-0.676767,-0.270545', '242424242,-0.552332,0.447698']...
2024-11-30 15:19:31,010 - INFO - vna - Saving raw data to Raw_datalog/2024-11-30_15-19-31_chem_PFOA_conc_453_exp_1.csv...
2024-11-30 15:19:31,012 - INFO - vna - Raw data saved successfully.
2024-11-30 15:19:31,020 - INFO - preprocessing - Baseline data loaded successfully.
2024-11-30 15:19:31,021 - INFO - preprocessing - Starting preprocessing...
2024-11-30 15:19:31,023 - INFO - preprocessing - Frequency normalization applied.
2024-11-30 15:19:31,032 - INFO - preprocessing - Magnitude and phase calculated.
2024-11-30 15:19:31,035 - INFO - preprocessing - Phase unwrapping applied.
2024-11-30 15:19:31,036 - INFO - preprocessing - VSWR calculated.
2024-11-30 15:19:31,041 - INFO - preprocessing - Impedance calculated.
2024-11-30 15:19:31,051 - INFO - preprocessing - Resistance, capacitance, and inductance calculated.
2024-11-30 15:19:31,054 - INFO - preprocessing - Q-factor calculated.
2024-11-30 15:19:31,062 - INFO - preprocessing - Group delay calculated.
2024-11-30 15:19:31,065 - INFO - preprocessing - Normalized impedance calculated.
2024-11-30 15:19:31,067 - INFO - preprocessing - Admittance calculated.
2024-11-30 15:19:31,068 - INFO - preprocessing - Effective dielectric constant calculation is not implemented.
2024-11-30 15:19:31,068 - INFO - preprocessing - Reflection coefficient is available as magnitude of S11 and S22.
2024-11-30 15:19:31,068 - ERROR - preprocessing - Error during preprocessing: 'Conductivity_Corrected'
2024-11-30 15:19:31,068 - ERROR - preprocessing - Error during processing and saving: 'Conductivity_Corrected'
2024-11-30 15:19:31,069 - ERROR - vna - An error occurred: 'Conductivity_Corrected'
2024-11-30 15:19:31,069 - INFO - vna - VNA connection closed.
2024-11-30 15:19:31,070 - INFO - combo_gui - Completed Experiment 1.
2024-11-30 15:19:31,221 - DEBUG - flow_control - Reading flow...
2024-11-30 15:19:31,222 - DEBUG - flow - Raw sensor data: [17, 7, 140]
2024-11-30 15:19:31,222 - DEBUG - flow_control - Current flow: 0.4359, Current voltage: 37.653999999999996
2024-11-30 15:19:31,222 - DEBUG - valve - Controlling valve mode: sample_flow
2024-11-30 15:19:31,222 - DEBUG - valve - Switching to sample flow...
2024-11-30 15:19:31,222 - ERROR - valve - Error controlling valve mode sample_flow: Please set pin numbering mode using GPIO.setmode(GPIO.BOARD), GPIO.setmode(GPIO.BCM), GPIO.setmode(GPIO.TEGRA_SOC) or GPIO.setmode(GPIO.CVM)
2024-11-30 15:19:31,222 - INFO - flow_control - Valve Mode: sample_flow, Target Flow Rate: 0.400 ml/min, Flow Rate: 0.436 ml/min, Voltage: 37.7 V, Adjustment: 0.0 V
2024-11-30 15:19:32,728 - DEBUG - flow_control - Reading flow...
2024-11-30 15:19:32,729 - DEBUG - flow - Raw sensor data: [16, 237, 98]
2024-11-30 15:19:32,729 - DEBUG - flow_control - Current flow: 0.4333, Current voltage: 37.653999999999996
2024-11-30 15:19:32,729 - DEBUG - valve - Controlling valve mode: sample_flow
2024-11-30 15:19:32,729 - DEBUG - valve - Switching to sample flow...
2024-11-30 15:19:32,730 - ERROR - valve - Error controlling valve mode sample_flow: Please set pin numbering mode using GPIO.setmode(GPIO.BOARD), GPIO.setmode(GPIO.BCM), GPIO.setmode(GPIO.TEGRA_SOC) or GPIO.setmode(GPIO.CVM)
2024-11-30 15:19:32,730 - INFO - flow_control - Valve Mode: sample_flow, Target Flow Rate: 0.400 ml/min, Flow Rate: 0.433 ml/min, Voltage: 37.7 V, Adjustment: 0.0 V
2024-11-30 15:19:34,236 - DEBUG - flow_control - Reading flow...
2024-11-30 15:19:34,237 - DEBUG - flow - Raw sensor data: [16, 252, 16]
2024-11-30 15:19:34,237 - DEBUG - flow_control - Current flow: 0.4348, Current voltage: 37.653999999999996
2024-11-30 15:19:34,237 - DEBUG - valve - Controlling valve mode: sample_flow
2024-11-30 15:19:34,237 - DEBUG - valve - Switching to sample flow...
2024-11-30 15:19:34,237 - ERROR - valve - Error controlling valve mode sample_flow: Please set pin numbering mode using GPIO.setmode(GPIO.BOARD), GPIO.setmode(GPIO.BCM), GPIO.setmode(GPIO.TEGRA_SOC) or GPIO.setmode(GPIO.CVM)
2024-11-30 15:19:34,238 - INFO - flow_control - Valve Mode: sample_flow, Target Flow Rate: 0.400 ml/min, Flow Rate: 0.435 ml/min, Voltage: 37.7 V, Adjustment: 0.0 V
2024-11-30 15:19:35,744 - DEBUG - flow_control - Reading flow...
2024-11-30 15:19:35,745 - DEBUG - flow - Raw sensor data: [17, 27, 178]
2024-11-30 15:19:35,745 - DEBUG - flow_control - Current flow: 0.4379, Current voltage: 37.653999999999996
2024-11-30 15:19:35,745 - DEBUG - valve - Controlling valve mode: sample_flow
2024-11-30 15:19:35,745 - DEBUG - valve - Switching to sample flow...
2024-11-30 15:19:35,745 - ERROR - valve - Error controlling valve mode sample_flow: Please set pin numbering mode using GPIO.setmode(GPIO.BOARD), GPIO.setmode(GPIO.BCM), GPIO.setmode(GPIO.TEGRA_SOC) or GPIO.setmode(GPIO.CVM)
2024-11-30 15:19:35,746 - INFO - flow_control - Valve Mode: sample_flow, Target Flow Rate: 0.400 ml/min, Flow Rate: 0.438 ml/min, Voltage: 37.7 V, Adjustment: 0.0 V
2024-11-30 15:19:37,252 - DEBUG - flow_control - Reading flow...
2024-11-30 15:19:37,253 - DEBUG - flow - Raw sensor data: [17, 9, 147]
2024-11-30 15:19:37,265 - DEBUG - flow_control - Current flow: 0.4361, Current voltage: 37.653999999999996
2024-11-30 15:19:37,265 - DEBUG - valve - Controlling valve mode: sample_flow
2024-11-30 15:19:37,265 - DEBUG - valve - Switching to sample flow...
2024-11-30 15:19:37,266 - ERROR - valve - Error controlling valve mode sample_flow: Please set pin numbering mode using GPIO.setmode(GPIO.BOARD), GPIO.setmode(GPIO.BCM), GPIO.setmode(GPIO.TEGRA_SOC) or GPIO.setmode(GPIO.CVM)
2024-11-30 15:19:37,266 - INFO - flow_control - Valve Mode: sample_flow, Target Flow Rate: 0.400 ml/min, Flow Rate: 0.436 ml/min, Voltage: 37.7 V, Adjustment: 0.0 V
2024-11-30 15:19:37,648 - INFO - combo_gui - Closing the application...
2024-11-30 15:19:38,772 - DEBUG - flow_control - Reading flow...
2024-11-30 15:19:38,773 - DEBUG - flow - Raw sensor data: [16, 201, 32]
2024-11-30 15:19:38,774 - DEBUG - flow_control - Current flow: 0.4297, Current voltage: 37.653999999999996
2024-11-30 15:19:38,774 - DEBUG - valve - Controlling valve mode: sample_flow
2024-11-30 15:19:38,774 - DEBUG - valve - Switching to sample flow...
2024-11-30 15:19:38,774 - ERROR - valve - Error controlling valve mode sample_flow: Please set pin numbering mode using GPIO.setmode(GPIO.BOARD), GPIO.setmode(GPIO.BCM), GPIO.setmode(GPIO.TEGRA_SOC) or GPIO.setmode(GPIO.CVM)
2024-11-30 15:19:38,774 - INFO - flow_control - Valve Mode: sample_flow, Target Flow Rate: 0.400 ml/min, Flow Rate: 0.430 ml/min, Voltage: 37.7 V, Adjustment: 0.0 V
