2024-11-27 17:56:57,365 - INFO - flow - Starting continuous measurement...
2024-11-27 17:56:57,365 - INFO - flow - Starting continuous measurement...
2024-11-27 17:56:57,367 - INFO - flow_control - Flow measurement started successfully.
2024-11-27 17:56:57,367 - INFO - flow_control - Flow measurement started successfully.
2024-11-27 17:56:57,368 - INFO - flow_control - Valve Mode: flush_flow, Target Flow Rate: 1.000 ml/min, Flow Rate: 0.340 ml/min, Voltage: 13.2 V, Adjustment: 13.2 V
2024-11-27 17:56:57,368 - INFO - flow_control - Valve Mode: flush_flow, Target Flow Rate: 1.000 ml/min, Flow Rate: 0.340 ml/min, Voltage: 13.2 V, Adjustment: 13.2 V
2024-11-27 17:56:58,877 - INFO - flow_control - Valve Mode: homogenization_flow, Target Flow Rate: 1.000 ml/min, Flow Rate: -0.004 ml/min, Voltage: 33.3 V, Adjustment: 20.1 V
2024-11-27 17:56:58,877 - INFO - flow_control - Valve Mode: homogenization_flow, Target Flow Rate: 1.000 ml/min, Flow Rate: -0.004 ml/min, Voltage: 33.3 V, Adjustment: 20.1 V
2024-11-27 17:56:59,369 - INFO - process - Starting VNA sweep...
2024-11-27 17:56:59,369 - INFO - process - Starting VNA sweep...
2024-11-27 17:56:59,370 - INFO - vna - Attempting to connect to LibreVNA...
2024-11-27 17:56:59,370 - INFO - vna - Attempting to connect to LibreVNA...
2024-11-27 17:56:59,371 - INFO - vna - Connected to LibreVNA.
2024-11-27 17:56:59,371 - INFO - vna - Connected to LibreVNA.
2024-11-27 17:56:59,371 - INFO - vna - Starting sweep...
2024-11-27 17:56:59,371 - INFO - vna - Starting sweep...
2024-11-27 17:56:59,372 - INFO - vna - Waiting for sweep to complete...
2024-11-27 17:56:59,372 - INFO - vna - Waiting for sweep to complete...
2024-11-27 17:57:00,385 - INFO - flow_control - Valve Mode: sample_flow, Target Flow Rate: 0.400 ml/min, Flow Rate: 0.214 ml/min, Voltage: 37.0 V, Adjustment: 3.7 V
2024-11-27 17:57:00,385 - INFO - flow_control - Valve Mode: sample_flow, Target Flow Rate: 0.400 ml/min, Flow Rate: 0.214 ml/min, Voltage: 37.0 V, Adjustment: 3.7 V
2024-11-27 17:57:01,894 - INFO - flow_control - Valve Mode: sample_flow, Target Flow Rate: 0.400 ml/min, Flow Rate: 0.253 ml/min, Voltage: 40.0 V, Adjustment: 2.9 V
2024-11-27 17:57:01,894 - INFO - flow_control - Valve Mode: sample_flow, Target Flow Rate: 0.400 ml/min, Flow Rate: 0.253 ml/min, Voltage: 40.0 V, Adjustment: 2.9 V
2024-11-27 17:57:03,402 - INFO - flow_control - Valve Mode: sample_flow, Target Flow Rate: 0.400 ml/min, Flow Rate: 0.292 ml/min, Voltage: 42.1 V, Adjustment: 2.2 V
2024-11-27 17:57:03,402 - INFO - flow_control - Valve Mode: sample_flow, Target Flow Rate: 0.400 ml/min, Flow Rate: 0.292 ml/min, Voltage: 42.1 V, Adjustment: 2.2 V
2024-11-27 17:57:04,376 - WARNING - vna - Timeout while polling sweep completion: Socket read timed out while waiting for data.
2024-11-27 17:57:04,376 - WARNING - vna - Timeout while polling sweep completion: Socket read timed out while waiting for data.
2024-11-27 17:57:04,910 - INFO - flow_control - Valve Mode: sample_flow, Target Flow Rate: 0.400 ml/min, Flow Rate: 0.327 ml/min, Voltage: 42.1 V, Adjustment: 0.0 V
2024-11-27 17:57:04,910 - INFO - flow_control - Valve Mode: sample_flow, Target Flow Rate: 0.400 ml/min, Flow Rate: 0.327 ml/min, Voltage: 42.1 V, Adjustment: 0.0 V
2024-11-27 17:57:05,176 - INFO - combo_gui - Closing the application...
2024-11-27 17:57:05,176 - INFO - combo_gui - Closing the application...
2024-11-27 17:57:05,177 - INFO - combo_gui - Terminating process thread...
2024-11-27 17:57:05,177 - INFO - combo_gui - Terminating process thread...
2024-11-27 17:57:06,416 - INFO - flow_control - Terminating flow control thread.
2024-11-27 17:57:06,416 - INFO - flow_control - Terminating flow control thread.
