2024-11-30 18:23:07,423 - INFO - combo_gui - Starting Experiment 1...
2024-11-30 18:23:07,425 - DEBUG - process - Starting flush process...
2024-11-30 18:23:08,427 - DEBUG - process - Flush process completed.
2024-11-30 18:23:08,427 - DEBUG - process - Starting homogenization process...
2024-11-30 18:23:09,428 - DEBUG - process - Homogenization process completed.
2024-11-30 18:23:09,429 - DEBUG - process - Starting sampling process...
2024-11-30 18:23:09,430 - INFO - process - Starting VNA sweep...
2024-11-30 18:23:09,430 - INFO - vna - Attempting to connect to LibreVNA...
2024-11-30 18:23:09,431 - INFO - vna - Connected to LibreVNA.
2024-11-30 18:23:09,431 - DEBUG - vna - Sending command: VNA:ACQuisition:IFBW 10000
2024-11-30 18:23:09,431 - DEBUG - vna - Sending command: VNA:ACQuisition:POINTS 100
2024-11-30 18:23:09,431 - DEBUG - vna - Sending command: VNA:FREQuency:START 0
2024-11-30 18:23:09,432 - DEBUG - vna - Sending command: VNA:FREQuency:STOP 6000000000.0
2024-11-30 18:23:09,432 - INFO - vna - Starting sweep...
2024-11-30 18:23:09,432 - DEBUG - vna - Sending command: VNA:ACQuisition:RUN
2024-11-30 18:23:09,432 - INFO - vna - Waiting for sweep to complete...
2024-11-30 18:23:09,432 - DEBUG - vna - Sending query: *OPC?
2024-11-30 18:23:09,489 - DEBUG - vna - Received response: 1
2024-11-30 18:23:09,490 - INFO - vna - Sweep completed successfully.
2024-11-30 18:23:09,490 - INFO - vna - Waiting 2 seconds post-sweep to fetch data...
2024-11-30 18:23:11,490 - INFO - vna - Fetching selected S-parameter data...
2024-11-30 18:23:11,491 - INFO - vna - Collecting S21 data...
2024-11-30 18:23:11,491 - DEBUG - vna - Sending query: VNA:TRACe:DATA? S21
2024-11-30 18:23:11,492 - DEBUG - vna - Received response: [0,0.0017747,0.177397],[60606060,3.93393e-05,2.26403e-05],[121212121,3.35103e-05,-1.10262e-05],[181818181,4.31029e-05,5.75671e-05],[242424242,-3.98259e-05,4.84005e-06],[303030303,-4.87188e-06,-3.80835e-05],[363636363,1.07739e-05,-2.14238e-05],[424242424,3.61514e-05,-8.2065e-05],[484848484,-2.52523e-05,0.000191548],[545454545,6.05822e-05,8.31088e-05],[606060606,4.51927e-05,1.30934e-06],[666666666,5.30109e-05,-2.96538e-05],[727272727,3.28143e-05,-2.00941e-05],[787878787,3.05909e-05,-1.96137e-05],[848484848,-9.24345e-05,-6.93582e-05],[909090909,-5.71865e-05,0.000108358],[969696969,-8.07779e-06,0.000164008],[1030303030,0.000105418,0.000105545],[1090909090,0.000148567,-4.27527e-05],[1151515151,2.74401e-05,-0.000103077],[1212121212,-7.40987e-05,-2.7145e-05],[1272727272,-4.81807e-05,-3.03956e-05],[1333333333,0.000207278,8.57581e-05],[1393939393,-0.000322956,-0.000250338],[1454545454,-0.000229602,0.000118992],[1515151515,-0.000165962,0.000230021],[1575757575,6.75506e-05,0.000467616],[1636363636,0.000542212,0.000299438],[1696969696,0.0005406,-0.000272357],[1757575757,0.000152903,-0.000649677],[1818181818,-0.000398669,-0.000663822],[1878787878,-0.000626387,-0.000118754],[1939393939,-0.000563206,0.000212418],[2000000000,-0.000324134,0.000611114],[2060606060,0.000189931,0.000828769],[2121212121,0.000840634,0.000619549],[2181818181,0.00114886,-0.000192699],[2242424242,0.0010324,-0.00187524],[2303030303,-0.00117409,0.000329429],[2363636363,-0.000237305,-0.000193079],[2424242424,-0.00069901,-0.000146807],[2484848484,-0.000893003,0.000456985],[2545454545,-0.000528832,0.00120877],[2606060606,0.000584997,0.00144437],[2666666666,0.00174577,0.00050546],[2727272727,0.00158951,-0.00096128],[2787878787,0.000429117,-0.00163859],[2848484848,-0.000684964,-0.00154839],[2909090909,-0.00152318,-0.0009779],[2969696969,-0.0021642,8.30835e-06],[3030303030,-0.00233962,0.00155303],[3090909090,-0.0012559,0.00403442],[3151515151,0.0053524,0.00515526],[3212121212,0.00349817,-0.00678532],[3272727272,-0.00227,-0.00218949],[3333333333,-0.000793747,-0.000884531],[3393939393,-0.00189926,-0.00124506],[3454545454,-0.00271371,0.000670382],[3515151515,-0.0016765,0.00223853],[3575757575,-3.37076e-05,0.0030995],[3636363636,0.00196921,0.00276139],[3696969696,0.00385392,0.00118652],[3757575757,0.00422412,-0.00192959],[3818181818,0.00195215,-0.0051421],[3878787878,-0.00278635,-0.00567162],[3939393939,-0.00641452,-0.00218667],[4000000000,-0.00674921,0.00315562],[4060606060,-0.00285528,0.00753664],[4121212121,0.00409145,0.00739489],[4181818181,0.00695687,0.00188533],[4242424242,0.00415319,-0.00219847],[4303030303,0.00174482,-0.00155165],[4363636363,0.00263982,-0.00237085],[4424242424,0.00096825,-0.00478208],[4484848484,-0.00241189,-0.005094],[4545454545,-0.00588339,-0.00322141],[4606060606,-0.00830862,0.00120582],[4666666666,-0.00740838,0.00828116],[4727272727,0.00203567,0.0159248],[4787878787,0.0203244,0.00759093],[4848484848,0.0143718,-0.0163463],[4909090909,-0.00567872,-0.0170572],[4969696969,-0.0141167,-0.00531539],[5030303030,-0.0125414,0.00664548],[5090909090,-0.00274084,0.0140058],[5151515151,0.0106571,0.0111329],[5212121212,0.014406,-0.00557483],[5272727272,0.00225059,-0.00699062],[5333333333,0.00298818,-0.00858557],[5393939393,-0.00621209,-0.0150631],[5454545454,-0.0208132,-0.00288004],[5515151515,-0.0125271,0.0141776],[5575757575,0.00121392,0.0158023],[5636363636,0.00893045,0.0116553],[5696969696,0.0131114,0.00598641],[5757575757,0.0151891,-0.00125251],[5818181818,0.0134527,-0.0107494],[5878787878,0.0020621,-0.0203051],[5939393939,-0.0182765,-0.0152377],[6000000000,-0.0244219,0.00577786]
2024-11-30 18:23:11,493 - DEBUG - vna - Raw data received: ['0,0.0017747,0.177397', '60606060,3.93393e-05,2.26403e-05', '121212121,3.35103e-05,-1.10262e-05', '181818181,4.31029e-05,5.75671e-05', '242424242,-3.98259e-05,4.84005e-06']...
2024-11-30 18:23:11,493 - INFO - vna - Collecting S11 data...
2024-11-30 18:23:11,493 - DEBUG - vna - Sending query: VNA:TRACe:DATA? S11
2024-11-30 18:23:11,494 - DEBUG - vna - Received response: [0,-0.337782,-0.359907],[60606060,-0.661207,0.0862438],[121212121,-0.643301,0.212154],[181818181,-0.606818,0.342629],[242424242,-0.54573,0.471405],[303030303,-0.45143,0.601097],[363636363,-0.311414,0.71325],[424242424,-0.129563,0.776725],[484848484,0.0525922,0.799593],[545454545,0.23697,0.765689],[606060606,0.403433,0.694779],[666666666,0.541255,0.588128],[727272727,0.671343,0.446239],[787878787,0.766854,0.289049],[848484848,0.820924,0.117093],[909090909,0.834835,-0.0826437],[969696969,0.785886,-0.293824],[1030303030,0.672733,-0.494341],[1090909090,0.499164,-0.643973],[1151515151,0.303316,-0.723236],[1212121212,0.113588,-0.744905],[1272727272,-0.0726821,-0.73455],[1333333333,-0.2321,-0.686053],[1393939393,-0.377976,-0.613884],[1454545454,-0.510149,-0.513963],[1515151515,-0.626684,-0.383849],[1575757575,-0.720607,-0.213861],[1636363636,-0.765676,-0.0267483],[1696969696,-0.749628,0.183845],[1757575757,-0.665618,0.388527],[1818181818,-0.535109,0.540708],[1878787878,-0.392193,0.634082],[1939393939,-0.239505,0.7025],[2000000000,-0.0899966,0.731785],[2060606060,0.0678264,0.732843],[2121212121,0.233061,0.706777],[2181818181,0.394896,0.637444],[2242424242,0.54397,0.516454],[2303030303,0.648256,0.349946],[2363636363,0.698846,0.171949],[2424242424,0.691333,0.0084203],[2484848484,0.649391,-0.120219],[2545454545,0.593812,-0.209687],[2606060606,0.538115,-0.278243],[2666666666,0.472705,-0.344412],[2727272727,0.403437,-0.410237],[2787878787,0.333099,-0.469955],[2848484848,0.24574,-0.523674],[2909090909,0.138496,-0.576573],[2969696969,0.0016352,-0.610852],[3030303030,-0.154967,-0.60636],[3090909090,-0.320315,-0.53805],[3151515151,-0.47181,-0.402181],[3212121212,-0.556726,-0.224819],[3272727272,-0.572175,-0.0464666],[3333333333,-0.538554,0.107332],[3393939393,-0.470962,0.241756],[3454545454,-0.374243,0.351358],[3515151515,-0.275941,0.418734],[3575757575,-0.158562,0.464235],[3636363636,-0.0382305,0.474112],[3696969696,0.0702672,0.448895],[3757575757,0.157403,0.395293],[3818181818,0.220497,0.333142],[3878787878,0.264906,0.265121],[3939393939,0.291463,0.19973],[4000000000,0.307298,0.141213],[4060606060,0.316813,0.0870849],[4121212121,0.320906,0.05067],[4181818181,0.322649,0.0482723],[4242424242,0.331425,0.0139283],[4303030303,0.338498,-0.0387366],[4363636363,0.339828,-0.0945251],[4424242424,0.329795,-0.156204],[4484848484,0.311058,-0.215001],[4545454545,0.273246,-0.274119],[4606060606,0.203301,-0.339125],[4666666666,0.103521,-0.381864],[4727272727,-0.0181463,-0.403899],[4787878787,-0.149263,-0.370426],[4848484848,-0.265469,-0.296283],[4909090909,-0.346926,-0.192316],[4969696969,-0.376098,-0.0930972],[5030303030,-0.379524,0.0553027],[5090909090,-0.313643,0.205126],[5151515151,-0.19951,0.294078],[5212121212,-0.0782013,0.326746],[5272727272,0.0484692,0.321479],[5333333333,0.165396,0.267504],[5393939393,0.235692,0.206064],[5454545454,0.27178,0.148736],[5515151515,0.29513,0.092354],[5575757575,0.30823,0.0203154],[5636363636,0.310456,-0.02609],[5696969696,0.306734,-0.0543731],[5757575757,0.288463,-0.105276],[5818181818,0.251294,-0.162779],[5878787878,0.201622,-0.21309],[5939393939,0.157243,-0.237148],[6000000000,0.110839,-0.256071]
2024-11-30 18:23:11,494 - DEBUG - vna - Raw data received: ['0,-0.337782,-0.359907', '60606060,-0.661207,0.0862438', '121212121,-0.643301,0.212154', '181818181,-0.606818,0.342629', '242424242,-0.54573,0.471405']...
2024-11-30 18:23:11,495 - INFO - vna - Collecting S12 data...
2024-11-30 18:23:11,495 - DEBUG - vna - Sending query: VNA:TRACe:DATA? S12
2024-11-30 18:23:11,496 - DEBUG - vna - Received response: [0,-0.325579,-0.362326],[60606060,-1.97233e-05,-2.35299e-06],[121212121,4.02385e-05,9.78473e-07],[181818181,0.000115216,0.000118273],[242424242,9.48969e-05,-1.56836e-05],[303030303,-5.74854e-06,2.77987e-05],[363636363,-9.53663e-05,-5.58834e-05],[424242424,-0.000171289,-6.6364e-05],[484848484,7.69762e-05,0.00011782],[545454545,0.000115347,2.199e-05],[606060606,3.51918e-05,-6.77156e-06],[666666666,5.73865e-05,-4.49576e-05],[727272727,4.46604e-05,-3.31105e-05],[787878787,7.51386e-06,-5.66641e-05],[848484848,-7.52399e-05,-0.00016766],[909090909,-7.70792e-05,-0.000136536],[969696969,-0.000186633,0.000130018],[1030303030,-0.000150548,0.000174107],[1090909090,0.000109224,0.000149159],[1151515151,0.000115025,0.000152719],[1212121212,5.33994e-05,-3.8384e-05],[1272727272,8.31906e-05,-3.58581e-05],[1333333333,-0.000286233,5.1856e-06],[1393939393,0.000513868,0.000121853],[1454545454,0.000299522,-9.80803e-05],[1515151515,0.000220114,-0.000151074],[1575757575,0.000132629,-0.000398048],[1636363636,-0.000138677,-0.000559072],[1696969696,-0.000473574,-0.000393709],[1757575757,-0.000558379,-7.11691e-05],[1818181818,-0.000549442,0.000161228],[1878787878,-0.0004989,0.000429187],[1939393939,-0.00026443,0.000578732],[2000000000,-3.76864e-05,0.000833158],[2060606060,0.000320305,0.000893261],[2121212121,0.00087304,0.000705771],[2181818181,0.00141931,0.000212594],[2242424242,0.00192357,-0.000930444],[2303030303,-0.000710891,-0.000668096],[2363636363,1.97193e-05,-0.000404256],[2424242424,6.01166e-05,-0.000741497],[2484848484,-0.000335177,-0.0010382],[2545454545,-0.000986637,-0.000979636],[2606060606,-0.00163059,-0.000437095],[2666666666,-0.00200229,0.000609883],[2727272727,-0.00128812,0.00170452],[2787878787,-0.000287547,0.00196252],[2848484848,0.000425071,0.00178235],[2909090909,0.00104912,0.00158976],[2969696969,0.00161582,0.00131651],[3030303030,0.00251207,0.0007678],[3090909090,0.00383584,-0.000562764],[3151515151,0.00420216,-0.00556156],[3212121212,-0.00549786,-0.00428732],[3272727272,-0.0029247,0.000738821],[3333333333,-0.000986923,-7.06981e-05],[3393939393,-0.00204685,-0.000362147],[3454545454,-0.00230211,0.000852261],[3515151515,-0.00190421,0.0017264],[3575757575,-0.00136166,0.00235483],[3636363636,-0.000598253,0.00290321],[3696969696,0.000567958,0.00333932],[3757575757,0.00208319,0.00361108],[3818181818,0.00438169,0.002953],[3878787878,0.006392,0.000194895],[3939393939,0.00603064,-0.00395473],[4000000000,0.0030367,-0.00720809],[4060606060,-0.00178082,-0.00872271],[4121212121,-0.00764196,-0.00605801],[4181818181,-0.00811658,-6.53718e-05],[4242424242,-0.00408692,0.00301532],[4303030303,-0.00196932,0.00145303],[4363636363,-0.0035438,0.00155764],[4424242424,-0.00341278,0.00346547],[4484848484,-0.00245324,0.00506096],[4545454545,-0.000966411,0.00660412],[4606060606,0.0017925,0.00819617],[4666666666,0.00687809,0.00879154],[4727272727,0.0151216,0.00463345],[4787878787,0.0177687,-0.0106438],[4848484848,0.00193358,-0.0207949],[4909090909,-0.00994564,-0.0135809],[4969696969,-0.0124884,-0.00651592],[5030303030,-0.0128311,0.00011766],[5090909090,-0.0110953,0.00644555],[5151515151,-0.00632573,0.0124582],[5212121212,0.00488155,0.013519],[5272727272,0.0057596,0.0039736],[5333333333,0.00580078,0.00697974],[5393939393,0.0156955,0.00521528],[5454545454,0.0188361,-0.0102841],[5515151515,0.00646268,-0.0181858],[5575757575,-0.003221,-0.0163644],[5636363636,-0.00824604,-0.0128808],[5696969696,-0.0108526,-0.0102406],[5757575757,-0.0140103,-0.00654718],[5818181818,-0.017409,-0.000739481],[5878787878,-0.0189982,0.00879037],[5939393939,-0.0140606,0.02143],[6000000000,0.00309156,0.0277819]
2024-11-30 18:23:11,496 - DEBUG - vna - Raw data received: ['0,-0.325579,-0.362326', '60606060,-1.97233e-05,-2.35299e-06', '121212121,4.02385e-05,9.78473e-07', '181818181,0.000115216,0.000118273', '242424242,9.48969e-05,-1.56836e-05']...
2024-11-30 18:23:11,496 - INFO - vna - Collecting S22 data...
2024-11-30 18:23:11,496 - DEBUG - vna - Sending query: VNA:TRACe:DATA? S22
2024-11-30 18:23:11,497 - DEBUG - vna - Received response: [0,0.00283957,0.17868],[60606060,0.487356,-0.436071],[121212121,-0.0987773,-0.702534],[181818181,-0.70322,-0.274508],[242424242,-0.576783,0.485144],[303030303,0.118955,0.697054],[363636363,0.601408,0.272634],[424242424,0.477303,-0.369246],[484848484,0.327339,-0.531105],[545454545,-0.268442,-0.597118],[606060606,-0.649406,-0.173946],[666666666,-0.554747,0.402037],[727272727,-0.0128804,0.701154],[787878787,0.581412,0.43196],[848484848,0.695269,-0.307201],[909090909,-0.0532706,-0.752791],[969696969,-0.674631,-0.163126],[1030303030,-0.383625,0.493294],[1090909090,0.180585,0.562901],[1151515151,0.539382,0.230579],[1212121212,0.550729,-0.243441],[1272727272,0.207143,-0.578678],[1333333333,-0.285134,-0.547748],[1393939393,-0.566756,-0.23046],[1454545454,-0.544376,0.269383],[1515151515,-0.130591,0.594162],[1575757575,0.432272,0.438745],[1636363636,0.58386,-0.209341],[1696969696,-0.0203209,-0.590729],[1757575757,-0.515741,-0.186067],[1818181818,-0.402585,0.324982],[1878787878,-0.000360932,0.513629],[1939393939,0.406018,0.333748],[2000000000,0.534246,-0.0959413],[2060606060,0.252193,-0.499007],[2121212121,-0.26321,-0.488221],[2181818181,-0.535624,-0.0644167],[2242424242,-0.314218,0.397192],[2303030303,0.0293574,0.49466],[2363636363,0.487767,0.267054],[2424242424,0.515128,-0.261947],[2484848484,0.063553,-0.571756],[2545454545,-0.434679,-0.330354],[2606060606,-0.436465,0.22701],[2666666666,0.0696595,0.421507],[2727272727,0.359745,0.0423623],[2787878787,0.165702,-0.277159],[2848484848,-0.124005,-0.281268],[2909090909,-0.290421,-0.107106],[2969696969,-0.304916,0.0977337],[3030303030,-0.197243,0.275364],[3090909090,0.0352983,0.361786],[3151515151,0.308556,0.12961],[3212121212,0.0668585,0.0744231],[3272727272,0.323949,-0.0845043],[3333333333,-0.0988034,-0.351293],[3393939393,-0.242005,0.143505],[3454545454,0.130245,0.239468],[3515151515,0.313779,0.00399512],[3575757575,0.249375,-0.254082],[3636363636,0.0153448,-0.390152],[3696969696,-0.265197,-0.327865],[3757575757,-0.437779,-0.0501741],[3818181818,-0.308245,0.307458],[3878787878,0.0985583,0.363151],[3939393939,0.274983,0.0235961],[4000000000,0.0357139,-0.200072],[4060606060,-0.217813,-0.0394581],[4121212121,-0.0833438,0.255326],[4181818181,0.188466,0.102414],[4242424242,0.00229188,-0.0975015],[4303030303,-0.0758395,0.189703],[4363636363,0.294985,0.0751611],[4424242424,0.175054,-0.231341],[4484848484,-0.0698921,-0.262055],[4545454545,-0.227002,-0.12403],[4606060606,-0.245387,0.0805905],[4666666666,-0.0950303,0.241793],[4727272727,0.169707,0.190191],[4787878787,0.175865,-0.138846],[4848484848,-0.16396,-0.10878],[4909090909,-0.122384,0.171152],[4969696969,0.106912,0.200811],[5030303030,0.234902,0.0412923],[5090909090,0.189359,-0.155466],[5151515151,-0.00881264,-0.233553],[5212121212,-0.112952,-0.0611047],[5272727272,-0.0612079,-0.133926],[5333333333,-0.234993,-0.0258503],[5393939393,-0.113228,0.196771],[5454545454,0.119848,0.0312229],[5515151515,-0.0686728,-0.13291],[5575757575,-0.222318,0.00655682],[5636363636,-0.199469,0.178782],[5696969696,-0.0922407,0.280129],[5757575757,0.0638621,0.295035],[5818181818,0.20868,0.198219],[5878787878,0.250419,-0.0129883],[5939393939,0.0706578,-0.150313],[6000000000,-0.0507604,-0.0102447]
2024-11-30 18:23:11,498 - DEBUG - vna - Raw data received: ['0,0.00283957,0.17868', '60606060,0.487356,-0.436071', '121212121,-0.0987773,-0.702534', '181818181,-0.70322,-0.274508', '242424242,-0.576783,0.485144']...
2024-11-30 18:23:11,498 - INFO - vna - Saving raw data to Raw_datalog/2024-11-30_18-23-11_chem_PFOA_conc_657_exp_1.csv...
2024-11-30 18:23:11,500 - INFO - vna - Raw data saved successfully.
2024-11-30 18:23:11,509 - INFO - processing_manager - Baseline data loaded successfully.
2024-11-30 18:23:11,510 - INFO - processing_manager - Starting processing and saving...
2024-11-30 18:23:11,510 - INFO - processing_manager - Starting preprocessing...
2024-11-30 18:23:11,520 - INFO - feature_engineering - Magnitude and phase calculated.
2024-11-30 18:23:11,520 - INFO - processing_manager - Applying baseline correction...
2024-11-30 18:23:11,526 - INFO - processing_manager - Baseline correction applied.
2024-11-30 18:23:11,529 - INFO - feature_engineering - Phase unwrapping applied.
2024-11-30 18:23:11,536 - INFO - feature_engineering - Impedance calculated.
2024-11-30 18:23:11,546 - INFO - feature_engineering - Resistance, capacitance, and inductance calculated.
2024-11-30 18:23:11,549 - INFO - feature_engineering - Q-factor calculated.
2024-11-30 18:23:11,553 - INFO - feature_engineering - Skin depth calculated.
2024-11-30 18:23:11,555 - INFO - feature_engineering - Loss tangent calculated.
2024-11-30 18:23:11,556 - INFO - feature_engineering - Calculating effective dielectric constant (E_r)...
2024-11-30 18:23:11,558 - INFO - feature_engineering - Effective dielectric constant calculated.
2024-11-30 18:23:11,558 - INFO - processing_manager - Preprocessing completed successfully.
2024-11-30 18:23:11,559 - INFO - processing_manager - Saving data to CSV...
2024-11-30 18:23:11,576 - INFO - processing_manager - Processed data saved to processed_data/processed_data.csv.
2024-11-30 18:23:11,576 - INFO - processing_manager - Appending data to HDF5...
2024-11-30 18:23:12,418 - INFO - processing_manager - Processed data appended to data/data.h5.
2024-11-30 18:23:12,420 - INFO - processing_manager - Processing and saving completed successfully.
2024-11-30 18:23:12,421 - INFO - vna - Data preprocessing completed and saved successfully.
2024-11-30 18:23:12,421 - INFO - vna - VNA connection closed.
2024-11-30 18:23:12,421 - INFO - vna - VNA connection closed.
2024-11-30 18:23:12,421 - DEBUG - process - Sampling process completed and VNA sweep finished.
2024-11-30 18:23:12,422 - DEBUG - process - Starting flush process...
2024-11-30 18:23:13,423 - DEBUG - process - Flush process completed.
2024-11-30 18:23:13,926 - INFO - combo_gui - Completed Experiment 1.
2024-11-30 18:23:19,104 - INFO - combo_gui - Closing the application...
