2024-11-30 17:40:09,574 - INFO - combo_gui - Starting Experiment 1...
2024-11-30 17:40:09,576 - DEBUG - process - Starting flush process...
2024-11-30 17:40:10,578 - DEBUG - process - Flush process completed.
2024-11-30 17:40:10,579 - DEBUG - process - Starting homogenization process...
2024-11-30 17:40:11,580 - DEBUG - process - Homogenization process completed.
2024-11-30 17:40:11,581 - DEBUG - process - Starting sampling process...
2024-11-30 17:40:11,592 - INFO - process - Starting VNA sweep...
2024-11-30 17:40:11,592 - INFO - vna - Attempting to connect to LibreVNA...
2024-11-30 17:40:11,593 - INFO - vna - Connected to LibreVNA.
2024-11-30 17:40:11,593 - DEBUG - vna - Sending command: VNA:ACQuisition:IFBW 10000
2024-11-30 17:40:11,593 - DEBUG - vna - Sending command: VNA:ACQuisition:POINTS 100
2024-11-30 17:40:11,593 - DEBUG - vna - Sending command: VNA:FREQuency:START 0
2024-11-30 17:40:11,593 - DEBUG - vna - Sending command: VNA:FREQuency:STOP 6000000000.0
2024-11-30 17:40:11,593 - INFO - vna - Starting sweep...
2024-11-30 17:40:11,593 - DEBUG - vna - Sending command: VNA:ACQuisition:RUN
2024-11-30 17:40:11,594 - INFO - vna - Waiting for sweep to complete...
2024-11-30 17:40:11,594 - DEBUG - vna - Sending query: *OPC?
2024-11-30 17:40:11,651 - DEBUG - vna - Received response: 1
2024-11-30 17:40:11,651 - INFO - vna - Sweep completed successfully.
2024-11-30 17:40:11,651 - INFO - vna - Waiting 2 seconds post-sweep to fetch data...
2024-11-30 17:40:13,652 - INFO - vna - Fetching selected S-parameter data...
2024-11-30 17:40:13,652 - INFO - vna - Collecting S21 data...
2024-11-30 17:40:13,653 - DEBUG - vna - Sending query: VNA:TRACe:DATA? S21
2024-11-30 17:40:13,654 - DEBUG - vna - Received response: [0,-0.00921803,0.164871],[60606060,-1.34572e-07,2.64622e-05],[121212121,4.38057e-05,-4.42748e-05],[181818181,6.77481e-06,-2.6081e-07],[242424242,7.69063e-05,-3.09328e-06],[303030303,2.85627e-05,3.61202e-05],[363636363,2.76423e-05,-4.90915e-05],[424242424,5.90566e-05,-0.000141489],[484848484,1.42156e-05,0.000181946],[545454545,1.78259e-06,0.000101704],[606060606,0.000121545,0.000109049],[666666666,5.07386e-05,-7.68239e-05],[727272727,3.24177e-05,8.6876e-06],[787878787,-1.58169e-05,-8.75199e-05],[848484848,-8.36643e-05,-1.34942e-05],[909090909,-0.000206025,8.92794e-05],[969696969,7.5541e-05,0.00011175],[1030303030,0.000181243,0.000147818],[1090909090,6.58141e-05,-6.24277e-05],[1151515151,4.07967e-05,-4.96102e-05],[1212121212,-5.04913e-05,-5.97503e-05],[1272727272,-7.55307e-06,-5.46577e-06],[1333333333,0.000219066,3.97146e-05],[1393939393,-0.000465404,-0.000193209],[1454545454,-0.00024957,0.000128315],[1515151515,-0.000277168,0.000375207],[1575757575,0.000167161,0.000507414],[1636363636,0.000484911,0.000209663],[1696969696,0.000533205,-0.000323953],[1757575757,0.00012212,-0.00072444],[1818181818,-0.000382139,-0.000513135],[1878787878,-0.000581268,-8.84605e-05],[1939393939,-0.000753329,0.000346353],[2000000000,-0.000430426,0.000748278],[2060606060,0.000115961,0.000782906],[2121212121,0.00093004,0.000612379],[2181818181,0.00119869,-0.00017643],[2242424242,0.00112342,-0.0019051],[2303030303,-0.00111636,0.000237595],[2363636363,-0.000350082,-0.000167357],[2424242424,-0.000785848,-2.8796e-05],[2484848484,-0.000851606,0.000350473],[2545454545,-0.000519709,0.0011277],[2606060606,0.000635046,0.00145517],[2666666666,0.00172042,0.000501988],[2727272727,0.00149019,-0.00102565],[2787878787,0.000363369,-0.00158535],[2848484848,-0.000641148,-0.00153915],[2909090909,-0.0015258,-0.000994976],[2969696969,-0.00212185,-1.40828e-05],[3030303030,-0.00233029,0.00148533],[3090909090,-0.00123292,0.00403757],[3151515151,0.00528693,0.0052296],[3212121212,0.00354441,-0.00675765],[3272727272,-0.00227155,-0.00215566],[3333333333,-0.000792744,-0.000915831],[3393939393,-0.00197437,-0.00117944],[3454545454,-0.0026121,0.00066275],[3515151515,-0.00171293,0.00227611],[3575757575,-7.82684e-05,0.00308926],[3636363636,0.00203971,0.00271876],[3696969696,0.00379813,0.00124883],[3757575757,0.00430777,-0.00183521],[3818181818,0.00205833,-0.0050427],[3878787878,-0.00266289,-0.00564181],[3939393939,-0.00642278,-0.00226471],[4000000000,-0.00669398,0.00313494],[4060606060,-0.00278426,0.00761976],[4121212121,0.00407262,0.00744134],[4181818181,0.00698462,0.00190152],[4242424242,0.00416528,-0.0023314],[4303030303,0.00172084,-0.00159093],[4363636363,0.00264513,-0.00237652],[4424242424,0.000877446,-0.00463425],[4484848484,-0.00247259,-0.00513402],[4545454545,-0.00593889,-0.0032292],[4606060606,-0.00837556,0.00126485],[4666666666,-0.0075455,0.0084786],[4727272727,0.00204245,0.0158505],[4787878787,0.0202782,0.00764895],[4848484848,0.0143067,-0.0163677],[4909090909,-0.00561672,-0.0170296],[4969696969,-0.0141861,-0.00535079],[5030303030,-0.0125057,0.00661281],[5090909090,-0.00267905,0.0140011],[5151515151,0.0105701,0.0111662],[5212121212,0.0144198,-0.00572356],[5272727272,0.00236345,-0.00714359],[5333333333,0.00310852,-0.00862498],[5393939393,-0.00614868,-0.0151082],[5454545454,-0.020908,-0.00282064],[5515151515,-0.0126066,0.0141524],[5575757575,0.00120078,0.0160306],[5636363636,0.00919684,0.0115962],[5696969696,0.0132278,0.00593853],[5757575757,0.0151608,-0.00131259],[5818181818,0.0133207,-0.0106259],[5878787878,0.00229418,-0.0202495],[5939393939,-0.0181558,-0.0153064],[6000000000,-0.0243582,0.00583059]
2024-11-30 17:40:13,654 - DEBUG - vna - Raw data received: ['0,-0.00921803,0.164871', '60606060,-1.34572e-07,2.64622e-05', '121212121,4.38057e-05,-4.42748e-05', '181818181,6.77481e-06,-2.6081e-07', '242424242,7.69063e-05,-3.09328e-06']...
2024-11-30 17:40:13,654 - INFO - vna - Collecting S11 data...
2024-11-30 17:40:13,654 - DEBUG - vna - Sending query: VNA:TRACe:DATA? S11
2024-11-30 17:40:13,655 - DEBUG - vna - Received response: [0,-0.339151,-0.372256],[60606060,-0.660613,0.0853536],[121212121,-0.642053,0.213102],[181818181,-0.609405,0.341271],[242424242,-0.545839,0.474702],[303030303,-0.445928,0.601411],[363636363,-0.307468,0.711791],[424242424,-0.132416,0.781984],[484848484,0.0446206,0.796087],[545454545,0.233675,0.763111],[606060606,0.39899,0.697904],[666666666,0.540368,0.590977],[727272727,0.673273,0.450171],[787878787,0.763633,0.288754],[848484848,0.820908,0.117237],[909090909,0.834803,-0.0816604],[969696969,0.786401,-0.293747],[1030303030,0.668748,-0.490701],[1090909090,0.494572,-0.640557],[1151515151,0.305711,-0.720414],[1212121212,0.117047,-0.750306],[1272727272,-0.0692022,-0.736751],[1333333333,-0.235784,-0.686288],[1393939393,-0.376456,-0.6091],[1454545454,-0.509315,-0.515448],[1515151515,-0.629405,-0.382424],[1575757575,-0.722496,-0.214134],[1636363636,-0.765384,-0.0268757],[1696969696,-0.750164,0.181781],[1757575757,-0.660501,0.389776],[1818181818,-0.534486,0.535028],[1878787878,-0.388835,0.632487],[1939393939,-0.242107,0.697955],[2000000000,-0.0823068,0.729628],[2060606060,0.07188,0.73764],[2121212121,0.236501,0.709992],[2181818181,0.398538,0.637444],[2242424242,0.543417,0.513291],[2303030303,0.652231,0.351497],[2363636363,0.698845,0.172355],[2424242424,0.691422,0.00738582],[2484848484,0.64766,-0.121139],[2545454545,0.593041,-0.209963],[2606060606,0.5351,-0.278054],[2666666666,0.472935,-0.34774],[2727272727,0.403293,-0.411058],[2787878787,0.334309,-0.465976],[2848484848,0.245593,-0.529],[2909090909,0.142931,-0.575269],[2969696969,0.000294147,-0.6077],[3030303030,-0.161093,-0.600756],[3090909090,-0.324473,-0.5361],[3151515151,-0.466341,-0.407954],[3212121212,-0.555085,-0.223809],[3272727272,-0.569707,-0.0455866],[3333333333,-0.538469,0.107939],[3393939393,-0.469518,0.244792],[3454545454,-0.375952,0.352563],[3515151515,-0.277016,0.419467],[3575757575,-0.160298,0.463032],[3636363636,-0.0360848,0.468563],[3696969696,0.0677739,0.447391],[3757575757,0.153816,0.396133],[3818181818,0.220531,0.329551],[3878787878,0.26393,0.263106],[3939393939,0.290534,0.200607],[4000000000,0.30839,0.141214],[4060606060,0.317166,0.0873023],[4121212121,0.320382,0.0507953],[4181818181,0.322546,0.0488103],[4242424242,0.331263,0.0139522],[4303030303,0.338464,-0.0385519],[4363636363,0.339707,-0.0941795],[4424242424,0.329545,-0.154955],[4484848484,0.31059,-0.217093],[4545454545,0.270799,-0.277751],[4606060606,0.204679,-0.338302],[4666666666,0.107624,-0.387793],[4727272727,-0.0185793,-0.400359],[4787878787,-0.148708,-0.373615],[4848484848,-0.267469,-0.294847],[4909090909,-0.34664,-0.190824],[4969696969,-0.376862,-0.0930142],[5030303030,-0.378997,0.0554723],[5090909090,-0.312452,0.205325],[5151515151,-0.201734,0.294644],[5212121212,-0.0803348,0.328023],[5272727272,0.0407789,0.321272],[5333333333,0.163667,0.269244],[5393939393,0.233517,0.205594],[5454545454,0.270691,0.148593],[5515151515,0.29455,0.0921019],[5575757575,0.308073,0.0202883],[5636363636,0.309814,-0.0264493],[5696969696,0.306221,-0.0545733],[5757575757,0.287554,-0.103885],[5818181818,0.250386,-0.162081],[5878787878,0.202345,-0.211565],[5939393939,0.159381,-0.236115],[6000000000,0.108654,-0.252993]
2024-11-30 17:40:13,655 - DEBUG - vna - Raw data received: ['0,-0.339151,-0.372256', '60606060,-0.660613,0.0853536', '121212121,-0.642053,0.213102', '181818181,-0.609405,0.341271', '242424242,-0.545839,0.474702']...
2024-11-30 17:40:13,655 - INFO - vna - Collecting S12 data...
2024-11-30 17:40:13,656 - DEBUG - vna - Sending query: VNA:TRACe:DATA? S12
2024-11-30 17:40:13,656 - DEBUG - vna - Received response: [0,-0.329208,-0.37126],[60606060,-4.89429e-05,4.02739e-05],[121212121,-4.54903e-06,3.06182e-05],[181818181,3.50249e-05,1.6192e-05],[242424242,3.42909e-05,4.78042e-05],[303030303,-9.71881e-06,-6.03086e-06],[363636363,-6.42351e-05,3.91702e-05],[424242424,-0.000144808,-6.42462e-05],[484848484,0.000109133,8.92226e-05],[545454545,4.4169e-05,4.84225e-05],[606060606,9.3803e-05,4.25578e-05],[666666666,4.49347e-05,-2.53502e-05],[727272727,3.87611e-05,-1.97632e-05],[787878787,3.91226e-05,-0.00010503],[848484848,-4.59359e-05,-5.13573e-05],[909090909,-0.00015289,-0.000117055],[969696969,-0.000142385,4.88997e-05],[1030303030,-0.000174104,0.000188949],[1090909090,6.35862e-05,0.000157039],[1151515151,0.000163706,5.7566e-05],[1212121212,7.36433e-05,-9.91565e-05],[1272727272,4.76538e-05,-1.12586e-05],[1333333333,-0.000316419,7.77889e-05],[1393939393,0.000474504,0.000102138],[1454545454,0.00025331,-9.90937e-05],[1515151515,0.000247155,-0.000131895],[1575757575,0.000167499,-0.000324638],[1636363636,-0.000106873,-0.000546314],[1696969696,-0.000438628,-0.000341725],[1757575757,-0.00057189,-4.65085e-06],[1818181818,-0.000506079,0.000161096],[1878787878,-0.000389314,0.00037526],[1939393939,-0.000244013,0.000613584],[2000000000,-3.2516e-05,0.000690677],[2060606060,0.000311646,0.000791981],[2121212121,0.000785972,0.000750639],[2181818181,0.00125881,0.000179909],[2242424242,0.00192179,-0.000937853],[2303030303,-0.000805427,-0.00062421],[2363636363,1.77384e-05,-0.000457796],[2424242424,-7.66174e-05,-0.000583581],[2484848484,-0.000285186,-0.00103548],[2545454545,-0.000971491,-0.000974928],[2606060606,-0.00176898,-0.000519869],[2666666666,-0.00195059,0.000574985],[2727272727,-0.001243,0.00164079],[2787878787,-0.000253569,0.00207929],[2848484848,0.000471596,0.0017245],[2909090909,0.00110454,0.00159034],[2969696969,0.00168424,0.00130898],[3030303030,0.00256289,0.000843286],[3090909090,0.00385816,-0.000525842],[3151515151,0.00421327,-0.00552962],[3212121212,-0.00535909,-0.00434478],[3272727272,-0.00282928,0.000854116],[3333333333,-0.00102534,-7.99224e-05],[3393939393,-0.00191518,-0.000324216],[3454545454,-0.00226044,0.000802984],[3515151515,-0.00187803,0.00155022],[3575757575,-0.0013684,0.00223203],[3636363636,-0.000683221,0.00286274],[3696969696,0.000532954,0.00348292],[3757575757,0.00211368,0.00355327],[3818181818,0.00430532,0.00288491],[3878787878,0.00640497,0.000147024],[3939393939,0.0060791,-0.00403557],[4000000000,0.00304192,-0.00723494],[4060606060,-0.00201297,-0.00879184],[4121212121,-0.00768688,-0.00604919],[4181818181,-0.0082593,-0.000133783],[4242424242,-0.00402716,0.00297949],[4303030303,-0.00201574,0.00141857],[4363636363,-0.00354366,0.00146599],[4424242424,-0.00348884,0.00350121],[4484848484,-0.00238786,0.0051255],[4545454545,-0.000912609,0.0064369],[4606060606,0.00180427,0.00812965],[4666666666,0.00700487,0.00883435],[4727272727,0.015069,0.00459017],[4787878787,0.0177949,-0.0106822],[4848484848,0.00208385,-0.020414],[4909090909,-0.0101701,-0.0135752],[4969696969,-0.0124774,-0.00640519],[5030303030,-0.0128408,0.000116069],[5090909090,-0.0111018,0.00651266],[5151515151,-0.00641216,0.0125237],[5212121212,0.00477322,0.0134537],[5272727272,0.00578237,0.00404766],[5333333333,0.00598299,0.00702708],[5393939393,0.015759,0.00532325],[5454545454,0.0187939,-0.010386],[5515151515,0.00646836,-0.0183973],[5575757575,-0.00367046,-0.0163651],[5636363636,-0.00822253,-0.0130124],[5696969696,-0.0108293,-0.0101816],[5757575757,-0.0140086,-0.00664095],[5818181818,-0.0174717,-0.000836682],[5878787878,-0.019219,0.00891332],[5939393939,-0.0141418,0.021665],[6000000000,0.00300371,0.0273539]
2024-11-30 17:40:13,657 - DEBUG - vna - Raw data received: ['0,-0.329208,-0.37126', '60606060,-4.89429e-05,4.02739e-05', '121212121,-4.54903e-06,3.06182e-05', '181818181,3.50249e-05,1.6192e-05', '242424242,3.42909e-05,4.78042e-05']...
2024-11-30 17:40:13,657 - INFO - vna - Collecting S22 data...
2024-11-30 17:40:13,657 - DEBUG - vna - Sending query: VNA:TRACe:DATA? S22
2024-11-30 17:40:13,658 - DEBUG - vna - Received response: [0,-0.0069561,0.164085],[60606060,0.490501,-0.434415],[121212121,-0.100947,-0.696815],[181818181,-0.703065,-0.277489],[242424242,-0.574238,0.482146],[303030303,0.114825,0.691494],[363636363,0.599809,0.272259],[424242424,0.475189,-0.367951],[484848484,0.328778,-0.535641],[545454545,-0.265616,-0.600846],[606060606,-0.649795,-0.17531],[666666666,-0.553707,0.400357],[727272727,-0.0113713,0.695411],[787878787,0.581858,0.436072],[848484848,0.695909,-0.306293],[909090909,-0.0486502,-0.75794],[969696969,-0.675329,-0.164983],[1030303030,-0.391682,0.491747],[1090909090,0.173368,0.564136],[1151515151,0.540033,0.235741],[1212121212,0.554548,-0.242528],[1272727272,0.209365,-0.579739],[1333333333,-0.282351,-0.549625],[1393939393,-0.56888,-0.237059],[1454545454,-0.54823,0.269409],[1515151515,-0.137092,0.595758],[1575757575,0.430594,0.437343],[1636363636,0.582744,-0.210277],[1696969696,-0.0179967,-0.596204],[1757575757,-0.517732,-0.183223],[1818181818,-0.407851,0.330943],[1878787878,0.00257489,0.521115],[1939393939,0.417568,0.340919],[2000000000,0.551503,-0.105795],[2060606060,0.249082,-0.51835],[2121212121,-0.286444,-0.499033],[2181818181,-0.554629,-0.0507278],[2242424242,-0.313585,0.415459],[2303030303,0.0437554,0.50277],[2363636363,0.498484,0.263334],[2424242424,0.516739,-0.268384],[2484848484,0.0639853,-0.56886],[2545454545,-0.43407,-0.327309],[2606060606,-0.429242,0.231331],[2666666666,0.0810258,0.402634],[2727272727,0.343552,0.0244611],[2787878787,0.143048,-0.272498],[2848484848,-0.130088,-0.263571],[2909090909,-0.282895,-0.0955592],[2969696969,-0.293661,0.101606],[3030303030,-0.191442,0.270991],[3090909090,0.0358397,0.354975],[3151515151,0.308824,0.125518],[3212121212,0.0666878,0.0697303],[3272727272,0.318897,-0.0849157],[3333333333,-0.100519,-0.352148],[3393939393,-0.241372,0.141024],[3454545454,0.128356,0.240378],[3515151515,0.310166,0.00837586],[3575757575,0.249513,-0.247335],[3636363636,0.0248291,-0.387604],[3696969696,-0.257925,-0.330487],[3757575757,-0.435742,-0.0561883],[3818181818,-0.31311,0.301403],[3878787878,0.0967548,0.365232],[3939393939,0.274312,0.023947],[4000000000,0.0378474,-0.199374],[4060606060,-0.218484,-0.0400425],[4121212121,-0.0837041,0.256117],[4181818181,0.188204,0.104638],[4242424242,0.00122314,-0.0968593],[4303030303,-0.0749396,0.189173],[4363636363,0.296076,0.0762797],[4424242424,0.17656,-0.233074],[4484848484,-0.0720494,-0.261607],[4545454545,-0.228559,-0.122975],[4606060606,-0.244814,0.0807591],[4666666666,-0.093606,0.242339],[4727272727,0.168025,0.190638],[4787878787,0.174039,-0.138473],[4848484848,-0.163768,-0.10636],[4909090909,-0.119773,0.172277],[4969696969,0.106998,0.197988],[5030303030,0.235182,0.0406643],[5090909090,0.188404,-0.156194],[5151515151,-0.00940779,-0.233049],[5212121212,-0.11221,-0.0610112],[5272727272,-0.0626437,-0.13506],[5333333333,-0.235344,-0.0258635],[5393939393,-0.111766,0.197577],[5454545454,0.119355,0.030719],[5515151515,-0.0692088,-0.134124],[5575757575,-0.222475,0.00730301],[5636363636,-0.200219,0.180425],[5696969696,-0.091157,0.280994],[5757575757,0.0640668,0.294364],[5818181818,0.207814,0.199755],[5878787878,0.251626,-0.0127077],[5939393939,0.0717229,-0.151856],[6000000000,-0.0508724,-0.0114312]
2024-11-30 17:40:13,658 - DEBUG - vna - Raw data received: ['0,-0.0069561,0.164085', '60606060,0.490501,-0.434415', '121212121,-0.100947,-0.696815', '181818181,-0.703065,-0.277489', '242424242,-0.574238,0.482146']...
2024-11-30 17:40:13,659 - INFO - vna - Saving raw data to Raw_datalog/2024-11-30_17-40-13_chem_PFOA_conc_654_exp_1.csv...
2024-11-30 17:40:13,660 - INFO - vna - Raw data saved successfully.
2024-11-30 17:40:13,670 - INFO - processing_manager - Baseline data loaded successfully.
2024-11-30 17:40:13,671 - INFO - processing_manager - Starting processing and saving...
2024-11-30 17:40:13,674 - INFO - feature_engineering - Frequency normalization applied.
2024-11-30 17:40:13,683 - INFO - feature_engineering - Magnitude and phase calculated.
2024-11-30 17:40:13,686 - INFO - feature_engineering - Phase unwrapping applied.
2024-11-30 17:40:13,693 - INFO - feature_engineering - Impedance calculated.
2024-11-30 17:40:13,703 - INFO - feature_engineering - Resistance, capacitance, and inductance calculated.
2024-11-30 17:40:13,706 - INFO - feature_engineering - Q-factor calculated.
2024-11-30 17:40:13,708 - INFO - feature_engineering - Loss tangent calculated.
2024-11-30 17:40:13,712 - INFO - feature_engineering - Effective permittivity calculated.
2024-11-30 17:40:13,720 - INFO - feature_engineering - Dielectric constant calculated.
2024-11-30 17:40:13,721 - ERROR - processing_manager - Error during preprocessing: 'Conductivity_Corrected'
2024-11-30 17:40:13,721 - DEBUG - processing_manager - Exception details:
Traceback (most recent call last):
  File "/home/rop/miniforge3/envs/analyzer_v1/lib/python3.11/site-packages/pandas/core/indexes/base.py", line 3805, in get_loc
    return self._engine.get_loc(casted_key)
           ^^^^^^^^^^^^^^^^^^^^^^^^^^^^^^^^
  File "index.pyx", line 167, in pandas._libs.index.IndexEngine.get_loc
  File "index.pyx", line 196, in pandas._libs.index.IndexEngine.get_loc
  File "pandas/_libs/hashtable_class_helper.pxi", line 7081, in pandas._libs.hashtable.PyObjectHashTable.get_item
  File "pandas/_libs/hashtable_class_helper.pxi", line 7089, in pandas._libs.hashtable.PyObjectHashTable.get_item
KeyError: 'Conductivity_Corrected'

The above exception was the direct cause of the following exception:

Traceback (most recent call last):
  File "/home/rop/Documents/analyzer_v2/ctrls/processing_manager.py", line 90, in preprocess
    self.feature_engineering.calculate_skin_depth(processed_data)
  File "/home/rop/Documents/analyzer_v2/ctrls/feature_engineering.py", line 86, in calculate_skin_depth
    sigma = data["Conductivity_Corrected"]
            ~~~~^^^^^^^^^^^^^^^^^^^^^^^^^^
  File "/home/rop/miniforge3/envs/analyzer_v1/lib/python3.11/site-packages/pandas/core/frame.py", line 4102, in __getitem__
    indexer = self.columns.get_loc(key)
              ^^^^^^^^^^^^^^^^^^^^^^^^^
  File "/home/rop/miniforge3/envs/analyzer_v1/lib/python3.11/site-packages/pandas/core/indexes/base.py", line 3812, in get_loc
    raise KeyError(key) from err
KeyError: 'Conductivity_Corrected'
2024-11-30 17:40:13,727 - ERROR - processing_manager - Error during process_and_save: 'Conductivity_Corrected'
2024-11-30 17:40:13,727 - DEBUG - processing_manager - Exception details:
Traceback (most recent call last):
  File "/home/rop/miniforge3/envs/analyzer_v1/lib/python3.11/site-packages/pandas/core/indexes/base.py", line 3805, in get_loc
    return self._engine.get_loc(casted_key)
           ^^^^^^^^^^^^^^^^^^^^^^^^^^^^^^^^
  File "index.pyx", line 167, in pandas._libs.index.IndexEngine.get_loc
  File "index.pyx", line 196, in pandas._libs.index.IndexEngine.get_loc
  File "pandas/_libs/hashtable_class_helper.pxi", line 7081, in pandas._libs.hashtable.PyObjectHashTable.get_item
  File "pandas/_libs/hashtable_class_helper.pxi", line 7089, in pandas._libs.hashtable.PyObjectHashTable.get_item
KeyError: 'Conductivity_Corrected'

The above exception was the direct cause of the following exception:

Traceback (most recent call last):
  File "/home/rop/Documents/analyzer_v2/ctrls/processing_manager.py", line 130, in process_and_save
    processed_data = self.preprocess(raw_data)
                     ^^^^^^^^^^^^^^^^^^^^^^^^^
  File "/home/rop/Documents/analyzer_v2/ctrls/processing_manager.py", line 90, in preprocess
    self.feature_engineering.calculate_skin_depth(processed_data)
  File "/home/rop/Documents/analyzer_v2/ctrls/feature_engineering.py", line 86, in calculate_skin_depth
    sigma = data["Conductivity_Corrected"]
            ~~~~^^^^^^^^^^^^^^^^^^^^^^^^^^
  File "/home/rop/miniforge3/envs/analyzer_v1/lib/python3.11/site-packages/pandas/core/frame.py", line 4102, in __getitem__
    indexer = self.columns.get_loc(key)
              ^^^^^^^^^^^^^^^^^^^^^^^^^
  File "/home/rop/miniforge3/envs/analyzer_v1/lib/python3.11/site-packages/pandas/core/indexes/base.py", line 3812, in get_loc
    raise KeyError(key) from err
KeyError: 'Conductivity_Corrected'
2024-11-30 17:40:13,728 - ERROR - vna - An error occurred: 'Conductivity_Corrected'
2024-11-30 17:40:13,729 - INFO - vna - VNA connection closed.
2024-11-30 17:40:13,729 - INFO - vna - VNA connection closed.
2024-11-30 17:40:13,730 - INFO - combo_gui - Completed Experiment 1.
