2024-11-27 18:04:52,945 - INFO - flow - Starting continuous measurement...
2024-11-27 18:04:52,945 - INFO - flow - Starting continuous measurement...
2024-11-27 18:04:52,947 - INFO - flow_control - Flow measurement started successfully.
2024-11-27 18:04:52,947 - INFO - flow_control - Flow measurement started successfully.
2024-11-27 18:04:52,948 - INFO - flow_control - Valve Mode: flush_flow, Target Flow Rate: 1.000 ml/min, Flow Rate: 0.289 ml/min, Voltage: 14.2 V, Adjustment: 14.2 V
2024-11-27 18:04:52,948 - INFO - flow_control - Valve Mode: flush_flow, Target Flow Rate: 1.000 ml/min, Flow Rate: 0.289 ml/min, Voltage: 14.2 V, Adjustment: 14.2 V
2024-11-27 18:04:54,457 - INFO - flow_control - Valve Mode: homogenization_flow, Target Flow Rate: 1.000 ml/min, Flow Rate: 0.005 ml/min, Voltage: 34.1 V, Adjustment: 19.9 V
2024-11-27 18:04:54,457 - INFO - flow_control - Valve Mode: homogenization_flow, Target Flow Rate: 1.000 ml/min, Flow Rate: 0.005 ml/min, Voltage: 34.1 V, Adjustment: 19.9 V
2024-11-27 18:04:54,950 - INFO - process - Starting VNA sweep...
2024-11-27 18:04:54,950 - INFO - process - Starting VNA sweep...
2024-11-27 18:04:54,950 - INFO - vna - Attempting to connect to LibreVNA...
2024-11-27 18:04:54,950 - INFO - vna - Attempting to connect to LibreVNA...
2024-11-27 18:04:54,951 - INFO - vna - Connected to LibreVNA.
2024-11-27 18:04:54,951 - INFO - vna - Connected to LibreVNA.
2024-11-27 18:04:54,951 - INFO - vna - Starting sweep...
2024-11-27 18:04:54,951 - INFO - vna - Starting sweep...
2024-11-27 18:04:54,952 - INFO - vna - Waiting for sweep to complete...
2024-11-27 18:04:54,952 - INFO - vna - Waiting for sweep to complete...
2024-11-27 18:04:55,965 - INFO - flow_control - Valve Mode: sample_flow, Target Flow Rate: 0.400 ml/min, Flow Rate: 0.217 ml/min, Voltage: 37.8 V, Adjustment: 3.7 V
2024-11-27 18:04:55,965 - INFO - flow_control - Valve Mode: sample_flow, Target Flow Rate: 0.400 ml/min, Flow Rate: 0.217 ml/min, Voltage: 37.8 V, Adjustment: 3.7 V
2024-11-27 18:04:57,474 - INFO - flow_control - Valve Mode: sample_flow, Target Flow Rate: 0.400 ml/min, Flow Rate: 0.250 ml/min, Voltage: 40.8 V, Adjustment: 3.0 V
2024-11-27 18:04:57,474 - INFO - flow_control - Valve Mode: sample_flow, Target Flow Rate: 0.400 ml/min, Flow Rate: 0.250 ml/min, Voltage: 40.8 V, Adjustment: 3.0 V
2024-11-27 18:04:58,985 - INFO - flow_control - Valve Mode: sample_flow, Target Flow Rate: 0.400 ml/min, Flow Rate: 0.295 ml/min, Voltage: 42.9 V, Adjustment: 2.1 V
2024-11-27 18:04:58,985 - INFO - flow_control - Valve Mode: sample_flow, Target Flow Rate: 0.400 ml/min, Flow Rate: 0.295 ml/min, Voltage: 42.9 V, Adjustment: 2.1 V
2024-11-27 18:04:59,957 - WARNING - vna - Timeout while polling sweep completion: Socket read timed out while waiting for data.
2024-11-27 18:04:59,957 - WARNING - vna - Timeout while polling sweep completion: Socket read timed out while waiting for data.
2024-11-27 18:05:00,492 - INFO - flow_control - Valve Mode: sample_flow, Target Flow Rate: 0.400 ml/min, Flow Rate: 0.311 ml/min, Voltage: 42.9 V, Adjustment: 0.0 V
2024-11-27 18:05:00,492 - INFO - flow_control - Valve Mode: sample_flow, Target Flow Rate: 0.400 ml/min, Flow Rate: 0.311 ml/min, Voltage: 42.9 V, Adjustment: 0.0 V
2024-11-27 18:05:02,002 - INFO - flow_control - Valve Mode: sample_flow, Target Flow Rate: 0.400 ml/min, Flow Rate: 0.316 ml/min, Voltage: 42.9 V, Adjustment: 0.0 V
2024-11-27 18:05:02,002 - INFO - flow_control - Valve Mode: sample_flow, Target Flow Rate: 0.400 ml/min, Flow Rate: 0.316 ml/min, Voltage: 42.9 V, Adjustment: 0.0 V
2024-11-27 18:05:03,509 - INFO - flow_control - Valve Mode: sample_flow, Target Flow Rate: 0.400 ml/min, Flow Rate: 0.307 ml/min, Voltage: 42.9 V, Adjustment: 0.0 V
2024-11-27 18:05:03,509 - INFO - flow_control - Valve Mode: sample_flow, Target Flow Rate: 0.400 ml/min, Flow Rate: 0.307 ml/min, Voltage: 42.9 V, Adjustment: 0.0 V
2024-11-27 18:05:05,017 - INFO - flow_control - Valve Mode: sample_flow, Target Flow Rate: 0.400 ml/min, Flow Rate: 0.308 ml/min, Voltage: 42.9 V, Adjustment: 0.0 V
2024-11-27 18:05:05,017 - INFO - flow_control - Valve Mode: sample_flow, Target Flow Rate: 0.400 ml/min, Flow Rate: 0.308 ml/min, Voltage: 42.9 V, Adjustment: 0.0 V
2024-11-27 18:05:05,963 - WARNING - vna - Timeout while polling sweep completion: Socket read timed out while waiting for data.
2024-11-27 18:05:05,963 - WARNING - vna - Timeout while polling sweep completion: Socket read timed out while waiting for data.
2024-11-27 18:05:06,525 - INFO - flow_control - Valve Mode: sample_flow, Target Flow Rate: 0.400 ml/min, Flow Rate: 0.311 ml/min, Voltage: 42.9 V, Adjustment: 0.0 V
2024-11-27 18:05:06,525 - INFO - flow_control - Valve Mode: sample_flow, Target Flow Rate: 0.400 ml/min, Flow Rate: 0.311 ml/min, Voltage: 42.9 V, Adjustment: 0.0 V
