2024-11-30 16:07:48,644 - INFO - combo_gui - Starting Experiment 1...
2024-11-30 16:07:48,645 - DEBUG - flow_control - Flow control thread initialized.
2024-11-30 16:07:48,645 - INFO - flow - Starting continuous measurement...
2024-11-30 16:07:48,646 - INFO - flow_control - Flow measurement started successfully.
2024-11-30 16:07:48,646 - DEBUG - flow_control - Reading flow...
2024-11-30 16:07:48,647 - DEBUG - process - Starting flush process...
2024-11-30 16:07:48,647 - DEBUG - valve - Controlling valve mode: flush_flow
2024-11-30 16:07:48,647 - DEBUG - valve - Switching to clean flow...
2024-11-30 16:07:48,647 - DEBUG - valve - Valve 1 (Pin 1): LOW, Valve 2 (Pin 2): HIGH
2024-11-30 16:07:48,647 - DEBUG - flow - Raw sensor data: [13, 133, 78]
2024-11-30 16:07:48,648 - DEBUG - flow_control - Current flow: 0.3461, Current voltage: 0
2024-11-30 16:07:48,648 - DEBUG - valve - Switched to flush flow
2024-11-30 16:07:48,648 - DEBUG - valve - Controlling valve mode: flush_flow
2024-11-30 16:07:48,648 - DEBUG - valve - Switching to clean flow...
2024-11-30 16:07:48,648 - DEBUG - valve - Valve 1 (Pin 1): LOW, Valve 2 (Pin 2): HIGH
2024-11-30 16:07:48,648 - DEBUG - valve - Switched to flush flow
2024-11-30 16:07:48,648 - INFO - flow_control - Valve Mode: flush_flow, Target Flow Rate: 1.000 ml/min, Flow Rate: 0.346 ml/min, Voltage: 13.1 V, Adjustment: 13.1 V
2024-11-30 16:07:49,648 - DEBUG - process - Flush process completed.
2024-11-30 16:07:49,649 - DEBUG - process - Starting homogenization process...
2024-11-30 16:07:49,649 - DEBUG - valve - Controlling valve mode: homogenization_flow
2024-11-30 16:07:49,650 - DEBUG - valve - Switching to homogenization flow...
2024-11-30 16:07:49,650 - DEBUG - valve - Valve 1 (Pin 1): LOW, Valve 2 (Pin 2): LOW
2024-11-30 16:07:49,650 - DEBUG - valve - Switched to homogenization flow
2024-11-30 16:07:50,154 - DEBUG - flow_control - Reading flow...
2024-11-30 16:07:50,155 - DEBUG - flow - Raw sensor data: [0, 74, 103]
2024-11-30 16:07:50,156 - DEBUG - flow_control - Current flow: 0.0074, Current voltage: 13.078
2024-11-30 16:07:50,156 - DEBUG - valve - Controlling valve mode: homogenization_flow
2024-11-30 16:07:50,156 - DEBUG - valve - Switching to homogenization flow...
2024-11-30 16:07:50,156 - DEBUG - valve - Valve 1 (Pin 1): LOW, Valve 2 (Pin 2): LOW
2024-11-30 16:07:50,156 - DEBUG - valve - Switched to homogenization flow
2024-11-30 16:07:50,156 - INFO - flow_control - Valve Mode: homogenization_flow, Target Flow Rate: 1.000 ml/min, Flow Rate: 0.007 ml/min, Voltage: 32.9 V, Adjustment: 19.9 V
2024-11-30 16:07:50,651 - DEBUG - process - Homogenization process completed.
2024-11-30 16:07:50,652 - DEBUG - process - Starting sampling process...
2024-11-30 16:07:50,652 - DEBUG - valve - Controlling valve mode: sample_flow
2024-11-30 16:07:50,652 - DEBUG - valve - Switching to sample flow...
2024-11-30 16:07:50,652 - DEBUG - valve - Valve 1 (Pin 1): HIGH, Valve 2 (Pin 2): LOW
2024-11-30 16:07:50,652 - DEBUG - valve - Switched to sample flow
2024-11-30 16:07:50,652 - INFO - process - Starting VNA sweep...
2024-11-30 16:07:50,652 - INFO - vna - Attempting to connect to LibreVNA...
2024-11-30 16:07:50,653 - INFO - vna - Connected to LibreVNA.
2024-11-30 16:07:50,653 - DEBUG - vna - Sending command: VNA:ACQuisition:IFBW 10000
2024-11-30 16:07:50,653 - DEBUG - vna - Sending command: VNA:ACQuisition:POINTS 100
2024-11-30 16:07:50,653 - DEBUG - vna - Sending command: VNA:FREQuency:START 0
2024-11-30 16:07:50,653 - DEBUG - vna - Sending command: VNA:FREQuency:STOP 6000000000.0
2024-11-30 16:07:50,654 - INFO - vna - Starting sweep...
2024-11-30 16:07:50,654 - DEBUG - vna - Sending command: VNA:ACQuisition:RUN
2024-11-30 16:07:50,654 - INFO - vna - Waiting for sweep to complete...
2024-11-30 16:07:50,654 - DEBUG - vna - Sending query: *OPC?
2024-11-30 16:07:50,711 - DEBUG - vna - Received response: 1
2024-11-30 16:07:50,711 - INFO - vna - Sweep completed successfully.
2024-11-30 16:07:50,712 - INFO - vna - Waiting 2 seconds post-sweep to fetch data...
2024-11-30 16:07:51,662 - DEBUG - flow_control - Reading flow...
2024-11-30 16:07:51,663 - DEBUG - flow - Raw sensor data: [13, 51, 87]
2024-11-30 16:07:51,663 - DEBUG - flow_control - Current flow: 0.3379, Current voltage: 32.93
2024-11-30 16:07:51,664 - DEBUG - valve - Controlling valve mode: sample_flow
2024-11-30 16:07:51,664 - DEBUG - valve - Switching to sample flow...
2024-11-30 16:07:51,664 - DEBUG - valve - Valve 1 (Pin 1): HIGH, Valve 2 (Pin 2): LOW
2024-11-30 16:07:51,664 - DEBUG - valve - Switched to sample flow
2024-11-30 16:07:51,664 - INFO - flow_control - Valve Mode: sample_flow, Target Flow Rate: 0.400 ml/min, Flow Rate: 0.338 ml/min, Voltage: 32.9 V, Adjustment: 0.0 V
2024-11-30 16:07:52,712 - INFO - vna - Fetching selected S-parameter data...
2024-11-30 16:07:52,712 - INFO - vna - Collecting S21 data...
2024-11-30 16:07:52,713 - DEBUG - vna - Sending query: VNA:TRACe:DATA? S21
2024-11-30 16:07:52,714 - DEBUG - vna - Received response: [0,0.000415401,0.173945],[60606060,-2.9567e-05,-1.69729e-05],[121212121,-1.43683e-05,-5.47411e-06],[181818181,2.9269e-05,1.454e-05],[242424242,8.04717e-05,1.06948e-05],[303030303,5.95631e-05,-5.64193e-06],[363636363,-5.67659e-05,-1.56e-05],[424242424,9.07155e-05,-0.000130724],[484848484,-3.84248e-05,0.000129884],[545454545,5.37875e-05,7.39594e-05],[606060606,7.28659e-05,-2.41988e-05],[666666666,0.000166853,-2.38252e-05],[727272727,-4.68177e-05,-2.38536e-05],[787878787,-3.05332e-05,-0.000111779],[848484848,-8.34904e-05,-0.000112608],[909090909,-0.000153193,8.63328e-05],[969696969,-5.23201e-05,8.48932e-05],[1030303030,8.83167e-05,7.24189e-05],[1090909090,0.000115891,3.7745e-05],[1151515151,6.29912e-05,-2.90412e-05],[1212121212,3.95871e-06,-2.95455e-05],[1272727272,3.26069e-05,-2.19432e-05],[1333333333,0.000156451,4.2258e-05],[1393939393,-0.000412573,-0.000264654],[1454545454,-0.000321815,0.000141962],[1515151515,-0.000171809,0.000315861],[1575757575,0.000237552,0.00047144],[1636363636,0.00051296,0.000205697],[1696969696,0.000534138,-0.000292399],[1757575757,0.000125018,-0.000740738],[1818181818,-0.000441634,-0.00060403],[1878787878,-0.000555735,-0.000191951],[1939393939,-0.000633517,0.00013901],[2000000000,-0.000386286,0.000671315],[2060606060,5.58751e-05,0.000855929],[2121212121,0.000859398,0.00073063],[2181818181,0.00132175,-0.000133332],[2242424242,0.00112138,-0.00194091],[2303030303,-0.00113688,0.000354231],[2363636363,-0.0002292,-0.000249386],[2424242424,-0.000766364,-7.97228e-05],[2484848484,-0.000740337,0.000401622],[2545454545,-0.000480425,0.00120574],[2606060606,0.000577823,0.00143228],[2666666666,0.00187523,0.000502863],[2727272727,0.00150805,-0.00108685],[2787878787,0.00039643,-0.00175463],[2848484848,-0.000776998,-0.00159984],[2909090909,-0.00164148,-0.000970772],[2969696969,-0.00227394,0.000115324],[3030303030,-0.00232893,0.00176132],[3090909090,-0.00100837,0.00423805],[3151515151,0.0058735,0.00487027],[3212121212,0.00308669,-0.00728696],[3272727272,-0.002497,-0.00210976],[3333333333,-0.000861796,-0.00077315],[3393939393,-0.00211462,-0.00118887],[3454545454,-0.00272696,0.000821166],[3515151515,-0.00161022,0.00253129],[3575757575,0.000229597,0.00325372],[3636363636,0.00229388,0.00273468],[3696969696,0.00402648,0.000805844],[3757575757,0.00412695,-0.00246619],[3818181818,0.00139789,-0.00527841],[3878787878,-0.00314594,-0.0052689],[3939393939,-0.00649802,-0.00185588],[4000000000,-0.00662792,0.00343679],[4060606060,-0.00243274,0.00808308],[4121212121,0.0048011,0.00727273],[4181818181,0.0070412,0.00124765],[4242424242,0.00402434,-0.00248636],[4303030303,0.00172874,-0.00172569],[4363636363,0.00245243,-0.0026725],[4424242424,0.000515066,-0.00483832],[4484848484,-0.00285328,-0.00485979],[4545454545,-0.00606092,-0.0028446],[4606060606,-0.00820588,0.00167716],[4666666666,-0.00705182,0.00862509],[4727272727,0.00246656,0.0158549],[4787878787,0.0208833,0.00686567],[4848484848,0.0137178,-0.0172971],[4909090909,-0.00636463,-0.0168624],[4969696969,-0.014396,-0.00472812],[5030303030,-0.0123854,0.00724051],[5090909090,-0.00221401,0.0141949],[5151515151,0.0113056,0.0105988],[5212121212,0.0142279,-0.00636653],[5272727272,0.00203604,-0.00718534],[5333333333,0.00265268,-0.0088178],[5393939393,-0.00690041,-0.0149141],[5454545454,-0.0210988,-0.00190102],[5515151515,-0.0123222,0.0150442],[5575757575,0.00198666,0.0163826],[5636363636,0.00996626,0.0113965],[5696969696,0.0138728,0.0053929],[5757575757,0.0154124,-0.00231557],[5818181818,0.0129788,-0.0119286],[5878787878,0.000433887,-0.0209088],[5939393939,-0.0199629,-0.013885],[6000000000,-0.0240102,0.00778472]
2024-11-30 16:07:52,714 - DEBUG - vna - Raw data received: ['0,0.000415401,0.173945', '60606060,-2.9567e-05,-1.69729e-05', '121212121,-1.43683e-05,-5.47411e-06', '181818181,2.9269e-05,1.454e-05', '242424242,8.04717e-05,1.06948e-05']...
2024-11-30 16:07:52,714 - INFO - vna - Collecting S11 data...
2024-11-30 16:07:52,714 - DEBUG - vna - Sending query: VNA:TRACe:DATA? S11
2024-11-30 16:07:52,715 - DEBUG - vna - Received response: [0,-0.338271,-0.362626],[60606060,-0.661233,0.0851431],[121212121,-0.641784,0.211868],[181818181,-0.60784,0.340614],[242424242,-0.547725,0.470541],[303030303,-0.451383,0.601222],[363636363,-0.30746,0.705938],[424242424,-0.137607,0.781222],[484848484,0.0509445,0.792413],[545454545,0.235747,0.768502],[606060606,0.402413,0.693247],[666666666,0.543292,0.592199],[727272727,0.670135,0.446283],[787878787,0.764049,0.290103],[848484848,0.820039,0.117581],[909090909,0.834044,-0.0815831],[969696969,0.786182,-0.292311],[1030303030,0.671992,-0.494371],[1090909090,0.494201,-0.640909],[1151515151,0.310978,-0.722432],[1212121212,0.111653,-0.751949],[1272727272,-0.068967,-0.730627],[1333333333,-0.229061,-0.681003],[1393939393,-0.380692,-0.608115],[1454545454,-0.513553,-0.51162],[1515151515,-0.630284,-0.38151],[1575757575,-0.720852,-0.213468],[1636363636,-0.764815,-0.0259214],[1696969696,-0.747473,0.184125],[1757575757,-0.661569,0.38967],[1818181818,-0.530598,0.540324],[1878787878,-0.39209,0.640313],[1939393939,-0.234571,0.698006],[2000000000,-0.0885561,0.727805],[2060606060,0.0772419,0.731599],[2121212121,0.237748,0.703928],[2181818181,0.399441,0.633436],[2242424242,0.544123,0.51535],[2303030303,0.649535,0.348959],[2363636363,0.698227,0.169648],[2424242424,0.690001,0.00525959],[2484848484,0.647535,-0.123235],[2545454545,0.590868,-0.213068],[2606060606,0.536544,-0.280611],[2666666666,0.469666,-0.348773],[2727272727,0.4012,-0.411076],[2787878787,0.330371,-0.464851],[2848484848,0.246093,-0.528173],[2909090909,0.131748,-0.5766],[2969696969,-0.00215962,-0.610676],[3030303030,-0.158829,-0.60049],[3090909090,-0.322063,-0.538888],[3151515151,-0.473001,-0.400592],[3212121212,-0.556311,-0.220905],[3272727272,-0.569801,-0.0419896],[3333333333,-0.535906,0.109722],[3393939393,-0.46726,0.245797],[3454545454,-0.373027,0.350952],[3515151515,-0.2747,0.41938],[3575757575,-0.156849,0.463017],[3636363636,-0.038847,0.466817],[3696969696,0.0666244,0.442217],[3757575757,0.158947,0.392701],[3818181818,0.218666,0.331199],[3878787878,0.263684,0.263135],[3939393939,0.289828,0.199787],[4000000000,0.307398,0.139788],[4060606060,0.31655,0.0865041],[4121212121,0.319937,0.0499666],[4181818181,0.322294,0.0478454],[4242424242,0.33101,0.0133454],[4303030303,0.338459,-0.0395751],[4363636363,0.338396,-0.0953315],[4424242424,0.33012,-0.158124],[4484848484,0.308453,-0.217608],[4545454545,0.27042,-0.275008],[4606060606,0.200604,-0.339445],[4666666666,0.103023,-0.382626],[4727272727,-0.0173766,-0.401014],[4787878787,-0.150615,-0.368677],[4848484848,-0.266505,-0.294949],[4909090909,-0.34581,-0.188741],[4969696969,-0.375615,-0.0900294],[5030303030,-0.377484,0.0582206],[5090909090,-0.310735,0.206244],[5151515151,-0.19576,0.292016],[5212121212,-0.0748913,0.328196],[5272727272,0.0487666,0.31632],[5333333333,0.166786,0.265227],[5393939393,0.234507,0.202942],[5454545454,0.269908,0.146833],[5515151515,0.294548,0.0903127],[5575757575,0.30751,0.0180808],[5636363636,0.308983,-0.0277348],[5696969696,0.304435,-0.0570714],[5757575757,0.285604,-0.107516],[5818181818,0.249171,-0.164165],[5878787878,0.19923,-0.212865],[5939393939,0.153154,-0.237184],[6000000000,0.106413,-0.253326]
2024-11-30 16:07:52,715 - DEBUG - vna - Raw data received: ['0,-0.338271,-0.362626', '60606060,-0.661233,0.0851431', '121212121,-0.641784,0.211868', '181818181,-0.60784,0.340614', '242424242,-0.547725,0.470541']...
2024-11-30 16:07:52,715 - INFO - vna - Collecting S12 data...
2024-11-30 16:07:52,715 - DEBUG - vna - Sending query: VNA:TRACe:DATA? S12
2024-11-30 16:07:52,716 - DEBUG - vna - Received response: [0,-0.332372,-0.365716],[60606060,-1.22438e-05,6.20384e-05],[121212121,-1.8618e-05,7.80474e-05],[181818181,-1.96971e-05,7.16709e-05],[242424242,-4.41558e-05,-1.65855e-05],[303030303,-2.76987e-05,4.49461e-05],[363636363,1.20235e-05,-5.29489e-05],[424242424,-0.000195162,-2.35439e-05],[484848484,0.000123423,0.000141659],[545454545,8.33661e-05,-3.95595e-05],[606060606,0.000122951,-5.11452e-06],[666666666,7.81272e-06,4.46998e-05],[727272727,3.68984e-05,-5.37183e-05],[787878787,-2.70107e-05,-5.50623e-05],[848484848,-9.79057e-05,-5.76029e-05],[909090909,-0.000125884,-4.25496e-05],[969696969,-0.00011556,2.7438e-05],[1030303030,-5.48422e-05,0.000108696],[1090909090,5.01369e-05,0.000126296],[1151515151,2.86119e-05,7.54636e-05],[1212121212,4.74655e-05,6.88127e-05],[1272727272,7.64443e-05,7.90631e-05],[1333333333,-0.000343989,7.85357e-05],[1393939393,0.000478202,0.000144484],[1454545454,0.000314852,-0.000122081],[1515151515,0.000314765,-0.000282141],[1575757575,0.000158447,-0.000476874],[1636363636,-0.000165399,-0.000614482],[1696969696,-0.000500515,-0.000376791],[1757575757,-0.000650664,-0.000103146],[1818181818,-0.00056955,0.000140953],[1878787878,-0.000453143,0.000398411],[1939393939,-0.000305544,0.000550614],[2000000000,-0.000155755,0.000846089],[2060606060,0.000158861,0.000853332],[2121212121,0.000813972,0.000735627],[2181818181,0.00143641,0.000340354],[2242424242,0.00217132,-0.00103004],[2303030303,-0.000856959,-0.000555001],[2363636363,3.96493e-05,-0.000394249],[2424242424,2.64193e-05,-0.000806532],[2484848484,-0.000460469,-0.000989912],[2545454545,-0.00106213,-0.000974213],[2606060606,-0.00169098,-0.000532554],[2666666666,-0.00211072,0.00059437],[2727272727,-0.00136389,0.00180443],[2787878787,-0.000236911,0.00212353],[2848484848,0.000585753,0.00183543],[2909090909,0.00121122,0.00154496],[2969696969,0.0018408,0.00128994],[3030303030,0.00266653,0.000611837],[3090909090,0.00392851,-0.000786468],[3151515151,0.00393567,-0.00595426],[3212121212,-0.0059122,-0.00401049],[3272727272,-0.00278765,0.00100364],[3333333333,-0.00105155,-6.93031e-05],[3393939393,-0.00209788,-0.000339276],[3454545454,-0.00230328,0.00102909],[3515151515,-0.00194787,0.00191758],[3575757575,-0.00120499,0.00258461],[3636363636,-0.000353773,0.0031514],[3696969696,0.000955331,0.00340905],[3757575757,0.002521,0.00347174],[3818181818,0.00477184,0.00248125],[3878787878,0.00636081,-0.000394034],[3939393939,0.00567972,-0.00431207],[4000000000,0.00275434,-0.00748338],[4060606060,-0.0024844,-0.00901987],[4121212121,-0.0083951,-0.00558634],[4181818181,-0.00797008,0.000624209],[4242424242,-0.00389599,0.0031607],[4303030303,-0.00187377,0.00167054],[4363636363,-0.00347043,0.00181351],[4424242424,-0.0031121,0.0037337],[4484848484,-0.00200997,0.00511452],[4545454545,-0.000597587,0.00647644],[4606060606,0.0022222,0.00802151],[4666666666,0.00730424,0.00855221],[4727272727,0.0153274,0.00412214],[4787878787,0.0175668,-0.0116884],[4848484848,0.000689317,-0.020788],[4909090909,-0.0109278,-0.0131802],[4969696969,-0.0129071,-0.00581441],[5030303030,-0.0128279,0.000785886],[5090909090,-0.0107665,0.007131],[5151515151,-0.00576223,0.0127868],[5212121212,0.00557234,0.0133458],[5272727272,0.00589439,0.00378184],[5333333333,0.00626902,0.00671489],[5393939393,0.0161939,0.00447756],[5454545454,0.018637,-0.0113839],[5515151515,0.00588958,-0.0186557],[5575757575,-0.00427043,-0.0166297],[5636363636,-0.0090792,-0.01304],[5696969696,-0.0119786,-0.0098734],[5757575757,-0.0149888,-0.0058429],[5818181818,-0.0178829,0.000531055],[5878787878,-0.018845,0.0107679],[5939393939,-0.0124766,0.0231531],[6000000000,0.00532049,0.0275919]
2024-11-30 16:07:52,716 - DEBUG - vna - Raw data received: ['0,-0.332372,-0.365716', '60606060,-1.22438e-05,6.20384e-05', '121212121,-1.8618e-05,7.80474e-05', '181818181,-1.96971e-05,7.16709e-05', '242424242,-4.41558e-05,-1.65855e-05']...
2024-11-30 16:07:52,716 - INFO - vna - Collecting S22 data...
2024-11-30 16:07:52,717 - DEBUG - vna - Sending query: VNA:TRACe:DATA? S22
2024-11-30 16:07:52,717 - DEBUG - vna - Received response: [0,0.00269537,0.175272],[60606060,0.488311,-0.437962],[121212121,-0.096342,-0.69581],[181818181,-0.694546,-0.27963],[242424242,-0.578475,0.472461],[303030303,0.10153,0.694016],[363636363,0.585649,0.286983],[424242424,0.480111,-0.354833],[484848484,0.345343,-0.517718],[545454545,-0.251725,-0.600936],[606060606,-0.64164,-0.188802],[666666666,-0.557489,0.387869],[727272727,-0.0175368,0.699787],[787878787,0.582437,0.434196],[848484848,0.693594,-0.306138],[909090909,-0.0425184,-0.758308],[969696969,-0.676512,-0.184043],[1030303030,-0.413365,0.483365],[1090909090,0.146091,0.581572],[1151515151,0.533804,0.274888],[1212121212,0.576937,-0.205577],[1272727272,0.259386,-0.573371],[1333333333,-0.244874,-0.583868],[1393939393,-0.560528,-0.279555],[1454545454,-0.575225,0.240839],[1515151515,-0.165031,0.597829],[1575757575,0.427016,0.451495],[1636363636,0.583084,-0.206107],[1696969696,-0.0198926,-0.591321],[1757575757,-0.525643,-0.197456],[1818181818,-0.43775,0.323208],[1878787878,-0.0362122,0.556851],[1939393939,0.413206,0.419484],[2000000000,0.634844,-0.0278704],[2060606060,0.39172,-0.54953],[2121212121,-0.235285,-0.640605],[2181818181,-0.644587,-0.155652],[2242424242,-0.411233,0.429597],[2303030303,-0.0145433,0.576901],[2363636363,0.518626,0.314466],[2424242424,0.532819,-0.261261],[2484848484,0.0666535,-0.570193],[2545454545,-0.443932,-0.32662],[2606060606,-0.464297,0.265693],[2666666666,0.128941,0.508995],[2727272727,0.489443,0.0010369],[2787878787,0.182153,-0.402026],[2848484848,-0.197121,-0.352279],[2909090909,-0.367762,-0.108917],[2969696969,-0.354713,0.133032],[3030303030,-0.214872,0.322407],[3090909090,0.0500578,0.395769],[3151515151,0.320681,0.138691],[3212121212,0.0862552,0.100906],[3272727272,0.347645,-0.0981711],[3333333333,-0.0956124,-0.355207],[3393939393,-0.226384,0.153547],[3454545454,0.168837,0.231397],[3515151515,0.337192,-0.0435418],[3575757575,0.229079,-0.314066],[3636363636,-0.0409241,-0.426356],[3696969696,-0.333872,-0.310217],[3757575757,-0.466836,0.0172264],[3818181818,-0.270075,0.363227],[3878787878,0.139572,0.360084],[3939393939,0.28145,0.0115517],[4000000000,0.0392337,-0.198783],[4060606060,-0.210962,-0.0265258],[4121212121,-0.0423528,0.257501],[4181818181,0.198526,0.0690748],[4242424242,-0.000685787,-0.105598],[4303030303,-0.059199,0.184258],[4363636363,0.286663,0.0309053],[4424242424,0.134476,-0.241381],[4484848484,-0.097039,-0.241377],[4545454545,-0.233319,-0.101472],[4606060606,-0.23856,0.0965529],[4666666666,-0.0854833,0.247515],[4727272727,0.174968,0.190371],[4787878787,0.173971,-0.137628],[4848484848,-0.159213,-0.096038],[4909090909,-0.10397,0.172707],[4969696969,0.118242,0.187182],[5030303030,0.231589,0.027001],[5090909090,0.176563,-0.162641],[5151515151,-0.020073,-0.228596],[5212121212,-0.115038,-0.0562435],[5272727272,-0.0667092,-0.130436],[5333333333,-0.232812,-0.0145164],[5393939393,-0.102026,0.199833],[5454545454,0.120226,0.0276282],[5515151515,-0.0680918,-0.130546],[5575757575,-0.219689,0.00973997],[5636363636,-0.195133,0.181686],[5696969696,-0.0791556,0.278657],[5757575757,0.0713232,0.28838],[5818181818,0.211353,0.187685],[5878787878,0.242311,-0.0244615],[5939393939,0.0574023,-0.146546],[6000000000,-0.0515641,0.000199415]
2024-11-30 16:07:52,717 - DEBUG - vna - Raw data received: ['0,0.00269537,0.175272', '60606060,0.488311,-0.437962', '121212121,-0.096342,-0.69581', '181818181,-0.694546,-0.27963', '242424242,-0.578475,0.472461']...
2024-11-30 16:07:52,718 - INFO - vna - Saving raw data to Raw_datalog/2024-11-30_16-07-52_chem_PFOA_conc_458_exp_1.csv...
2024-11-30 16:07:52,721 - INFO - vna - Raw data saved successfully.
2024-11-30 16:07:52,734 - INFO - preprocessing - Baseline data loaded successfully.
2024-11-30 16:07:52,734 - INFO - preprocessing - Starting preprocessing...
2024-11-30 16:07:52,738 - INFO - preprocessing - Frequency normalization applied.
2024-11-30 16:07:52,749 - INFO - preprocessing - Magnitude and phase calculated.
2024-11-30 16:07:52,753 - INFO - preprocessing - Phase unwrapping applied.
2024-11-30 16:07:52,757 - INFO - preprocessing - VSWR calculated.
2024-11-30 16:07:52,764 - INFO - preprocessing - Impedance calculated.
2024-11-30 16:07:52,764 - INFO - preprocessing - Calculating resistance, capacitance, and inductance...
2024-11-30 16:07:52,777 - INFO - preprocessing - Resistance, capacitance, and inductance calculated.
2024-11-30 16:07:52,780 - INFO - preprocessing - Q-factor calculated.
2024-11-30 16:07:52,789 - INFO - preprocessing - Group delay calculated.
2024-11-30 16:07:52,790 - INFO - preprocessing - Applying baseline correction...
2024-11-30 16:07:52,798 - INFO - preprocessing - Baseline correction applied.
2024-11-30 16:07:52,799 - INFO - preprocessing - Preprocessing complete.
2024-11-30 16:07:52,816 - INFO - preprocessing - Processed data saved to processed_data/processed_data.csv.
2024-11-30 16:07:53,170 - DEBUG - flow_control - Reading flow...
2024-11-30 16:07:53,177 - DEBUG - flow - Raw sensor data: [13, 8, 120]
2024-11-30 16:07:53,180 - DEBUG - flow_control - Current flow: 0.3336, Current voltage: 32.93
2024-11-30 16:07:53,180 - DEBUG - valve - Controlling valve mode: sample_flow
2024-11-30 16:07:53,180 - DEBUG - valve - Switching to sample flow...
2024-11-30 16:07:53,187 - DEBUG - valve - Valve 1 (Pin 1): HIGH, Valve 2 (Pin 2): LOW
2024-11-30 16:07:53,188 - DEBUG - valve - Switched to sample flow
2024-11-30 16:07:53,188 - INFO - flow_control - Valve Mode: sample_flow, Target Flow Rate: 0.400 ml/min, Flow Rate: 0.334 ml/min, Voltage: 32.9 V, Adjustment: 0.0 V
2024-11-30 16:07:53,281 - ERROR - preprocessing - Error appending processed data to HDF5: Columns containing complex values can be stored but cannot be indexed when using table format. Either use fixed format, set index=False, or do not include the columns containing complex values to data_columns when initializing the table.
2024-11-30 16:07:53,281 - DEBUG - preprocessing - Exception details:
Traceback (most recent call last):
  File "/home/rop/Documents/analyzer_v2/ctrls/preprocessing.py", line 173, in append_to_h5
    store.append("processed_data", processed_data, format="table", data_columns=True)
  File "/home/rop/miniforge3/envs/analyzer_v1/lib/python3.11/site-packages/pandas/io/pytables.py", line 1317, in append
    self._write_to_group(
  File "/home/rop/miniforge3/envs/analyzer_v1/lib/python3.11/site-packages/pandas/io/pytables.py", line 1875, in _write_to_group
    s.create_index(columns=index)
  File "/home/rop/miniforge3/envs/analyzer_v1/lib/python3.11/site-packages/pandas/io/pytables.py", line 3784, in create_index
    raise TypeError(
TypeError: Columns containing complex values can be stored but cannot be indexed when using table format. Either use fixed format, set index=False, or do not include the columns containing complex values to data_columns when initializing the table.
2024-11-30 16:07:53,296 - ERROR - preprocessing - Error during processing and saving: Columns containing complex values can be stored but cannot be indexed when using table format. Either use fixed format, set index=False, or do not include the columns containing complex values to data_columns when initializing the table.
2024-11-30 16:07:53,296 - DEBUG - preprocessing - Exception details:
Traceback (most recent call last):
  File "/home/rop/Documents/analyzer_v2/ctrls/preprocessing.py", line 184, in process_and_save
    self.append_to_h5(processed_data)
  File "/home/rop/Documents/analyzer_v2/ctrls/preprocessing.py", line 173, in append_to_h5
    store.append("processed_data", processed_data, format="table", data_columns=True)
  File "/home/rop/miniforge3/envs/analyzer_v1/lib/python3.11/site-packages/pandas/io/pytables.py", line 1317, in append
    self._write_to_group(
  File "/home/rop/miniforge3/envs/analyzer_v1/lib/python3.11/site-packages/pandas/io/pytables.py", line 1875, in _write_to_group
    s.create_index(columns=index)
  File "/home/rop/miniforge3/envs/analyzer_v1/lib/python3.11/site-packages/pandas/io/pytables.py", line 3784, in create_index
    raise TypeError(
TypeError: Columns containing complex values can be stored but cannot be indexed when using table format. Either use fixed format, set index=False, or do not include the columns containing complex values to data_columns when initializing the table.
2024-11-30 16:07:53,297 - ERROR - vna - An error occurred: Columns containing complex values can be stored but cannot be indexed when using table format. Either use fixed format, set index=False, or do not include the columns containing complex values to data_columns when initializing the table.
2024-11-30 16:07:53,297 - INFO - vna - VNA connection closed.
2024-11-30 16:07:53,299 - INFO - combo_gui - Completed Experiment 1.
2024-11-30 16:07:54,725 - DEBUG - flow_control - Reading flow...
2024-11-30 16:07:54,726 - DEBUG - flow - Raw sensor data: [13, 193, 183]
2024-11-30 16:07:54,726 - DEBUG - flow_control - Current flow: 0.3521, Current voltage: 32.93
2024-11-30 16:07:54,726 - DEBUG - valve - Controlling valve mode: sample_flow
2024-11-30 16:07:54,726 - DEBUG - valve - Switching to sample flow...
2024-11-30 16:07:54,726 - ERROR - valve - Error controlling valve mode sample_flow: Please set pin numbering mode using GPIO.setmode(GPIO.BOARD), GPIO.setmode(GPIO.BCM), GPIO.setmode(GPIO.TEGRA_SOC) or GPIO.setmode(GPIO.CVM)
2024-11-30 16:07:54,727 - INFO - flow_control - Valve Mode: sample_flow, Target Flow Rate: 0.400 ml/min, Flow Rate: 0.352 ml/min, Voltage: 32.9 V, Adjustment: 0.0 V
2024-11-30 16:07:56,233 - DEBUG - flow_control - Reading flow...
2024-11-30 16:07:56,234 - DEBUG - flow - Raw sensor data: [13, 194, 228]
2024-11-30 16:07:56,235 - DEBUG - flow_control - Current flow: 0.3522, Current voltage: 32.93
2024-11-30 16:07:56,235 - DEBUG - valve - Controlling valve mode: sample_flow
2024-11-30 16:07:56,235 - DEBUG - valve - Switching to sample flow...
2024-11-30 16:07:56,235 - ERROR - valve - Error controlling valve mode sample_flow: Please set pin numbering mode using GPIO.setmode(GPIO.BOARD), GPIO.setmode(GPIO.BCM), GPIO.setmode(GPIO.TEGRA_SOC) or GPIO.setmode(GPIO.CVM)
2024-11-30 16:07:56,235 - INFO - flow_control - Valve Mode: sample_flow, Target Flow Rate: 0.400 ml/min, Flow Rate: 0.352 ml/min, Voltage: 32.9 V, Adjustment: 0.0 V
2024-11-30 16:07:57,742 - DEBUG - flow_control - Reading flow...
2024-11-30 16:07:57,743 - DEBUG - flow - Raw sensor data: [13, 178, 28]
2024-11-30 16:07:57,743 - DEBUG - flow_control - Current flow: 0.3506, Current voltage: 32.93
2024-11-30 16:07:57,743 - DEBUG - valve - Controlling valve mode: sample_flow
2024-11-30 16:07:57,743 - DEBUG - valve - Switching to sample flow...
2024-11-30 16:07:57,744 - ERROR - valve - Error controlling valve mode sample_flow: Please set pin numbering mode using GPIO.setmode(GPIO.BOARD), GPIO.setmode(GPIO.BCM), GPIO.setmode(GPIO.TEGRA_SOC) or GPIO.setmode(GPIO.CVM)
2024-11-30 16:07:57,744 - INFO - flow_control - Valve Mode: sample_flow, Target Flow Rate: 0.400 ml/min, Flow Rate: 0.351 ml/min, Voltage: 32.9 V, Adjustment: 0.0 V
2024-11-30 16:07:59,250 - DEBUG - flow_control - Reading flow...
2024-11-30 16:07:59,251 - DEBUG - flow - Raw sensor data: [13, 177, 79]
2024-11-30 16:07:59,252 - DEBUG - flow_control - Current flow: 0.3505, Current voltage: 32.93
2024-11-30 16:07:59,252 - DEBUG - valve - Controlling valve mode: sample_flow
2024-11-30 16:07:59,252 - DEBUG - valve - Switching to sample flow...
2024-11-30 16:07:59,252 - ERROR - valve - Error controlling valve mode sample_flow: Please set pin numbering mode using GPIO.setmode(GPIO.BOARD), GPIO.setmode(GPIO.BCM), GPIO.setmode(GPIO.TEGRA_SOC) or GPIO.setmode(GPIO.CVM)
2024-11-30 16:07:59,252 - INFO - flow_control - Valve Mode: sample_flow, Target Flow Rate: 0.400 ml/min, Flow Rate: 0.350 ml/min, Voltage: 32.9 V, Adjustment: 0.0 V
2024-11-30 16:08:00,758 - DEBUG - flow_control - Reading flow...
2024-11-30 16:08:00,759 - DEBUG - flow - Raw sensor data: [13, 157, 180]
2024-11-30 16:08:00,760 - DEBUG - flow_control - Current flow: 0.3485, Current voltage: 32.93
2024-11-30 16:08:00,760 - DEBUG - valve - Controlling valve mode: sample_flow
2024-11-30 16:08:00,760 - DEBUG - valve - Switching to sample flow...
2024-11-30 16:08:00,760 - ERROR - valve - Error controlling valve mode sample_flow: Please set pin numbering mode using GPIO.setmode(GPIO.BOARD), GPIO.setmode(GPIO.BCM), GPIO.setmode(GPIO.TEGRA_SOC) or GPIO.setmode(GPIO.CVM)
2024-11-30 16:08:00,760 - INFO - flow_control - Valve Mode: sample_flow, Target Flow Rate: 0.400 ml/min, Flow Rate: 0.348 ml/min, Voltage: 32.9 V, Adjustment: 0.0 V
