2024-11-30 16:25:19,288 - INFO - combo_gui - Starting Experiment 1...
2024-11-30 16:25:19,294 - DEBUG - process - Starting flush process...
2024-11-30 16:25:20,295 - DEBUG - process - Flush process completed.
2024-11-30 16:25:20,296 - DEBUG - process - Starting homogenization process...
2024-11-30 16:25:21,297 - DEBUG - process - Homogenization process completed.
2024-11-30 16:25:21,298 - DEBUG - process - Starting sampling process...
2024-11-30 16:25:21,299 - INFO - process - Starting VNA sweep...
2024-11-30 16:25:21,299 - INFO - vna - Attempting to connect to LibreVNA...
2024-11-30 16:25:21,300 - INFO - vna - Connected to LibreVNA.
2024-11-30 16:25:21,300 - DEBUG - vna - Sending command: VNA:ACQuisition:IFBW 10000
2024-11-30 16:25:21,300 - DEBUG - vna - Sending command: VNA:ACQuisition:POINTS 100
2024-11-30 16:25:21,301 - DEBUG - vna - Sending command: VNA:FREQuency:START 0
2024-11-30 16:25:21,301 - DEBUG - vna - Sending command: VNA:FREQuency:STOP 6000000000.0
2024-11-30 16:25:21,301 - INFO - vna - Starting sweep...
2024-11-30 16:25:21,301 - DEBUG - vna - Sending command: VNA:ACQuisition:RUN
2024-11-30 16:25:21,301 - INFO - vna - Waiting for sweep to complete...
2024-11-30 16:25:21,301 - DEBUG - vna - Sending query: *OPC?
2024-11-30 16:25:21,361 - DEBUG - vna - Received response: 1
2024-11-30 16:25:21,362 - INFO - vna - Sweep completed successfully.
2024-11-30 16:25:21,362 - INFO - vna - Waiting 2 seconds post-sweep to fetch data...
2024-11-30 16:25:23,362 - INFO - vna - Fetching selected S-parameter data...
2024-11-30 16:25:23,363 - INFO - vna - Collecting S21 data...
2024-11-30 16:25:23,363 - DEBUG - vna - Sending query: VNA:TRACe:DATA? S21
2024-11-30 16:25:23,364 - DEBUG - vna - Received response: [0,-0.00392089,0.170753],[60606060,-2.21371e-05,1.88899e-05],[121212121,3.10411e-05,8.16387e-05],[181818181,-1.24595e-05,-0.000127136],[242424242,-3.16967e-06,-1.21516e-05],[303030303,2.37638e-05,-3.45959e-05],[363636363,9.16918e-05,-4.95968e-05],[424242424,-3.6448e-05,-0.000222941],[484848484,-3.46771e-05,0.000220171],[545454545,3.19703e-05,0.000103156],[606060606,5.09916e-05,2.06943e-05],[666666666,0.0001023,2.67637e-05],[727272727,6.8859e-05,-6.90733e-05],[787878787,-4.58084e-05,-0.000117588],[848484848,-0.0001596,-8.62939e-05],[909090909,-0.000122406,0.000123981],[969696969,-4.4119e-05,0.000129132],[1030303030,0.000144584,0.000171299],[1090909090,0.000219377,-5.54145e-05],[1151515151,4.9353e-05,-0.00021637],[1212121212,-4.74805e-05,-6.37416e-05],[1272727272,-0.000140906,1.72409e-05],[1333333333,0.000296475,9.29322e-05],[1393939393,-0.000502645,-0.000215313],[1454545454,-0.000327533,0.000162223],[1515151515,-0.000127991,0.000323263],[1575757575,0.000200724,0.000533357],[1636363636,0.000736181,9.38821e-05],[1696969696,0.000543406,-0.000457572],[1757575757,-7.72093e-06,-0.000726484],[1818181818,-0.00066237,-0.000644515],[1878787878,-0.000706202,-5.87206e-05],[1939393939,-0.000666492,0.000553827],[2000000000,-0.000304657,0.000887929],[2060606060,0.000431647,0.00086124],[2121212121,0.00100381,0.00070166],[2181818181,0.00148561,-0.000495306],[2242424242,0.000838036,-0.00229062],[2303030303,-0.00121826,0.000449915],[2363636363,-0.000318926,-0.00011555],[2424242424,-0.000721443,-1.38579e-05],[2484848484,-0.000921513,0.000647269],[2545454545,-0.00037194,0.00129011],[2606060606,0.000914759,0.00145842],[2666666666,0.00193734,0.00033664],[2727272727,0.00144552,-0.00131545],[2787878787,0.000192306,-0.00189801],[2848484848,-0.00101011,-0.00151153],[2909090909,-0.00186154,-0.00088925],[2969696969,-0.00238714,0.000276936],[3030303030,-0.00227546,0.00205432],[3090909090,-0.00059074,0.00460066],[3151515151,0.00681141,0.00459883],[3212121212,0.00256902,-0.0080146],[3272727272,-0.0028632,-0.00204118],[3333333333,-0.000958625,-0.000709804],[3393939393,-0.00229445,-0.000910335],[3454545454,-0.00271685,0.00116336],[3515151515,-0.00147642,0.00273728],[3575757575,0.00057675,0.00335588],[3636363636,0.00268614,0.00268208],[3696969696,0.00430848,0.000545491],[3757575757,0.00421083,-0.00289235],[3818181818,0.00115976,-0.00578366],[3878787878,-0.00394279,-0.00524944],[3939393939,-0.00711224,-0.00106573],[4000000000,-0.00638888,0.00450694],[4060606060,-0.00156624,0.00848754],[4121212121,0.00571842,0.00707144],[4181818181,0.00764479,0.000671235],[4242424242,0.00383213,-0.00312492],[4303030303,0.00146454,-0.0019414],[4363636363,0.00230585,-0.0030001],[4424242424,-3.67654e-05,-0.00510096],[4484848484,-0.00374614,-0.00482142],[4545454545,-0.00673943,-0.00217859],[4606060606,-0.0083814,0.00294568],[4666666666,-0.00588492,0.0102768],[4727272727,0.00530672,0.0159039],[4787878787,0.0223394,0.00370166],[4848484848,0.0114221,-0.0197993],[4909090909,-0.0094223,-0.0164797],[4969696969,-0.0156448,-0.00257217],[5030303030,-0.0113369,0.00958232],[5090909090,0.000308063,0.0149791],[5151515151,0.0133973,0.00896803],[5212121212,0.0133417,-0.00895942],[5272727272,0.000847687,-0.00774797],[5333333333,0.00107166,-0.00959037],[5393939393,-0.00984914,-0.0134703],[5454545454,-0.0215878,0.00199052],[5515151515,-0.00953644,0.0171776],[5575757575,0.00524005,0.0156784],[5636363636,0.0122709,0.00924484],[5696969696,0.0148008,0.00229633],[5757575757,0.014654,-0.00554309],[5818181818,0.00988185,-0.014396],[5878787878,-0.0041291,-0.0202725],[5939393939,-0.0220419,-0.00890637],[6000000000,-0.0213144,0.0128847]
2024-11-30 16:25:23,364 - DEBUG - vna - Raw data received: ['0,-0.00392089,0.170753', '60606060,-2.21371e-05,1.88899e-05', '121212121,3.10411e-05,8.16387e-05', '181818181,-1.24595e-05,-0.000127136', '242424242,-3.16967e-06,-1.21516e-05']...
2024-11-30 16:25:23,364 - INFO - vna - Collecting S11 data...
2024-11-30 16:25:23,365 - DEBUG - vna - Sending query: VNA:TRACe:DATA? S11
2024-11-30 16:25:23,365 - DEBUG - vna - Received response: [0,-0.332069,-0.362055],[60606060,-0.660519,0.0860066],[121212121,-0.643599,0.212396],[181818181,-0.609554,0.343353],[242424242,-0.545235,0.47507],[303030303,-0.448309,0.598137],[363636363,-0.310835,0.711167],[424242424,-0.131433,0.781678],[484848484,0.0515186,0.793044],[545454545,0.235861,0.76802],[606060606,0.397189,0.695657],[666666666,0.545938,0.590256],[727272727,0.672614,0.449557],[787878787,0.76621,0.288395],[848484848,0.821151,0.115851],[909090909,0.83411,-0.0824627],[969696969,0.785907,-0.292469],[1030303030,0.669594,-0.495683],[1090909090,0.4944,-0.637963],[1151515151,0.305596,-0.717751],[1212121212,0.11094,-0.744789],[1272727272,-0.0675423,-0.730002],[1333333333,-0.235117,-0.679682],[1393939393,-0.379345,-0.607001],[1454545454,-0.514379,-0.511369],[1515151515,-0.627758,-0.382072],[1575757575,-0.720343,-0.211398],[1636363636,-0.764284,-0.0254074],[1696969696,-0.748071,0.185188],[1757575757,-0.66232,0.387855],[1818181818,-0.529219,0.539075],[1878787878,-0.384926,0.634724],[1939393939,-0.23863,0.699043],[2000000000,-0.0861491,0.731528],[2060606060,0.0751108,0.73723],[2121212121,0.235972,0.697589],[2181818181,0.393632,0.63075],[2242424242,0.540772,0.516336],[2303030303,0.649723,0.351166],[2363636363,0.698283,0.170061],[2424242424,0.689779,0.00522743],[2484848484,0.647197,-0.123263],[2545454545,0.591898,-0.21139],[2606060606,0.536607,-0.277985],[2666666666,0.471607,-0.348347],[2727272727,0.400639,-0.40953],[2787878787,0.333036,-0.468004],[2848484848,0.241827,-0.526161],[2909090909,0.135168,-0.573875],[2969696969,-0.00509549,-0.610813],[3030303030,-0.158792,-0.602712],[3090909090,-0.324208,-0.535956],[3151515151,-0.470266,-0.401468],[3212121212,-0.553516,-0.221673],[3272727272,-0.567115,-0.042771],[3333333333,-0.533996,0.109364],[3393939393,-0.466711,0.244668],[3454545454,-0.372278,0.350815],[3515151515,-0.275492,0.417555],[3575757575,-0.15652,0.463532],[3636363636,-0.0386823,0.467593],[3696969696,0.0691179,0.443491],[3757575757,0.156407,0.390551],[3818181818,0.219853,0.329824],[3878787878,0.262116,0.262454],[3939393939,0.289304,0.197742],[4000000000,0.306565,0.138445],[4060606060,0.315232,0.0849021],[4121212121,0.319255,0.0495484],[4181818181,0.320997,0.0473968],[4242424242,0.329846,0.0125978],[4303030303,0.336573,-0.0401424],[4363636363,0.336559,-0.0954208],[4424242424,0.326515,-0.156759],[4484848484,0.304793,-0.216284],[4545454545,0.267762,-0.276843],[4606060606,0.196313,-0.334023],[4666666666,0.0985957,-0.387257],[4727272727,-0.0216089,-0.396112],[4787878787,-0.148267,-0.36413],[4848484848,-0.265527,-0.290404],[4909090909,-0.343226,-0.187184],[4969696969,-0.371456,-0.088433],[5030303030,-0.371544,0.057713],[5090909090,-0.30482,0.202944],[5151515151,-0.194471,0.288987],[5212121212,-0.0742364,0.324099],[5272727272,0.0456739,0.312322],[5333333333,0.162478,0.263075],[5393939393,0.231903,0.198949],[5454545454,0.266432,0.146241],[5515151515,0.28998,0.0888581],[5575757575,0.303522,0.0183785],[5636363636,0.304887,-0.0271961],[5696969696,0.300209,-0.0546907],[5757575757,0.282122,-0.104346],[5818181818,0.244546,-0.16155],[5878787878,0.19645,-0.208583],[5939393939,0.153731,-0.231007],[6000000000,0.105062,-0.250227]
2024-11-30 16:25:23,366 - DEBUG - vna - Raw data received: ['0,-0.332069,-0.362055', '60606060,-0.660519,0.0860066', '121212121,-0.643599,0.212396', '181818181,-0.609554,0.343353', '242424242,-0.545235,0.47507']...
2024-11-30 16:25:23,366 - INFO - vna - Collecting S12 data...
2024-11-30 16:25:23,366 - DEBUG - vna - Sending query: VNA:TRACe:DATA? S12
2024-11-30 16:25:23,367 - DEBUG - vna - Received response: [0,-0.326148,-0.364199],[60606060,-3.55207e-05,-1.04928e-06],[121212121,-9.06873e-05,1.07425e-05],[181818181,-1.83923e-05,-6.15923e-05],[242424242,4.09485e-05,-3.93232e-05],[303030303,-5.00557e-06,-3.27105e-05],[363636363,-7.90462e-06,-7.73887e-05],[424242424,-0.000118125,-0.000111579],[484848484,8.74781e-05,0.00012717],[545454545,0.000142128,2.82464e-05],[606060606,0.0001006,2.24001e-05],[666666666,4.08479e-05,-1.20993e-05],[727272727,8.00379e-05,-0.000126296],[787878787,3.51834e-05,-0.00017135],[848484848,-9.115e-05,-0.000125318],[909090909,-9.42484e-05,-4.07072e-05],[969696969,-0.000197861,9.01602e-05],[1030303030,-0.000127527,0.0001009],[1090909090,4.27795e-05,0.000188728],[1151515151,3.84018e-05,1.06814e-05],[1212121212,8.78196e-05,6.02535e-05],[1272727272,1.74944e-06,3.80863e-05],[1333333333,-0.000272936,-4.79746e-06],[1393939393,0.000522492,0.000126107],[1454545454,0.000255346,-0.000215777],[1515151515,0.000284139,-0.000242449],[1575757575,0.000122108,-0.000505149],[1636363636,-0.000178883,-0.000626038],[1696969696,-0.000638455,-0.000425153],[1757575757,-0.000696575,0.00010797],[1818181818,-0.000628976,0.000301818],[1878787878,-0.000401009,0.000605426],[1939393939,-0.000247133,0.000852073],[2000000000,0.000126157,0.000814454],[2060606060,0.000367925,0.000801241],[2121212121,0.00102184,0.000585393],[2181818181,0.00152883,7.86574e-05],[2242424242,0.00201494,-0.00138833],[2303030303,-0.00113696,-0.000574335],[2363636363,-8.54032e-05,-0.000630578],[2424242424,-0.000197878,-0.000834033],[2484848484,-0.000544702,-0.00112596],[2545454545,-0.00122382,-0.00092082],[2606060606,-0.00190066,-0.000313091],[2666666666,-0.0020698,0.000896848],[2727272727,-0.00120716,0.00203932],[2787878787,5.01205e-05,0.00225452],[2848484848,0.000880231,0.00188507],[2909090909,0.0014624,0.00148443],[2969696969,0.00207035,0.00108814],[3030303030,0.00288606,0.000397545],[3090909090,0.00406676,-0.00128624],[3151515151,0.0034662,-0.00666084],[3212121212,-0.00666726,-0.00375241],[3272727272,-0.00296311,0.00146563],[3333333333,-0.00116558,0.000170376],[3393939393,-0.0022259,2.68932e-06],[3454545454,-0.00241294,0.00125748],[3515151515,-0.00177135,0.00217926],[3575757575,-0.00102568,0.00267529],[3636363636,-8.25539e-05,0.00317156],[3696969696,0.00114605,0.0036267],[3757575757,0.00282674,0.00343362],[3818181818,0.00512665,0.00224022],[3878787878,0.00680618,-0.00105323],[3939393939,0.00569715,-0.00532735],[4000000000,0.0020086,-0.00819021],[4060606060,-0.00361586,-0.00886286],[4121212121,-0.00927115,-0.00503648],[4181818181,-0.00849517,0.00151061],[4242424242,-0.00369795,0.00392053],[4303030303,-0.00174308,0.00190188],[4363636363,-0.00342401,0.00220044],[4424242424,-0.00293211,0.00438605],[4484848484,-0.0015162,0.00572597],[4545454545,0.000373432,0.00697948],[4606060606,0.00350618,0.00803904],[4666666666,0.00901038,0.00758543],[4727272727,0.0164195,0.00159945],[4787878787,0.0159755,-0.0147325],[4848484848,-0.00241633,-0.0212992],[4909090909,-0.0132995,-0.0118014],[4969696969,-0.0141815,-0.00395875],[5030303030,-0.013117,0.00284174],[5090909090,-0.00979604,0.00919853],[5151515151,-0.00385877,0.0141289],[5212121212,0.00795576,0.0126277],[5272727272,0.0068659,0.00284614],[5333333333,0.00773192,0.00565978],[5393939393,0.0171042,0.00155355],[5454545454,0.0165953,-0.0150681],[5515151515,0.00208024,-0.020195],[5575757575,-0.00748894,-0.015674],[5636363636,-0.0117241,-0.0109953],[5696969696,-0.013838,-0.00735529],[5757575757,-0.0158743,-0.0025645],[5818181818,-0.0174238,0.00436211],[5878787878,-0.015958,0.0145705],[5939393939,-0.00706176,0.0248286],[6000000000,0.0113539,0.0250882]
2024-11-30 16:25:23,367 - DEBUG - vna - Raw data received: ['0,-0.326148,-0.364199', '60606060,-3.55207e-05,-1.04928e-06', '121212121,-9.06873e-05,1.07425e-05', '181818181,-1.83923e-05,-6.15923e-05', '242424242,4.09485e-05,-3.93232e-05']...
2024-11-30 16:25:23,367 - INFO - vna - Collecting S22 data...
2024-11-30 16:25:23,367 - DEBUG - vna - Sending query: VNA:TRACe:DATA? S22
2024-11-30 16:25:23,368 - DEBUG - vna - Received response: [0,-0.00286788,0.169428],[60606060,0.487229,-0.434456],[121212121,-0.100374,-0.701254],[181818181,-0.699473,-0.275006],[242424242,-0.568062,0.476689],[303030303,0.111157,0.687828],[363636363,0.593399,0.270701],[424242424,0.470322,-0.364772],[484848484,0.327164,-0.526195],[545454545,-0.268318,-0.590863],[606060606,-0.645036,-0.172609],[666666666,-0.550565,0.396213],[727272727,-0.00706367,0.693039],[787878787,0.581195,0.429657],[848484848,0.696178,-0.305162],[909090909,-0.0501293,-0.758325],[969696969,-0.669539,-0.163048],[1030303030,-0.37931,0.485765],[1090909090,0.172227,0.555468],[1151515151,0.53253,0.228539],[1212121212,0.543285,-0.240008],[1272727272,0.205078,-0.577479],[1333333333,-0.276835,-0.539628],[1393939393,-0.557851,-0.227552],[1454545454,-0.539722,0.266868],[1515151515,-0.129149,0.591504],[1575757575,0.430958,0.43478],[1636363636,0.579653,-0.210666],[1696969696,-0.0218752,-0.59362],[1757575757,-0.512743,-0.184055],[1818181818,-0.400653,0.31883],[1878787878,-0.00161887,0.502162],[1939393939,0.389512,0.331457],[2000000000,0.519122,-0.0845463],[2060606060,0.254506,-0.47065],[2121212121,-0.235062,-0.478696],[2181818181,-0.516165,-0.0789025],[2242424242,-0.313641,0.380662],[2303030303,0.018687,0.482505],[2363636363,0.47938,0.270017],[2424242424,0.511617,-0.259289],[2484848484,0.0616164,-0.573288],[2545454545,-0.436278,-0.328738],[2606060606,-0.444451,0.228112],[2666666666,0.060511,0.435805],[2727272727,0.372203,0.0609646],[2787878787,0.183396,-0.280685],[2848484848,-0.115995,-0.296748],[2909090909,-0.295379,-0.119905],[2969696969,-0.314877,0.0916654],[3030303030,-0.20505,0.275697],[3090909090,0.0334586,0.36507],[3151515151,0.307523,0.130434],[3212121212,0.0672517,0.0780222],[3272727272,0.327055,-0.085395],[3333333333,-0.0973053,-0.351822],[3393939393,-0.239367,0.146434],[3454545454,0.136142,0.243043],[3515151515,0.319931,0.000114561],[3575757575,0.248713,-0.265126],[3636363636,0.0101267,-0.393991],[3696969696,-0.274592,-0.331932],[3757575757,-0.444812,-0.0440667],[3818181818,-0.303696,0.316865],[3878787878,0.103116,0.367995],[3939393939,0.274644,0.0229227],[4000000000,0.0393504,-0.196894],[4060606060,-0.215545,-0.0383927],[4121212121,-0.0774991,0.255323],[4181818181,0.190083,0.0992138],[4242424242,0.00136217,-0.0974496],[4303030303,-0.0701927,0.190963],[4363636363,0.296542,0.0699336],[4424242424,0.172272,-0.236163],[4484848484,-0.0759069,-0.258722],[4545454545,-0.228726,-0.120485],[4606060606,-0.244478,0.0826335],[4666666666,-0.0927174,0.239717],[4727272727,0.167439,0.1885],[4787878787,0.173809,-0.137053],[4848484848,-0.160883,-0.103956],[4909090909,-0.117596,0.169298],[4969696969,0.107757,0.198557],[5030303030,0.233759,0.0384551],[5090909090,0.185521,-0.156404],[5151515151,-0.0088455,-0.231866],[5212121212,-0.111436,-0.0621804],[5272727272,-0.0624027,-0.135472],[5333333333,-0.235679,-0.0244396],[5393939393,-0.114096,0.197428],[5454545454,0.115581,0.0347641],[5515151515,-0.0664039,-0.129343],[5575757575,-0.218071,0.00740004],[5636363636,-0.197718,0.176661],[5696969696,-0.0895626,0.277107],[5757575757,0.0616905,0.2921],[5818181818,0.204511,0.195133],[5878787878,0.247163,-0.00928696],[5939393939,0.0785017,-0.143973],[6000000000,-0.0425395,-0.0189189]
2024-11-30 16:25:23,368 - DEBUG - vna - Raw data received: ['0,-0.00286788,0.169428', '60606060,0.487229,-0.434456', '121212121,-0.100374,-0.701254', '181818181,-0.699473,-0.275006', '242424242,-0.568062,0.476689']...
2024-11-30 16:25:23,368 - INFO - vna - Saving raw data to Raw_datalog/2024-11-30_16-25-23_chem_PFOA_conc_456_exp_1.csv...
2024-11-30 16:25:23,370 - INFO - vna - Raw data saved successfully.
2024-11-30 16:25:23,378 - INFO - preprocessing - Baseline data loaded successfully.
2024-11-30 16:25:23,379 - INFO - preprocessing - Starting preprocessing...
2024-11-30 16:25:23,381 - INFO - preprocessing - Frequency normalization applied.
2024-11-30 16:25:23,391 - INFO - preprocessing - Magnitude and phase calculated.
2024-11-30 16:25:23,393 - INFO - preprocessing - Phase unwrapping applied.
2024-11-30 16:25:23,395 - INFO - preprocessing - VSWR calculated.
2024-11-30 16:25:23,401 - INFO - preprocessing - Impedance calculated.
2024-11-30 16:25:23,401 - INFO - preprocessing - Calculating resistance, capacitance, and inductance...
2024-11-30 16:25:23,411 - INFO - preprocessing - Resistance, capacitance, and inductance calculated.
2024-11-30 16:25:23,414 - INFO - preprocessing - Q-factor calculated.
2024-11-30 16:25:23,418 - INFO - preprocessing - Group delay calculated.
2024-11-30 16:25:23,418 - INFO - preprocessing - Applying baseline correction...
2024-11-30 16:25:23,428 - INFO - preprocessing - Baseline correction applied.
2024-11-30 16:25:23,428 - INFO - preprocessing - Preprocessing complete.
2024-11-30 16:25:23,442 - INFO - preprocessing - Processed data saved to processed_data/processed_data.csv.
2024-11-30 16:25:25,098 - INFO - combo_gui - Closing the application...
2024-11-30 16:25:25,132 - INFO - combo_gui - Terminating process thread...
2024-11-30 16:25:26,949 - ERROR - preprocessing - Error appending processed data to HDF5: Columns containing complex values can be stored but cannot be indexed when using table format. Either use fixed format, set index=False, or do not include the columns containing complex values to data_columns when initializing the table.
2024-11-30 16:25:26,949 - DEBUG - preprocessing - Exception details:
Traceback (most recent call last):
  File "/home/rop/Documents/analyzer_v2/ctrls/preprocessing.py", line 173, in append_to_h5
    store.append("processed_data", processed_data, format="table", data_columns=True)
  File "/home/rop/miniforge3/envs/analyzer_v1/lib/python3.11/site-packages/pandas/io/pytables.py", line 1317, in append
    self._write_to_group(
  File "/home/rop/miniforge3/envs/analyzer_v1/lib/python3.11/site-packages/pandas/io/pytables.py", line 1875, in _write_to_group
    s.create_index(columns=index)
  File "/home/rop/miniforge3/envs/analyzer_v1/lib/python3.11/site-packages/pandas/io/pytables.py", line 3784, in create_index
    raise TypeError(
TypeError: Columns containing complex values can be stored but cannot be indexed when using table format. Either use fixed format, set index=False, or do not include the columns containing complex values to data_columns when initializing the table.
2024-11-30 16:25:26,952 - ERROR - preprocessing - Error during processing and saving: Columns containing complex values can be stored but cannot be indexed when using table format. Either use fixed format, set index=False, or do not include the columns containing complex values to data_columns when initializing the table.
2024-11-30 16:25:26,952 - DEBUG - preprocessing - Exception details:
Traceback (most recent call last):
  File "/home/rop/Documents/analyzer_v2/ctrls/preprocessing.py", line 184, in process_and_save
    self.append_to_h5(processed_data)
  File "/home/rop/Documents/analyzer_v2/ctrls/preprocessing.py", line 173, in append_to_h5
    store.append("processed_data", processed_data, format="table", data_columns=True)
  File "/home/rop/miniforge3/envs/analyzer_v1/lib/python3.11/site-packages/pandas/io/pytables.py", line 1317, in append
    self._write_to_group(
  File "/home/rop/miniforge3/envs/analyzer_v1/lib/python3.11/site-packages/pandas/io/pytables.py", line 1875, in _write_to_group
    s.create_index(columns=index)
  File "/home/rop/miniforge3/envs/analyzer_v1/lib/python3.11/site-packages/pandas/io/pytables.py", line 3784, in create_index
    raise TypeError(
TypeError: Columns containing complex values can be stored but cannot be indexed when using table format. Either use fixed format, set index=False, or do not include the columns containing complex values to data_columns when initializing the table.
2024-11-30 16:25:26,953 - ERROR - vna - An error occurred: Columns containing complex values can be stored but cannot be indexed when using table format. Either use fixed format, set index=False, or do not include the columns containing complex values to data_columns when initializing the table.
2024-11-30 16:25:26,953 - INFO - vna - VNA connection closed.
